Non-commercial use only - see $FSLDIR/LICENSE
Loading spm/spm12
  Loading requirement: matlab/r2019a
----------CENTRING IMAGES----------
MATLAB is selecting SOFTWARE OPENGL rendering.

Written new image at:
	/home/tom29/rds/hpc-work/cbbu_BIDS/sub-09/func/sub-09_task-rest_dir-PA_bold_centred.nii

MATLAB is selecting SOFTWARE OPENGL rendering.

Written new image at:
	/home/tom29/rds/hpc-work/cbbu_BIDS/sub-09/func/sub-09_task-rest_dir-AP_bold_centred.nii

MATLAB is selecting SOFTWARE OPENGL rendering.

Written new image at:
	/home/tom29/rds/hpc-work/cbbu_BIDS/sub-09/func/sub-09_task-rest_dir-PA_sbref_centred.nii

----------SUSCEPTIBILITY DISTORTION CORRECTION----------
SSD = 305.486	n = 373915	Reg = 0	Cost = 305.486
SSD = 156.847	n = 373915	Reg = 7.77621	Cost = 164.623
SSD = 137.884	n = 373915	Reg = 15.0046	Cost = 152.889
SSD = 134.395	n = 373915	Reg = 17.1712	Cost = 151.566
SSD = 133.472	n = 373915	Reg = 17.7881	Cost = 151.26
SSD = 133.113	n = 373915	Reg = 18.0369	Cost = 151.15
***Going to next resolution level***
SSD = 187.777	n = 373915	Reg = 8.27462	Cost = 196.052
SSD = 137.934	n = 373915	Reg = 12.3182	Cost = 150.252
SSD = 127.312	n = 373915	Reg = 17.4153	Cost = 144.727
SSD = 124.54	n = 373915	Reg = 19.2021	Cost = 143.742
SSD = 123.474	n = 373915	Reg = 19.9375	Cost = 143.412
SSD = 122.952	n = 373915	Reg = 20.3186	Cost = 143.27
***Going to next resolution level***
SSD = 206.521	n = 373915	Reg = 3.41291	Cost = 209.934
SSD = 175.921	n = 373915	Reg = 7.89982	Cost = 183.821
SSD = 167.486	n = 373915	Reg = 11.1075	Cost = 178.594
SSD = 163.767	n = 373915	Reg = 12.7355	Cost = 176.502
SSD = 161.047	n = 373915	Reg = 13.8536	Cost = 174.9
SSD = 158.554	n = 373915	Reg = 14.8319	Cost = 173.386
***Going to next resolution level***
SSD = 234.236	n = 373915	Reg = 7.61221	Cost = 241.848
SSD = 141.497	n = 373915	Reg = 6.79669	Cost = 148.293
SSD = 116.101	n = 373915	Reg = 9.19085	Cost = 125.292
SSD = 107.746	n = 373915	Reg = 10.9039	Cost = 118.65
SSD = 102.246	n = 373915	Reg = 11.8116	Cost = 114.058
SSD = 98.0129	n = 373915	Reg = 12.5697	Cost = 110.583
SSD = 94.5475	n = 373915	Reg = 13.2141	Cost = 107.762
SSD = 91.5374	n = 373915	Reg = 13.8978	Cost = 105.435
SSD = 88.6896	n = 373915	Reg = 14.4591	Cost = 103.149
SSD = 86.3934	n = 373915	Reg = 14.9465	Cost = 101.34
SSD = 84.5071	n = 373915	Reg = 15.3871	Cost = 99.8942
***Going to next resolution level***
SSD = 238.888	n = 3084480	Reg = 564.003	Cost = 802.891
SSD = 131.641	n = 3084480	Reg = 95.3566	Cost = 226.998
SSD = 116.572	n = 3084480	Reg = 72.5444	Cost = 189.117
SSD = 114.252	n = 3084480	Reg = 63.6003	Cost = 177.852
SSD = 114.806	n = 3084480	Reg = 57.8292	Cost = 172.635
SSD = 115.465	n = 3084480	Reg = 54.1211	Cost = 169.586
SSD = 116.548	n = 3084480	Reg = 51.221	Cost = 167.769
SSD = 117.057	n = 3084480	Reg = 49.2363	Cost = 166.294
SSD = 117.828	n = 3084480	Reg = 47.7041	Cost = 165.532
SSD = 118.165	n = 3084480	Reg = 46.5134	Cost = 164.678
SSD = 118.761	n = 3084480	Reg = 45.4683	Cost = 164.229
***Going to next resolution level***
SSD = 118.761	n = 3084480	Reg = 4.54683	Cost = 123.308
SSD = 118.359	n = 3084480	Reg = 4.57547	Cost = 122.934
SSD = 118.145	n = 3084480	Reg = 4.59513	Cost = 122.74
SSD = 117.752	n = 3084480	Reg = 4.63181	Cost = 122.384
SSD = 117.115	n = 3084480	Reg = 4.69757	Cost = 121.813
SSD = 116.234	n = 3084480	Reg = 4.80371	Cost = 121.038
SSD = 115.403	n = 3084480	Reg = 4.93189	Cost = 120.334
SSD = 114.763	n = 3084480	Reg = 5.059	Cost = 119.822
SSD = 114.259	n = 3084480	Reg = 5.17889	Cost = 119.438
SSD = 113.801	n = 3084480	Reg = 5.29755	Cost = 119.099
SSD = 113.339	n = 3084480	Reg = 5.42212	Cost = 118.761
SSD = 112.861	n = 3084480	Reg = 5.5531	Cost = 118.414
SSD = 112.362	n = 3084480	Reg = 5.69211	Cost = 118.054
SSD = 111.923	n = 3084480	Reg = 5.81489	Cost = 117.738
SSD = 111.539	n = 3084480	Reg = 5.92225	Cost = 117.461
SSD = 111.155	n = 3084480	Reg = 6.02878	Cost = 117.184
SSD = 110.716	n = 3084480	Reg = 6.15011	Cost = 116.866
SSD = 110.315	n = 3084480	Reg = 6.26104	Cost = 116.576
SSD = 109.918	n = 3084480	Reg = 6.37092	Cost = 116.288
SSD = 109.532	n = 3084480	Reg = 6.47753	Cost = 116.009
SSD = 109.2	n = 3084480	Reg = 6.56894	Cost = 115.769
***Going to next resolution level***
SSD = 2976.45	n = 3084480	Reg = 397.132	Cost = 3373.58
SSD = 1503.6	n = 3084480	Reg = 197.966	Cost = 1701.57
SSD = 1199.07	n = 3084480	Reg = 156.865	Cost = 1355.93
SSD = 1027.71	n = 3084480	Reg = 134.235	Cost = 1161.94
SSD = 939.241	n = 3084480	Reg = 122.721	Cost = 1061.96
SSD = 837.265	n = 3084480	Reg = 109.677	Cost = 946.942
SSD = 760.351	n = 3084480	Reg = 100.067	Cost = 860.417
SSD = 697.231	n = 3084480	Reg = 92.5245	Cost = 789.755
SSD = 646.763	n = 3084480	Reg = 86.7654	Cost = 733.528
SSD = 611.513	n = 3084480	Reg = 82.9506	Cost = 694.463
SSD = 578.605	n = 3084480	Reg = 79.5679	Cost = 658.173
SSD = 551.481	n = 3084480	Reg = 76.8424	Cost = 628.324
SSD = 531.204	n = 3084480	Reg = 74.862	Cost = 606.066
SSD = 510.429	n = 3084480	Reg = 72.879	Cost = 583.308
SSD = 491.374	n = 3084480	Reg = 71.0811	Cost = 562.455
SSD = 475.994	n = 3084480	Reg = 69.6656	Cost = 545.66
SSD = 461.762	n = 3084480	Reg = 68.3674	Cost = 530.13
SSD = 448.897	n = 3084480	Reg = 67.1952	Cost = 516.093
SSD = 437.901	n = 3084480	Reg = 66.1984	Cost = 504.1
SSD = 426.596	n = 3084480	Reg = 65.1835	Cost = 491.78
SSD = 416.249	n = 3084480	Reg = 64.2625	Cost = 480.512
***Going to next resolution level***
SSD = 452.449	n = 3084480	Reg = 0.698512	Cost = 453.147
SSD = 447.031	n = 3084480	Reg = 0.690421	Cost = 447.722
SSD = 441.457	n = 3084480	Reg = 0.682617	Cost = 442.14
SSD = 433.93	n = 3084480	Reg = 0.672529	Cost = 434.602
SSD = 427.521	n = 3084480	Reg = 0.664453	Cost = 428.186
SSD = 420.751	n = 3084480	Reg = 0.656766	Cost = 421.408
SSD = 414.967	n = 3084480	Reg = 0.651031	Cost = 415.618
SSD = 409.692	n = 3084480	Reg = 0.646756	Cost = 410.338
SSD = 404.513	n = 3084480	Reg = 0.643417	Cost = 405.156
SSD = 399.007	n = 3084480	Reg = 0.640933	Cost = 399.648
SSD = 392.915	n = 3084480	Reg = 0.639122	Cost = 393.554
SSD = 386.578	n = 3084480	Reg = 0.638536	Cost = 387.217
SSD = 380.677	n = 3084480	Reg = 0.63903	Cost = 381.317
SSD = 375.424	n = 3084480	Reg = 0.63993	Cost = 376.064
SSD = 370.467	n = 3084480	Reg = 0.641911	Cost = 371.109
SSD = 365.466	n = 3084480	Reg = 0.644858	Cost = 366.111
SSD = 360.429	n = 3084480	Reg = 0.648753	Cost = 361.078
SSD = 355.853	n = 3084480	Reg = 0.652992	Cost = 356.506
SSD = 350.713	n = 3084480	Reg = 0.658676	Cost = 351.372
SSD = 346.304	n = 3084480	Reg = 0.664374	Cost = 346.968
SSD = 341.569	n = 3084480	Reg = 0.671037	Cost = 342.24
SSD = 337.398	n = 3084480	Reg = 0.677372	Cost = 338.075
SSD = 333.335	n = 3084480	Reg = 0.683897	Cost = 334.019
SSD = 329.552	n = 3084480	Reg = 0.690345	Cost = 330.243
SSD = 326.334	n = 3084480	Reg = 0.696363	Cost = 327.03
SSD = 322.813	n = 3084480	Reg = 0.703333	Cost = 323.517
SSD = 319.825	n = 3084480	Reg = 0.709426	Cost = 320.534
SSD = 316.885	n = 3084480	Reg = 0.715511	Cost = 317.6
SSD = 314.138	n = 3084480	Reg = 0.721402	Cost = 314.86
SSD = 311.545	n = 3084480	Reg = 0.726991	Cost = 312.272
SSD = 308.965	n = 3084480	Reg = 0.732611	Cost = 309.697
SSD = 306.316	n = 3084480	Reg = 0.73839	Cost = 307.054
SSD = 303.793	n = 3084480	Reg = 0.743992	Cost = 304.537
SSD = 301.408	n = 3084480	Reg = 0.749398	Cost = 302.157
SSD = 299.007	n = 3084480	Reg = 0.754971	Cost = 299.762
SSD = 296.685	n = 3084480	Reg = 0.760382	Cost = 297.446
SSD = 294.355	n = 3084480	Reg = 0.76595	Cost = 295.121
SSD = 292.116	n = 3084480	Reg = 0.771402	Cost = 292.887
SSD = 290.008	n = 3084480	Reg = 0.776607	Cost = 290.785
SSD = 287.981	n = 3084480	Reg = 0.78171	Cost = 288.763
SSD = 285.756	n = 3084480	Reg = 0.787412	Cost = 286.543
SSD = 283.73	n = 3084480	Reg = 0.792722	Cost = 284.523
SSD = 281.881	n = 3084480	Reg = 0.797651	Cost = 282.678
SSD = 279.949	n = 3084480	Reg = 0.802905	Cost = 280.752
SSD = 278.143	n = 3084480	Reg = 0.807995	Cost = 278.951
SSD = 276.214	n = 3084480	Reg = 0.813667	Cost = 277.028
SSD = 274.458	n = 3084480	Reg = 0.818996	Cost = 275.277
SSD = 272.756	n = 3084480	Reg = 0.824326	Cost = 273.58
SSD = 271.172	n = 3084480	Reg = 0.829456	Cost = 272.001
SSD = 269.495	n = 3084480	Reg = 0.835042	Cost = 270.33
SSD = 267.897	n = 3084480	Reg = 0.840531	Cost = 268.737
***Going to next resolution level***
SSD = 267.912	n = 3084480	Reg = 0.0167937	Cost = 267.929
SSD = 267.151	n = 3084480	Reg = 0.0167463	Cost = 267.168
SSD = 265.971	n = 3084480	Reg = 0.0166734	Cost = 265.988
SSD = 264.808	n = 3084480	Reg = 0.0166023	Cost = 264.824
SSD = 263.699	n = 3084480	Reg = 0.0165357	Cost = 263.715
SSD = 262.607	n = 3084480	Reg = 0.0164718	Cost = 262.623
SSD = 261.623	n = 3084480	Reg = 0.0164164	Cost = 261.639
SSD = 260.741	n = 3084480	Reg = 0.016369	Cost = 260.757
SSD = 259.887	n = 3084480	Reg = 0.0163255	Cost = 259.904
SSD = 259.071	n = 3084480	Reg = 0.0162861	Cost = 259.087
SSD = 258.158	n = 3084480	Reg = 0.0162444	Cost = 258.175
SSD = 257.249	n = 3084480	Reg = 0.0162055	Cost = 257.266
SSD = 256.39	n = 3084480	Reg = 0.0161711	Cost = 256.406
SSD = 255.549	n = 3084480	Reg = 0.0161398	Cost = 255.565
SSD = 254.75	n = 3084480	Reg = 0.0161129	Cost = 254.766
SSD = 253.919	n = 3084480	Reg = 0.0160877	Cost = 253.935
SSD = 253.13	n = 3084480	Reg = 0.0160666	Cost = 253.146
SSD = 252.32	n = 3084480	Reg = 0.016048	Cost = 252.336
SSD = 251.509	n = 3084480	Reg = 0.0160324	Cost = 251.525
SSD = 250.709	n = 3084480	Reg = 0.0160201	Cost = 250.725
SSD = 249.874	n = 3084480	Reg = 0.0160107	Cost = 249.89
SSD = 249.114	n = 3084480	Reg = 0.0160053	Cost = 249.13
SSD = 248.324	n = 3084480	Reg = 0.0160033	Cost = 248.34
SSD = 247.547	n = 3084480	Reg = 0.0160051	Cost = 247.563
SSD = 246.796	n = 3084480	Reg = 0.0160106	Cost = 246.812
SSD = 246.054	n = 3084480	Reg = 0.0160199	Cost = 246.07
SSD = 245.27	n = 3084480	Reg = 0.0160344	Cost = 245.286
SSD = 244.506	n = 3084480	Reg = 0.0160532	Cost = 244.522
SSD = 243.733	n = 3084480	Reg = 0.0160778	Cost = 243.749
SSD = 242.945	n = 3084480	Reg = 0.0161081	Cost = 242.961
SSD = 242.192	n = 3084480	Reg = 0.016143	Cost = 242.208
SSD = 241.407	n = 3084480	Reg = 0.0161861	Cost = 241.424
SSD = 240.655	n = 3084480	Reg = 0.0162335	Cost = 240.671
SSD = 239.821	n = 3084480	Reg = 0.0162931	Cost = 239.838
SSD = 239.055	n = 3084480	Reg = 0.0163546	Cost = 239.072
SSD = 238.26	n = 3084480	Reg = 0.0164256	Cost = 238.277
SSD = 237.483	n = 3084480	Reg = 0.0165026	Cost = 237.499
SSD = 236.705	n = 3084480	Reg = 0.0165873	Cost = 236.722
SSD = 235.924	n = 3084480	Reg = 0.0166795	Cost = 235.941
SSD = 235.135	n = 3084480	Reg = 0.0167804	Cost = 235.152
SSD = 234.374	n = 3084480	Reg = 0.0168846	Cost = 234.391
SSD = 233.613	n = 3084480	Reg = 0.0169956	Cost = 233.63
SSD = 232.846	n = 3084480	Reg = 0.0171141	Cost = 232.863
SSD = 232.069	n = 3084480	Reg = 0.0172414	Cost = 232.086
SSD = 231.333	n = 3084480	Reg = 0.0173681	Cost = 231.35
SSD = 230.603	n = 3084480	Reg = 0.0175008	Cost = 230.621
SSD = 229.885	n = 3084480	Reg = 0.0176374	Cost = 229.902
SSD = 229.187	n = 3084480	Reg = 0.0177758	Cost = 229.205
SSD = 228.487	n = 3084480	Reg = 0.0179211	Cost = 228.505
SSD = 227.801	n = 3084480	Reg = 0.01807	Cost = 227.819
SSD = 227.111	n = 3084480	Reg = 0.0182242	Cost = 227.13
SSD = 226.103	n = 3084480	Reg = 0.0184605	Cost = 226.121
SSD = 225.331	n = 3084480	Reg = 0.0186489	Cost = 225.35
SSD = 224.497	n = 3084480	Reg = 0.0188578	Cost = 224.516
SSD = 223.64	n = 3084480	Reg = 0.0190791	Cost = 223.659
SSD = 222.843	n = 3084480	Reg = 0.0192903	Cost = 222.862
SSD = 222.051	n = 3084480	Reg = 0.0195044	Cost = 222.07
SSD = 221.241	n = 3084480	Reg = 0.0197302	Cost = 221.261
SSD = 220.489	n = 3084480	Reg = 0.0199454	Cost = 220.509
SSD = 219.712	n = 3084480	Reg = 0.020172	Cost = 219.732
SSD = 218.986	n = 3084480	Reg = 0.0203878	Cost = 219.007
SSD = 218.195	n = 3084480	Reg = 0.0206271	Cost = 218.216
SSD = 217.441	n = 3084480	Reg = 0.0208589	Cost = 217.462
SSD = 216.726	n = 3084480	Reg = 0.0210845	Cost = 216.747
SSD = 216.063	n = 3084480	Reg = 0.0212977	Cost = 216.084
SSD = 215.368	n = 3084480	Reg = 0.0215266	Cost = 215.39
SSD = 214.759	n = 3084480	Reg = 0.0217305	Cost = 214.781
SSD = 214.125	n = 3084480	Reg = 0.0219456	Cost = 214.147
SSD = 213.472	n = 3084480	Reg = 0.0221699	Cost = 213.494
SSD = 212.854	n = 3084480	Reg = 0.022386	Cost = 212.877
SSD = 212.26	n = 3084480	Reg = 0.0225973	Cost = 212.282
SSD = 211.697	n = 3084480	Reg = 0.0227993	Cost = 211.72
SSD = 211.111	n = 3084480	Reg = 0.0230112	Cost = 211.134
SSD = 210.566	n = 3084480	Reg = 0.0232104	Cost = 210.589
SSD = 210.044	n = 3084480	Reg = 0.0234025	Cost = 210.067
SSD = 209.516	n = 3084480	Reg = 0.0235976	Cost = 209.539
SSD = 208.998	n = 3084480	Reg = 0.0237915	Cost = 209.022
SSD = 208.505	n = 3084480	Reg = 0.0239782	Cost = 208.529
SSD = 208.01	n = 3084480	Reg = 0.0241652	Cost = 208.034
SSD = 207.532	n = 3084480	Reg = 0.0243455	Cost = 207.556
SSD = 207.051	n = 3084480	Reg = 0.0245291	Cost = 207.075
SSD = 206.592	n = 3084480	Reg = 0.0247056	Cost = 206.617
SSD = 206.12	n = 3084480	Reg = 0.0248881	Cost = 206.145
SSD = 205.678	n = 3084480	Reg = 0.0250597	Cost = 205.703
SSD = 205.23	n = 3084480	Reg = 0.0252344	Cost = 205.256
SSD = 204.777	n = 3084480	Reg = 0.0254109	Cost = 204.802
SSD = 204.348	n = 3084480	Reg = 0.0255787	Cost = 204.374
SSD = 203.908	n = 3084480	Reg = 0.0257518	Cost = 203.934
SSD = 203.478	n = 3084480	Reg = 0.0259205	Cost = 203.504
SSD = 203.057	n = 3084480	Reg = 0.0260864	Cost = 203.083
SSD = 202.639	n = 3084480	Reg = 0.0262521	Cost = 202.665
SSD = 202.235	n = 3084480	Reg = 0.0264117	Cost = 202.262
SSD = 201.839	n = 3084480	Reg = 0.0265696	Cost = 201.866
SSD = 201.437	n = 3084480	Reg = 0.0267308	Cost = 201.463
SSD = 201.023	n = 3084480	Reg = 0.0268957	Cost = 201.05
SSD = 200.649	n = 3084480	Reg = 0.0270461	Cost = 200.676
SSD = 200.259	n = 3084480	Reg = 0.0272054	Cost = 200.286
SSD = 199.87	n = 3084480	Reg = 0.0273635	Cost = 199.897
SSD = 199.498	n = 3084480	Reg = 0.0275156	Cost = 199.526
SSD = 199.116	n = 3084480	Reg = 0.0276717	Cost = 199.144
SSD = 198.74	n = 3084480	Reg = 0.0278277	Cost = 198.768
----------REALIGNMENT----------
----------REGISTERING EPI TO ANATOMICAL----------
----------REGISTERING EPI TO MNI----------
Processing volume 0
Processing volume 1
Processing volume 2
Processing volume 3
Processing volume 4
Processing volume 5
Processing volume 6
Processing volume 7
Processing volume 8
Processing volume 9
Processing volume 10
Processing volume 11
Processing volume 12
Processing volume 13
Processing volume 14
Processing volume 15
Processing volume 16
Processing volume 17
Processing volume 18
Processing volume 19
Processing volume 20
Processing volume 21
Processing volume 22
Processing volume 23
Processing volume 24
Processing volume 25
Processing volume 26
Processing volume 27
Processing volume 28
Processing volume 29
Processing volume 30
Processing volume 31
Processing volume 32
Processing volume 33
Processing volume 34
Processing volume 35
Processing volume 36
Processing volume 37
Processing volume 38
Processing volume 39
Processing volume 40
Processing volume 41
Processing volume 42
Processing volume 43
Processing volume 44
Processing volume 45
Processing volume 46
Processing volume 47
Processing volume 48
Processing volume 49
Processing volume 50
Processing volume 51
Processing volume 52
Processing volume 53
Processing volume 54
Processing volume 55
Processing volume 56
Processing volume 57
Processing volume 58
Processing volume 59
Processing volume 60
Processing volume 61
Processing volume 62
Processing volume 63
Processing volume 64
Processing volume 65
Processing volume 66
Processing volume 67
Processing volume 68
Processing volume 69
Processing volume 70
Processing volume 71
Processing volume 72
Processing volume 73
Processing volume 74
Processing volume 75
Processing volume 76
Processing volume 77
Processing volume 78
Processing volume 79
Processing volume 80
Processing volume 81
Processing volume 82
Processing volume 83
Processing volume 84
Processing volume 85
Processing volume 86
Processing volume 87
Processing volume 88
Processing volume 89
Processing volume 90
Processing volume 91
Processing volume 92
Processing volume 93
Processing volume 94
Processing volume 95
Processing volume 96
Processing volume 97
Processing volume 98
Processing volume 99
Processing volume 100
Processing volume 101
Processing volume 102
Processing volume 103
Processing volume 104
Processing volume 105
Processing volume 106
Processing volume 107
Processing volume 108
Processing volume 109
Processing volume 110
Processing volume 111
Processing volume 112
Processing volume 113
Processing volume 114
Processing volume 115
Processing volume 116
Processing volume 117
Processing volume 118
Processing volume 119
Processing volume 120
Processing volume 121
Processing volume 122
Processing volume 123
Processing volume 124
Processing volume 125
Processing volume 126
Processing volume 127
Processing volume 128
Processing volume 129
Processing volume 130
Processing volume 131
Processing volume 132
Processing volume 133
Processing volume 134
Processing volume 135
Processing volume 136
Processing volume 137
Processing volume 138
Processing volume 139
Processing volume 140
Processing volume 141
Processing volume 142
Processing volume 143
Processing volume 144
Processing volume 145
Processing volume 146
Processing volume 147
Processing volume 148
Processing volume 149
Processing volume 150
Processing volume 151
Processing volume 152
Processing volume 153
Processing volume 154
Processing volume 155
Processing volume 156
Processing volume 157
Processing volume 158
Processing volume 159
Processing volume 160
Processing volume 161
Processing volume 162
Processing volume 163
Processing volume 164
Processing volume 165
Processing volume 166
Processing volume 167
Processing volume 168
Processing volume 169
Processing volume 170
Processing volume 171
Processing volume 172
Processing volume 173
Processing volume 174
Processing volume 175
Processing volume 176
Processing volume 177
Processing volume 178
Processing volume 179
Processing volume 180
Processing volume 181
Processing volume 182
Processing volume 183
Processing volume 184
Processing volume 185
Processing volume 186
Processing volume 187
Processing volume 188
Processing volume 189
Processing volume 190
Processing volume 191
Processing volume 192
Processing volume 193
Processing volume 194
Processing volume 195
Processing volume 196
Processing volume 197
Processing volume 198
Processing volume 199
Processing volume 200
Processing volume 201
Processing volume 202
Processing volume 203
Processing volume 204
Processing volume 205
Processing volume 206
Processing volume 207
Processing volume 208
Processing volume 209
Processing volume 210
Processing volume 211
Processing volume 212
Processing volume 213
Processing volume 214
Processing volume 215
Processing volume 216
Processing volume 217
Processing volume 218
Processing volume 219
Processing volume 220
Processing volume 221
Processing volume 222
Processing volume 223
Processing volume 224
Processing volume 225
Processing volume 226
Processing volume 227
Processing volume 228
Processing volume 229
Processing volume 230
Processing volume 231
Processing volume 232
Processing volume 233
Processing volume 234
Processing volume 235
Processing volume 236
Processing volume 237
Processing volume 238
Processing volume 239
Processing volume 240
Processing volume 241
Processing volume 242
Processing volume 243
Processing volume 244
Processing volume 245
Processing volume 246
Processing volume 247
Processing volume 248
Processing volume 249
