Non-commercial use only - see $FSLDIR/LICENSE
Loading spm/spm12
  Loading requirement: matlab/r2019a
----------CENTRING IMAGES----------
MATLAB is selecting SOFTWARE OPENGL rendering.

Written new image at:
	/home/tom29/rds/hpc-work/cbbu_BIDS/sub-10/func/sub-10_task-rest_dir-PA_bold_centred.nii

MATLAB is selecting SOFTWARE OPENGL rendering.

Written new image at:
	/home/tom29/rds/hpc-work/cbbu_BIDS/sub-10/func/sub-10_task-rest_dir-AP_bold_centred.nii

MATLAB is selecting SOFTWARE OPENGL rendering.

Written new image at:
	/home/tom29/rds/hpc-work/cbbu_BIDS/sub-10/func/sub-10_task-rest_dir-PA_sbref_centred.nii

----------SUSCEPTIBILITY DISTORTION CORRECTION----------
SSD = 279.529	n = 373915	Reg = 0	Cost = 279.529
SSD = 161.443	n = 373915	Reg = 8.38093	Cost = 169.824
SSD = 142.991	n = 373915	Reg = 16.4802	Cost = 159.472
SSD = 137.869	n = 373915	Reg = 19.1134	Cost = 156.983
SSD = 135.363	n = 373915	Reg = 20.106	Cost = 155.469
SSD = 134.099	n = 373915	Reg = 20.6656	Cost = 154.765
***Going to next resolution level***
SSD = 191.773	n = 373915	Reg = 9.97766	Cost = 201.75
SSD = 134.531	n = 373915	Reg = 14.0366	Cost = 148.567
SSD = 121.217	n = 373915	Reg = 20.0424	Cost = 141.259
SSD = 116.276	n = 373915	Reg = 22.6694	Cost = 138.946
SSD = 113.832	n = 373915	Reg = 23.9945	Cost = 137.826
SSD = 112.457	n = 373915	Reg = 24.7791	Cost = 137.236
***Going to next resolution level***
SSD = 196.489	n = 373915	Reg = 4.3295	Cost = 200.819
SSD = 165.034	n = 373915	Reg = 8.90418	Cost = 173.938
SSD = 155.588	n = 373915	Reg = 12.0536	Cost = 167.641
SSD = 151.873	n = 373915	Reg = 13.476	Cost = 165.349
SSD = 149.62	n = 373915	Reg = 14.2744	Cost = 163.894
SSD = 147.962	n = 373915	Reg = 14.8794	Cost = 162.841
***Going to next resolution level***
SSD = 220.321	n = 373915	Reg = 8.42914	Cost = 228.75
SSD = 121.621	n = 373915	Reg = 6.17966	Cost = 127.8
SSD = 104.056	n = 373915	Reg = 9.0414	Cost = 113.098
SSD = 96.4781	n = 373915	Reg = 10.6614	Cost = 107.139
SSD = 91.4601	n = 373915	Reg = 11.5625	Cost = 103.023
SSD = 87.7012	n = 373915	Reg = 12.2068	Cost = 99.908
SSD = 84.8742	n = 373915	Reg = 12.7573	Cost = 97.6315
SSD = 82.6542	n = 373915	Reg = 13.2271	Cost = 95.8814
SSD = 80.8144	n = 373915	Reg = 13.612	Cost = 94.4264
SSD = 79.2425	n = 373915	Reg = 13.9522	Cost = 93.1947
SSD = 77.9346	n = 373915	Reg = 14.2539	Cost = 92.1885
***Going to next resolution level***
SSD = 205.137	n = 3084480	Reg = 551.857	Cost = 756.994
SSD = 119.722	n = 3084480	Reg = 97.9252	Cost = 217.647
SSD = 106.219	n = 3084480	Reg = 76.3086	Cost = 182.527
SSD = 105.17	n = 3084480	Reg = 67.0739	Cost = 172.244
SSD = 106.412	n = 3084480	Reg = 60.5135	Cost = 166.926
SSD = 107.731	n = 3084480	Reg = 55.5635	Cost = 163.294
SSD = 108.869	n = 3084480	Reg = 52.0403	Cost = 160.909
SSD = 109.754	n = 3084480	Reg = 49.4519	Cost = 159.206
SSD = 110.42	n = 3084480	Reg = 47.3886	Cost = 157.809
SSD = 110.97	n = 3084480	Reg = 45.6912	Cost = 156.661
SSD = 111.487	n = 3084480	Reg = 44.0973	Cost = 155.584
***Going to next resolution level***
SSD = 111.487	n = 3084480	Reg = 4.40973	Cost = 115.897
SSD = 111.096	n = 3084480	Reg = 4.43673	Cost = 115.533
SSD = 110.719	n = 3084480	Reg = 4.46868	Cost = 115.188
SSD = 110.305	n = 3084480	Reg = 4.50449	Cost = 114.81
SSD = 109.508	n = 3084480	Reg = 4.58598	Cost = 114.093
SSD = 108.55	n = 3084480	Reg = 4.69953	Cost = 113.25
SSD = 107.523	n = 3084480	Reg = 4.85578	Cost = 112.379
SSD = 106.621	n = 3084480	Reg = 5.03334	Cost = 111.655
SSD = 105.894	n = 3084480	Reg = 5.21061	Cost = 111.104
SSD = 105.27	n = 3084480	Reg = 5.38631	Cost = 110.656
SSD = 104.73	n = 3084480	Reg = 5.5487	Cost = 110.279
SSD = 104.154	n = 3084480	Reg = 5.72774	Cost = 109.881
SSD = 103.628	n = 3084480	Reg = 5.89329	Cost = 109.521
SSD = 103.138	n = 3084480	Reg = 6.04844	Cost = 109.187
SSD = 102.634	n = 3084480	Reg = 6.20776	Cost = 108.842
SSD = 102.181	n = 3084480	Reg = 6.35013	Cost = 108.531
SSD = 101.687	n = 3084480	Reg = 6.50479	Cost = 108.192
SSD = 101.238	n = 3084480	Reg = 6.64466	Cost = 107.882
SSD = 100.803	n = 3084480	Reg = 6.77908	Cost = 107.582
SSD = 100.382	n = 3084480	Reg = 6.90605	Cost = 107.288
SSD = 99.9563	n = 3084480	Reg = 7.03182	Cost = 106.988
***Going to next resolution level***
SSD = 844.434	n = 3084480	Reg = 107.07	Cost = 951.505
SSD = 674.74	n = 3084480	Reg = 85.1512	Cost = 759.891
SSD = 607.707	n = 3084480	Reg = 76.5054	Cost = 684.212
SSD = 538.866	n = 3084480	Reg = 67.6909	Cost = 606.557
SSD = 486.064	n = 3084480	Reg = 61.0083	Cost = 547.072
SSD = 443.695	n = 3084480	Reg = 55.7166	Cost = 499.411
SSD = 411.048	n = 3084480	Reg = 51.7095	Cost = 462.758
SSD = 396.363	n = 3084480	Reg = 49.8894	Cost = 446.252
SSD = 371.995	n = 3084480	Reg = 46.9086	Cost = 418.904
SSD = 353.915	n = 3084480	Reg = 44.7635	Cost = 398.679
SSD = 343.101	n = 3084480	Reg = 43.5021	Cost = 386.603
SSD = 332.078	n = 3084480	Reg = 42.2426	Cost = 374.321
SSD = 318.823	n = 3084480	Reg = 40.7622	Cost = 359.586
SSD = 311.564	n = 3084480	Reg = 39.9707	Cost = 351.535
SSD = 304.592	n = 3084480	Reg = 39.2257	Cost = 343.818
SSD = 297.677	n = 3084480	Reg = 38.5054	Cost = 336.182
SSD = 291.816	n = 3084480	Reg = 37.9018	Cost = 329.718
SSD = 286.804	n = 3084480	Reg = 37.391	Cost = 324.195
SSD = 281.523	n = 3084480	Reg = 36.8665	Cost = 318.389
SSD = 276.477	n = 3084480	Reg = 36.3767	Cost = 312.854
SSD = 271.986	n = 3084480	Reg = 35.9483	Cost = 307.935
***Going to next resolution level***
SSD = 302.889	n = 3084480	Reg = 0.400327	Cost = 303.289
SSD = 299.823	n = 3084480	Reg = 0.396493	Cost = 300.22
SSD = 296.83	n = 3084480	Reg = 0.393132	Cost = 297.223
SSD = 294.543	n = 3084480	Reg = 0.390884	Cost = 294.934
SSD = 291.712	n = 3084480	Reg = 0.388602	Cost = 292.101
SSD = 289.331	n = 3084480	Reg = 0.387184	Cost = 289.718
SSD = 286.353	n = 3084480	Reg = 0.386003	Cost = 286.739
SSD = 283.564	n = 3084480	Reg = 0.385358	Cost = 283.95
SSD = 280.616	n = 3084480	Reg = 0.385524	Cost = 281.002
SSD = 278.466	n = 3084480	Reg = 0.386299	Cost = 278.852
SSD = 276.158	n = 3084480	Reg = 0.387556	Cost = 276.545
SSD = 272.255	n = 3084480	Reg = 0.390634	Cost = 272.646
SSD = 267.448	n = 3084480	Reg = 0.395356	Cost = 267.844
SSD = 264.155	n = 3084480	Reg = 0.399373	Cost = 264.554
SSD = 261.224	n = 3084480	Reg = 0.402537	Cost = 261.626
SSD = 258.576	n = 3084480	Reg = 0.405887	Cost = 258.982
SSD = 256.201	n = 3084480	Reg = 0.408758	Cost = 256.61
SSD = 253.727	n = 3084480	Reg = 0.412302	Cost = 254.14
SSD = 251.097	n = 3084480	Reg = 0.416261	Cost = 251.513
SSD = 248.301	n = 3084480	Reg = 0.42088	Cost = 248.722
SSD = 245.782	n = 3084480	Reg = 0.425144	Cost = 246.207
SSD = 243.994	n = 3084480	Reg = 0.428673	Cost = 244.423
SSD = 242.266	n = 3084480	Reg = 0.432068	Cost = 242.698
SSD = 240.373	n = 3084480	Reg = 0.436264	Cost = 240.81
SSD = 238.113	n = 3084480	Reg = 0.441172	Cost = 238.554
SSD = 236.34	n = 3084480	Reg = 0.44536	Cost = 236.785
SSD = 234.375	n = 3084480	Reg = 0.450299	Cost = 234.825
SSD = 232.889	n = 3084480	Reg = 0.454222	Cost = 233.344
SSD = 231.503	n = 3084480	Reg = 0.457919	Cost = 231.961
SSD = 230.241	n = 3084480	Reg = 0.461373	Cost = 230.702
SSD = 228.9	n = 3084480	Reg = 0.46504	Cost = 229.366
SSD = 227.509	n = 3084480	Reg = 0.469069	Cost = 227.978
SSD = 226.117	n = 3084480	Reg = 0.472973	Cost = 226.59
SSD = 224.776	n = 3084480	Reg = 0.476941	Cost = 225.253
SSD = 223.484	n = 3084480	Reg = 0.480709	Cost = 223.965
SSD = 222.034	n = 3084480	Reg = 0.485133	Cost = 222.519
SSD = 220.677	n = 3084480	Reg = 0.489379	Cost = 221.166
SSD = 219.293	n = 3084480	Reg = 0.493786	Cost = 219.786
SSD = 217.971	n = 3084480	Reg = 0.498212	Cost = 218.469
SSD = 216.766	n = 3084480	Reg = 0.502408	Cost = 217.268
SSD = 215.563	n = 3084480	Reg = 0.506449	Cost = 216.07
SSD = 214.458	n = 3084480	Reg = 0.510509	Cost = 214.968
SSD = 213.321	n = 3084480	Reg = 0.514587	Cost = 213.836
SSD = 212.269	n = 3084480	Reg = 0.518597	Cost = 212.788
SSD = 211.275	n = 3084480	Reg = 0.522404	Cost = 211.797
SSD = 210.322	n = 3084480	Reg = 0.52624	Cost = 210.848
SSD = 209.433	n = 3084480	Reg = 0.529894	Cost = 209.963
SSD = 208.432	n = 3084480	Reg = 0.533978	Cost = 208.966
SSD = 207.463	n = 3084480	Reg = 0.537724	Cost = 208.001
SSD = 206.489	n = 3084480	Reg = 0.542082	Cost = 207.031
SSD = 205.519	n = 3084480	Reg = 0.546522	Cost = 206.065
***Going to next resolution level***
SSD = 205.528	n = 3084480	Reg = 0.0109171	Cost = 205.539
SSD = 205.085	n = 3084480	Reg = 0.0108938	Cost = 205.096
SSD = 204.452	n = 3084480	Reg = 0.0108611	Cost = 204.463
SSD = 203.88	n = 3084480	Reg = 0.010832	Cost = 203.891
SSD = 203.261	n = 3084480	Reg = 0.0108015	Cost = 203.272
SSD = 202.637	n = 3084480	Reg = 0.010772	Cost = 202.648
SSD = 202.067	n = 3084480	Reg = 0.0107466	Cost = 202.078
SSD = 201.481	n = 3084480	Reg = 0.0107223	Cost = 201.492
SSD = 200.956	n = 3084480	Reg = 0.0107022	Cost = 200.966
SSD = 200.428	n = 3084480	Reg = 0.0106843	Cost = 200.439
SSD = 199.987	n = 3084480	Reg = 0.0106708	Cost = 199.998
SSD = 199.422	n = 3084480	Reg = 0.0106554	Cost = 199.433
SSD = 198.725	n = 3084480	Reg = 0.0106385	Cost = 198.736
SSD = 198.118	n = 3084480	Reg = 0.0106259	Cost = 198.128
SSD = 197.587	n = 3084480	Reg = 0.0106161	Cost = 197.597
SSD = 197.059	n = 3084480	Reg = 0.0106084	Cost = 197.069
SSD = 196.582	n = 3084480	Reg = 0.0106021	Cost = 196.592
SSD = 196.145	n = 3084480	Reg = 0.0105979	Cost = 196.155
SSD = 195.722	n = 3084480	Reg = 0.010595	Cost = 195.733
SSD = 195.283	n = 3084480	Reg = 0.0105933	Cost = 195.294
SSD = 194.795	n = 3084480	Reg = 0.0105921	Cost = 194.806
SSD = 194.316	n = 3084480	Reg = 0.0105918	Cost = 194.327
SSD = 193.861	n = 3084480	Reg = 0.0105945	Cost = 193.871
SSD = 193.446	n = 3084480	Reg = 0.0105994	Cost = 193.457
SSD = 192.982	n = 3084480	Reg = 0.0106071	Cost = 192.992
SSD = 192.513	n = 3084480	Reg = 0.0106176	Cost = 192.523
SSD = 192.083	n = 3084480	Reg = 0.0106294	Cost = 192.094
SSD = 191.589	n = 3084480	Reg = 0.0106475	Cost = 191.6
SSD = 191.089	n = 3084480	Reg = 0.0106688	Cost = 191.099
SSD = 190.646	n = 3084480	Reg = 0.0106915	Cost = 190.657
SSD = 190.221	n = 3084480	Reg = 0.0107165	Cost = 190.232
SSD = 189.744	n = 3084480	Reg = 0.0107484	Cost = 189.755
SSD = 189.266	n = 3084480	Reg = 0.0107839	Cost = 189.277
SSD = 188.788	n = 3084480	Reg = 0.0108247	Cost = 188.799
SSD = 188.327	n = 3084480	Reg = 0.0108654	Cost = 188.338
SSD = 187.879	n = 3084480	Reg = 0.0109103	Cost = 187.89
SSD = 187.428	n = 3084480	Reg = 0.0109592	Cost = 187.439
SSD = 186.977	n = 3084480	Reg = 0.0110127	Cost = 186.988
SSD = 186.525	n = 3084480	Reg = 0.0110709	Cost = 186.536
SSD = 185.98	n = 3084480	Reg = 0.0111443	Cost = 185.991
SSD = 185.451	n = 3084480	Reg = 0.0112206	Cost = 185.462
SSD = 184.972	n = 3084480	Reg = 0.0112937	Cost = 184.984
SSD = 184.54	n = 3084480	Reg = 0.0113631	Cost = 184.552
SSD = 184.098	n = 3084480	Reg = 0.0114392	Cost = 184.11
SSD = 183.686	n = 3084480	Reg = 0.0115124	Cost = 183.698
SSD = 183.248	n = 3084480	Reg = 0.0115961	Cost = 183.26
SSD = 182.868	n = 3084480	Reg = 0.0116712	Cost = 182.879
SSD = 182.479	n = 3084480	Reg = 0.0117527	Cost = 182.491
SSD = 182.126	n = 3084480	Reg = 0.0118301	Cost = 182.138
SSD = 181.708	n = 3084480	Reg = 0.0119266	Cost = 181.72
SSD = 181.258	n = 3084480	Reg = 0.0120362	Cost = 181.27
SSD = 180.743	n = 3084480	Reg = 0.0121631	Cost = 180.755
SSD = 180.196	n = 3084480	Reg = 0.0122963	Cost = 180.208
SSD = 179.677	n = 3084480	Reg = 0.012437	Cost = 179.69
SSD = 179.149	n = 3084480	Reg = 0.0125809	Cost = 179.162
SSD = 178.636	n = 3084480	Reg = 0.0127275	Cost = 178.648
SSD = 178.132	n = 3084480	Reg = 0.0128753	Cost = 178.145
SSD = 177.724	n = 3084480	Reg = 0.012998	Cost = 177.737
SSD = 177.229	n = 3084480	Reg = 0.0131505	Cost = 177.242
SSD = 176.723	n = 3084480	Reg = 0.0133111	Cost = 176.736
SSD = 176.226	n = 3084480	Reg = 0.0134728	Cost = 176.239
SSD = 175.687	n = 3084480	Reg = 0.0136496	Cost = 175.701
SSD = 175.246	n = 3084480	Reg = 0.0137985	Cost = 175.26
SSD = 174.851	n = 3084480	Reg = 0.013937	Cost = 174.865
SSD = 174.414	n = 3084480	Reg = 0.0140904	Cost = 174.428
SSD = 174.009	n = 3084480	Reg = 0.0142353	Cost = 174.024
SSD = 173.583	n = 3084480	Reg = 0.0143863	Cost = 173.597
SSD = 173.146	n = 3084480	Reg = 0.0145483	Cost = 173.161
SSD = 172.75	n = 3084480	Reg = 0.0146972	Cost = 172.765
SSD = 172.357	n = 3084480	Reg = 0.014848	Cost = 172.372
SSD = 171.991	n = 3084480	Reg = 0.0149901	Cost = 172.006
SSD = 171.619	n = 3084480	Reg = 0.0151374	Cost = 171.634
SSD = 171.247	n = 3084480	Reg = 0.0152865	Cost = 171.263
SSD = 170.873	n = 3084480	Reg = 0.0154419	Cost = 170.888
SSD = 170.541	n = 3084480	Reg = 0.0155775	Cost = 170.556
SSD = 170.203	n = 3084480	Reg = 0.015717	Cost = 170.219
SSD = 169.834	n = 3084480	Reg = 0.0158714	Cost = 169.85
SSD = 169.514	n = 3084480	Reg = 0.0160053	Cost = 169.53
SSD = 169.187	n = 3084480	Reg = 0.0161425	Cost = 169.203
SSD = 168.847	n = 3084480	Reg = 0.0162855	Cost = 168.863
SSD = 168.535	n = 3084480	Reg = 0.0164177	Cost = 168.551
SSD = 168.238	n = 3084480	Reg = 0.0165439	Cost = 168.255
SSD = 167.949	n = 3084480	Reg = 0.0166679	Cost = 167.966
SSD = 167.643	n = 3084480	Reg = 0.0167995	Cost = 167.659
SSD = 167.336	n = 3084480	Reg = 0.0169314	Cost = 167.353
SSD = 167.039	n = 3084480	Reg = 0.0170622	Cost = 167.056
SSD = 166.755	n = 3084480	Reg = 0.0171836	Cost = 166.772
SSD = 166.463	n = 3084480	Reg = 0.0173108	Cost = 166.48
SSD = 166.197	n = 3084480	Reg = 0.0174278	Cost = 166.214
SSD = 165.93	n = 3084480	Reg = 0.0175455	Cost = 165.948
SSD = 165.667	n = 3084480	Reg = 0.0176607	Cost = 165.685
SSD = 165.399	n = 3084480	Reg = 0.0177798	Cost = 165.416
SSD = 165.117	n = 3084480	Reg = 0.0179049	Cost = 165.135
SSD = 164.848	n = 3084480	Reg = 0.0180253	Cost = 164.866
SSD = 164.571	n = 3084480	Reg = 0.01815	Cost = 164.589
SSD = 164.294	n = 3084480	Reg = 0.018276	Cost = 164.312
SSD = 164.038	n = 3084480	Reg = 0.0183925	Cost = 164.056
SSD = 163.776	n = 3084480	Reg = 0.0185119	Cost = 163.794
SSD = 163.526	n = 3084480	Reg = 0.0186259	Cost = 163.545
SSD = 163.283	n = 3084480	Reg = 0.0187378	Cost = 163.301
SSD = 163.023	n = 3084480	Reg = 0.0188577	Cost = 163.042
----------REALIGNMENT----------
----------REGISTERING EPI TO ANATOMICAL----------
----------REGISTERING EPI TO MNI----------
Processing volume 0
Processing volume 1
Processing volume 2
Processing volume 3
Processing volume 4
Processing volume 5
Processing volume 6
Processing volume 7
Processing volume 8
Processing volume 9
Processing volume 10
Processing volume 11
Processing volume 12
Processing volume 13
Processing volume 14
Processing volume 15
Processing volume 16
Processing volume 17
Processing volume 18
Processing volume 19
Processing volume 20
Processing volume 21
Processing volume 22
Processing volume 23
Processing volume 24
Processing volume 25
Processing volume 26
Processing volume 27
Processing volume 28
Processing volume 29
Processing volume 30
Processing volume 31
Processing volume 32
Processing volume 33
Processing volume 34
Processing volume 35
Processing volume 36
Processing volume 37
Processing volume 38
Processing volume 39
Processing volume 40
Processing volume 41
Processing volume 42
Processing volume 43
Processing volume 44
Processing volume 45
Processing volume 46
Processing volume 47
Processing volume 48
Processing volume 49
Processing volume 50
Processing volume 51
Processing volume 52
Processing volume 53
Processing volume 54
Processing volume 55
Processing volume 56
Processing volume 57
Processing volume 58
Processing volume 59
Processing volume 60
Processing volume 61
Processing volume 62
Processing volume 63
Processing volume 64
Processing volume 65
Processing volume 66
Processing volume 67
Processing volume 68
Processing volume 69
Processing volume 70
Processing volume 71
Processing volume 72
Processing volume 73
Processing volume 74
Processing volume 75
Processing volume 76
Processing volume 77
Processing volume 78
Processing volume 79
Processing volume 80
Processing volume 81
Processing volume 82
Processing volume 83
Processing volume 84
Processing volume 85
Processing volume 86
Processing volume 87
Processing volume 88
Processing volume 89
Processing volume 90
Processing volume 91
Processing volume 92
Processing volume 93
Processing volume 94
Processing volume 95
Processing volume 96
Processing volume 97
Processing volume 98
Processing volume 99
Processing volume 100
Processing volume 101
Processing volume 102
Processing volume 103
Processing volume 104
Processing volume 105
Processing volume 106
Processing volume 107
Processing volume 108
Processing volume 109
Processing volume 110
Processing volume 111
Processing volume 112
Processing volume 113
Processing volume 114
Processing volume 115
Processing volume 116
Processing volume 117
Processing volume 118
Processing volume 119
Processing volume 120
Processing volume 121
Processing volume 122
Processing volume 123
Processing volume 124
Processing volume 125
Processing volume 126
Processing volume 127
Processing volume 128
Processing volume 129
Processing volume 130
Processing volume 131
Processing volume 132
Processing volume 133
Processing volume 134
Processing volume 135
Processing volume 136
Processing volume 137
Processing volume 138
Processing volume 139
Processing volume 140
Processing volume 141
Processing volume 142
Processing volume 143
Processing volume 144
Processing volume 145
Processing volume 146
Processing volume 147
Processing volume 148
Processing volume 149
Processing volume 150
Processing volume 151
Processing volume 152
Processing volume 153
Processing volume 154
Processing volume 155
Processing volume 156
Processing volume 157
Processing volume 158
Processing volume 159
Processing volume 160
Processing volume 161
Processing volume 162
Processing volume 163
Processing volume 164
Processing volume 165
Processing volume 166
Processing volume 167
Processing volume 168
Processing volume 169
Processing volume 170
Processing volume 171
Processing volume 172
Processing volume 173
Processing volume 174
Processing volume 175
Processing volume 176
Processing volume 177
Processing volume 178
Processing volume 179
Processing volume 180
Processing volume 181
Processing volume 182
Processing volume 183
Processing volume 184
Processing volume 185
Processing volume 186
Processing volume 187
Processing volume 188
Processing volume 189
Processing volume 190
Processing volume 191
Processing volume 192
Processing volume 193
Processing volume 194
Processing volume 195
Processing volume 196
Processing volume 197
Processing volume 198
Processing volume 199
Processing volume 200
Processing volume 201
Processing volume 202
Processing volume 203
Processing volume 204
Processing volume 205
Processing volume 206
Processing volume 207
Processing volume 208
Processing volume 209
Processing volume 210
Processing volume 211
Processing volume 212
Processing volume 213
Processing volume 214
Processing volume 215
Processing volume 216
Processing volume 217
Processing volume 218
Processing volume 219
Processing volume 220
Processing volume 221
Processing volume 222
Processing volume 223
Processing volume 224
Processing volume 225
Processing volume 226
Processing volume 227
Processing volume 228
Processing volume 229
Processing volume 230
Processing volume 231
Processing volume 232
Processing volume 233
Processing volume 234
Processing volume 235
Processing volume 236
Processing volume 237
Processing volume 238
Processing volume 239
Processing volume 240
Processing volume 241
Processing volume 242
Processing volume 243
Processing volume 244
Processing volume 245
Processing volume 246
Processing volume 247
Processing volume 248
Processing volume 249
