Non-commercial use only - see $FSLDIR/LICENSE
Starting ANTS Registration...
All_Command_lines_OK
Using single precision for computations.
=============================================================================
The composite transform comprises the following transforms (in order): 
  1. Image origin alignment using fixed image: /usr/local/software/fsl/6.0.7/data/standard/MNI152_T1_1mm.nii.gz and moving image: /home/tom29/rds/rds-pal_lab-WJZDLUY2Dhw/cbbu_study_template/CBBU_template_5iter.nii.gz (type = Euler3DTransform)
=============================================================================
  number of levels = 4
  number of levels = 4
  number of levels = 4
  fixed image: /usr/local/software/fsl/6.0.7/data/standard/MNI152_T1_1mm.nii.gz
  moving image: /home/tom29/rds/rds-pal_lab-WJZDLUY2Dhw/cbbu_study_template/CBBU_template_5iter.nii.gz
  fixed image: /usr/local/software/fsl/6.0.7/data/standard/MNI152_T1_1mm.nii.gz
  moving image: /home/tom29/rds/rds-pal_lab-WJZDLUY2Dhw/cbbu_study_template/CBBU_template_5iter.nii.gz
  fixed image: /usr/local/software/fsl/6.0.7/data/standard/MNI152_T1_1mm.nii.gz
  moving image: /home/tom29/rds/rds-pal_lab-WJZDLUY2Dhw/cbbu_study_template/CBBU_template_5iter.nii.gz
Dimension = 3
Number of stages = 3
Use histogram matching = false
Winsorize image intensities = true
  Lower quantile = 0.005
  Upper quantile = 0.995


Stage 1 State
   Image metric = MattesMI
     Fixed image = Image (0x44ad570)
  RTTI typeinfo:   itk::Image<float, 3u>
  Reference Count: 2
  Modified Time: 2371
  Debug: Off
  Object Name: 
  Observers: 
    none
  Source: (none)
  Source output name: (none)
  Release Data: Off
  Data Released: False
  Global Release Data: Off
  PipelineMTime: 0
  UpdateMTime: 1980
  RealTimeStamp: 0 seconds 
  LargestPossibleRegion: 
    Dimension: 3
    Index: [0, 0, 0]
    Size: [182, 218, 182]
  BufferedRegion: 
    Dimension: 3
    Index: [0, 0, 0]
    Size: [182, 218, 182]
  RequestedRegion: 
    Dimension: 3
    Index: [0, 0, 0]
    Size: [182, 218, 182]
  Spacing: [1, 1, 1]
  Origin: [-90, 126, -72]
  Direction: 
1 0 0
0 -1 0
0 0 1

  IndexToPointMatrix: 
1 0 0
0 -1 0
0 0 1

  PointToIndexMatrix: 
1 0 0
0 -1 0
0 0 1

  Inverse Direction: 
1 0 0
0 -1 0
0 0 1

  PixelContainer: 
    ImportImageContainer (0x4499c70)
      RTTI typeinfo:   itk::ImportImageContainer<unsigned long, float>
      Reference Count: 1
      Modified Time: 1977
      Debug: Off
      Object Name: 
      Observers: 
        none
      Pointer: 0x45fde10
      Container manages memory: true
      Size: 7221032
      Capacity: 7221032

     Moving image = Image (0x44b7cd0)
  RTTI typeinfo:   itk::Image<float, 3u>
  Reference Count: 2
  Modified Time: 2372
  Debug: Off
  Object Name: 
  Observers: 
    none
  Source: (none)
  Source output name: (none)
  Release Data: Off
  Data Released: False
  Global Release Data: Off
  PipelineMTime: 0
  UpdateMTime: 2369
  RealTimeStamp: 0 seconds 
  LargestPossibleRegion: 
    Dimension: 3
    Index: [0, 0, 0]
    Size: [224, 276, 213]
  BufferedRegion: 
    Dimension: 3
    Index: [0, 0, 0]
    Size: [224, 276, 213]
  RequestedRegion: 
    Dimension: 3
    Index: [0, 0, 0]
    Size: [224, 276, 213]
  Spacing: [0.7, 0.7, 0.7]
  Origin: [-78, 116, -68]
  Direction: 
1 0 0
0 -1 0
0 0 1

  IndexToPointMatrix: 
0.7 0 0
0 -0.7 0
0 0 0.7

  PointToIndexMatrix: 
1.42857 0 0
0 -1.42857 0
0 0 1.42857

  Inverse Direction: 
1 0 0
0 -1 0
0 0 1

  PixelContainer: 
    ImportImageContainer (0x44b4170)
      RTTI typeinfo:   itk::ImportImageContainer<unsigned long, float>
      Reference Count: 1
      Modified Time: 2366
      Debug: Off
      Object Name: 
      Observers: 
        none
      Pointer: 0x152836225010
      Container manages memory: true
      Size: 13168512
      Capacity: 13168512

     Weighting = 1
     Sampling strategy = regular
     Number of bins = 32
     Radius = 4
     Sampling percentage  = 0.25
   Transform = Rigid
     Gradient step = 0.1
     Update field sigma (voxel space) = 0
     Total field sigma (voxel space) = 0
     Update field time sigma = 0
     Total field time sigma  = 0
     Number of time indices = 0
     Number of time point samples = 0
Stage 2 State
   Image metric = MattesMI
     Fixed image = Image (0x44bcd50)
  RTTI typeinfo:   itk::Image<float, 3u>
  Reference Count: 2
  Modified Time: 3149
  Debug: Off
  Object Name: 
  Observers: 
    none
  Source: (none)
  Source output name: (none)
  Release Data: Off
  Data Released: False
  Global Release Data: Off
  PipelineMTime: 0
  UpdateMTime: 2758
  RealTimeStamp: 0 seconds 
  LargestPossibleRegion: 
    Dimension: 3
    Index: [0, 0, 0]
    Size: [182, 218, 182]
  BufferedRegion: 
    Dimension: 3
    Index: [0, 0, 0]
    Size: [182, 218, 182]
  RequestedRegion: 
    Dimension: 3
    Index: [0, 0, 0]
    Size: [182, 218, 182]
  Spacing: [1, 1, 1]
  Origin: [-90, 126, -72]
  Direction: 
1 0 0
0 -1 0
0 0 1

  IndexToPointMatrix: 
1 0 0
0 -1 0
0 0 1

  PointToIndexMatrix: 
1 0 0
0 -1 0
0 0 1

  Inverse Direction: 
1 0 0
0 -1 0
0 0 1

  PixelContainer: 
    ImportImageContainer (0x44acca0)
      RTTI typeinfo:   itk::ImportImageContainer<unsigned long, float>
      Reference Count: 1
      Modified Time: 2755
      Debug: Off
      Object Name: 
      Observers: 
        none
      Pointer: 0x6189ac0
      Container manages memory: true
      Size: 7221032
      Capacity: 7221032

     Moving image = Image (0x44bcfe0)
  RTTI typeinfo:   itk::Image<float, 3u>
  Reference Count: 2
  Modified Time: 3150
  Debug: Off
  Object Name: 
  Observers: 
    none
  Source: (none)
  Source output name: (none)
  Release Data: Off
  Data Released: False
  Global Release Data: Off
  PipelineMTime: 0
  UpdateMTime: 3147
  RealTimeStamp: 0 seconds 
  LargestPossibleRegion: 
    Dimension: 3
    Index: [0, 0, 0]
    Size: [224, 276, 213]
  BufferedRegion: 
    Dimension: 3
    Index: [0, 0, 0]
    Size: [224, 276, 213]
  RequestedRegion: 
    Dimension: 3
    Index: [0, 0, 0]
    Size: [224, 276, 213]
  Spacing: [0.7, 0.7, 0.7]
  Origin: [-78, 116, -68]
  Direction: 
1 0 0
0 -1 0
0 0 1

  IndexToPointMatrix: 
0.7 0 0
0 -0.7 0
0 0 0.7

  PointToIndexMatrix: 
1.42857 0 0
0 -1.42857 0
0 0 1.42857

  Inverse Direction: 
1 0 0
0 -1 0
0 0 1

  PixelContainer: 
    ImportImageContainer (0x44b6a00)
      RTTI typeinfo:   itk::ImportImageContainer<unsigned long, float>
      Reference Count: 1
      Modified Time: 3144
      Debug: Off
      Object Name: 
      Observers: 
        none
      Pointer: 0x152832fe9010
      Container manages memory: true
      Size: 13168512
      Capacity: 13168512

     Weighting = 1
     Sampling strategy = regular
     Number of bins = 32
     Radius = 4
     Sampling percentage  = 0.25
   Transform = Affine
     Gradient step = 0.1
     Update field sigma (voxel space) = 0
     Total field sigma (voxel space) = 0
     Update field time sigma = 0
     Total field time sigma  = 0
     Number of time indices = 0
     Number of time point samples = 0
Stage 3 State
   Image metric = CC
     Fixed image = Image (0x45f7960)
  RTTI typeinfo:   itk::Image<float, 3u>
  Reference Count: 2
  Modified Time: 3927
  Debug: Off
  Object Name: 
  Observers: 
    none
  Source: (none)
  Source output name: (none)
  Release Data: Off
  Data Released: False
  Global Release Data: Off
  PipelineMTime: 0
  UpdateMTime: 3536
  RealTimeStamp: 0 seconds 
  LargestPossibleRegion: 
    Dimension: 3
    Index: [0, 0, 0]
    Size: [182, 218, 182]
  BufferedRegion: 
    Dimension: 3
    Index: [0, 0, 0]
    Size: [182, 218, 182]
  RequestedRegion: 
    Dimension: 3
    Index: [0, 0, 0]
    Size: [182, 218, 182]
  Spacing: [1, 1, 1]
  Origin: [-90, 126, -72]
  Direction: 
1 0 0
0 -1 0
0 0 1

  IndexToPointMatrix: 
1 0 0
0 -1 0
0 0 1

  PointToIndexMatrix: 
1 0 0
0 -1 0
0 0 1

  Inverse Direction: 
1 0 0
0 -1 0
0 0 1

  PixelContainer: 
    ImportImageContainer (0x45e8840)
      RTTI typeinfo:   itk::ImportImageContainer<unsigned long, float>
      Reference Count: 1
      Modified Time: 3533
      Debug: Off
      Object Name: 
      Observers: 
        none
      Pointer: 0x7d157c0
      Container manages memory: true
      Size: 7221032
      Capacity: 7221032

     Moving image = Image (0x45fc200)
  RTTI typeinfo:   itk::Image<float, 3u>
  Reference Count: 2
  Modified Time: 3928
  Debug: Off
  Object Name: 
  Observers: 
    none
  Source: (none)
  Source output name: (none)
  Release Data: Off
  Data Released: False
  Global Release Data: Off
  PipelineMTime: 0
  UpdateMTime: 3925
  RealTimeStamp: 0 seconds 
  LargestPossibleRegion: 
    Dimension: 3
    Index: [0, 0, 0]
    Size: [224, 276, 213]
  BufferedRegion: 
    Dimension: 3
    Index: [0, 0, 0]
    Size: [224, 276, 213]
  RequestedRegion: 
    Dimension: 3
    Index: [0, 0, 0]
    Size: [224, 276, 213]
  Spacing: [0.7, 0.7, 0.7]
  Origin: [-78, 116, -68]
  Direction: 
1 0 0
0 -1 0
0 0 1

  IndexToPointMatrix: 
0.7 0 0
0 -0.7 0
0 0 0.7

  PointToIndexMatrix: 
1.42857 0 0
0 -1.42857 0
0 0 1.42857

  Inverse Direction: 
1 0 0
0 -1 0
0 0 1

  PixelContainer: 
    ImportImageContainer (0x45fda70)
      RTTI typeinfo:   itk::ImportImageContainer<unsigned long, float>
      Reference Count: 1
      Modified Time: 3922
      Debug: Off
      Object Name: 
      Observers: 
        none
      Pointer: 0x15282fdad010
      Container manages memory: true
      Size: 13168512
      Capacity: 13168512

     Weighting = 1
     Sampling strategy = none
     Number of bins = 32
     Radius = 2
     Sampling percentage  = 1
   Transform = SyN
     Gradient step = 0.1
     Update field sigma (voxel space) = 1
     Total field sigma (voxel space) = 0
     Update field time sigma = 0
     Total field time sigma  = 0
     Number of time indices = 0
     Number of time point samples = 0
Registration using 3 total stages.

Stage 0
  iterations = 1000x500x250x100
  convergence threshold = 1e-06
  convergence window size = 10
  number of levels = 4
  using the Mattes MI metric (number of bins = 32, weight = 1, use gradient filter = 0)
  preprocessing:  winsorizing the image intensities
  Shrink factors (level 1 out of 4): [8, 8, 8]
  Shrink factors (level 2 out of 4): [4, 4, 4]
  Shrink factors (level 3 out of 4): [2, 2, 2]
  Shrink factors (level 4 out of 4): [1, 1, 1]
  smoothing sigmas per level: [3, 2, 1, 0]
  regular sampling (percentage = 0.25)

*** Running Euler3DTransform registration ***

DIAGNOSTIC,Iteration,metricValue,convergenceValue,ITERATION_TIME_INDEX,SINCE_LAST
 2DIAGNOSTIC,     1, -3.154513239861e-01, inf, 4.9829e-01, 4.9829e-01, 
 2DIAGNOSTIC,     2, -3.167961239815e-01, inf, 4.9964e-01, 1.3599e-03, 
 2DIAGNOSTIC,     3, -3.195974528790e-01, inf, 5.0101e-01, 1.3659e-03, 
 2DIAGNOSTIC,     4, -3.319546878338e-01, inf, 5.0240e-01, 1.3871e-03, 
 2DIAGNOSTIC,     5, -3.441069424152e-01, inf, 5.0382e-01, 1.4250e-03, 
 2DIAGNOSTIC,     6, -3.587976992130e-01, inf, 5.0538e-01, 1.5609e-03, 
 2DIAGNOSTIC,     7, -4.935071766376e-01, inf, 5.0764e-01, 2.2521e-03, 
 2DIAGNOSTIC,     8, -5.432258844376e-01, inf, 5.0976e-01, 2.1229e-03, 
 2DIAGNOSTIC,     9, -5.601533651352e-01, inf, 5.1185e-01, 2.0909e-03, 
 2DIAGNOSTIC,    10, -5.650833249092e-01, 4.775807633996e-02, 5.4962e-01, 3.7766e-02, 
 2DIAGNOSTIC,    11, -5.684328675270e-01, 4.468119516969e-02, 5.5119e-01, 1.5728e-03, 
 2DIAGNOSTIC,    12, -5.710396170616e-01, 3.845151513815e-02, 5.5275e-01, 1.5640e-03, 
 2DIAGNOSTIC,    13, -5.732534527779e-01, 3.020914085209e-02, 5.5454e-01, 1.7850e-03, 
 2DIAGNOSTIC,    14, -5.736610889435e-01, 2.137522585690e-02, 5.5624e-01, 1.7061e-03, 
 2DIAGNOSTIC,    15, -5.747989416122e-01, 1.268238108605e-02, 5.6127e-01, 5.0261e-03, 
 2DIAGNOSTIC,    16, -5.747991800308e-01, 4.596490878612e-03, 5.6308e-01, 1.8120e-03, 
 2DIAGNOSTIC,    17, -5.747991204262e-01, 1.883011544123e-03, 5.6488e-01, 1.7991e-03, 
 2DIAGNOSTIC,    18, -5.747994184494e-01, 9.595957235433e-04, 5.6664e-01, 1.7560e-03, 
 2DIAGNOSTIC,    19, -5.747997164726e-01, 5.767730181105e-04, 5.6841e-01, 1.7760e-03, 
 2DIAGNOSTIC,    20, -5.747999548912e-01, 3.258731740061e-04, 5.7018e-01, 1.7629e-03, 
 2DIAGNOSTIC,    21, -5.748003125191e-01, 1.623898860998e-04, 5.7198e-01, 1.8051e-03, 
 2DIAGNOSTIC,    22, -5.748004317284e-01, 6.716498319292e-05, 5.7376e-01, 1.7741e-03, 
 2DIAGNOSTIC,    23, -5.748009085655e-01, 2.954394221888e-05, 5.7569e-01, 1.9329e-03, 
 2DIAGNOSTIC,    24, -5.748008489609e-01, 1.612656319594e-06, 5.7796e-01, 2.2681e-03, 
 2DIAGNOSTIC,    25, -5.748009085655e-01, 1.537393472972e-06, 5.7951e-01, 1.5590e-03, 
 2DIAGNOSTIC,    26, -5.748010873795e-01, 1.467933657295e-06, 5.8109e-01, 1.5721e-03, 
 2DIAGNOSTIC,    27, -5.748012661934e-01, 1.397362325406e-06, 5.8280e-01, 1.7159e-03, 
 2DIAGNOSTIC,    28, -5.748018026352e-01, 1.340807330052e-06, 5.8448e-01, 1.6789e-03, 
 2DIAGNOSTIC,    29, -5.748019814491e-01, 1.289982947128e-06, 5.8615e-01, 1.6711e-03, 
 2DIAGNOSTIC,    30, -5.748021006584e-01, 1.242303483195e-06, 5.8781e-01, 1.6580e-03, 
 2DIAGNOSTIC,    31, -5.748027563095e-01, 1.209010633829e-06, 5.8948e-01, 1.6670e-03, 
 2DIAGNOSTIC,    32, -5.748026371002e-01, 1.169797201328e-06, 5.9113e-01, 1.6470e-03, 
 2DIAGNOSTIC,    33, -5.748029351234e-01, 1.138415086643e-06, 5.9285e-01, 1.7240e-03, 
 2DIAGNOSTIC,    34, -5.748029947281e-01, 1.100980853153e-06, 5.9452e-01, 1.6682e-03, 
 2DIAGNOSTIC,    35, -5.748034119606e-01, 1.065500669029e-06, 5.9616e-01, 1.6470e-03, 
 2DIAGNOSTIC,    36, -5.748036503792e-01, 1.030827775139e-06, 5.9784e-01, 1.6761e-03, 
DIAGNOSTIC,Iteration,metricValue,convergenceValue,ITERATION_TIME_INDEX,SINCE_LAST
 2DIAGNOSTIC,     1, -4.417836666107e-01, inf, 1.0369e+00, 4.3903e-01, 
 2DIAGNOSTIC,     2, -4.431487023830e-01, inf, 1.0473e+00, 1.0419e-02, 
 2DIAGNOSTIC,     3, -4.447534084320e-01, inf, 1.0574e+00, 1.0093e-02, 
 2DIAGNOSTIC,     4, -4.463266134262e-01, inf, 1.0674e+00, 1.0025e-02, 
 2DIAGNOSTIC,     5, -4.466099143028e-01, inf, 1.0787e+00, 1.1281e-02, 
 2DIAGNOSTIC,     6, -4.466965198517e-01, inf, 1.0901e+00, 1.1398e-02, 
 2DIAGNOSTIC,     7, -4.467015564442e-01, inf, 1.1054e+00, 1.5299e-02, 
 2DIAGNOSTIC,     8, -4.467311203480e-01, inf, 1.1184e+00, 1.3052e-02, 
 2DIAGNOSTIC,     9, -4.466235339642e-01, inf, 1.1294e+00, 1.0990e-02, 
 2DIAGNOSTIC,    10, -4.466151595116e-01, 6.056080455892e-04, 1.1415e+00, 1.2041e-02, 
 2DIAGNOSTIC,    11, -4.466360807419e-01, 3.147564129904e-04, 1.1537e+00, 1.2257e-02, 
 2DIAGNOSTIC,    12, -4.466440081596e-01, 1.161130203400e-04, 1.1656e+00, 1.1873e-02, 
 2DIAGNOSTIC,    13, -4.465941488743e-01, 1.210020491271e-05, 1.1759e+00, 1.0319e-02, 
DIAGNOSTIC,Iteration,metricValue,convergenceValue,ITERATION_TIME_INDEX,SINCE_LAST
 2DIAGNOSTIC,     1, -3.573882579803e-01, inf, 1.7617e+00, 5.8580e-01, 
 2DIAGNOSTIC,     2, -3.574816286564e-01, inf, 1.8700e+00, 1.0833e-01, 
 2DIAGNOSTIC,     3, -3.575277924538e-01, inf, 2.0185e+00, 1.4850e-01, 
 2DIAGNOSTIC,     4, -3.575327694416e-01, inf, 2.1537e+00, 1.3517e-01, 
 2DIAGNOSTIC,     5, -3.575303852558e-01, inf, 2.2621e+00, 1.0841e-01, 
 2DIAGNOSTIC,     6, -3.575290143490e-01, inf, 2.3686e+00, 1.0649e-01, 
 2DIAGNOSTIC,     7, -3.575297296047e-01, inf, 2.4783e+00, 1.0970e-01, 
 2DIAGNOSTIC,     8, -3.575272858143e-01, inf, 2.5882e+00, 1.0991e-01, 
 2DIAGNOSTIC,     9, -3.575198650360e-01, inf, 2.6963e+00, 1.0804e-01, 
 2DIAGNOSTIC,    10, -3.575043678284e-01, 1.490784143243e-05, 2.7902e+00, 9.3895e-02, 
 2DIAGNOSTIC,    11, -3.575022816658e-01, 2.154829871870e-06, 2.9000e+00, 1.0986e-01, 
DIAGNOSTIC,Iteration,metricValue,convergenceValue,ITERATION_TIME_INDEX,SINCE_LAST
 2DIAGNOSTIC,     1, -3.197607994080e-01, inf, 4.0131e+00, 1.1131e+00, 
 2DIAGNOSTIC,     2, -3.199820816517e-01, inf, 4.5463e+00, 5.3315e-01, 
 2DIAGNOSTIC,     3, -3.202231228352e-01, inf, 5.5977e+00, 1.0514e+00, 
 2DIAGNOSTIC,     4, -3.202181160450e-01, inf, 6.3474e+00, 7.4965e-01, 
 2DIAGNOSTIC,     5, -3.202176094055e-01, inf, 6.9511e+00, 6.0369e-01, 
 2DIAGNOSTIC,     6, -3.202179074287e-01, inf, 7.5516e+00, 6.0055e-01, 
 2DIAGNOSTIC,     7, -3.202124536037e-01, inf, 8.1603e+00, 6.0867e-01, 
 2DIAGNOSTIC,     8, -3.202137053013e-01, inf, 8.8362e+00, 6.7592e-01, 
 2DIAGNOSTIC,     9, -3.202127814293e-01, inf, 9.8118e+00, 9.7562e-01, 
 2DIAGNOSTIC,    10, -3.202131390572e-01, 6.041040978744e-05, 1.0415e+01, 6.0307e-01, 
 2DIAGNOSTIC,    11, -3.202130794525e-01, 2.030862196989e-05, 1.1166e+01, 7.5103e-01, 
 2DIAGNOSTIC,    12, -3.202129602432e-01, 1.180122808364e-06, 1.1769e+01, 6.0301e-01, 
 2DIAGNOSTIC,    13, -3.202130198479e-01, 1.601877784196e-06, 1.2445e+01, 6.7587e-01, 
 2DIAGNOSTIC,    14, -3.202130198479e-01, 1.718547650853e-06, 1.3118e+01, 6.7333e-01, 
 2DIAGNOSTIC,    15, -3.202121853828e-01, 1.787465862435e-06, 1.3722e+01, 6.0389e-01, 
 2DIAGNOSTIC,    16, -3.202121555805e-01, 1.903293309624e-06, 1.4323e+01, 6.0125e-01, 
 2DIAGNOSTIC,    17, -3.202121555805e-01, 1.726020173010e-06, 1.5003e+01, 6.8013e-01, 
 2DIAGNOSTIC,    18, -3.202121555805e-01, 1.644358917474e-06, 1.5603e+01, 5.9990e-01, 
 2DIAGNOSTIC,    19, -3.202120959759e-01, 1.536260924695e-06, 1.6211e+01, 6.0800e-01, 
 2DIAGNOSTIC,    20, -3.202121257782e-01, 1.469764470130e-06, 1.6811e+01, 5.9948e-01, 
 2DIAGNOSTIC,    21, -3.202121555805e-01, 1.419866180186e-06, 1.7418e+01, 6.0752e-01, 
 2DIAGNOSTIC,    22, -3.202121257782e-01, 1.376693035127e-06, 1.8022e+01, 6.0327e-01, 
 2DIAGNOSTIC,    23, -3.202121257782e-01, 1.345729970126e-06, 1.8628e+01, 6.0639e-01, 
 2DIAGNOSTIC,    24, -3.202121257782e-01, 1.321765694229e-06, 1.9228e+01, 6.0014e-01, 
 2DIAGNOSTIC,    25, -3.202120959759e-01, 1.269384597435e-06, 1.9829e+01, 6.0106e-01, 
 2DIAGNOSTIC,    26, -3.202120661736e-01, 1.219270075126e-06, 2.0433e+01, 6.0336e-01, 
 2DIAGNOSTIC,    27, -3.202122151852e-01, 1.178191382678e-06, 2.1033e+01, 6.0064e-01, 
 2DIAGNOSTIC,    28, -3.202122151852e-01, 1.139973846875e-06, 2.1710e+01, 6.7694e-01, 
 2DIAGNOSTIC,    29, -3.202122151852e-01, 1.102220153371e-06, 2.2313e+01, 6.0254e-01, 
 2DIAGNOSTIC,    30, -3.202121853828e-01, 1.066541244654e-06, 2.2919e+01, 6.0616e-01, 
 2DIAGNOSTIC,    31, -3.202122151852e-01, 1.034340357364e-06, 2.3602e+01, 6.8335e-01, 
 2DIAGNOSTIC,    32, -3.202122151852e-01, 1.002439830700e-06, 2.4204e+01, 6.0145e-01, 
  Elapsed time (stage 0): 2.5337e+01


Stage 1
  iterations = 1000x500x250x100
  convergence threshold = 1.0000e-06
  convergence window size = 10
  number of levels = 4
  using the Mattes MI metric (number of bins = 32, weight = 1.0000e+00, use gradient filter = 0)
  preprocessing:  winsorizing the image intensities
  Shrink factors (level 1 out of 4): [8, 8, 8]
  Shrink factors (level 2 out of 4): [4, 4, 4]
  Shrink factors (level 3 out of 4): [2, 2, 2]
  Shrink factors (level 4 out of 4): [1, 1, 1]
  smoothing sigmas per level: [3, 2, 1, 0]
  regular sampling (percentage = 2.5000e-01)

*** Running AffineTransform registration ***

DIAGNOSTIC,Iteration,metricValue,convergenceValue,ITERATION_TIME_INDEX,SINCE_LAST
 2DIAGNOSTIC,     1, -5.707681775093e-01, inf, 4.2079e-01, 4.2079e-01, 
 2DIAGNOSTIC,     2, -5.732114315033e-01, inf, 4.2243e-01, 1.6360e-03, 
 2DIAGNOSTIC,     3, -5.741170644760e-01, inf, 4.2399e-01, 1.5631e-03, 
 2DIAGNOSTIC,     4, -5.753263235092e-01, inf, 4.2555e-01, 1.5619e-03, 
 2DIAGNOSTIC,     5, -5.769008398056e-01, inf, 4.2731e-01, 1.7619e-03, 
 2DIAGNOSTIC,     6, -5.768945217133e-01, inf, 4.2887e-01, 1.5562e-03, 
 2DIAGNOSTIC,     7, -5.789023637772e-01, inf, 4.3125e-01, 2.3830e-03, 
 2DIAGNOSTIC,     8, -5.792446136475e-01, inf, 4.3280e-01, 1.5531e-03, 
 2DIAGNOSTIC,     9, -5.819568634033e-01, inf, 4.3434e-01, 1.5340e-03, 
 2DIAGNOSTIC,    10, -5.843789577484e-01, 1.309025683440e-03, 4.3609e-01, 1.7519e-03, 
 2DIAGNOSTIC,    11, -5.854883193970e-01, 1.224430743605e-03, 4.3781e-01, 1.7211e-03, 
 2DIAGNOSTIC,    12, -5.887387990952e-01, 1.278028590605e-03, 4.3956e-01, 1.7440e-03, 
 2DIAGNOSTIC,    13, -6.004592180252e-01, 1.678881584667e-03, 4.4178e-01, 2.2202e-03, 
 2DIAGNOSTIC,    14, -6.259868144989e-01, 2.780654001981e-03, 4.4450e-01, 2.7201e-03, 
 2DIAGNOSTIC,    15, -6.575866937637e-01, 4.510476253927e-03, 4.4682e-01, 2.3279e-03, 
 2DIAGNOSTIC,    16, -6.750357151031e-01, 6.087785121053e-03, 4.4883e-01, 2.0020e-03, 
 2DIAGNOSTIC,    17, -6.789795160294e-01, 7.070707622916e-03, 4.5130e-01, 2.4791e-03, 
 2DIAGNOSTIC,    18, -6.813314557076e-01, 7.358663715422e-03, 4.5353e-01, 2.2221e-03, 
 2DIAGNOSTIC,    19, -6.840397119522e-01, 7.059090770781e-03, 4.5579e-01, 2.2669e-03, 
 2DIAGNOSTIC,    20, -6.985134482384e-01, 6.514949258417e-03, 4.5831e-01, 2.5170e-03, 
 2DIAGNOSTIC,    21, -7.149562239647e-01, 5.798026453704e-03, 4.6045e-01, 2.1379e-03, 
 2DIAGNOSTIC,    22, -7.166819572449e-01, 4.723486024886e-03, 4.6240e-01, 1.9510e-03, 
 2DIAGNOSTIC,    23, -7.173533439636e-01, 3.566533327103e-03, 4.6434e-01, 1.9381e-03, 
 2DIAGNOSTIC,    24, -7.204346060753e-01, 2.715799724683e-03, 4.6672e-01, 2.3820e-03, 
 2DIAGNOSTIC,    25, -7.210322618484e-01, 2.252701437101e-03, 4.6885e-01, 2.1260e-03, 
 2DIAGNOSTIC,    26, -7.214399576187e-01, 1.919772825204e-03, 4.7094e-01, 2.0962e-03, 
 2DIAGNOSTIC,    27, -7.224662899971e-01, 1.519002718851e-03, 4.7306e-01, 2.1200e-03, 
 2DIAGNOSTIC,    28, -7.224435210228e-01, 1.049734884873e-03, 4.7517e-01, 2.1081e-03, 
 2DIAGNOSTIC,    29, -7.224413156509e-01, 5.557161057368e-04, 4.7729e-01, 2.1179e-03, 
 2DIAGNOSTIC,    30, -7.230988144875e-01, 2.607487258501e-04, 4.7918e-01, 1.8890e-03, 
 2DIAGNOSTIC,    31, -7.231777906418e-01, 1.948839199031e-04, 4.8151e-01, 2.3329e-03, 
 2DIAGNOSTIC,    32, -7.234269380569e-01, 1.423382927896e-04, 4.8364e-01, 2.1341e-03, 
 2DIAGNOSTIC,    33, -7.240624427795e-01, 9.616741590435e-05, 4.8556e-01, 1.9178e-03, 
 2DIAGNOSTIC,    34, -7.241317629814e-01, 8.391126903007e-05, 4.8746e-01, 1.9011e-03, 
 2DIAGNOSTIC,    35, -7.242186069489e-01, 7.298826676561e-05, 4.8959e-01, 2.1279e-03, 
 2DIAGNOSTIC,    36, -7.243821024895e-01, 6.241720984690e-05, 4.9149e-01, 1.8952e-03, 
 2DIAGNOSTIC,    37, -7.245075702667e-01, 6.001162546454e-05, 4.9340e-01, 1.9102e-03, 
 2DIAGNOSTIC,    38, -7.246766686440e-01, 5.374698957894e-05, 4.9528e-01, 1.8849e-03, 
 2DIAGNOSTIC,    39, -7.253023982048e-01, 4.942992018186e-05, 4.9828e-01, 3.0029e-03, 
 2DIAGNOSTIC,    40, -7.253860831261e-01, 4.856592568103e-05, 5.0019e-01, 1.9088e-03, 
 2DIAGNOSTIC,    41, -7.254146337509e-01, 4.438172618393e-05, 5.0208e-01, 1.8830e-03, 
 2DIAGNOSTIC,    42, -7.256355285645e-01, 4.091991286259e-05, 5.0395e-01, 1.8771e-03, 
 2DIAGNOSTIC,    43, -7.256346940994e-01, 3.997197927674e-05, 5.0608e-01, 2.1260e-03, 
 2DIAGNOSTIC,    44, -7.269239425659e-01, 4.831103433389e-05, 5.0931e-01, 3.2339e-03, 
 2DIAGNOSTIC,    45, -7.268527746201e-01, 5.150748984306e-05, 5.1145e-01, 2.1410e-03, 
 2DIAGNOSTIC,    46, -7.268052101135e-01, 5.099289774080e-05, 5.1357e-01, 2.1210e-03, 
 2DIAGNOSTIC,    47, -7.266300320625e-01, 4.544942203211e-05, 5.1545e-01, 1.8749e-03, 
 2DIAGNOSTIC,    48, -7.265569567680e-01, 3.655182445073e-05, 5.1757e-01, 2.1219e-03, 
 2DIAGNOSTIC,    49, -7.265700101852e-01, 2.990029497596e-05, 5.1944e-01, 1.8671e-03, 
 2DIAGNOSTIC,    50, -7.264877557755e-01, 2.070181835734e-05, 5.2152e-01, 2.0809e-03, 
 2DIAGNOSTIC,    51, -7.261027097702e-01, 7.195580110420e-06, 5.2340e-01, 1.8849e-03, 
DIAGNOSTIC,Iteration,metricValue,convergenceValue,ITERATION_TIME_INDEX,SINCE_LAST
 2DIAGNOSTIC,     1, -6.108672618866e-01, inf, 9.6910e-01, 4.4570e-01, 
 2DIAGNOSTIC,     2, -6.116557717323e-01, inf, 9.8574e-01, 1.6645e-02, 
 2DIAGNOSTIC,     3, -6.118617653847e-01, inf, 1.0004e+00, 1.4656e-02, 
 2DIAGNOSTIC,     4, -6.120811700821e-01, inf, 1.0149e+00, 1.4455e-02, 
 2DIAGNOSTIC,     5, -6.125294566154e-01, inf, 1.0293e+00, 1.4396e-02, 
 2DIAGNOSTIC,     6, -6.134892702103e-01, inf, 1.0508e+00, 2.1564e-02, 
 2DIAGNOSTIC,     7, -6.145116090775e-01, inf, 1.0826e+00, 3.1783e-02, 
 2DIAGNOSTIC,     8, -6.145175695419e-01, inf, 1.0973e+00, 1.4706e-02, 
 2DIAGNOSTIC,     9, -6.145631074905e-01, inf, 1.1133e+00, 1.6011e-02, 
 2DIAGNOSTIC,    10, -6.145981550217e-01, 4.402807971928e-04, 1.1280e+00, 1.4693e-02, 
 2DIAGNOSTIC,    11, -6.146037578583e-01, 3.474794793874e-04, 1.1508e+00, 2.2792e-02, 
 2DIAGNOSTIC,    12, -6.145998835564e-01, 2.689755929168e-04, 1.1694e+00, 1.8575e-02, 
 2DIAGNOSTIC,    13, -6.145679950714e-01, 1.851422712207e-04, 1.1868e+00, 1.7459e-02, 
 2DIAGNOSTIC,    14, -6.145642399788e-01, 1.043610318447e-04, 1.2015e+00, 1.4661e-02, 
 2DIAGNOSTIC,    15, -6.145786643028e-01, 3.883691897499e-05, 1.2160e+00, 1.4477e-02, 
 2DIAGNOSTIC,    16, -6.145873665810e-01, 5.326019618224e-06, 1.2306e+00, 1.4585e-02, 
 2DIAGNOSTIC,    17, -6.146210432053e-01, 4.251027348801e-06, 1.2488e+00, 1.8219e-02, 
 2DIAGNOSTIC,    18, -6.146312355995e-01, 3.469774583209e-06, 1.2638e+00, 1.5016e-02, 
 2DIAGNOSTIC,    19, -6.146773099899e-01, 4.830905254494e-06, 1.2798e+00, 1.6017e-02, 
 2DIAGNOSTIC,    20, -6.146985888481e-01, 7.028715117485e-06, 1.2942e+00, 1.4389e-02, 
 2DIAGNOSTIC,    21, -6.147503256798e-01, 9.762469744601e-06, 1.3086e+00, 1.4380e-02, 
 2DIAGNOSTIC,    22, -6.148062944412e-01, 1.257349322259e-05, 1.3230e+00, 1.4397e-02, 
 2DIAGNOSTIC,    23, -6.149727106094e-01, 1.679243541730e-05, 1.3392e+00, 1.6183e-02, 
 2DIAGNOSTIC,    24, -6.150045990944e-01, 1.968243486772e-05, 1.3572e+00, 1.8041e-02, 
 2DIAGNOSTIC,    25, -6.152807474136e-01, 2.602591666800e-05, 1.3778e+00, 2.0639e-02, 
 2DIAGNOSTIC,    26, -6.153221726418e-01, 3.033711618627e-05, 1.3997e+00, 2.1828e-02, 
 2DIAGNOSTIC,    27, -6.153043508530e-01, 3.188407572452e-05, 1.4159e+00, 1.6194e-02, 
 2DIAGNOSTIC,    28, -6.153591871262e-01, 3.153458601446e-05, 1.4305e+00, 1.4623e-02, 
 2DIAGNOSTIC,    29, -6.153691411018e-01, 2.919458347606e-05, 1.4466e+00, 1.6122e-02, 
 2DIAGNOSTIC,    30, -6.153928637505e-01, 2.500304981368e-05, 1.4663e+00, 1.9724e-02, 
 2DIAGNOSTIC,    31, -6.153844594955e-01, 1.945685471583e-05, 1.4835e+00, 1.7136e-02, 
 2DIAGNOSTIC,    32, -6.153727173805e-01, 1.316180350841e-05, 1.5027e+00, 1.9273e-02, 
 2DIAGNOSTIC,    33, -6.153792142868e-01, 8.558380613977e-06, 1.5192e+00, 1.6433e-02, 
 2DIAGNOSTIC,    34, -6.153747439384e-01, 3.760851768675e-06, 1.5337e+00, 1.4538e-02, 
 2DIAGNOSTIC,    35, -6.153495311737e-01, 2.274038251926e-06, 1.5482e+00, 1.4453e-02, 
DIAGNOSTIC,Iteration,metricValue,convergenceValue,ITERATION_TIME_INDEX,SINCE_LAST
 2DIAGNOSTIC,     1, -5.200140476227e-01, inf, 2.1833e+00, 6.3509e-01, 
 2DIAGNOSTIC,     2, -5.204340815544e-01, inf, 2.3273e+00, 1.4409e-01, 
 2DIAGNOSTIC,     3, -5.206197500229e-01, inf, 2.4679e+00, 1.4051e-01, 
 2DIAGNOSTIC,     4, -5.209482908249e-01, inf, 2.6072e+00, 1.3939e-01, 
 2DIAGNOSTIC,     5, -5.221059322357e-01, inf, 2.8320e+00, 2.2480e-01, 
 2DIAGNOSTIC,     6, -5.223045349121e-01, inf, 2.9719e+00, 1.3985e-01, 
 2DIAGNOSTIC,     7, -5.223617553711e-01, inf, 3.1137e+00, 1.4183e-01, 
 2DIAGNOSTIC,     8, -5.224244594574e-01, inf, 3.2717e+00, 1.5795e-01, 
 2DIAGNOSTIC,     9, -5.225344300270e-01, inf, 3.4273e+00, 1.5560e-01, 
 2DIAGNOSTIC,    10, -5.225718617439e-01, 3.492938703857e-04, 3.5878e+00, 1.6050e-01, 
 2DIAGNOSTIC,    11, -5.226504206657e-01, 2.600966545288e-04, 3.7765e+00, 1.8874e-01, 
 2DIAGNOSTIC,    12, -5.226630568504e-01, 1.830764667829e-04, 3.9339e+00, 1.5739e-01, 
 2DIAGNOSTIC,    13, -5.226953625679e-01, 1.110712037189e-04, 4.0756e+00, 1.4167e-01, 
 2DIAGNOSTIC,    14, -5.228091478348e-01, 5.547725231736e-05, 4.2163e+00, 1.4072e-01, 
 2DIAGNOSTIC,    15, -5.228994488716e-01, 4.745813203044e-05, 4.3739e+00, 1.5765e-01, 
 2DIAGNOSTIC,    16, -5.229318141937e-01, 4.410086694406e-05, 4.5327e+00, 1.5878e-01, 
 2DIAGNOSTIC,    17, -5.229455232620e-01, 3.958282832173e-05, 4.6721e+00, 1.3935e-01, 
 2DIAGNOSTIC,    18, -5.229964256287e-01, 3.548993481672e-05, 4.8318e+00, 1.5969e-01, 
 2DIAGNOSTIC,    19, -5.230459570885e-01, 3.318495510030e-05, 5.0205e+00, 1.8873e-01, 
 2DIAGNOSTIC,    20, -5.230545997620e-01, 2.932183451776e-05, 5.2092e+00, 1.8869e-01, 
 2DIAGNOSTIC,    21, -5.230491161346e-01, 2.519285044400e-05, 5.3520e+00, 1.4282e-01, 
 2DIAGNOSTIC,    22, -5.230808258057e-01, 2.038641287072e-05, 5.4915e+00, 1.3953e-01, 
 2DIAGNOSTIC,    23, -5.231027603149e-01, 1.542517748021e-05, 5.6343e+00, 1.4276e-01, 
 2DIAGNOSTIC,    24, -5.231364965439e-01, 1.282961602556e-05, 5.7768e+00, 1.4245e-01, 
 2DIAGNOSTIC,    25, -5.231343507767e-01, 1.127098585130e-05, 5.9165e+00, 1.3971e-01, 
 2DIAGNOSTIC,    26, -5.231483578682e-01, 9.899985343509e-06, 6.0605e+00, 1.4403e-01, 
 2DIAGNOSTIC,    27, -5.231637954712e-01, 8.376721780223e-06, 6.2023e+00, 1.4178e-01, 
 2DIAGNOSTIC,    28, -5.231992006302e-01, 7.914942216303e-06, 6.4226e+00, 2.2028e-01, 
 2DIAGNOSTIC,    29, -5.232031941414e-01, 7.829428795958e-06, 6.5646e+00, 1.4206e-01, 
 2DIAGNOSTIC,    30, -5.232076048851e-01, 7.373729204119e-06, 6.7053e+00, 1.4068e-01, 
 2DIAGNOSTIC,    31, -5.232173204422e-01, 6.426294930861e-06, 6.8465e+00, 1.4125e-01, 
 2DIAGNOSTIC,    32, -5.232383608818e-01, 5.908382263442e-06, 6.9885e+00, 1.4199e-01, 
 2DIAGNOSTIC,    33, -5.232805013657e-01, 5.981335107208e-06, 7.1759e+00, 1.8741e-01, 
 2DIAGNOSTIC,    34, -5.232858657837e-01, 6.190712610987e-06, 7.3202e+00, 1.4427e-01, 
 2DIAGNOSTIC,    35, -5.233123302460e-01, 6.281195055635e-06, 7.4612e+00, 1.4098e-01, 
 2DIAGNOSTIC,    36, -5.233446955681e-01, 6.553016191901e-06, 7.6661e+00, 2.0486e-01, 
 2DIAGNOSTIC,    37, -5.233476758003e-01, 6.512470463349e-06, 7.8077e+00, 1.4163e-01, 
 2DIAGNOSTIC,    38, -5.233480334282e-01, 6.447853138525e-06, 7.9490e+00, 1.4135e-01, 
 2DIAGNOSTIC,    39, -5.233590006828e-01, 6.067991762393e-06, 8.0901e+00, 1.4104e-01, 
 2DIAGNOSTIC,    40, -5.233687758446e-01, 5.396612323239e-06, 8.2480e+00, 1.5795e-01, 
 2DIAGNOSTIC,    41, -5.233968496323e-01, 4.809413439943e-06, 8.4524e+00, 2.0435e-01, 
 2DIAGNOSTIC,    42, -5.233915448189e-01, 4.050833013025e-06, 8.5945e+00, 1.4215e-01, 
 2DIAGNOSTIC,    43, -5.233963131905e-01, 3.622306621764e-06, 8.7359e+00, 1.4140e-01, 
 2DIAGNOSTIC,    44, -5.234063863754e-01, 3.125018338324e-06, 8.8765e+00, 1.4064e-01, 
 2DIAGNOSTIC,    45, -5.234209299088e-01, 2.897282229242e-06, 9.0332e+00, 1.5661e-01, 
 2DIAGNOSTIC,    46, -5.234409570694e-01, 3.081879640376e-06, 9.2688e+00, 2.3565e-01, 
 2DIAGNOSTIC,    47, -5.234539508820e-01, 3.214760909032e-06, 9.4435e+00, 1.7466e-01, 
 2DIAGNOSTIC,    48, -5.234605073929e-01, 3.180447492923e-06, 9.6159e+00, 1.7238e-01, 
 2DIAGNOSTIC,    49, -5.234546661377e-01, 2.963505039588e-06, 9.7732e+00, 1.5731e-01, 
 2DIAGNOSTIC,    50, -5.234442949295e-01, 2.519477902752e-06, 9.9323e+00, 1.5911e-01, 
 2DIAGNOSTIC,    51, -5.234445929527e-01, 2.217559767814e-06, 1.0087e+01, 1.5523e-01, 
 2DIAGNOSTIC,    52, -5.234466791153e-01, 1.737380102895e-06, 1.0248e+01, 1.6008e-01, 
 2DIAGNOSTIC,    53, -5.234482288361e-01, 1.230634097737e-06, 1.0389e+01, 1.4136e-01, 
DIAGNOSTIC,Iteration,metricValue,convergenceValue,ITERATION_TIME_INDEX,SINCE_LAST
 2DIAGNOSTIC,     1, -4.746068120003e-01, inf, 1.1745e+01, 1.3560e+00, 
 2DIAGNOSTIC,     2, -4.748818576336e-01, inf, 1.2569e+01, 8.2371e-01, 
 2DIAGNOSTIC,     3, -4.748968780041e-01, inf, 1.3486e+01, 9.1704e-01, 
 2DIAGNOSTIC,     4, -4.749131202698e-01, inf, 1.4307e+01, 8.2139e-01, 
 2DIAGNOSTIC,     5, -4.749198555946e-01, inf, 1.5040e+01, 7.3261e-01, 
 2DIAGNOSTIC,     6, -4.749244451523e-01, inf, 1.5772e+01, 7.3215e-01, 
 2DIAGNOSTIC,     7, -4.749446809292e-01, inf, 1.6506e+01, 7.3442e-01, 
 2DIAGNOSTIC,     8, -4.750058054924e-01, inf, 1.7417e+01, 9.1121e-01, 
 2DIAGNOSTIC,     9, -4.750122427940e-01, inf, 1.8148e+01, 7.3068e-01, 
 2DIAGNOSTIC,    10, -4.750473201275e-01, 4.186394653516e-05, 1.8876e+01, 7.2781e-01, 
 2DIAGNOSTIC,    11, -4.751123785973e-01, 2.873307857953e-05, 1.9608e+01, 7.3254e-01, 
 2DIAGNOSTIC,    12, -4.754201173782e-01, 4.443109355634e-05, 2.0427e+01, 8.1875e-01, 
 2DIAGNOSTIC,    13, -4.757728874683e-01, 7.045388338156e-05, 2.1428e+01, 1.0009e+00, 
 2DIAGNOSTIC,    14, -4.760718345642e-01, 9.980157483369e-05, 2.2156e+01, 7.2748e-01, 
 2DIAGNOSTIC,    15, -4.760856330395e-01, 1.171834082925e-04, 2.3249e+01, 1.0935e+00, 
 2DIAGNOSTIC,    16, -4.760893583298e-01, 1.224046864081e-04, 2.4247e+01, 9.9780e-01, 
 2DIAGNOSTIC,    17, -4.760893881321e-01, 1.165360299638e-04, 2.5068e+01, 8.2152e-01, 
 2DIAGNOSTIC,    18, -4.760867655277e-01, 1.024508965202e-04, 2.5981e+01, 9.1239e-01, 
 2DIAGNOSTIC,    19, -4.760868847370e-01, 8.068120223470e-05, 2.6800e+01, 8.1940e-01, 
 2DIAGNOSTIC,    20, -4.760853052139e-01, 5.493715434568e-05, 2.7622e+01, 8.2145e-01, 
 2DIAGNOSTIC,    21, -4.760836958885e-01, 2.849084739864e-05, 2.8441e+01, 8.1978e-01, 
 2DIAGNOSTIC,    22, -4.760837852955e-01, 1.012719076243e-05, 2.9533e+01, 1.0914e+00, 
 2DIAGNOSTIC,    23, -4.760837852955e-01, 1.501044152974e-06, 3.0443e+01, 9.1020e-01, 
 2DIAGNOSTIC,    24, -4.760836064816e-01, 1.015125121739e-06, 3.1533e+01, 1.0903e+00, 
  Elapsed time (stage 1): 3.2128e+01


Stage 2
  iterations = 100x70x50x20
  convergence threshold = 1.0000e-06
  convergence window size = 10
  number of levels = 4
  using the CC metric (radius = 2, weight = 1.0000e+00, use gradient filter = 0)
  preprocessing:  winsorizing the image intensities
  Shrink factors (level 1 out of 4): [8, 8, 8]
  Shrink factors (level 2 out of 4): [4, 4, 4]
  Shrink factors (level 3 out of 4): [2, 2, 2]
  Shrink factors (level 4 out of 4): [1, 1, 1]
  smoothing sigmas per level: [3, 2, 1, 0]
  Using default NONE metricSamplingStrategy 

*** Running SyN registration (varianceForUpdateField = 1.0000e+00, varianceForTotalField = 0.0000e+00) ***

XXDIAGNOSTIC,Iteration,metricValue,convergenceValue,ITERATION_TIME_INDEX,SINCE_LAST
 1DIAGNOSTIC,     1, -5.739959478378e-01, inf, 4.6206e-01, 4.6206e-01, 
 1DIAGNOSTIC,     2, -5.776932835579e-01, inf, 5.1050e-01, 4.8436e-02, 
 1DIAGNOSTIC,     3, -5.809893608093e-01, inf, 5.5847e-01, 4.7964e-02, 
 1DIAGNOSTIC,     4, -5.824030637741e-01, inf, 6.0663e-01, 4.8169e-02, 
 1DIAGNOSTIC,     5, -5.823288559914e-01, inf, 6.5594e-01, 4.9307e-02, 
 1DIAGNOSTIC,     6, -5.825848579407e-01, inf, 7.0484e-01, 4.8899e-02, 
 1DIAGNOSTIC,     7, -5.825106501579e-01, inf, 7.5334e-01, 4.8500e-02, 
 1DIAGNOSTIC,     8, -5.821101665497e-01, inf, 8.0171e-01, 4.8366e-02, 
 1DIAGNOSTIC,     9, -5.816597938538e-01, inf, 8.5274e-01, 5.1038e-02, 
 1DIAGNOSTIC,    10, -5.819077491760e-01, 6.029203650542e-04, 9.0245e-01, 4.9702e-02, 
 1DIAGNOSTIC,    11, -5.817689299583e-01, 1.915516913868e-04, 9.5202e-01, 4.9570e-02, 
 1DIAGNOSTIC,    12, -5.818313360214e-01, -1.795569005481e-05, 1.0014e+00, 4.9358e-02, 
XXDIAGNOSTIC,Iteration,metricValue,convergenceValue,ITERATION_TIME_INDEX,SINCE_LAST
 1DIAGNOSTIC,     1, -7.160326242447e-01, inf, 1.7628e+00, 7.6144e-01, 
 1DIAGNOSTIC,     2, -7.221881747246e-01, inf, 2.1317e+00, 3.6889e-01, 
 1DIAGNOSTIC,     3, -7.264814972878e-01, inf, 2.5053e+00, 3.7358e-01, 
 1DIAGNOSTIC,     4, -7.305431365967e-01, inf, 2.8736e+00, 3.6836e-01, 
 1DIAGNOSTIC,     5, -7.335299253464e-01, inf, 3.2442e+00, 3.7061e-01, 
 1DIAGNOSTIC,     6, -7.359771728516e-01, inf, 3.6134e+00, 3.6912e-01, 
 1DIAGNOSTIC,     7, -7.380782961845e-01, inf, 3.9818e+00, 3.6843e-01, 
 1DIAGNOSTIC,     8, -7.397730350494e-01, inf, 4.3523e+00, 3.7055e-01, 
 1DIAGNOSTIC,     9, -7.413693070412e-01, inf, 4.7259e+00, 3.7358e-01, 
 1DIAGNOSTIC,    10, -7.428526878357e-01, 2.207680838183e-03, 5.1022e+00, 3.7625e-01, 
 1DIAGNOSTIC,    11, -7.440499067307e-01, 1.658906578086e-03, 5.4757e+00, 3.7353e-01, 
 1DIAGNOSTIC,    12, -7.451899647713e-01, 1.287368824705e-03, 5.8521e+00, 3.7635e-01, 
 1DIAGNOSTIC,    13, -7.461664676666e-01, 1.012129010633e-03, 6.2231e+00, 3.7100e-01, 
 1DIAGNOSTIC,    14, -7.470579743385e-01, 8.200859883800e-04, 6.5988e+00, 3.7578e-01, 
 1DIAGNOSTIC,    15, -7.479140162468e-01, 6.769062019885e-04, 6.9752e+00, 3.7634e-01, 
 1DIAGNOSTIC,    16, -7.486450672150e-01, 5.655275890604e-04, 7.3522e+00, 3.7706e-01, 
 1DIAGNOSTIC,    17, -7.493309974670e-01, 4.780178715009e-04, 7.7281e+00, 3.7591e-01, 
 1DIAGNOSTIC,    18, -7.501321434975e-01, 4.090814618394e-04, 8.1044e+00, 3.7623e-01, 
 1DIAGNOSTIC,    19, -7.507926225662e-01, 3.547149535734e-04, 8.4805e+00, 3.7610e-01, 
 1DIAGNOSTIC,    20, -7.514694929123e-01, 3.140855988022e-04, 8.8569e+00, 3.7639e-01, 
 1DIAGNOSTIC,    21, -7.521294951439e-01, 2.817875647452e-04, 9.2349e+00, 3.7802e-01, 
 1DIAGNOSTIC,    22, -7.526690959930e-01, 2.552172809374e-04, 9.6120e+00, 3.7708e-01, 
 1DIAGNOSTIC,    23, -7.530906200409e-01, 2.302367356606e-04, 9.9885e+00, 3.7656e-01, 
 1DIAGNOSTIC,    24, -7.534881830215e-01, 2.062304993160e-04, 1.0364e+01, 3.7552e-01, 
 1DIAGNOSTIC,    25, -7.538989782333e-01, 1.841192570282e-04, 1.0739e+01, 3.7529e-01, 
 1DIAGNOSTIC,    26, -7.543779611588e-01, 1.641159324208e-04, 1.1116e+01, 3.7660e-01, 
 1DIAGNOSTIC,    27, -7.547212839127e-01, 1.445716479793e-04, 1.1493e+01, 3.7689e-01, 
 1DIAGNOSTIC,    28, -7.551175951958e-01, 1.291480730288e-04, 1.1869e+01, 3.7645e-01, 
 1DIAGNOSTIC,    29, -7.554218769073e-01, 1.152617696789e-04, 1.2246e+01, 3.7627e-01, 
 1DIAGNOSTIC,    30, -7.556771039963e-01, 1.031993961078e-04, 1.2622e+01, 3.7625e-01, 
 1DIAGNOSTIC,    31, -7.560070753098e-01, 9.429248893866e-05, 1.2999e+01, 3.7695e-01, 
 1DIAGNOSTIC,    32, -7.563444375992e-01, 8.743007492740e-05, 1.3376e+01, 3.7743e-01, 
 1DIAGNOSTIC,    33, -7.565237879753e-01, 7.962527888594e-05, 1.3752e+01, 3.7591e-01, 
 1DIAGNOSTIC,    34, -7.567428350449e-01, 7.168704178184e-05, 1.4127e+01, 3.7519e-01, 
 1DIAGNOSTIC,    35, -7.570610642433e-01, 6.532630504807e-05, 1.4503e+01, 3.7524e-01, 
 1DIAGNOSTIC,    36, -7.572718858719e-01, 6.037121784175e-05, 1.4879e+01, 3.7640e-01, 
 1DIAGNOSTIC,    37, -7.575690746307e-01, 5.651301762555e-05, 1.5257e+01, 3.7777e-01, 
 1DIAGNOSTIC,    38, -7.577643394470e-01, 5.342057920643e-05, 1.5633e+01, 3.7673e-01, 
 1DIAGNOSTIC,    39, -7.580087780952e-01, 5.080827395432e-05, 1.6010e+01, 3.7614e-01, 
 1DIAGNOSTIC,    40, -7.581681013107e-01, 4.741293014376e-05, 1.6387e+01, 3.7715e-01, 
 1DIAGNOSTIC,    41, -7.583459019661e-01, 4.436670133146e-05, 1.6762e+01, 3.7571e-01, 
 1DIAGNOSTIC,    42, -7.585009336472e-01, 4.173138950136e-05, 1.7138e+01, 3.7575e-01, 
 1DIAGNOSTIC,    43, -7.586047649384e-01, 3.777184610954e-05, 1.7515e+01, 3.7683e-01, 
 1DIAGNOSTIC,    44, -7.586753368378e-01, 3.290778113296e-05, 1.7891e+01, 3.7556e-01, 
 1DIAGNOSTIC,    45, -7.588289976120e-01, 2.914913056884e-05, 1.8266e+01, 3.7570e-01, 
 1DIAGNOSTIC,    46, -7.589144706726e-01, 2.521104579500e-05, 1.8642e+01, 3.7538e-01, 
 1DIAGNOSTIC,    47, -7.590084075928e-01, 2.222634429927e-05, 1.9018e+01, 3.7622e-01, 
 1DIAGNOSTIC,    48, -7.591574788094e-01, 1.999289634114e-05, 1.9394e+01, 3.7639e-01, 
 1DIAGNOSTIC,    49, -7.592545151711e-01, 1.861227065092e-05, 1.9772e+01, 3.7734e-01, 
 1DIAGNOSTIC,    50, -7.593979835510e-01, 1.782948129403e-05, 2.0148e+01, 3.7653e-01, 
 1DIAGNOSTIC,    51, -7.595087289810e-01, 1.753647666192e-05, 2.0524e+01, 3.7591e-01, 
 1DIAGNOSTIC,    52, -7.595963478088e-01, 1.738629725878e-05, 2.0901e+01, 3.7712e-01, 
 1DIAGNOSTIC,    53, -7.596575021744e-01, 1.680554305494e-05, 2.1278e+01, 3.7686e-01, 
 1DIAGNOSTIC,    54, -7.597070932388e-01, 1.550971501274e-05, 2.1656e+01, 3.7777e-01, 
 1DIAGNOSTIC,    55, -7.598139643669e-01, 1.461288229621e-05, 2.2033e+01, 3.7716e-01, 
 1DIAGNOSTIC,    56, -7.598894834518e-01, 1.346501267108e-05, 2.2408e+01, 3.7525e-01, 
 1DIAGNOSTIC,    57, -7.599851489067e-01, 1.235797481058e-05, 2.2784e+01, 3.7591e-01, 
 1DIAGNOSTIC,    58, -7.600783705711e-01, 1.173018426925e-05, 2.3161e+01, 3.7661e-01, 
 1DIAGNOSTIC,    59, -7.601166963577e-01, 1.089712532121e-05, 2.3538e+01, 3.7735e-01, 
 1DIAGNOSTIC,    60, -7.602113485336e-01, 1.058553789335e-05, 2.3915e+01, 3.7650e-01, 
 1DIAGNOSTIC,    61, -7.603032588959e-01, 1.055016491591e-05, 2.4291e+01, 3.7603e-01, 
 1DIAGNOSTIC,    62, -7.603778243065e-01, 1.052467723639e-05, 2.4666e+01, 3.7574e-01, 
 1DIAGNOSTIC,    63, -7.604235410690e-01, 1.017515023705e-05, 2.5043e+01, 3.7698e-01, 
 1DIAGNOSTIC,    64, -7.604547142982e-01, 9.377885362483e-06, 2.5420e+01, 3.7684e-01, 
 1DIAGNOSTIC,    65, -7.605205774307e-01, 8.750394044910e-06, 2.5797e+01, 3.7697e-01, 
 1DIAGNOSTIC,    66, -7.605666518211e-01, 8.020114364626e-06, 2.6173e+01, 3.7607e-01, 
 1DIAGNOSTIC,    67, -7.606389522552e-01, 7.518850452470e-06, 2.6548e+01, 3.7467e-01, 
 1DIAGNOSTIC,    68, -7.606604099274e-01, 6.990501333348e-06, 2.6923e+01, 3.7558e-01, 
 1DIAGNOSTIC,    69, -7.607408761978e-01, 6.497465165012e-06, 2.7301e+01, 3.7739e-01, 
 1DIAGNOSTIC,    70, -7.607808709145e-01, 6.145586667117e-06, 2.7679e+01, 3.7784e-01, 
XXDIAGNOSTIC,Iteration,metricValue,convergenceValue,ITERATION_TIME_INDEX,SINCE_LAST
 1DIAGNOSTIC,     1, -8.642494678497e-01, inf, 3.1152e+01, 3.4732e+00, 
 1DIAGNOSTIC,     2, -8.668568730354e-01, inf, 3.4124e+01, 2.9721e+00, 
 1DIAGNOSTIC,     3, -8.690414428711e-01, inf, 3.7096e+01, 2.9719e+00, 
 1DIAGNOSTIC,     4, -8.708945512772e-01, inf, 4.0062e+01, 2.9664e+00, 
 1DIAGNOSTIC,     5, -8.723310232162e-01, inf, 4.3031e+01, 2.9690e+00, 
 1DIAGNOSTIC,     6, -8.734355568886e-01, inf, 4.6009e+01, 2.9779e+00, 
 1DIAGNOSTIC,     7, -8.743413686752e-01, inf, 4.8983e+01, 2.9740e+00, 
 1DIAGNOSTIC,     8, -8.750481009483e-01, inf, 5.1950e+01, 2.9666e+00, 
 1DIAGNOSTIC,     9, -8.756412863731e-01, inf, 5.4924e+01, 2.9742e+00, 
 1DIAGNOSTIC,    10, -8.761322498322e-01, 8.366419351660e-04, 5.7922e+01, 2.9979e+00, 
 1DIAGNOSTIC,    11, -8.765695095062e-01, 6.148294778541e-04, 6.0940e+01, 3.0177e+00, 
 1DIAGNOSTIC,    12, -8.767947554588e-01, 4.512099549174e-04, 6.3958e+01, 3.0182e+00, 
 1DIAGNOSTIC,    13, -8.769667148590e-01, 3.306876169518e-04, 6.6961e+01, 3.0035e+00, 
 1DIAGNOSTIC,    14, -8.770959377289e-01, 2.432080946164e-04, 6.9959e+01, 2.9977e+00, 
 1DIAGNOSTIC,    15, -8.771958947182e-01, 1.783580082702e-04, 7.2959e+01, 3.0000e+00, 
 1DIAGNOSTIC,    16, -8.772865533829e-01, 1.294551184401e-04, 7.5961e+01, 3.0019e+00, 
 1DIAGNOSTIC,    17, -8.773406744003e-01, 9.275836055167e-05, 7.8963e+01, 3.0022e+00, 
 1DIAGNOSTIC,    18, -8.773887157440e-01, 6.526641664095e-05, 8.1965e+01, 3.0022e+00, 
 1DIAGNOSTIC,    19, -8.773938417435e-01, 4.490263017942e-05, 8.4971e+01, 3.0054e+00, 
 1DIAGNOSTIC,    20, -8.774019479752e-01, 3.054282205994e-05, 8.7971e+01, 3.0003e+00, 
 1DIAGNOSTIC,    21, -8.774216175079e-01, 2.187092104577e-05, 9.0976e+01, 3.0047e+00, 
 1DIAGNOSTIC,    22, -8.774207830429e-01, 1.535156479804e-05, 9.3981e+01, 3.0052e+00, 
 1DIAGNOSTIC,    23, -8.774102926254e-01, 1.035752939060e-05, 9.6984e+01, 3.0033e+00, 
 1DIAGNOSTIC,    24, -8.774093985558e-01, 6.669079539279e-06, 9.9980e+01, 2.9953e+00, 
 1DIAGNOSTIC,    25, -8.773838281631e-01, 3.721942448465e-06, 1.0298e+02, 3.0022e+00, 
 1DIAGNOSTIC,    26, -8.773790001869e-01, 1.835399643824e-06, 1.0598e+02, 3.0014e+00, 
 1DIAGNOSTIC,    27, -8.773710131645e-01, 5.697571623386e-07, 1.0898e+02, 2.9983e+00, 
XXDIAGNOSTIC,Iteration,metricValue,convergenceValue,ITERATION_TIME_INDEX,SINCE_LAST
 1DIAGNOSTIC,     1, -8.874927759171e-01, inf, 1.3275e+02, 2.3768e+01, 
 1DIAGNOSTIC,     2, -8.886432647705e-01, inf, 1.5574e+02, 2.2990e+01, 
 1DIAGNOSTIC,     3, -8.901233673096e-01, inf, 1.7871e+02, 2.2976e+01, 
 1DIAGNOSTIC,     4, -8.915262222290e-01, inf, 2.0176e+02, 2.3046e+01, 
 1DIAGNOSTIC,     5, -8.928346633911e-01, inf, 2.2481e+02, 2.3045e+01, 
 1DIAGNOSTIC,     6, -8.940521478653e-01, inf, 2.4805e+02, 2.3243e+01, 
 1DIAGNOSTIC,     7, -8.951106071472e-01, inf, 2.7153e+02, 2.3483e+01, 
 1DIAGNOSTIC,     8, -8.959488868713e-01, inf, 2.9502e+02, 2.3488e+01, 
 1DIAGNOSTIC,     9, -8.965560197830e-01, inf, 3.1854e+02, 2.3521e+01, 
 1DIAGNOSTIC,    10, -8.970773220062e-01, 7.181135588326e-04, 3.4206e+02, 2.3524e+01, 
 1DIAGNOSTIC,    11, -8.975458741188e-01, 5.853134207428e-04, 3.6559e+02, 2.3526e+01, 
 1DIAGNOSTIC,    12, -8.979668021202e-01, 4.634509969037e-04, 3.8911e+02, 2.3523e+01, 
 1DIAGNOSTIC,    13, -8.983522653580e-01, 3.638742200565e-04, 4.1263e+02, 2.3518e+01, 
 1DIAGNOSTIC,    14, -8.987063169479e-01, 2.852020552382e-04, 4.3615e+02, 2.3515e+01, 
 1DIAGNOSTIC,    15, -8.990325927734e-01, 2.254361315863e-04, 4.5968e+02, 2.3533e+01, 
 1DIAGNOSTIC,    16, -8.993350267410e-01, 1.824566134019e-04, 4.8316e+02, 2.3484e+01, 
 1DIAGNOSTIC,    17, -8.996130228043e-01, 1.525752450107e-04, 5.0669e+02, 2.3525e+01, 
 1DIAGNOSTIC,    18, -8.998697996140e-01, 1.312069507549e-04, 5.3023e+02, 2.3545e+01, 
 1DIAGNOSTIC,    19, -9.001049399376e-01, 1.140010645031e-04, 5.5377e+02, 2.3539e+01, 
 1DIAGNOSTIC,    20, -9.003169536591e-01, 9.957288420992e-05, 5.7730e+02, 2.3527e+01, 
  Elapsed time (stage 2): 578


Total elapsed time: 635.4
ANTS Registration complete!
