Non-commercial use only - see $FSLDIR/LICENSE
Loading spm/spm12
  Loading requirement: matlab/r2019a
----------CENTRING IMAGES----------
MATLAB is selecting SOFTWARE OPENGL rendering.

Written new image at:
	/home/tom29/rds/hpc-work/cbbu_BIDS/sub-41/func/sub-41_task-facehouse_acq-1_dir-PA_bold_centred.nii

MATLAB is selecting SOFTWARE OPENGL rendering.

Written new image at:
	/home/tom29/rds/hpc-work/cbbu_BIDS/sub-41/func/sub-41_task-facehouse_acq-2_dir-PA_bold_centred.nii

MATLAB is selecting SOFTWARE OPENGL rendering.

Written new image at:
	/home/tom29/rds/hpc-work/cbbu_BIDS/sub-41/func/sub-41_acq-LC_dir-AP_bold_centred.nii

MATLAB is selecting SOFTWARE OPENGL rendering.

Written new image at:
	/home/tom29/rds/hpc-work/cbbu_BIDS/sub-41/func/sub-41_task-facehouse_acq-1_dir-PA_sbref_centred.nii

----------SUSCEPTIBILITY DISTORTION CORRECTION----------
SSD = 1040.35	n = 323454	Reg = 0	Cost = 1040.35
SSD = 258.672	n = 323454	Reg = 20.5625	Cost = 279.234
SSD = 122.096	n = 323454	Reg = 20.7711	Cost = 142.867
SSD = 97.1136	n = 323454	Reg = 22.752	Cost = 119.866
SSD = 92.7296	n = 323454	Reg = 24.6666	Cost = 117.396
SSD = 91.5416	n = 323454	Reg = 25.274	Cost = 116.816
***Going to next resolution level***
SSD = 153.064	n = 323454	Reg = 14.4015	Cost = 167.465
SSD = 76.6559	n = 323454	Reg = 11.7377	Cost = 88.3936
SSD = 63.4904	n = 323454	Reg = 15.5966	Cost = 79.087
SSD = 60.4581	n = 323454	Reg = 17.0562	Cost = 77.5143
SSD = 59.3837	n = 323454	Reg = 17.5541	Cost = 76.9379
SSD = 58.7911	n = 323454	Reg = 17.8074	Cost = 76.5985
***Going to next resolution level***
SSD = 137.834	n = 323454	Reg = 4.17489	Cost = 142.009
SSD = 103.377	n = 323454	Reg = 7.19494	Cost = 110.572
SSD = 96.3253	n = 323454	Reg = 9.29575	Cost = 105.621
SSD = 94.3132	n = 323454	Reg = 10.2406	Cost = 104.554
SSD = 93.425	n = 323454	Reg = 10.6702	Cost = 104.095
SSD = 92.867	n = 323454	Reg = 10.9444	Cost = 103.811
***Going to next resolution level***
SSD = 159.237	n = 323454	Reg = 5.34143	Cost = 164.579
SSD = 64.1377	n = 323454	Reg = 3.02718	Cost = 67.1649
SSD = 51.862	n = 323454	Reg = 4.58688	Cost = 56.4489
SSD = 47.772	n = 323454	Reg = 5.46995	Cost = 53.2419
SSD = 45.5053	n = 323454	Reg = 5.96441	Cost = 51.4697
SSD = 44.0747	n = 323454	Reg = 6.32979	Cost = 50.4045
SSD = 43.1186	n = 323454	Reg = 6.59835	Cost = 49.717
SSD = 42.4562	n = 323454	Reg = 6.8099	Cost = 49.2661
SSD = 41.9439	n = 323454	Reg = 6.97859	Cost = 48.9224
SSD = 41.555	n = 323454	Reg = 7.10959	Cost = 48.6646
SSD = 41.2545	n = 323454	Reg = 7.21523	Cost = 48.4697
***Going to next resolution level***
SSD = 167.032	n = 2685840	Reg = 274.157	Cost = 441.189
SSD = 67.8855	n = 2685840	Reg = 37.2329	Cost = 105.118
SSD = 56.5307	n = 2685840	Reg = 28.2148	Cost = 84.7455
SSD = 54.9542	n = 2685840	Reg = 25.1343	Cost = 80.0885
SSD = 55.1572	n = 2685840	Reg = 23.1409	Cost = 78.298
SSD = 55.612	n = 2685840	Reg = 21.9647	Cost = 77.5767
SSD = 55.9835	n = 2685840	Reg = 21.2865	Cost = 77.2701
SSD = 56.3057	n = 2685840	Reg = 20.8096	Cost = 77.1153
SSD = 56.5642	n = 2685840	Reg = 20.4552	Cost = 77.0195
SSD = 56.7917	n = 2685840	Reg = 20.1689	Cost = 76.9605
SSD = 56.9816	n = 2685840	Reg = 19.9355	Cost = 76.9171
***Going to next resolution level***
SSD = 56.9816	n = 2685840	Reg = 1.99355	Cost = 58.9751
SSD = 56.8433	n = 2685840	Reg = 2.00417	Cost = 58.8474
SSD = 56.7556	n = 2685840	Reg = 2.01236	Cost = 58.7679
SSD = 56.588	n = 2685840	Reg = 2.02826	Cost = 58.6162
SSD = 56.342	n = 2685840	Reg = 2.05452	Cost = 58.3965
SSD = 56.0574	n = 2685840	Reg = 2.09027	Cost = 58.1477
SSD = 55.7269	n = 2685840	Reg = 2.14213	Cost = 57.869
SSD = 55.444	n = 2685840	Reg = 2.19762	Cost = 57.6416
SSD = 55.2366	n = 2685840	Reg = 2.24638	Cost = 57.4829
SSD = 55.0363	n = 2685840	Reg = 2.29791	Cost = 57.3342
SSD = 54.8372	n = 2685840	Reg = 2.35183	Cost = 57.1891
SSD = 54.648	n = 2685840	Reg = 2.40414	Cost = 57.0521
SSD = 54.4555	n = 2685840	Reg = 2.45809	Cost = 56.9136
SSD = 54.2739	n = 2685840	Reg = 2.50935	Cost = 56.7832
SSD = 54.1124	n = 2685840	Reg = 2.55484	Cost = 56.6672
SSD = 53.942	n = 2685840	Reg = 2.60287	Cost = 56.5449
SSD = 53.776	n = 2685840	Reg = 2.64955	Cost = 56.4256
SSD = 53.6057	n = 2685840	Reg = 2.6974	Cost = 56.3031
SSD = 53.4496	n = 2685840	Reg = 2.74121	Cost = 56.1908
SSD = 53.2991	n = 2685840	Reg = 2.7834	Cost = 56.0825
SSD = 53.1474	n = 2685840	Reg = 2.82586	Cost = 55.9733
***Going to next resolution level***
SSD = 1111.87	n = 2685840	Reg = 88.2229	Cost = 1200.09
SSD = 582.053	n = 2685840	Reg = 45.7049	Cost = 627.758
SSD = 495.861	n = 2685840	Reg = 38.8072	Cost = 534.668
SSD = 408.612	n = 2685840	Reg = 31.8156	Cost = 440.428
SSD = 355.523	n = 2685840	Reg = 27.5887	Cost = 383.112
SSD = 307.727	n = 2685840	Reg = 23.8037	Cost = 331.53
SSD = 289.569	n = 2685840	Reg = 22.3634	Cost = 311.932
SSD = 265.362	n = 2685840	Reg = 20.4657	Cost = 285.828
SSD = 239.756	n = 2685840	Reg = 18.4854	Cost = 258.241
SSD = 225.811	n = 2685840	Reg = 17.4238	Cost = 243.235
SSD = 214.076	n = 2685840	Reg = 16.5462	Cost = 230.623
SSD = 204.575	n = 2685840	Reg = 15.8546	Cost = 220.429
SSD = 197.83	n = 2685840	Reg = 15.3801	Cost = 213.21
SSD = 191.401	n = 2685840	Reg = 14.9427	Cost = 206.344
SSD = 186.32	n = 2685840	Reg = 14.6095	Cost = 200.93
SSD = 181.632	n = 2685840	Reg = 14.3142	Cost = 195.946
SSD = 177.889	n = 2685840	Reg = 14.0828	Cost = 191.972
SSD = 174.112	n = 2685840	Reg = 13.8553	Cost = 187.967
SSD = 170.368	n = 2685840	Reg = 13.6375	Cost = 184.005
SSD = 167.397	n = 2685840	Reg = 13.4682	Cost = 180.865
SSD = 164.263	n = 2685840	Reg = 13.295	Cost = 177.558
***Going to next resolution level***
SSD = 219.889	n = 2685840	Reg = 0.177972	Cost = 220.067
SSD = 215.217	n = 2685840	Reg = 0.174323	Cost = 215.392
SSD = 209.838	n = 2685840	Reg = 0.170261	Cost = 210.008
SSD = 205.756	n = 2685840	Reg = 0.167293	Cost = 205.924
SSD = 202.265	n = 2685840	Reg = 0.164874	Cost = 202.43
SSD = 199.852	n = 2685840	Reg = 0.163334	Cost = 200.016
SSD = 198.27	n = 2685840	Reg = 0.162416	Cost = 198.432
SSD = 196.876	n = 2685840	Reg = 0.161694	Cost = 197.037
SSD = 195.322	n = 2685840	Reg = 0.160971	Cost = 195.483
SSD = 193.177	n = 2685840	Reg = 0.160112	Cost = 193.337
SSD = 190.91	n = 2685840	Reg = 0.159374	Cost = 191.069
SSD = 188.464	n = 2685840	Reg = 0.15883	Cost = 188.623
SSD = 186.432	n = 2685840	Reg = 0.158553	Cost = 186.591
SSD = 184.306	n = 2685840	Reg = 0.158485	Cost = 184.465
SSD = 182.213	n = 2685840	Reg = 0.158647	Cost = 182.372
SSD = 180.309	n = 2685840	Reg = 0.159006	Cost = 180.468
SSD = 178.638	n = 2685840	Reg = 0.159511	Cost = 178.798
SSD = 177.05	n = 2685840	Reg = 0.160173	Cost = 177.21
SSD = 175.626	n = 2685840	Reg = 0.16093	Cost = 175.787
SSD = 174.092	n = 2685840	Reg = 0.161942	Cost = 174.254
SSD = 172.495	n = 2685840	Reg = 0.163173	Cost = 172.658
SSD = 170.996	n = 2685840	Reg = 0.164494	Cost = 171.161
SSD = 169.483	n = 2685840	Reg = 0.165978	Cost = 169.649
SSD = 168.031	n = 2685840	Reg = 0.167548	Cost = 168.198
SSD = 166.731	n = 2685840	Reg = 0.169059	Cost = 166.9
SSD = 165.509	n = 2685840	Reg = 0.170565	Cost = 165.68
SSD = 164.414	n = 2685840	Reg = 0.171974	Cost = 164.586
SSD = 163.41	n = 2685840	Reg = 0.173323	Cost = 163.583
SSD = 162.444	n = 2685840	Reg = 0.174661	Cost = 162.619
SSD = 161.552	n = 2685840	Reg = 0.175928	Cost = 161.728
SSD = 160.668	n = 2685840	Reg = 0.177213	Cost = 160.845
SSD = 159.804	n = 2685840	Reg = 0.178475	Cost = 159.983
SSD = 158.908	n = 2685840	Reg = 0.179847	Cost = 159.088
SSD = 158.006	n = 2685840	Reg = 0.18122	Cost = 158.188
SSD = 157.162	n = 2685840	Reg = 0.182541	Cost = 157.345
SSD = 156.304	n = 2685840	Reg = 0.183905	Cost = 156.488
SSD = 155.483	n = 2685840	Reg = 0.185236	Cost = 155.668
SSD = 154.668	n = 2685840	Reg = 0.186589	Cost = 154.855
SSD = 153.943	n = 2685840	Reg = 0.187836	Cost = 154.13
SSD = 153.222	n = 2685840	Reg = 0.189106	Cost = 153.411
SSD = 152.583	n = 2685840	Reg = 0.19026	Cost = 152.774
SSD = 151.909	n = 2685840	Reg = 0.191533	Cost = 152.101
SSD = 151.238	n = 2685840	Reg = 0.192843	Cost = 151.431
SSD = 150.618	n = 2685840	Reg = 0.194102	Cost = 150.812
SSD = 150	n = 2685840	Reg = 0.195402	Cost = 150.195
SSD = 149.392	n = 2685840	Reg = 0.196731	Cost = 149.589
SSD = 148.79	n = 2685840	Reg = 0.198099	Cost = 148.988
SSD = 148.202	n = 2685840	Reg = 0.19949	Cost = 148.401
SSD = 147.657	n = 2685840	Reg = 0.200821	Cost = 147.858
SSD = 147.099	n = 2685840	Reg = 0.202235	Cost = 147.301
SSD = 146.578	n = 2685840	Reg = 0.203598	Cost = 146.781
***Going to next resolution level***
SSD = 146.58	n = 2685840	Reg = 0.00406851	Cost = 146.584
SSD = 146.329	n = 2685840	Reg = 0.00406155	Cost = 146.333
SSD = 145.94	n = 2685840	Reg = 0.00405085	Cost = 145.944
SSD = 145.62	n = 2685840	Reg = 0.00404217	Cost = 145.624
SSD = 145.291	n = 2685840	Reg = 0.00403338	Cost = 145.295
SSD = 144.971	n = 2685840	Reg = 0.00402515	Cost = 144.975
SSD = 144.69	n = 2685840	Reg = 0.00401828	Cost = 144.694
SSD = 144.438	n = 2685840	Reg = 0.00401253	Cost = 144.442
SSD = 144.177	n = 2685840	Reg = 0.00400706	Cost = 144.181
SSD = 143.89	n = 2685840	Reg = 0.0040016	Cost = 143.894
SSD = 143.588	n = 2685840	Reg = 0.00399647	Cost = 143.592
SSD = 143.306	n = 2685840	Reg = 0.00399224	Cost = 143.31
SSD = 143.013	n = 2685840	Reg = 0.0039885	Cost = 143.017
SSD = 142.743	n = 2685840	Reg = 0.00398561	Cost = 142.747
SSD = 142.456	n = 2685840	Reg = 0.00398319	Cost = 142.46
SSD = 142.189	n = 2685840	Reg = 0.00398152	Cost = 142.193
SSD = 141.902	n = 2685840	Reg = 0.00398036	Cost = 141.906
SSD = 141.627	n = 2685840	Reg = 0.00397991	Cost = 141.631
SSD = 141.345	n = 2685840	Reg = 0.00398015	Cost = 141.349
SSD = 141.087	n = 2685840	Reg = 0.00398108	Cost = 141.091
SSD = 140.821	n = 2685840	Reg = 0.00398278	Cost = 140.825
SSD = 140.564	n = 2685840	Reg = 0.00398518	Cost = 140.568
SSD = 140.307	n = 2685840	Reg = 0.0039884	Cost = 140.311
SSD = 140.063	n = 2685840	Reg = 0.00399238	Cost = 140.067
SSD = 139.817	n = 2685840	Reg = 0.00399728	Cost = 139.821
SSD = 139.552	n = 2685840	Reg = 0.00400368	Cost = 139.556
SSD = 139.284	n = 2685840	Reg = 0.00401136	Cost = 139.288
SSD = 139.017	n = 2685840	Reg = 0.0040203	Cost = 139.021
SSD = 138.735	n = 2685840	Reg = 0.00403127	Cost = 138.739
SSD = 138.457	n = 2685840	Reg = 0.00404366	Cost = 138.461
SSD = 138.174	n = 2685840	Reg = 0.00405794	Cost = 138.178
SSD = 137.882	n = 2685840	Reg = 0.00407443	Cost = 137.886
SSD = 137.611	n = 2685840	Reg = 0.00409162	Cost = 137.615
SSD = 137.335	n = 2685840	Reg = 0.00411087	Cost = 137.339
SSD = 137.062	n = 2685840	Reg = 0.00413176	Cost = 137.066
SSD = 136.794	n = 2685840	Reg = 0.00415414	Cost = 136.798
SSD = 136.513	n = 2685840	Reg = 0.00417966	Cost = 136.517
SSD = 136.239	n = 2685840	Reg = 0.00420635	Cost = 136.243
SSD = 135.952	n = 2685840	Reg = 0.00423652	Cost = 135.956
SSD = 135.66	n = 2685840	Reg = 0.00426926	Cost = 135.664
SSD = 135.354	n = 2685840	Reg = 0.00430571	Cost = 135.359
SSD = 135.067	n = 2685840	Reg = 0.00434193	Cost = 135.072
SSD = 134.766	n = 2685840	Reg = 0.00438194	Cost = 134.771
SSD = 134.509	n = 2685840	Reg = 0.00441767	Cost = 134.514
SSD = 134.254	n = 2685840	Reg = 0.0044547	Cost = 134.259
SSD = 134.026	n = 2685840	Reg = 0.00448953	Cost = 134.03
SSD = 133.764	n = 2685840	Reg = 0.0045311	Cost = 133.769
SSD = 133.52	n = 2685840	Reg = 0.00457166	Cost = 133.525
SSD = 133.269	n = 2685840	Reg = 0.00461499	Cost = 133.274
SSD = 133.007	n = 2685840	Reg = 0.0046624	Cost = 133.012
SSD = 132.724	n = 2685840	Reg = 0.00471574	Cost = 132.728
SSD = 132.295	n = 2685840	Reg = 0.00480006	Cost = 132.299
SSD = 131.879	n = 2685840	Reg = 0.00488521	Cost = 131.884
SSD = 131.569	n = 2685840	Reg = 0.00495064	Cost = 131.574
SSD = 131.264	n = 2685840	Reg = 0.00501657	Cost = 131.269
SSD = 130.973	n = 2685840	Reg = 0.00508078	Cost = 130.978
SSD = 130.672	n = 2685840	Reg = 0.00514876	Cost = 130.677
SSD = 130.379	n = 2685840	Reg = 0.00521619	Cost = 130.385
SSD = 130.046	n = 2685840	Reg = 0.00529433	Cost = 130.052
SSD = 129.744	n = 2685840	Reg = 0.00536617	Cost = 129.75
SSD = 129.444	n = 2685840	Reg = 0.00543904	Cost = 129.449
SSD = 129.178	n = 2685840	Reg = 0.00550446	Cost = 129.184
SSD = 128.925	n = 2685840	Reg = 0.00556832	Cost = 128.931
SSD = 128.691	n = 2685840	Reg = 0.00562808	Cost = 128.697
SSD = 128.463	n = 2685840	Reg = 0.0056874	Cost = 128.468
SSD = 128.235	n = 2685840	Reg = 0.00574737	Cost = 128.241
SSD = 128.009	n = 2685840	Reg = 0.00580829	Cost = 128.015
SSD = 127.791	n = 2685840	Reg = 0.00586774	Cost = 127.796
SSD = 127.575	n = 2685840	Reg = 0.00592706	Cost = 127.581
SSD = 127.364	n = 2685840	Reg = 0.00598614	Cost = 127.37
SSD = 127.16	n = 2685840	Reg = 0.00604362	Cost = 127.166
SSD = 126.96	n = 2685840	Reg = 0.00610065	Cost = 126.966
SSD = 126.776	n = 2685840	Reg = 0.00615309	Cost = 126.782
SSD = 126.593	n = 2685840	Reg = 0.00620607	Cost = 126.599
SSD = 126.416	n = 2685840	Reg = 0.00625692	Cost = 126.422
SSD = 126.251	n = 2685840	Reg = 0.00630444	Cost = 126.258
SSD = 126.084	n = 2685840	Reg = 0.00635286	Cost = 126.09
SSD = 125.92	n = 2685840	Reg = 0.00640029	Cost = 125.927
SSD = 125.759	n = 2685840	Reg = 0.0064473	Cost = 125.765
SSD = 125.592	n = 2685840	Reg = 0.00649557	Cost = 125.599
SSD = 125.434	n = 2685840	Reg = 0.0065414	Cost = 125.441
SSD = 125.278	n = 2685840	Reg = 0.00658679	Cost = 125.284
SSD = 125.122	n = 2685840	Reg = 0.006632	Cost = 125.128
SSD = 124.965	n = 2685840	Reg = 0.00667778	Cost = 124.971
SSD = 124.814	n = 2685840	Reg = 0.0067215	Cost = 124.821
SSD = 124.67	n = 2685840	Reg = 0.0067635	Cost = 124.677
SSD = 124.526	n = 2685840	Reg = 0.0068055	Cost = 124.532
SSD = 124.383	n = 2685840	Reg = 0.006847	Cost = 124.39
SSD = 124.234	n = 2685840	Reg = 0.00689065	Cost = 124.24
SSD = 124.092	n = 2685840	Reg = 0.00693213	Cost = 124.099
SSD = 123.956	n = 2685840	Reg = 0.00697199	Cost = 123.963
SSD = 123.811	n = 2685840	Reg = 0.00701447	Cost = 123.818
SSD = 123.664	n = 2685840	Reg = 0.00705784	Cost = 123.671
SSD = 123.519	n = 2685840	Reg = 0.00710065	Cost = 123.526
SSD = 123.365	n = 2685840	Reg = 0.00714641	Cost = 123.372
SSD = 123.223	n = 2685840	Reg = 0.00718848	Cost = 123.23
SSD = 123.093	n = 2685840	Reg = 0.00722732	Cost = 123.1
SSD = 122.965	n = 2685840	Reg = 0.00726575	Cost = 122.972
SSD = 122.833	n = 2685840	Reg = 0.00730524	Cost = 122.84
SSD = 122.702	n = 2685840	Reg = 0.00734465	Cost = 122.709
SSD = 122.575	n = 2685840	Reg = 0.00738272	Cost = 122.582
----------REALIGNMENT----------
----------REGISTERING EPI TO ANATOMICAL----------
----------REGISTERING EPI TO MNI----------
Processing volume 0
Processing volume 1
Processing volume 2
Processing volume 3
Processing volume 4
Processing volume 5
Processing volume 6
Processing volume 7
Processing volume 8
Processing volume 9
Processing volume 10
Processing volume 11
Processing volume 12
Processing volume 13
Processing volume 14
Processing volume 15
Processing volume 16
Processing volume 17
Processing volume 18
Processing volume 19
Processing volume 20
Processing volume 21
Processing volume 22
Processing volume 23
Processing volume 24
Processing volume 25
Processing volume 26
Processing volume 27
Processing volume 28
Processing volume 29
Processing volume 30
Processing volume 31
Processing volume 32
Processing volume 33
Processing volume 34
Processing volume 35
Processing volume 36
Processing volume 37
Processing volume 38
Processing volume 39
Processing volume 40
Processing volume 41
Processing volume 42
Processing volume 43
Processing volume 44
Processing volume 45
Processing volume 46
Processing volume 47
Processing volume 48
Processing volume 49
Processing volume 50
Processing volume 51
Processing volume 52
Processing volume 53
Processing volume 54
Processing volume 55
Processing volume 56
Processing volume 57
Processing volume 58
Processing volume 59
Processing volume 60
Processing volume 61
Processing volume 62
Processing volume 63
Processing volume 64
Processing volume 65
Processing volume 66
Processing volume 67
Processing volume 68
Processing volume 69
Processing volume 70
Processing volume 71
Processing volume 72
Processing volume 73
Processing volume 74
Processing volume 75
Processing volume 76
Processing volume 77
Processing volume 78
Processing volume 79
Processing volume 80
Processing volume 81
Processing volume 82
Processing volume 83
Processing volume 84
Processing volume 85
Processing volume 86
Processing volume 87
Processing volume 88
Processing volume 89
Processing volume 90
Processing volume 91
Processing volume 92
Processing volume 93
Processing volume 94
Processing volume 95
Processing volume 96
Processing volume 97
Processing volume 98
Processing volume 99
Processing volume 100
Processing volume 101
Processing volume 102
Processing volume 103
Processing volume 104
Processing volume 105
Processing volume 106
Processing volume 107
Processing volume 108
Processing volume 109
Processing volume 110
Processing volume 111
Processing volume 112
Processing volume 113
Processing volume 114
Processing volume 115
** ERROR: NWAD: wrote only 0 of 57768256 bytes to file
Processing volume 116
Error: short write, output file will be truncated
Processing volume 117
Error: short write, output file will be truncated
** ERROR: NWAD: wrote only 0 of 57768256 bytes to file
Processing volume 118
Error: short write, output file will be truncated
** ERROR: NWAD: wrote only 0 of 57768256 bytes to file
Processing volume 119
Error: short write, output file will be truncated
** ERROR: NWAD: wrote only 0 of 57768256 bytes to file
Processing volume 120
Error: short write, output file will be truncated
** ERROR: NWAD: wrote only 0 of 57768256 bytes to file
Processing volume 121
Error: short write, output file will be truncated
** ERROR: NWAD: wrote only 0 of 57768256 bytes to file
Processing volume 122
Error: short write, output file will be truncated
** ERROR: NWAD: wrote only 0 of 57768256 bytes to file
Processing volume 123
Error: short write, output file will be truncated
 file /home/tom29/rds/hpc-work/cbbu_BIDS/sub-41/func/sub-41_task-facehouse_acq-1_dir-PA_bold_vol-123.nii.gz is not recognized as a supported image format . 
terminate called after throwing an instance of 'itk::ExceptionObject'
  what():  /workspace/build/ITKv5/Modules/Core/Common/src/itkProcessObject.cxx:1339:
ITK ERROR: ResampleImageFilter(0x2c7d3f0): Input Primary is required but not set.
/var/spool/slurm/slurmd/job20299353/slurm_script: line 214: 122704 Aborted                 antsApplyTransforms -d 3 -i "${tmp_vol}" -r "${FSLDIR}/data/standard/MNI152_T1_1mm_brain.nii.gz" -t "${template_to_MNI_SyN}" -t "${template_to_MNI_affine}" -t "${MP2RAGE_to_template_SyN}" -t "${MP2RAGE_to_template_affine}" -t "${BIDS_root}/${sub_id}/func/${sub_id}_func_to_anatomical_ANTS.mat" -o "${run1_fname}_MNI_vol-${v}.nii.gz" -n Linear
