Non-commercial use only - see $FSLDIR/LICENSE
Loading spm/spm12
  Loading requirement: matlab/r2019a
----------CENTRING IMAGES----------
MATLAB is selecting SOFTWARE OPENGL rendering.

Written new image at:
	/home/tom29/rds/hpc-work/cbbu_BIDS/sub-22/func/sub-22_task-facehouse_acq-1_dir-PA_bold_centred.nii

MATLAB is selecting SOFTWARE OPENGL rendering.

Written new image at:
	/home/tom29/rds/hpc-work/cbbu_BIDS/sub-22/func/sub-22_task-facehouse_acq-2_dir-PA_bold_centred.nii

MATLAB is selecting SOFTWARE OPENGL rendering.

Written new image at:
	/home/tom29/rds/hpc-work/cbbu_BIDS/sub-22/func/sub-22_acq-LC_dir-AP_bold_centred.nii

MATLAB is selecting SOFTWARE OPENGL rendering.

Written new image at:
	/home/tom29/rds/hpc-work/cbbu_BIDS/sub-22/func/sub-22_task-facehouse_acq-1_dir-PA_sbref_centred.nii

----------SUSCEPTIBILITY DISTORTION CORRECTION----------
SSD = 750.991	n = 323454	Reg = 0	Cost = 750.991
SSD = 197.116	n = 323454	Reg = 16.1694	Cost = 213.286
SSD = 116.795	n = 323454	Reg = 25.0053	Cost = 141.801
SSD = 102.253	n = 323454	Reg = 30.159	Cost = 132.412
SSD = 99.0008	n = 323454	Reg = 31.945	Cost = 130.946
SSD = 98.1667	n = 323454	Reg = 32.4624	Cost = 130.629
***Going to next resolution level***
SSD = 168.79	n = 323454	Reg = 18.7536	Cost = 187.544
SSD = 85.1559	n = 323454	Reg = 14.961	Cost = 100.117
SSD = 67.7347	n = 323454	Reg = 19.4944	Cost = 87.2292
SSD = 63.4393	n = 323454	Reg = 21.4876	Cost = 84.9269
SSD = 62.1807	n = 323454	Reg = 22.1668	Cost = 84.3475
SSD = 61.7127	n = 323454	Reg = 22.4279	Cost = 84.1406
***Going to next resolution level***
SSD = 146.581	n = 323454	Reg = 5.32712	Cost = 151.908
SSD = 109.117	n = 323454	Reg = 9.00737	Cost = 118.124
SSD = 98.7453	n = 323454	Reg = 11.9101	Cost = 110.655
SSD = 95.195	n = 323454	Reg = 13.0542	Cost = 108.249
SSD = 93.6121	n = 323454	Reg = 13.5939	Cost = 107.206
SSD = 92.7682	n = 323454	Reg = 13.921	Cost = 106.689
***Going to next resolution level***
SSD = 156.893	n = 323454	Reg = 7.21751	Cost = 164.11
SSD = 66.549	n = 323454	Reg = 4.02267	Cost = 70.5716
SSD = 54.0694	n = 323454	Reg = 5.79205	Cost = 59.8614
SSD = 50.6645	n = 323454	Reg = 6.71357	Cost = 57.3781
SSD = 49.225	n = 323454	Reg = 7.1789	Cost = 56.4039
SSD = 48.3877	n = 323454	Reg = 7.4825	Cost = 55.8702
SSD = 47.7472	n = 323454	Reg = 7.72436	Cost = 55.4716
SSD = 47.2197	n = 323454	Reg = 7.92745	Cost = 55.1472
SSD = 46.8263	n = 323454	Reg = 8.09422	Cost = 54.9206
SSD = 46.5309	n = 323454	Reg = 8.23218	Cost = 54.7631
SSD = 46.3009	n = 323454	Reg = 8.34732	Cost = 54.6483
***Going to next resolution level***
SSD = 154.522	n = 2685840	Reg = 268.358	Cost = 422.879
SSD = 82.6006	n = 2685840	Reg = 50.96	Cost = 133.561
SSD = 73.8573	n = 2685840	Reg = 39.3288	Cost = 113.186
SSD = 73.0126	n = 2685840	Reg = 34.0957	Cost = 107.108
SSD = 73.6097	n = 2685840	Reg = 30.2464	Cost = 103.856
SSD = 74.4033	n = 2685840	Reg = 27.6706	Cost = 102.074
SSD = 74.9249	n = 2685840	Reg = 26.3	Cost = 101.225
SSD = 75.2954	n = 2685840	Reg = 25.4134	Cost = 100.709
SSD = 75.566	n = 2685840	Reg = 24.8091	Cost = 100.375
SSD = 75.7635	n = 2685840	Reg = 24.3941	Cost = 100.158
SSD = 75.9109	n = 2685840	Reg = 24.0989	Cost = 100.01
***Going to next resolution level***
SSD = 75.9109	n = 2685840	Reg = 2.40989	Cost = 78.3207
SSD = 75.6777	n = 2685840	Reg = 2.42815	Cost = 78.1059
SSD = 75.5535	n = 2685840	Reg = 2.44089	Cost = 77.9944
SSD = 75.3567	n = 2685840	Reg = 2.46101	Cost = 77.8177
SSD = 74.9719	n = 2685840	Reg = 2.50419	Cost = 77.4761
SSD = 74.5179	n = 2685840	Reg = 2.5634	Cost = 77.0813
SSD = 74.1001	n = 2685840	Reg = 2.63192	Cost = 76.7321
SSD = 73.7468	n = 2685840	Reg = 2.7038	Cost = 76.4506
SSD = 73.4787	n = 2685840	Reg = 2.77064	Cost = 76.2494
SSD = 73.2972	n = 2685840	Reg = 2.81943	Cost = 76.1166
SSD = 73.092	n = 2685840	Reg = 2.87638	Cost = 75.9684
SSD = 72.8513	n = 2685840	Reg = 2.94402	Cost = 75.7953
SSD = 72.6111	n = 2685840	Reg = 3.01199	Cost = 75.6231
SSD = 72.3741	n = 2685840	Reg = 3.07968	Cost = 75.4537
SSD = 72.1794	n = 2685840	Reg = 3.13517	Cost = 75.3146
SSD = 71.988	n = 2685840	Reg = 3.18944	Cost = 75.1774
SSD = 71.8243	n = 2685840	Reg = 3.23541	Cost = 75.0597
SSD = 71.6257	n = 2685840	Reg = 3.2909	Cost = 74.9166
SSD = 71.3965	n = 2685840	Reg = 3.35506	Cost = 74.7516
SSD = 71.213	n = 2685840	Reg = 3.40654	Cost = 74.6195
SSD = 71.0209	n = 2685840	Reg = 3.46018	Cost = 74.4811
***Going to next resolution level***
SSD = 381.095	n = 2685840	Reg = 18.8756	Cost = 399.971
SSD = 335.017	n = 2685840	Reg = 16.6006	Cost = 351.618
SSD = 312.313	n = 2685840	Reg = 15.4884	Cost = 327.801
SSD = 294.469	n = 2685840	Reg = 14.6273	Cost = 309.096
SSD = 276.035	n = 2685840	Reg = 13.7608	Cost = 289.796
SSD = 263.931	n = 2685840	Reg = 13.207	Cost = 277.138
SSD = 252.959	n = 2685840	Reg = 12.7228	Cost = 265.681
SSD = 243.492	n = 2685840	Reg = 12.319	Cost = 255.811
SSD = 236.143	n = 2685840	Reg = 12.0164	Cost = 248.159
SSD = 230.064	n = 2685840	Reg = 11.7761	Cost = 241.84
SSD = 223.947	n = 2685840	Reg = 11.544	Cost = 235.491
SSD = 218.339	n = 2685840	Reg = 11.3405	Cost = 229.68
SSD = 213.486	n = 2685840	Reg = 11.1684	Cost = 224.655
SSD = 209.279	n = 2685840	Reg = 11.0243	Cost = 220.303
SSD = 206.108	n = 2685840	Reg = 10.9199	Cost = 217.027
SSD = 202.656	n = 2685840	Reg = 10.8099	Cost = 213.466
SSD = 199.383	n = 2685840	Reg = 10.7089	Cost = 210.092
SSD = 196.511	n = 2685840	Reg = 10.6252	Cost = 207.137
SSD = 193.856	n = 2685840	Reg = 10.551	Cost = 204.407
SSD = 191.607	n = 2685840	Reg = 10.4912	Cost = 202.098
SSD = 189.576	n = 2685840	Reg = 10.4399	Cost = 200.016
***Going to next resolution level***
SSD = 263.57	n = 2685840	Reg = 0.145147	Cost = 263.715
SSD = 260.375	n = 2685840	Reg = 0.143532	Cost = 260.518
SSD = 256.686	n = 2685840	Reg = 0.141809	Cost = 256.828
SSD = 253.861	n = 2685840	Reg = 0.140644	Cost = 254.002
SSD = 251.472	n = 2685840	Reg = 0.139834	Cost = 251.612
SSD = 249.564	n = 2685840	Reg = 0.139349	Cost = 249.703
SSD = 247.857	n = 2685840	Reg = 0.139082	Cost = 247.996
SSD = 246.524	n = 2685840	Reg = 0.138976	Cost = 246.663
SSD = 245.388	n = 2685840	Reg = 0.139015	Cost = 245.527
SSD = 244.32	n = 2685840	Reg = 0.139156	Cost = 244.459
SSD = 243.243	n = 2685840	Reg = 0.139413	Cost = 243.383
SSD = 241.06	n = 2685840	Reg = 0.140116	Cost = 241.2
SSD = 238.043	n = 2685840	Reg = 0.141421	Cost = 238.185
SSD = 235.43	n = 2685840	Reg = 0.142776	Cost = 235.572
SSD = 232.91	n = 2685840	Reg = 0.144375	Cost = 233.055
SSD = 230.772	n = 2685840	Reg = 0.145861	Cost = 230.918
SSD = 228.599	n = 2685840	Reg = 0.147619	Cost = 228.747
SSD = 226.589	n = 2685840	Reg = 0.149365	Cost = 226.738
SSD = 224.704	n = 2685840	Reg = 0.151177	Cost = 224.855
SSD = 222.746	n = 2685840	Reg = 0.153157	Cost = 222.899
SSD = 221.31	n = 2685840	Reg = 0.154705	Cost = 221.464
SSD = 220.088	n = 2685840	Reg = 0.156021	Cost = 220.244
SSD = 219.154	n = 2685840	Reg = 0.157127	Cost = 219.311
SSD = 218.149	n = 2685840	Reg = 0.158357	Cost = 218.307
SSD = 217.212	n = 2685840	Reg = 0.159552	Cost = 217.372
SSD = 216.233	n = 2685840	Reg = 0.160818	Cost = 216.394
SSD = 215.184	n = 2685840	Reg = 0.16229	Cost = 215.346
SSD = 214.185	n = 2685840	Reg = 0.163717	Cost = 214.348
SSD = 213.339	n = 2685840	Reg = 0.164993	Cost = 213.504
SSD = 212.401	n = 2685840	Reg = 0.166402	Cost = 212.567
SSD = 211.503	n = 2685840	Reg = 0.167852	Cost = 211.671
SSD = 210.526	n = 2685840	Reg = 0.169474	Cost = 210.696
SSD = 209.584	n = 2685840	Reg = 0.171108	Cost = 209.756
SSD = 208.707	n = 2685840	Reg = 0.17266	Cost = 208.88
SSD = 207.873	n = 2685840	Reg = 0.174194	Cost = 208.047
SSD = 207.019	n = 2685840	Reg = 0.17578	Cost = 207.195
SSD = 206.279	n = 2685840	Reg = 0.177194	Cost = 206.457
SSD = 205.579	n = 2685840	Reg = 0.178585	Cost = 205.757
SSD = 204.816	n = 2685840	Reg = 0.18012	Cost = 204.996
SSD = 204.042	n = 2685840	Reg = 0.181721	Cost = 204.224
SSD = 203.362	n = 2685840	Reg = 0.183162	Cost = 203.545
SSD = 202.68	n = 2685840	Reg = 0.184673	Cost = 202.865
SSD = 202.03	n = 2685840	Reg = 0.186124	Cost = 202.216
SSD = 201.332	n = 2685840	Reg = 0.187735	Cost = 201.52
SSD = 200.7	n = 2685840	Reg = 0.189225	Cost = 200.889
SSD = 200.07	n = 2685840	Reg = 0.190773	Cost = 200.261
SSD = 199.456	n = 2685840	Reg = 0.192328	Cost = 199.648
SSD = 198.858	n = 2685840	Reg = 0.193872	Cost = 199.052
SSD = 198.26	n = 2685840	Reg = 0.195466	Cost = 198.456
SSD = 197.712	n = 2685840	Reg = 0.196993	Cost = 197.909
SSD = 197.21	n = 2685840	Reg = 0.198434	Cost = 197.409
***Going to next resolution level***
SSD = 197.212	n = 2685840	Reg = 0.00396566	Cost = 197.216
SSD = 196.95	n = 2685840	Reg = 0.00396045	Cost = 196.954
SSD = 196.64	n = 2685840	Reg = 0.00395442	Cost = 196.643
SSD = 196.276	n = 2685840	Reg = 0.00394755	Cost = 196.28
SSD = 196.006	n = 2685840	Reg = 0.00394267	Cost = 196.009
SSD = 195.703	n = 2685840	Reg = 0.00393755	Cost = 195.707
SSD = 195.439	n = 2685840	Reg = 0.00393342	Cost = 195.443
SSD = 195.13	n = 2685840	Reg = 0.00392905	Cost = 195.134
SSD = 194.84	n = 2685840	Reg = 0.00392538	Cost = 194.844
SSD = 194.555	n = 2685840	Reg = 0.00392224	Cost = 194.559
SSD = 194.295	n = 2685840	Reg = 0.0039198	Cost = 194.299
SSD = 194.014	n = 2685840	Reg = 0.00391767	Cost = 194.018
SSD = 193.669	n = 2685840	Reg = 0.00391568	Cost = 193.673
SSD = 193.36	n = 2685840	Reg = 0.0039145	Cost = 193.364
SSD = 193.096	n = 2685840	Reg = 0.00391395	Cost = 193.1
SSD = 192.8	n = 2685840	Reg = 0.00391394	Cost = 192.804
SSD = 192.494	n = 2685840	Reg = 0.00391451	Cost = 192.498
SSD = 192.225	n = 2685840	Reg = 0.00391561	Cost = 192.229
SSD = 191.937	n = 2685840	Reg = 0.00391739	Cost = 191.941
SSD = 191.658	n = 2685840	Reg = 0.0039198	Cost = 191.662
SSD = 191.369	n = 2685840	Reg = 0.00392302	Cost = 191.373
SSD = 191.079	n = 2685840	Reg = 0.00392702	Cost = 191.083
SSD = 190.808	n = 2685840	Reg = 0.00393158	Cost = 190.812
SSD = 190.549	n = 2685840	Reg = 0.00393675	Cost = 190.553
SSD = 190.258	n = 2685840	Reg = 0.00394351	Cost = 190.262
SSD = 189.954	n = 2685840	Reg = 0.00395163	Cost = 189.958
SSD = 189.676	n = 2685840	Reg = 0.0039602	Cost = 189.68
SSD = 189.429	n = 2685840	Reg = 0.00396868	Cost = 189.433
SSD = 189.126	n = 2685840	Reg = 0.00398032	Cost = 189.13
SSD = 188.861	n = 2685840	Reg = 0.00399161	Cost = 188.865
SSD = 188.58	n = 2685840	Reg = 0.00400475	Cost = 188.584
SSD = 188.275	n = 2685840	Reg = 0.00402041	Cost = 188.279
SSD = 187.921	n = 2685840	Reg = 0.00404006	Cost = 187.925
SSD = 187.582	n = 2685840	Reg = 0.0040606	Cost = 187.586
SSD = 187.235	n = 2685840	Reg = 0.00408337	Cost = 187.239
SSD = 186.906	n = 2685840	Reg = 0.00410657	Cost = 186.91
SSD = 186.564	n = 2685840	Reg = 0.0041325	Cost = 186.568
SSD = 186.169	n = 2685840	Reg = 0.00416557	Cost = 186.173
SSD = 185.803	n = 2685840	Reg = 0.00419799	Cost = 185.807
SSD = 185.445	n = 2685840	Reg = 0.00423199	Cost = 185.449
SSD = 185.084	n = 2685840	Reg = 0.00426833	Cost = 185.089
SSD = 184.82	n = 2685840	Reg = 0.00429698	Cost = 184.824
SSD = 184.577	n = 2685840	Reg = 0.0043249	Cost = 184.582
SSD = 184.33	n = 2685840	Reg = 0.00435521	Cost = 184.335
SSD = 184.075	n = 2685840	Reg = 0.0043881	Cost = 184.08
SSD = 183.785	n = 2685840	Reg = 0.00442785	Cost = 183.789
SSD = 183.521	n = 2685840	Reg = 0.00446568	Cost = 183.526
SSD = 183.26	n = 2685840	Reg = 0.00450557	Cost = 183.265
SSD = 182.989	n = 2685840	Reg = 0.0045484	Cost = 182.994
SSD = 182.698	n = 2685840	Reg = 0.00459755	Cost = 182.703
SSD = 182.363	n = 2685840	Reg = 0.00465642	Cost = 182.368
SSD = 181.836	n = 2685840	Reg = 0.00475463	Cost = 181.84
SSD = 181.381	n = 2685840	Reg = 0.00484277	Cost = 181.386
SSD = 180.969	n = 2685840	Reg = 0.00492722	Cost = 180.973
SSD = 180.529	n = 2685840	Reg = 0.00501764	Cost = 180.534
SSD = 180.14	n = 2685840	Reg = 0.00510016	Cost = 180.145
SSD = 179.773	n = 2685840	Reg = 0.00517917	Cost = 179.778
SSD = 179.416	n = 2685840	Reg = 0.00525923	Cost = 179.421
SSD = 179.077	n = 2685840	Reg = 0.00533622	Cost = 179.083
SSD = 178.693	n = 2685840	Reg = 0.00542545	Cost = 178.699
SSD = 178.286	n = 2685840	Reg = 0.00552125	Cost = 178.292
SSD = 177.868	n = 2685840	Reg = 0.00562244	Cost = 177.873
SSD = 177.453	n = 2685840	Reg = 0.00572381	Cost = 177.459
SSD = 177.111	n = 2685840	Reg = 0.00581022	Cost = 177.117
SSD = 176.815	n = 2685840	Reg = 0.0058855	Cost = 176.821
SSD = 176.512	n = 2685840	Reg = 0.00596399	Cost = 176.518
SSD = 176.265	n = 2685840	Reg = 0.00602888	Cost = 176.272
SSD = 176.017	n = 2685840	Reg = 0.00609502	Cost = 176.023
SSD = 175.784	n = 2685840	Reg = 0.00615795	Cost = 175.79
SSD = 175.565	n = 2685840	Reg = 0.00621758	Cost = 175.571
SSD = 175.315	n = 2685840	Reg = 0.00628601	Cost = 175.321
SSD = 175.051	n = 2685840	Reg = 0.00636005	Cost = 175.057
SSD = 174.792	n = 2685840	Reg = 0.0064334	Cost = 174.799
SSD = 174.56	n = 2685840	Reg = 0.00649975	Cost = 174.566
SSD = 174.346	n = 2685840	Reg = 0.00656154	Cost = 174.352
SSD = 174.115	n = 2685840	Reg = 0.00662904	Cost = 174.121
SSD = 173.916	n = 2685840	Reg = 0.00668705	Cost = 173.923
SSD = 173.714	n = 2685840	Reg = 0.00674667	Cost = 173.721
SSD = 173.515	n = 2685840	Reg = 0.00680477	Cost = 173.522
SSD = 173.297	n = 2685840	Reg = 0.00686931	Cost = 173.304
SSD = 173.121	n = 2685840	Reg = 0.00692125	Cost = 173.128
SSD = 172.97	n = 2685840	Reg = 0.00696619	Cost = 172.977
SSD = 172.82	n = 2685840	Reg = 0.00701029	Cost = 172.827
SSD = 172.659	n = 2685840	Reg = 0.00705786	Cost = 172.666
SSD = 172.495	n = 2685840	Reg = 0.00710595	Cost = 172.502
SSD = 172.339	n = 2685840	Reg = 0.00715176	Cost = 172.346
SSD = 172.184	n = 2685840	Reg = 0.00719712	Cost = 172.191
SSD = 172.009	n = 2685840	Reg = 0.00724843	Cost = 172.017
SSD = 171.853	n = 2685840	Reg = 0.00729401	Cost = 171.861
SSD = 171.696	n = 2685840	Reg = 0.0073401	Cost = 171.703
SSD = 171.527	n = 2685840	Reg = 0.00738972	Cost = 171.534
SSD = 171.335	n = 2685840	Reg = 0.00744633	Cost = 171.342
SSD = 171.151	n = 2685840	Reg = 0.00750022	Cost = 171.159
SSD = 170.984	n = 2685840	Reg = 0.00754973	Cost = 170.991
SSD = 170.816	n = 2685840	Reg = 0.00759915	Cost = 170.824
SSD = 170.655	n = 2685840	Reg = 0.00764711	Cost = 170.663
SSD = 170.492	n = 2685840	Reg = 0.00769557	Cost = 170.5
SSD = 170.328	n = 2685840	Reg = 0.00774461	Cost = 170.336
SSD = 170.172	n = 2685840	Reg = 0.00779112	Cost = 170.18
SSD = 170.016	n = 2685840	Reg = 0.00783807	Cost = 170.024
SSD = 169.848	n = 2685840	Reg = 0.00788808	Cost = 169.856
----------REALIGNMENT----------
----------REGISTERING EPI TO ANATOMICAL----------
----------REGISTERING EPI TO MNI----------
Processing volume 0
Processing volume 1
Processing volume 2
Processing volume 3
Processing volume 4
Processing volume 5
Processing volume 6
Processing volume 7
Processing volume 8
Processing volume 9
Processing volume 10
Processing volume 11
Processing volume 12
Processing volume 13
Processing volume 14
Processing volume 15
Processing volume 16
Processing volume 17
Processing volume 18
Processing volume 19
Processing volume 20
Processing volume 21
Processing volume 22
Processing volume 23
Processing volume 24
Processing volume 25
Processing volume 26
Processing volume 27
Processing volume 28
Processing volume 29
Processing volume 30
Processing volume 31
Processing volume 32
Processing volume 33
Processing volume 34
Processing volume 35
Processing volume 36
Processing volume 37
Processing volume 38
Processing volume 39
Processing volume 40
Processing volume 41
Processing volume 42
Processing volume 43
Processing volume 44
Processing volume 45
Processing volume 46
Processing volume 47
Processing volume 48
Processing volume 49
Processing volume 50
Processing volume 51
Processing volume 52
Processing volume 53
Processing volume 54
Processing volume 55
Processing volume 56
Processing volume 57
Processing volume 58
Processing volume 59
Processing volume 60
Processing volume 61
Processing volume 62
Processing volume 63
Processing volume 64
Processing volume 65
Processing volume 66
Processing volume 67
Processing volume 68
Processing volume 69
Processing volume 70
** ERROR: NWAD: wrote only 0 of 57768256 bytes to file
Processing volume 71
Error: short write, output file will be truncated
 file /home/tom29/rds/hpc-work/cbbu_BIDS/sub-22/func/sub-22_task-facehouse_acq-1_dir-PA_bold_vol-71.nii.gz is not recognized as a supported image format . 
terminate called after throwing an instance of 'itk::ExceptionObject'
  what():  /workspace/build/ITKv5/Modules/Core/Common/src/itkProcessObject.cxx:1339:
ITK ERROR: ResampleImageFilter(0x31173f0): Input Primary is required but not set.