Loading spm/spm12
  Loading requirement: matlab/r2019a
----------CENTRING IMAGES----------
MATLAB is selecting SOFTWARE OPENGL rendering.

Written new image at:
	/home/tom29/rds/rds-pal_lab-WJZDLUY2Dhw/cbbu_BIDS/sub-29/func/sub-29_task-facehouse_acq-1_dir-PA_bold_centred.nii

MATLAB is selecting SOFTWARE OPENGL rendering.

Written new image at:
	/home/tom29/rds/rds-pal_lab-WJZDLUY2Dhw/cbbu_BIDS/sub-29/func/sub-29_task-facehouse_acq-2_dir-PA_bold_centred.nii

MATLAB is selecting SOFTWARE OPENGL rendering.

Written new image at:
	/home/tom29/rds/rds-pal_lab-WJZDLUY2Dhw/cbbu_BIDS/sub-29/func/sub-29_acq-LC_dir-AP_bold_centred.nii

MATLAB is selecting SOFTWARE OPENGL rendering.

Written new image at:
	/home/tom29/rds/rds-pal_lab-WJZDLUY2Dhw/cbbu_BIDS/sub-29/func/sub-29_task-facehouse_acq-1_dir-PA_sbref_centred.nii

----------SUSCEPTIBILITY DISTORTION CORRECTION----------
SSD = 284.912	n = 323454	Reg = 0	Cost = 284.912
SSD = 106.38	n = 323454	Reg = 8.23218	Cost = 114.612
SSD = 78.2844	n = 323454	Reg = 14.9079	Cost = 93.1923
SSD = 72.7165	n = 323454	Reg = 17.6768	Cost = 90.3932
SSD = 71.3991	n = 323454	Reg = 18.4863	Cost = 89.8854
SSD = 71.0292	n = 323454	Reg = 18.7154	Cost = 89.7446
***Going to next resolution level***
SSD = 118.806	n = 323454	Reg = 9.44825	Cost = 128.255
SSD = 58.2372	n = 323454	Reg = 9.16944	Cost = 67.4067
SSD = 46.0287	n = 323454	Reg = 12.4401	Cost = 58.4688
SSD = 43.1441	n = 323454	Reg = 13.7826	Cost = 56.9267
SSD = 42.3326	n = 323454	Reg = 14.2334	Cost = 56.5661
SSD = 42.0556	n = 323454	Reg = 14.3948	Cost = 56.4504
***Going to next resolution level***
SSD = 103.009	n = 323454	Reg = 3.52578	Cost = 106.535
SSD = 79.0285	n = 323454	Reg = 6.33265	Cost = 85.3612
SSD = 73.1144	n = 323454	Reg = 8.36487	Cost = 81.4792
SSD = 71.3999	n = 323454	Reg = 9.14569	Cost = 80.5456
SSD = 70.6969	n = 323454	Reg = 9.46511	Cost = 80.162
SSD = 70.2827	n = 323454	Reg = 9.64762	Cost = 79.9303
***Going to next resolution level***
SSD = 123.824	n = 323454	Reg = 5.24096	Cost = 129.064
SSD = 49.0856	n = 323454	Reg = 2.77436	Cost = 51.86
SSD = 39.358	n = 323454	Reg = 4.12935	Cost = 43.4874
SSD = 36.5716	n = 323454	Reg = 4.76935	Cost = 41.341
SSD = 35.3203	n = 323454	Reg = 5.10644	Cost = 40.4267
SSD = 34.5034	n = 323454	Reg = 5.34844	Cost = 39.8518
SSD = 33.728	n = 323454	Reg = 5.5322	Cost = 39.2602
SSD = 33.0595	n = 323454	Reg = 5.69654	Cost = 38.7561
SSD = 32.5649	n = 323454	Reg = 5.83764	Cost = 38.4026
SSD = 32.2054	n = 323454	Reg = 5.94414	Cost = 38.1496
SSD = 31.9557	n = 323454	Reg = 6.03065	Cost = 37.9864
***Going to next resolution level***
SSD = 128.108	n = 2685840	Reg = 169.889	Cost = 297.997
SSD = 54.4426	n = 2685840	Reg = 32.1582	Cost = 86.6007
SSD = 44.9114	n = 2685840	Reg = 25.7454	Cost = 70.6568
SSD = 43.5033	n = 2685840	Reg = 23.8225	Cost = 67.3259
SSD = 43.6787	n = 2685840	Reg = 22.4402	Cost = 66.1189
SSD = 44.1193	n = 2685840	Reg = 21.3153	Cost = 65.4346
SSD = 44.52	n = 2685840	Reg = 20.5197	Cost = 65.0397
SSD = 44.8497	n = 2685840	Reg = 19.8618	Cost = 64.7115
SSD = 45.1115	n = 2685840	Reg = 19.4264	Cost = 64.5378
SSD = 45.2993	n = 2685840	Reg = 19.1547	Cost = 64.454
SSD = 45.4423	n = 2685840	Reg = 18.9609	Cost = 64.4032
***Going to next resolution level***
SSD = 45.4423	n = 2685840	Reg = 1.89609	Cost = 47.3384
SSD = 45.3191	n = 2685840	Reg = 1.90422	Cost = 47.2233
SSD = 45.2366	n = 2685840	Reg = 1.91143	Cost = 47.148
SSD = 45.0947	n = 2685840	Reg = 1.92324	Cost = 47.0179
SSD = 44.8495	n = 2685840	Reg = 1.94582	Cost = 46.7954
SSD = 44.5254	n = 2685840	Reg = 1.98126	Cost = 46.5067
SSD = 44.1675	n = 2685840	Reg = 2.03037	Cost = 46.1979
SSD = 43.8729	n = 2685840	Reg = 2.08413	Cost = 45.957
SSD = 43.6455	n = 2685840	Reg = 2.13591	Cost = 45.7814
SSD = 43.4561	n = 2685840	Reg = 2.18553	Cost = 45.6416
SSD = 43.2785	n = 2685840	Reg = 2.23522	Cost = 45.5137
SSD = 43.1073	n = 2685840	Reg = 2.28437	Cost = 45.3917
SSD = 42.918	n = 2685840	Reg = 2.33949	Cost = 45.2575
SSD = 42.7577	n = 2685840	Reg = 2.38646	Cost = 45.1442
SSD = 42.5912	n = 2685840	Reg = 2.43531	Cost = 45.0265
SSD = 42.4438	n = 2685840	Reg = 2.47827	Cost = 44.9221
SSD = 42.2783	n = 2685840	Reg = 2.52622	Cost = 44.8046
SSD = 42.1173	n = 2685840	Reg = 2.5728	Cost = 44.6901
SSD = 41.9615	n = 2685840	Reg = 2.61775	Cost = 44.5793
SSD = 41.8176	n = 2685840	Reg = 2.65892	Cost = 44.4765
SSD = 41.6676	n = 2685840	Reg = 2.70164	Cost = 44.3692
***Going to next resolution level***
SSD = 631.786	n = 2685840	Reg = 58.1429	Cost = 689.929
SSD = 541.697	n = 2685840	Reg = 48.8289	Cost = 590.526
SSD = 480.598	n = 2685840	Reg = 43.3031	Cost = 523.902
SSD = 345.965	n = 2685840	Reg = 31.0761	Cost = 377.041
SSD = 313.986	n = 2685840	Reg = 28.1392	Cost = 342.125
SSD = 295.18	n = 2685840	Reg = 26.4048	Cost = 321.585
SSD = 268.718	n = 2685840	Reg = 23.9428	Cost = 292.661
SSD = 247.259	n = 2685840	Reg = 21.9742	Cost = 269.233
SSD = 229.449	n = 2685840	Reg = 20.3606	Cost = 249.81
SSD = 215.6	n = 2685840	Reg = 19.1301	Cost = 234.731
SSD = 206.145	n = 2685840	Reg = 18.3054	Cost = 224.45
SSD = 196.377	n = 2685840	Reg = 17.4756	Cost = 213.853
SSD = 188.48	n = 2685840	Reg = 16.8194	Cost = 205.299
SSD = 183.014	n = 2685840	Reg = 16.3761	Cost = 199.391
SSD = 178.867	n = 2685840	Reg = 16.0364	Cost = 194.903
SSD = 174.595	n = 2685840	Reg = 15.6923	Cost = 190.287
SSD = 170.664	n = 2685840	Reg = 15.3818	Cost = 186.046
SSD = 166.951	n = 2685840	Reg = 15.0876	Cost = 182.038
SSD = 163.253	n = 2685840	Reg = 14.7999	Cost = 178.053
SSD = 160.027	n = 2685840	Reg = 14.5499	Cost = 174.577
SSD = 157.096	n = 2685840	Reg = 14.3243	Cost = 171.42
***Going to next resolution level***
SSD = 215.275	n = 2685840	Reg = 0.196292	Cost = 215.471
SSD = 211.306	n = 2685840	Reg = 0.192824	Cost = 211.499
SSD = 207.704	n = 2685840	Reg = 0.189836	Cost = 207.894
SSD = 204.281	n = 2685840	Reg = 0.18719	Cost = 204.468
SSD = 201.336	n = 2685840	Reg = 0.185086	Cost = 201.522
SSD = 198.862	n = 2685840	Reg = 0.183538	Cost = 199.045
SSD = 197.245	n = 2685840	Reg = 0.182684	Cost = 197.427
SSD = 195.863	n = 2685840	Reg = 0.182127	Cost = 196.045
SSD = 193.471	n = 2685840	Reg = 0.181367	Cost = 193.652
SSD = 191.808	n = 2685840	Reg = 0.180981	Cost = 191.989
SSD = 189.348	n = 2685840	Reg = 0.180582	Cost = 189.528
SSD = 186.233	n = 2685840	Reg = 0.180494	Cost = 186.413
SSD = 182.992	n = 2685840	Reg = 0.180559	Cost = 183.172
SSD = 180.267	n = 2685840	Reg = 0.180815	Cost = 180.448
SSD = 177.632	n = 2685840	Reg = 0.181203	Cost = 177.813
SSD = 175.35	n = 2685840	Reg = 0.181864	Cost = 175.532
SSD = 172.712	n = 2685840	Reg = 0.18262	Cost = 172.894
SSD = 170.772	n = 2685840	Reg = 0.183347	Cost = 170.956
SSD = 169.172	n = 2685840	Reg = 0.183991	Cost = 169.356
SSD = 167.449	n = 2685840	Reg = 0.184799	Cost = 167.634
SSD = 166.017	n = 2685840	Reg = 0.185485	Cost = 166.203
SSD = 164.713	n = 2685840	Reg = 0.18621	Cost = 164.899
SSD = 163.281	n = 2685840	Reg = 0.187032	Cost = 163.468
SSD = 162.019	n = 2685840	Reg = 0.187889	Cost = 162.207
SSD = 160.731	n = 2685840	Reg = 0.188819	Cost = 160.919
SSD = 159.441	n = 2685840	Reg = 0.189868	Cost = 159.631
SSD = 158.276	n = 2685840	Reg = 0.190798	Cost = 158.467
SSD = 157.029	n = 2685840	Reg = 0.19194	Cost = 157.22
SSD = 155.84	n = 2685840	Reg = 0.19305	Cost = 156.033
SSD = 154.736	n = 2685840	Reg = 0.194151	Cost = 154.93
SSD = 153.637	n = 2685840	Reg = 0.195245	Cost = 153.833
SSD = 152.696	n = 2685840	Reg = 0.196295	Cost = 152.892
SSD = 151.617	n = 2685840	Reg = 0.197474	Cost = 151.814
SSD = 150.7	n = 2685840	Reg = 0.198544	Cost = 150.899
SSD = 149.791	n = 2685840	Reg = 0.199632	Cost = 149.991
SSD = 148.933	n = 2685840	Reg = 0.200721	Cost = 149.134
SSD = 148.054	n = 2685840	Reg = 0.201867	Cost = 148.256
SSD = 147.253	n = 2685840	Reg = 0.202957	Cost = 147.456
SSD = 146.473	n = 2685840	Reg = 0.204049	Cost = 146.677
SSD = 145.649	n = 2685840	Reg = 0.205247	Cost = 145.854
SSD = 144.9	n = 2685840	Reg = 0.2064	Cost = 145.107
SSD = 144.193	n = 2685840	Reg = 0.207526	Cost = 144.4
SSD = 143.462	n = 2685840	Reg = 0.208721	Cost = 143.67
SSD = 142.79	n = 2685840	Reg = 0.209871	Cost = 143
SSD = 142.098	n = 2685840	Reg = 0.211074	Cost = 142.309
SSD = 141.398	n = 2685840	Reg = 0.212343	Cost = 141.61
SSD = 140.725	n = 2685840	Reg = 0.213596	Cost = 140.939
SSD = 140.111	n = 2685840	Reg = 0.214803	Cost = 140.326
SSD = 139.481	n = 2685840	Reg = 0.21605	Cost = 139.697
SSD = 138.836	n = 2685840	Reg = 0.217445	Cost = 139.053
SSD = 138.23	n = 2685840	Reg = 0.218786	Cost = 138.449
***Going to next resolution level***
SSD = 138.232	n = 2685840	Reg = 0.0043718	Cost = 138.236
SSD = 137.943	n = 2685840	Reg = 0.00436272	Cost = 137.947
SSD = 137.573	n = 2685840	Reg = 0.00435125	Cost = 137.577
SSD = 137.236	n = 2685840	Reg = 0.00434101	Cost = 137.24
SSD = 136.916	n = 2685840	Reg = 0.00433152	Cost = 136.921
SSD = 136.561	n = 2685840	Reg = 0.00432136	Cost = 136.565
SSD = 136.271	n = 2685840	Reg = 0.0043135	Cost = 136.275
SSD = 135.993	n = 2685840	Reg = 0.00430645	Cost = 135.998
SSD = 135.689	n = 2685840	Reg = 0.00429926	Cost = 135.694
SSD = 135.366	n = 2685840	Reg = 0.0042922	Cost = 135.37
SSD = 135.076	n = 2685840	Reg = 0.00428644	Cost = 135.08
SSD = 134.728	n = 2685840	Reg = 0.00428023	Cost = 134.732
SSD = 134.389	n = 2685840	Reg = 0.0042749	Cost = 134.393
SSD = 134.054	n = 2685840	Reg = 0.00427033	Cost = 134.058
SSD = 133.737	n = 2685840	Reg = 0.00426675	Cost = 133.742
SSD = 133.425	n = 2685840	Reg = 0.00426388	Cost = 133.429
SSD = 133.133	n = 2685840	Reg = 0.00426196	Cost = 133.138
SSD = 132.83	n = 2685840	Reg = 0.00426067	Cost = 132.834
SSD = 132.52	n = 2685840	Reg = 0.00426022	Cost = 132.524
SSD = 132.227	n = 2685840	Reg = 0.00426058	Cost = 132.231
SSD = 131.937	n = 2685840	Reg = 0.00426182	Cost = 131.942
SSD = 131.627	n = 2685840	Reg = 0.00426395	Cost = 131.631
SSD = 131.33	n = 2685840	Reg = 0.0042671	Cost = 131.335
SSD = 131.027	n = 2685840	Reg = 0.00427128	Cost = 131.031
SSD = 130.717	n = 2685840	Reg = 0.00427678	Cost = 130.721
SSD = 130.425	n = 2685840	Reg = 0.00428309	Cost = 130.429
SSD = 130.116	n = 2685840	Reg = 0.00429105	Cost = 130.12
SSD = 129.807	n = 2685840	Reg = 0.00430019	Cost = 129.811
SSD = 129.508	n = 2685840	Reg = 0.00431038	Cost = 129.513
SSD = 129.195	n = 2685840	Reg = 0.00432265	Cost = 129.199
SSD = 128.891	n = 2685840	Reg = 0.00433598	Cost = 128.895
SSD = 128.58	n = 2685840	Reg = 0.00435115	Cost = 128.584
SSD = 128.243	n = 2685840	Reg = 0.00436891	Cost = 128.247
SSD = 127.921	n = 2685840	Reg = 0.00438765	Cost = 127.926
SSD = 127.589	n = 2685840	Reg = 0.00440849	Cost = 127.594
SSD = 127.205	n = 2685840	Reg = 0.00443521	Cost = 127.21
SSD = 126.869	n = 2685840	Reg = 0.00445985	Cost = 126.874
SSD = 126.529	n = 2685840	Reg = 0.00448664	Cost = 126.534
SSD = 126.184	n = 2685840	Reg = 0.00451515	Cost = 126.189
SSD = 125.841	n = 2685840	Reg = 0.00454579	Cost = 125.846
SSD = 125.486	n = 2685840	Reg = 0.00457894	Cost = 125.491
SSD = 125.18	n = 2685840	Reg = 0.00460952	Cost = 125.184
SSD = 124.909	n = 2685840	Reg = 0.00463845	Cost = 124.914
SSD = 124.61	n = 2685840	Reg = 0.00467199	Cost = 124.615
SSD = 124.362	n = 2685840	Reg = 0.00470147	Cost = 124.366
SSD = 124.119	n = 2685840	Reg = 0.00473161	Cost = 124.124
SSD = 123.844	n = 2685840	Reg = 0.00476815	Cost = 123.848
SSD = 123.577	n = 2685840	Reg = 0.00480498	Cost = 123.582
SSD = 123.311	n = 2685840	Reg = 0.00484382	Cost = 123.316
SSD = 123.041	n = 2685840	Reg = 0.00488525	Cost = 123.046
SSD = 122.679	n = 2685840	Reg = 0.00494438	Cost = 122.684
SSD = 122.187	n = 2685840	Reg = 0.00502747	Cost = 122.192
SSD = 121.731	n = 2685840	Reg = 0.00510817	Cost = 121.736
SSD = 121.35	n = 2685840	Reg = 0.00517856	Cost = 121.355
SSD = 121.014	n = 2685840	Reg = 0.0052423	Cost = 121.019
SSD = 120.693	n = 2685840	Reg = 0.00530477	Cost = 120.698
SSD = 120.394	n = 2685840	Reg = 0.00536409	Cost = 120.399
SSD = 120.048	n = 2685840	Reg = 0.00543356	Cost = 120.053
SSD = 119.713	n = 2685840	Reg = 0.00550293	Cost = 119.718
SSD = 119.409	n = 2685840	Reg = 0.00556703	Cost = 119.415
SSD = 119.08	n = 2685840	Reg = 0.00563864	Cost = 119.085
SSD = 118.758	n = 2685840	Reg = 0.0057087	Cost = 118.763
SSD = 118.486	n = 2685840	Reg = 0.0057687	Cost = 118.492
SSD = 118.219	n = 2685840	Reg = 0.00582845	Cost = 118.224
SSD = 117.964	n = 2685840	Reg = 0.00588624	Cost = 117.97
SSD = 117.71	n = 2685840	Reg = 0.00594497	Cost = 117.716
SSD = 117.476	n = 2685840	Reg = 0.00600015	Cost = 117.482
SSD = 117.233	n = 2685840	Reg = 0.00605745	Cost = 117.24
SSD = 117.019	n = 2685840	Reg = 0.00610899	Cost = 117.025
SSD = 116.796	n = 2685840	Reg = 0.00616242	Cost = 116.803
SSD = 116.589	n = 2685840	Reg = 0.0062131	Cost = 116.596
SSD = 116.384	n = 2685840	Reg = 0.00626323	Cost = 116.391
SSD = 116.174	n = 2685840	Reg = 0.00631503	Cost = 116.18
SSD = 115.976	n = 2685840	Reg = 0.00636349	Cost = 115.983
SSD = 115.777	n = 2685840	Reg = 0.00641288	Cost = 115.784
SSD = 115.577	n = 2685840	Reg = 0.00646263	Cost = 115.583
SSD = 115.379	n = 2685840	Reg = 0.00651222	Cost = 115.385
SSD = 115.2	n = 2685840	Reg = 0.00655641	Cost = 115.207
SSD = 115.011	n = 2685840	Reg = 0.00660371	Cost = 115.018
SSD = 114.816	n = 2685840	Reg = 0.00665268	Cost = 114.822
SSD = 114.642	n = 2685840	Reg = 0.00669638	Cost = 114.649
SSD = 114.466	n = 2685840	Reg = 0.00674035	Cost = 114.473
SSD = 114.293	n = 2685840	Reg = 0.00678386	Cost = 114.3
SSD = 114.128	n = 2685840	Reg = 0.00682527	Cost = 114.134
SSD = 113.968	n = 2685840	Reg = 0.00686531	Cost = 113.974
SSD = 113.816	n = 2685840	Reg = 0.00690252	Cost = 113.823
SSD = 113.663	n = 2685840	Reg = 0.0069397	Cost = 113.67
SSD = 113.494	n = 2685840	Reg = 0.00698162	Cost = 113.501
SSD = 113.338	n = 2685840	Reg = 0.00702071	Cost = 113.345
SSD = 113.183	n = 2685840	Reg = 0.00705896	Cost = 113.19
SSD = 113.032	n = 2685840	Reg = 0.00709691	Cost = 113.039
SSD = 112.857	n = 2685840	Reg = 0.00714048	Cost = 112.864
SSD = 112.693	n = 2685840	Reg = 0.00718186	Cost = 112.7
SSD = 112.526	n = 2685840	Reg = 0.00722374	Cost = 112.534
SSD = 112.364	n = 2685840	Reg = 0.00726464	Cost = 112.372
SSD = 112.206	n = 2685840	Reg = 0.00730451	Cost = 112.213
SSD = 112.061	n = 2685840	Reg = 0.007341	Cost = 112.068
SSD = 111.912	n = 2685840	Reg = 0.00737847	Cost = 111.919
SSD = 111.765	n = 2685840	Reg = 0.00741548	Cost = 111.773
SSD = 111.615	n = 2685840	Reg = 0.0074533	Cost = 111.622
SSD = 111.489	n = 2685840	Reg = 0.00748524	Cost = 111.496
----------REALIGNMENT----------
----------REGISTERING EPI TO ANATOMICAL----------
----------REGISTERING EPI TO MNI----------
----------SMOOTHING----------
MATLAB is selecting SOFTWARE OPENGL rendering.
MATLAB is selecting SOFTWARE OPENGL rendering.
