Non-commercial use only - see $FSLDIR/LICENSE
Loading spm/spm12
  Loading requirement: matlab/r2019a
----------CENTRING IMAGES----------
MATLAB is selecting SOFTWARE OPENGL rendering.

Written new image at:
	/home/tom29/rds/hpc-work/cbbu_BIDS/sub-28/func/sub-28_task-facehouse_acq-1_dir-PA_bold_centred.nii

MATLAB is selecting SOFTWARE OPENGL rendering.

Written new image at:
	/home/tom29/rds/hpc-work/cbbu_BIDS/sub-28/func/sub-28_task-facehouse_acq-2_dir-PA_bold_centred.nii

MATLAB is selecting SOFTWARE OPENGL rendering.

Written new image at:
	/home/tom29/rds/hpc-work/cbbu_BIDS/sub-28/func/sub-28_acq-LC_dir-AP_bold_centred.nii

MATLAB is selecting SOFTWARE OPENGL rendering.

Written new image at:
	/home/tom29/rds/hpc-work/cbbu_BIDS/sub-28/func/sub-28_task-facehouse_acq-1_dir-PA_sbref_centred.nii

----------SUSCEPTIBILITY DISTORTION CORRECTION----------
SSD = 390.003	n = 323454	Reg = 0	Cost = 390.003
SSD = 136.024	n = 323454	Reg = 9.48441	Cost = 145.508
SSD = 97.8853	n = 323454	Reg = 18.4061	Cost = 116.291
SSD = 89.7546	n = 323454	Reg = 22.1465	Cost = 111.901
SSD = 87.6402	n = 323454	Reg = 23.3908	Cost = 111.031
SSD = 86.9984	n = 323454	Reg = 23.8105	Cost = 110.809
***Going to next resolution level***
SSD = 149.746	n = 323454	Reg = 14.165	Cost = 163.911
SSD = 73.5498	n = 323454	Reg = 11.7488	Cost = 85.2987
SSD = 58.6294	n = 323454	Reg = 15.9568	Cost = 74.5861
SSD = 54.7333	n = 323454	Reg = 17.7142	Cost = 72.4475
SSD = 53.3713	n = 323454	Reg = 18.3634	Cost = 71.7348
SSD = 52.8181	n = 323454	Reg = 18.6444	Cost = 71.4625
***Going to next resolution level***
SSD = 131.639	n = 323454	Reg = 4.64675	Cost = 136.285
SSD = 98.7596	n = 323454	Reg = 8.07809	Cost = 106.838
SSD = 90.3219	n = 323454	Reg = 10.7594	Cost = 101.081
SSD = 87.4564	n = 323454	Reg = 11.8809	Cost = 99.3373
SSD = 86.1916	n = 323454	Reg = 12.3846	Cost = 98.5763
SSD = 85.5206	n = 323454	Reg = 12.6801	Cost = 98.2007
***Going to next resolution level***
SSD = 151.678	n = 323454	Reg = 8.00035	Cost = 159.679
SSD = 59.3495	n = 323454	Reg = 3.76672	Cost = 63.1162
SSD = 47.944	n = 323454	Reg = 5.42197	Cost = 53.366
SSD = 44.3303	n = 323454	Reg = 6.14337	Cost = 50.4737
SSD = 42.5655	n = 323454	Reg = 6.55897	Cost = 49.1244
SSD = 41.472	n = 323454	Reg = 6.82178	Cost = 48.2938
SSD = 40.757	n = 323454	Reg = 7.01009	Cost = 47.767
SSD = 40.291	n = 323454	Reg = 7.14983	Cost = 47.4408
SSD = 39.9658	n = 323454	Reg = 7.25524	Cost = 47.2211
SSD = 39.7226	n = 323454	Reg = 7.33826	Cost = 47.0608
SSD = 39.5348	n = 323454	Reg = 7.40653	Cost = 46.9413
***Going to next resolution level***
SSD = 152.545	n = 2685840	Reg = 307.921	Cost = 460.466
SSD = 73.5055	n = 2685840	Reg = 47.8659	Cost = 121.371
SSD = 63.8222	n = 2685840	Reg = 35.7072	Cost = 99.5294
SSD = 62.7218	n = 2685840	Reg = 31.2212	Cost = 93.943
SSD = 63.1547	n = 2685840	Reg = 28.3832	Cost = 91.5379
SSD = 63.7639	n = 2685840	Reg = 26.7611	Cost = 90.5249
SSD = 64.2301	n = 2685840	Reg = 25.8103	Cost = 90.0404
SSD = 64.5869	n = 2685840	Reg = 25.19	Cost = 89.7769
SSD = 64.859	n = 2685840	Reg = 24.7587	Cost = 89.6177
SSD = 65.0626	n = 2685840	Reg = 24.4467	Cost = 89.5093
SSD = 65.2198	n = 2685840	Reg = 24.218	Cost = 89.4378
***Going to next resolution level***
SSD = 65.2198	n = 2685840	Reg = 2.4218	Cost = 67.6416
SSD = 65.0139	n = 2685840	Reg = 2.43674	Cost = 67.4506
SSD = 64.9007	n = 2685840	Reg = 2.44748	Cost = 67.3481
SSD = 64.6645	n = 2685840	Reg = 2.46933	Cost = 67.1338
SSD = 64.2914	n = 2685840	Reg = 2.50743	Cost = 66.7989
SSD = 63.8152	n = 2685840	Reg = 2.56552	Cost = 66.3807
SSD = 63.3764	n = 2685840	Reg = 2.63509	Cost = 66.0115
SSD = 63.0028	n = 2685840	Reg = 2.71009	Cost = 65.7129
SSD = 62.7213	n = 2685840	Reg = 2.77797	Cost = 65.4993
SSD = 62.4625	n = 2685840	Reg = 2.84755	Cost = 65.3101
SSD = 62.2203	n = 2685840	Reg = 2.91553	Cost = 65.1358
SSD = 61.9644	n = 2685840	Reg = 2.98894	Cost = 64.9533
SSD = 61.7136	n = 2685840	Reg = 3.06146	Cost = 64.7751
SSD = 61.4876	n = 2685840	Reg = 3.1269	Cost = 64.6145
SSD = 61.2749	n = 2685840	Reg = 3.18856	Cost = 64.4634
SSD = 61.0586	n = 2685840	Reg = 3.251	Cost = 64.3096
SSD = 60.8464	n = 2685840	Reg = 3.31215	Cost = 64.1586
SSD = 60.6278	n = 2685840	Reg = 3.37499	Cost = 64.0028
SSD = 60.422	n = 2685840	Reg = 3.43376	Cost = 63.8558
SSD = 60.2323	n = 2685840	Reg = 3.48777	Cost = 63.7201
SSD = 60.0354	n = 2685840	Reg = 3.54353	Cost = 63.5789
***Going to next resolution level***
SSD = 659.762	n = 2685840	Reg = 50.9155	Cost = 710.678
SSD = 497.764	n = 2685840	Reg = 38.3648	Cost = 536.128
SSD = 398.98	n = 2685840	Reg = 30.8306	Cost = 429.81
SSD = 366.29	n = 2685840	Reg = 28.3892	Cost = 394.679
SSD = 332.424	n = 2685840	Reg = 25.9479	Cost = 358.372
SSD = 315.126	n = 2685840	Reg = 24.695	Cost = 339.821
SSD = 294.117	n = 2685840	Reg = 23.2636	Cost = 317.38
SSD = 274.808	n = 2685840	Reg = 22.0164	Cost = 296.824
SSD = 264.756	n = 2685840	Reg = 21.4003	Cost = 286.156
SSD = 254.535	n = 2685840	Reg = 20.8136	Cost = 275.348
SSD = 245.605	n = 2685840	Reg = 20.3325	Cost = 265.937
SSD = 237.426	n = 2685840	Reg = 19.9116	Cost = 257.337
SSD = 231.191	n = 2685840	Reg = 19.5949	Cost = 250.785
SSD = 224.128	n = 2685840	Reg = 19.2438	Cost = 243.372
SSD = 219.044	n = 2685840	Reg = 18.9916	Cost = 238.036
SSD = 214.039	n = 2685840	Reg = 18.7537	Cost = 232.792
SSD = 209.209	n = 2685840	Reg = 18.5376	Cost = 227.747
SSD = 205.123	n = 2685840	Reg = 18.3603	Cost = 223.483
SSD = 201.821	n = 2685840	Reg = 18.2228	Cost = 220.043
SSD = 198.244	n = 2685840	Reg = 18.0819	Cost = 216.326
SSD = 194.653	n = 2685840	Reg = 17.948	Cost = 212.601
***Going to next resolution level***
SSD = 260.681	n = 2685840	Reg = 0.240362	Cost = 260.922
SSD = 256.06	n = 2685840	Reg = 0.236342	Cost = 256.296
SSD = 252.404	n = 2685840	Reg = 0.233409	Cost = 252.638
SSD = 249.489	n = 2685840	Reg = 0.23132	Cost = 249.72
SSD = 246.176	n = 2685840	Reg = 0.229223	Cost = 246.405
SSD = 243.631	n = 2685840	Reg = 0.227883	Cost = 243.859
SSD = 241.523	n = 2685840	Reg = 0.227088	Cost = 241.75
SSD = 239.986	n = 2685840	Reg = 0.226711	Cost = 240.212
SSD = 238.063	n = 2685840	Reg = 0.226507	Cost = 238.289
SSD = 236.294	n = 2685840	Reg = 0.226523	Cost = 236.521
SSD = 234.389	n = 2685840	Reg = 0.226822	Cost = 234.616
SSD = 231.073	n = 2685840	Reg = 0.22777	Cost = 231.301
SSD = 227.879	n = 2685840	Reg = 0.229168	Cost = 228.108
SSD = 225.064	n = 2685840	Reg = 0.230913	Cost = 225.295
SSD = 222.817	n = 2685840	Reg = 0.232608	Cost = 223.05
SSD = 220.271	n = 2685840	Reg = 0.23479	Cost = 220.506
SSD = 217.761	n = 2685840	Reg = 0.237365	Cost = 217.999
SSD = 215.411	n = 2685840	Reg = 0.240168	Cost = 215.651
SSD = 213.345	n = 2685840	Reg = 0.242733	Cost = 213.587
SSD = 211.279	n = 2685840	Reg = 0.245676	Cost = 211.525
SSD = 209.39	n = 2685840	Reg = 0.2485	Cost = 209.638
SSD = 207.736	n = 2685840	Reg = 0.251174	Cost = 207.987
SSD = 206.277	n = 2685840	Reg = 0.253797	Cost = 206.531
SSD = 204.676	n = 2685840	Reg = 0.256821	Cost = 204.933
SSD = 203.212	n = 2685840	Reg = 0.25985	Cost = 203.472
SSD = 201.719	n = 2685840	Reg = 0.263075	Cost = 201.982
SSD = 200.448	n = 2685840	Reg = 0.265935	Cost = 200.714
SSD = 199.273	n = 2685840	Reg = 0.268687	Cost = 199.542
SSD = 198.029	n = 2685840	Reg = 0.271757	Cost = 198.301
SSD = 196.835	n = 2685840	Reg = 0.274642	Cost = 197.11
SSD = 195.57	n = 2685840	Reg = 0.277831	Cost = 195.848
SSD = 194.453	n = 2685840	Reg = 0.280636	Cost = 194.733
SSD = 193.334	n = 2685840	Reg = 0.283512	Cost = 193.617
SSD = 192.348	n = 2685840	Reg = 0.286068	Cost = 192.634
SSD = 191.38	n = 2685840	Reg = 0.288637	Cost = 191.669
SSD = 190.405	n = 2685840	Reg = 0.291202	Cost = 190.696
SSD = 189.45	n = 2685840	Reg = 0.293734	Cost = 189.743
SSD = 188.541	n = 2685840	Reg = 0.296119	Cost = 188.837
SSD = 187.61	n = 2685840	Reg = 0.29839	Cost = 187.908
SSD = 186.627	n = 2685840	Reg = 0.301119	Cost = 186.928
SSD = 185.693	n = 2685840	Reg = 0.303698	Cost = 185.996
SSD = 184.769	n = 2685840	Reg = 0.306329	Cost = 185.075
SSD = 183.937	n = 2685840	Reg = 0.308776	Cost = 184.245
SSD = 183.061	n = 2685840	Reg = 0.3114	Cost = 183.373
SSD = 182.293	n = 2685840	Reg = 0.313785	Cost = 182.607
SSD = 181.545	n = 2685840	Reg = 0.316143	Cost = 181.861
SSD = 180.878	n = 2685840	Reg = 0.318324	Cost = 181.196
SSD = 180.246	n = 2685840	Reg = 0.320401	Cost = 180.566
SSD = 179.555	n = 2685840	Reg = 0.322744	Cost = 179.878
SSD = 178.918	n = 2685840	Reg = 0.324931	Cost = 179.242
SSD = 178.2	n = 2685840	Reg = 0.327457	Cost = 178.528
***Going to next resolution level***
SSD = 178.201	n = 2685840	Reg = 0.00654401	Cost = 178.207
SSD = 177.86	n = 2685840	Reg = 0.00653142	Cost = 177.867
SSD = 177.431	n = 2685840	Reg = 0.00651543	Cost = 177.438
SSD = 177.031	n = 2685840	Reg = 0.0065005	Cost = 177.037
SSD = 176.629	n = 2685840	Reg = 0.0064856	Cost = 176.636
SSD = 176.235	n = 2685840	Reg = 0.00647117	Cost = 176.242
SSD = 175.898	n = 2685840	Reg = 0.00645908	Cost = 175.904
SSD = 175.544	n = 2685840	Reg = 0.00644684	Cost = 175.55
SSD = 175.182	n = 2685840	Reg = 0.00643494	Cost = 175.189
SSD = 174.83	n = 2685840	Reg = 0.006424	Cost = 174.836
SSD = 174.473	n = 2685840	Reg = 0.00641367	Cost = 174.479
SSD = 174.126	n = 2685840	Reg = 0.00640438	Cost = 174.133
SSD = 173.729	n = 2685840	Reg = 0.00639462	Cost = 173.736
SSD = 173.341	n = 2685840	Reg = 0.006386	Cost = 173.347
SSD = 172.992	n = 2685840	Reg = 0.00637891	Cost = 172.998
SSD = 172.609	n = 2685840	Reg = 0.00637199	Cost = 172.615
SSD = 172.293	n = 2685840	Reg = 0.00636688	Cost = 172.299
SSD = 171.976	n = 2685840	Reg = 0.00636249	Cost = 171.982
SSD = 171.662	n = 2685840	Reg = 0.0063589	Cost = 171.668
SSD = 171.37	n = 2685840	Reg = 0.0063563	Cost = 171.377
SSD = 171.034	n = 2685840	Reg = 0.00635443	Cost = 171.04
SSD = 170.688	n = 2685840	Reg = 0.00635357	Cost = 170.694
SSD = 170.358	n = 2685840	Reg = 0.00635408	Cost = 170.364
SSD = 170.043	n = 2685840	Reg = 0.00635573	Cost = 170.049
SSD = 169.723	n = 2685840	Reg = 0.00635877	Cost = 169.73
SSD = 169.396	n = 2685840	Reg = 0.00636364	Cost = 169.402
SSD = 169.065	n = 2685840	Reg = 0.00637015	Cost = 169.072
SSD = 168.713	n = 2685840	Reg = 0.00637926	Cost = 168.719
SSD = 168.39	n = 2685840	Reg = 0.00638942	Cost = 168.396
SSD = 168.072	n = 2685840	Reg = 0.00640163	Cost = 168.079
SSD = 167.749	n = 2685840	Reg = 0.00641604	Cost = 167.756
SSD = 167.434	n = 2685840	Reg = 0.00643195	Cost = 167.441
SSD = 167.09	n = 2685840	Reg = 0.00645204	Cost = 167.096
SSD = 166.722	n = 2685840	Reg = 0.0064759	Cost = 166.729
SSD = 166.375	n = 2685840	Reg = 0.0065019	Cost = 166.382
SSD = 166.037	n = 2685840	Reg = 0.00652971	Cost = 166.044
SSD = 165.709	n = 2685840	Reg = 0.00655956	Cost = 165.715
SSD = 165.378	n = 2685840	Reg = 0.00659257	Cost = 165.384
SSD = 165.052	n = 2685840	Reg = 0.00662759	Cost = 165.058
SSD = 164.673	n = 2685840	Reg = 0.00667228	Cost = 164.68
SSD = 164.328	n = 2685840	Reg = 0.00671563	Cost = 164.335
SSD = 163.962	n = 2685840	Reg = 0.00676551	Cost = 163.969
SSD = 163.67	n = 2685840	Reg = 0.00680758	Cost = 163.677
SSD = 163.397	n = 2685840	Reg = 0.00684892	Cost = 163.404
SSD = 163.082	n = 2685840	Reg = 0.00689971	Cost = 163.089
SSD = 162.762	n = 2685840	Reg = 0.00695367	Cost = 162.769
SSD = 162.466	n = 2685840	Reg = 0.00700669	Cost = 162.473
SSD = 162.138	n = 2685840	Reg = 0.00706701	Cost = 162.145
SSD = 161.851	n = 2685840	Reg = 0.0071225	Cost = 161.858
SSD = 161.552	n = 2685840	Reg = 0.00718475	Cost = 161.559
SSD = 161.273	n = 2685840	Reg = 0.00724559	Cost = 161.28
SSD = 160.919	n = 2685840	Reg = 0.00732713	Cost = 160.926
SSD = 160.434	n = 2685840	Reg = 0.00744279	Cost = 160.441
SSD = 159.948	n = 2685840	Reg = 0.00756552	Cost = 159.955
SSD = 159.576	n = 2685840	Reg = 0.00766207	Cost = 159.584
SSD = 159.202	n = 2685840	Reg = 0.0077611	Cost = 159.209
SSD = 158.808	n = 2685840	Reg = 0.00786855	Cost = 158.816
SSD = 158.431	n = 2685840	Reg = 0.00797325	Cost = 158.439
SSD = 158.075	n = 2685840	Reg = 0.00807506	Cost = 158.083
SSD = 157.733	n = 2685840	Reg = 0.00817418	Cost = 157.741
SSD = 157.392	n = 2685840	Reg = 0.00827621	Cost = 157.4
SSD = 157.054	n = 2685840	Reg = 0.00837902	Cost = 157.062
SSD = 156.677	n = 2685840	Reg = 0.00849423	Cost = 156.686
SSD = 156.305	n = 2685840	Reg = 0.00861182	Cost = 156.313
SSD = 155.988	n = 2685840	Reg = 0.00871267	Cost = 155.997
SSD = 155.668	n = 2685840	Reg = 0.00881725	Cost = 155.677
SSD = 155.378	n = 2685840	Reg = 0.00891343	Cost = 155.387
SSD = 155.115	n = 2685840	Reg = 0.00900158	Cost = 155.124
SSD = 154.825	n = 2685840	Reg = 0.0091007	Cost = 154.834
SSD = 154.536	n = 2685840	Reg = 0.00920018	Cost = 154.546
SSD = 154.269	n = 2685840	Reg = 0.00929343	Cost = 154.278
SSD = 153.991	n = 2685840	Reg = 0.00939036	Cost = 154
SSD = 153.753	n = 2685840	Reg = 0.0094752	Cost = 153.763
SSD = 153.524	n = 2685840	Reg = 0.00955717	Cost = 153.533
SSD = 153.295	n = 2685840	Reg = 0.00963989	Cost = 153.304
SSD = 153.054	n = 2685840	Reg = 0.00972795	Cost = 153.064
SSD = 152.8	n = 2685840	Reg = 0.00982061	Cost = 152.81
SSD = 152.564	n = 2685840	Reg = 0.00990765	Cost = 152.574
SSD = 152.337	n = 2685840	Reg = 0.00999137	Cost = 152.347
SSD = 152.128	n = 2685840	Reg = 0.010069	Cost = 152.138
SSD = 151.922	n = 2685840	Reg = 0.0101454	Cost = 151.932
SSD = 151.703	n = 2685840	Reg = 0.0102264	Cost = 151.713
SSD = 151.492	n = 2685840	Reg = 0.0103056	Cost = 151.502
SSD = 151.287	n = 2685840	Reg = 0.0103822	Cost = 151.297
SSD = 151.092	n = 2685840	Reg = 0.0104558	Cost = 151.102
SSD = 150.907	n = 2685840	Reg = 0.0105247	Cost = 150.917
SSD = 150.723	n = 2685840	Reg = 0.0105931	Cost = 150.734
SSD = 150.546	n = 2685840	Reg = 0.0106595	Cost = 150.556
SSD = 150.344	n = 2685840	Reg = 0.0107347	Cost = 150.355
SSD = 150.145	n = 2685840	Reg = 0.0108095	Cost = 150.156
SSD = 149.954	n = 2685840	Reg = 0.010881	Cost = 149.965
SSD = 149.783	n = 2685840	Reg = 0.0109451	Cost = 149.794
SSD = 149.61	n = 2685840	Reg = 0.0110101	Cost = 149.621
SSD = 149.44	n = 2685840	Reg = 0.0110733	Cost = 149.452
SSD = 149.245	n = 2685840	Reg = 0.0111465	Cost = 149.256
SSD = 149.067	n = 2685840	Reg = 0.0112128	Cost = 149.078
SSD = 148.886	n = 2685840	Reg = 0.0112811	Cost = 148.897
SSD = 148.703	n = 2685840	Reg = 0.0113495	Cost = 148.715
SSD = 148.531	n = 2685840	Reg = 0.0114147	Cost = 148.543
SSD = 148.37	n = 2685840	Reg = 0.0114755	Cost = 148.381
SSD = 148.192	n = 2685840	Reg = 0.0115426	Cost = 148.204
----------REALIGNMENT----------
----------REGISTERING EPI TO ANATOMICAL----------
----------REGISTERING EPI TO MNI----------
Processing volume 0
Processing volume 1
Processing volume 2
Processing volume 3
Processing volume 4
Processing volume 5
Processing volume 6
Processing volume 7
Processing volume 8
Processing volume 9
Processing volume 10
Processing volume 11
Processing volume 12
Processing volume 13
Processing volume 14
Processing volume 15
Processing volume 16
Processing volume 17
Processing volume 18
Processing volume 19
Processing volume 20
Processing volume 21
Processing volume 22
Processing volume 23
Processing volume 24
Processing volume 25
Processing volume 26
Processing volume 27
Processing volume 28
Processing volume 29
Processing volume 30
Processing volume 31
Processing volume 32
Processing volume 33
Processing volume 34
Processing volume 35
Processing volume 36
Processing volume 37
Processing volume 38
Processing volume 39
Processing volume 40
Processing volume 41
Processing volume 42
Processing volume 43
Processing volume 44
Processing volume 45
Processing volume 46
Processing volume 47
Processing volume 48
Processing volume 49
Processing volume 50
Processing volume 51
Processing volume 52
Processing volume 53
Processing volume 54
Processing volume 55
Processing volume 56
Processing volume 57
Processing volume 58
Processing volume 59
Processing volume 60
Processing volume 61
Processing volume 62
Processing volume 63
Processing volume 64
Processing volume 65
Processing volume 66
Processing volume 67
Processing volume 68
Processing volume 69
Processing volume 70
Processing volume 71
Error: short write, output file will be truncated
** ERROR: NWAD: wrote only 0 of 57768256 bytes to file
Processing volume 72
Error: short write, output file will be truncated
 file /home/tom29/rds/hpc-work/cbbu_BIDS/sub-28/func/sub-28_task-facehouse_acq-1_dir-PA_bold_vol-72.nii.gz is not recognized as a supported image format . 
terminate called after throwing an instance of 'itk::ExceptionObject'
  what():  
