Non-commercial use only - see $FSLDIR/LICENSE
Loading spm/spm12
  Loading requirement: matlab/r2019a
----------CENTRING IMAGES----------
MATLAB is selecting SOFTWARE OPENGL rendering.

Written new image at:
	/home/tom29/rds/hpc-work/cbbu_BIDS/sub-11/func/sub-11_task-facehouse_acq-1_dir-PA_bold_centred.nii

MATLAB is selecting SOFTWARE OPENGL rendering.

Written new image at:
	/home/tom29/rds/hpc-work/cbbu_BIDS/sub-11/func/sub-11_task-facehouse_acq-2_dir-PA_bold_centred.nii

MATLAB is selecting SOFTWARE OPENGL rendering.

Written new image at:
	/home/tom29/rds/hpc-work/cbbu_BIDS/sub-11/func/sub-11_acq-LC_dir-AP_bold_centred.nii

MATLAB is selecting SOFTWARE OPENGL rendering.

Written new image at:
	/home/tom29/rds/hpc-work/cbbu_BIDS/sub-11/func/sub-11_task-facehouse_acq-1_dir-PA_sbref_centred.nii

----------SUSCEPTIBILITY DISTORTION CORRECTION----------
SSD = 621.037	n = 323454	Reg = 0	Cost = 621.037
SSD = 174.679	n = 323454	Reg = 13.3996	Cost = 188.078
SSD = 113.494	n = 323454	Reg = 23.8748	Cost = 137.369
SSD = 100.202	n = 323454	Reg = 29.2162	Cost = 129.418
SSD = 96.6431	n = 323454	Reg = 31.13	Cost = 127.773
SSD = 95.583	n = 323454	Reg = 31.7679	Cost = 127.351
***Going to next resolution level***
SSD = 169.076	n = 323454	Reg = 16.7421	Cost = 185.818
SSD = 88.0674	n = 323454	Reg = 15.2361	Cost = 103.304
SSD = 70.1438	n = 323454	Reg = 20.3433	Cost = 90.4871
SSD = 65.242	n = 323454	Reg = 22.5911	Cost = 87.8331
SSD = 63.6162	n = 323454	Reg = 23.4472	Cost = 87.0634
SSD = 62.9616	n = 323454	Reg = 23.8044	Cost = 86.766
***Going to next resolution level***
SSD = 161.569	n = 323454	Reg = 6.10857	Cost = 167.678
SSD = 119.173	n = 323454	Reg = 10.3612	Cost = 129.534
SSD = 107.534	n = 323454	Reg = 13.4489	Cost = 120.983
SSD = 102.221	n = 323454	Reg = 14.8042	Cost = 117.025
SSD = 98.5354	n = 323454	Reg = 15.6125	Cost = 114.148
SSD = 96.0015	n = 323454	Reg = 16.195	Cost = 112.196
***Going to next resolution level***
SSD = 170.738	n = 323454	Reg = 10.8779	Cost = 181.615
SSD = 63.6871	n = 323454	Reg = 4.845	Cost = 68.5321
SSD = 48.2969	n = 323454	Reg = 6.61368	Cost = 54.9106
SSD = 43.3158	n = 323454	Reg = 7.6098	Cost = 50.9256
SSD = 40.6111	n = 323454	Reg = 8.05955	Cost = 48.6707
SSD = 38.9544	n = 323454	Reg = 8.35046	Cost = 47.3048
SSD = 37.8448	n = 323454	Reg = 8.55668	Cost = 46.4014
SSD = 37.0511	n = 323454	Reg = 8.71349	Cost = 45.7646
SSD = 36.5011	n = 323454	Reg = 8.82715	Cost = 45.3282
SSD = 36.1127	n = 323454	Reg = 8.91718	Cost = 45.0298
SSD = 35.8326	n = 323454	Reg = 8.987	Cost = 44.8196
***Going to next resolution level***
SSD = 155.567	n = 2685840	Reg = 297.993	Cost = 453.56
SSD = 68.9209	n = 2685840	Reg = 58.7967	Cost = 127.718
SSD = 55.9198	n = 2685840	Reg = 44.061	Cost = 99.9807
SSD = 53.9175	n = 2685840	Reg = 40.0192	Cost = 93.9367
SSD = 54.1103	n = 2685840	Reg = 37.6069	Cost = 91.7172
SSD = 54.8542	n = 2685840	Reg = 35.8348	Cost = 90.689
SSD = 55.5975	n = 2685840	Reg = 34.5008	Cost = 90.0983
SSD = 56.2625	n = 2685840	Reg = 33.4323	Cost = 89.6948
SSD = 56.8085	n = 2685840	Reg = 32.5873	Cost = 89.3958
SSD = 57.2649	n = 2685840	Reg = 31.8961	Cost = 89.161
SSD = 57.6561	n = 2685840	Reg = 31.3107	Cost = 88.9668
***Going to next resolution level***
SSD = 57.6561	n = 2685840	Reg = 3.13107	Cost = 60.7872
SSD = 57.4259	n = 2685840	Reg = 3.14379	Cost = 60.5697
SSD = 57.2976	n = 2685840	Reg = 3.15399	Cost = 60.4516
SSD = 57.067	n = 2685840	Reg = 3.17173	Cost = 60.2387
SSD = 56.6921	n = 2685840	Reg = 3.20402	Cost = 59.8962
SSD = 56.2303	n = 2685840	Reg = 3.25093	Cost = 59.4812
SSD = 55.7678	n = 2685840	Reg = 3.31173	Cost = 59.0796
SSD = 55.38	n = 2685840	Reg = 3.37651	Cost = 58.7565
SSD = 55.0902	n = 2685840	Reg = 3.43654	Cost = 58.5267
SSD = 54.8756	n = 2685840	Reg = 3.48559	Cost = 58.3612
SSD = 54.6876	n = 2685840	Reg = 3.53025	Cost = 58.2178
SSD = 54.4464	n = 2685840	Reg = 3.58827	Cost = 58.0347
SSD = 54.1791	n = 2685840	Reg = 3.65277	Cost = 57.8319
SSD = 53.9406	n = 2685840	Reg = 3.71067	Cost = 57.6512
SSD = 53.7096	n = 2685840	Reg = 3.76679	Cost = 57.4764
SSD = 53.5001	n = 2685840	Reg = 3.81721	Cost = 57.3173
SSD = 53.3252	n = 2685840	Reg = 3.85857	Cost = 57.1838
SSD = 53.1291	n = 2685840	Reg = 3.90454	Cost = 57.0336
SSD = 52.8789	n = 2685840	Reg = 3.96262	Cost = 56.8415
SSD = 52.6651	n = 2685840	Reg = 4.01226	Cost = 56.6774
SSD = 52.4621	n = 2685840	Reg = 4.05904	Cost = 56.5211
***Going to next resolution level***
SSD = 1230.4	n = 2685840	Reg = 197.922	Cost = 1428.32
SSD = 795.227	n = 2685840	Reg = 126.832	Cost = 922.059
SSD = 711.382	n = 2685840	Reg = 113.276	Cost = 824.658
SSD = 661.001	n = 2685840	Reg = 105.034	Cost = 766.036
SSD = 611.76	n = 2685840	Reg = 96.975	Cost = 708.735
SSD = 567.132	n = 2685840	Reg = 89.7275	Cost = 656.86
SSD = 517.754	n = 2685840	Reg = 81.7467	Cost = 599.501
SSD = 483.756	n = 2685840	Reg = 76.2161	Cost = 559.972
SSD = 446.186	n = 2685840	Reg = 70.1612	Cost = 516.347
SSD = 422.635	n = 2685840	Reg = 66.4404	Cost = 489.075
SSD = 400.93	n = 2685840	Reg = 63.1379	Cost = 464.068
SSD = 378.968	n = 2685840	Reg = 59.9972	Cost = 438.965
SSD = 368.139	n = 2685840	Reg = 58.5323	Cost = 426.672
SSD = 354.887	n = 2685840	Reg = 56.8392	Cost = 411.726
SSD = 341.81	n = 2685840	Reg = 55.258	Cost = 397.068
SSD = 333.376	n = 2685840	Reg = 54.2872	Cost = 387.663
SSD = 323.714	n = 2685840	Reg = 53.2598	Cost = 376.974
SSD = 313.125	n = 2685840	Reg = 52.1718	Cost = 365.297
SSD = 306.26	n = 2685840	Reg = 51.488	Cost = 357.748
SSD = 299.833	n = 2685840	Reg = 50.8672	Cost = 350.7
SSD = 291.495	n = 2685840	Reg = 50.0612	Cost = 341.556
***Going to next resolution level***
SSD = 344.241	n = 2685840	Reg = 0.591199	Cost = 344.832
SSD = 338.136	n = 2685840	Reg = 0.580966	Cost = 338.717
SSD = 329.815	n = 2685840	Reg = 0.567513	Cost = 330.382
SSD = 322.221	n = 2685840	Reg = 0.555569	Cost = 322.777
SSD = 316.091	n = 2685840	Reg = 0.546315	Cost = 316.637
SSD = 310.637	n = 2685840	Reg = 0.53857	Cost = 311.175
SSD = 306.611	n = 2685840	Reg = 0.533387	Cost = 307.144
SSD = 302.979	n = 2685840	Reg = 0.529191	Cost = 303.509
SSD = 298.972	n = 2685840	Reg = 0.525048	Cost = 299.497
SSD = 293.102	n = 2685840	Reg = 0.51966	Cost = 293.622
SSD = 287.846	n = 2685840	Reg = 0.515578	Cost = 288.362
SSD = 281.787	n = 2685840	Reg = 0.511957	Cost = 282.299
SSD = 276.902	n = 2685840	Reg = 0.509691	Cost = 277.411
SSD = 272.377	n = 2685840	Reg = 0.508695	Cost = 272.885
SSD = 267.902	n = 2685840	Reg = 0.508498	Cost = 268.41
SSD = 263.708	n = 2685840	Reg = 0.509056	Cost = 264.217
SSD = 259.942	n = 2685840	Reg = 0.510155	Cost = 260.452
SSD = 256.357	n = 2685840	Reg = 0.51184	Cost = 256.869
SSD = 252.93	n = 2685840	Reg = 0.514117	Cost = 253.445
SSD = 249.426	n = 2685840	Reg = 0.51709	Cost = 249.944
SSD = 245.821	n = 2685840	Reg = 0.520749	Cost = 246.342
SSD = 242.097	n = 2685840	Reg = 0.525081	Cost = 242.622
SSD = 238.546	n = 2685840	Reg = 0.529763	Cost = 239.076
SSD = 235.221	n = 2685840	Reg = 0.534527	Cost = 235.756
SSD = 232.039	n = 2685840	Reg = 0.539572	Cost = 232.578
SSD = 229.102	n = 2685840	Reg = 0.544611	Cost = 229.646
SSD = 226.389	n = 2685840	Reg = 0.549235	Cost = 226.938
SSD = 223.968	n = 2685840	Reg = 0.553576	Cost = 224.521
SSD = 221.665	n = 2685840	Reg = 0.557838	Cost = 222.223
SSD = 219.651	n = 2685840	Reg = 0.561701	Cost = 220.212
SSD = 217.478	n = 2685840	Reg = 0.566	Cost = 218.044
SSD = 215.408	n = 2685840	Reg = 0.570108	Cost = 215.978
SSD = 213.367	n = 2685840	Reg = 0.574253	Cost = 213.941
SSD = 211.346	n = 2685840	Reg = 0.578426	Cost = 211.924
SSD = 209.334	n = 2685840	Reg = 0.582682	Cost = 209.917
SSD = 207.405	n = 2685840	Reg = 0.586834	Cost = 207.991
SSD = 205.458	n = 2685840	Reg = 0.591046	Cost = 206.049
SSD = 203.582	n = 2685840	Reg = 0.595204	Cost = 204.177
SSD = 201.865	n = 2685840	Reg = 0.599208	Cost = 202.465
SSD = 200.258	n = 2685840	Reg = 0.602947	Cost = 200.861
SSD = 198.697	n = 2685840	Reg = 0.606706	Cost = 199.304
SSD = 197.237	n = 2685840	Reg = 0.610269	Cost = 197.847
SSD = 195.795	n = 2685840	Reg = 0.613921	Cost = 196.409
SSD = 194.3	n = 2685840	Reg = 0.617752	Cost = 194.918
SSD = 192.851	n = 2685840	Reg = 0.621479	Cost = 193.472
SSD = 191.37	n = 2685840	Reg = 0.625394	Cost = 191.996
SSD = 189.984	n = 2685840	Reg = 0.629119	Cost = 190.613
SSD = 188.636	n = 2685840	Reg = 0.632858	Cost = 189.269
SSD = 187.328	n = 2685840	Reg = 0.636546	Cost = 187.964
SSD = 185.986	n = 2685840	Reg = 0.640372	Cost = 186.626
SSD = 184.708	n = 2685840	Reg = 0.644177	Cost = 185.352
***Going to next resolution level***
SSD = 184.708	n = 2685840	Reg = 0.0128739	Cost = 184.721
SSD = 184.109	n = 2685840	Reg = 0.012832	Cost = 184.122
SSD = 183.341	n = 2685840	Reg = 0.0127781	Cost = 183.353
SSD = 182.494	n = 2685840	Reg = 0.0127186	Cost = 182.507
SSD = 181.707	n = 2685840	Reg = 0.0126633	Cost = 181.72
SSD = 180.914	n = 2685840	Reg = 0.0126076	Cost = 180.926
SSD = 180.144	n = 2685840	Reg = 0.0125538	Cost = 180.156
SSD = 179.473	n = 2685840	Reg = 0.0125074	Cost = 179.486
SSD = 178.789	n = 2685840	Reg = 0.0124609	Cost = 178.802
SSD = 178.004	n = 2685840	Reg = 0.0124086	Cost = 178.016
SSD = 177.197	n = 2685840	Reg = 0.0123563	Cost = 177.209
SSD = 176.352	n = 2685840	Reg = 0.0123034	Cost = 176.364
SSD = 175.608	n = 2685840	Reg = 0.0122585	Cost = 175.621
SSD = 174.938	n = 2685840	Reg = 0.0122196	Cost = 174.95
SSD = 174.278	n = 2685840	Reg = 0.0121827	Cost = 174.29
SSD = 173.604	n = 2685840	Reg = 0.0121466	Cost = 173.617
SSD = 172.925	n = 2685840	Reg = 0.0121118	Cost = 172.937
SSD = 172.248	n = 2685840	Reg = 0.0120788	Cost = 172.26
SSD = 171.583	n = 2685840	Reg = 0.0120484	Cost = 171.595
SSD = 170.958	n = 2685840	Reg = 0.0120218	Cost = 170.97
SSD = 170.335	n = 2685840	Reg = 0.0119976	Cost = 170.347
SSD = 169.689	n = 2685840	Reg = 0.0119752	Cost = 169.701
SSD = 169.091	n = 2685840	Reg = 0.0119572	Cost = 169.103
SSD = 168.479	n = 2685840	Reg = 0.0119419	Cost = 168.491
SSD = 167.863	n = 2685840	Reg = 0.0119299	Cost = 167.875
SSD = 167.267	n = 2685840	Reg = 0.0119218	Cost = 167.279
SSD = 166.625	n = 2685840	Reg = 0.011917	Cost = 166.637
SSD = 166.023	n = 2685840	Reg = 0.0119163	Cost = 166.035
SSD = 165.406	n = 2685840	Reg = 0.0119197	Cost = 165.418
SSD = 164.822	n = 2685840	Reg = 0.0119274	Cost = 164.834
SSD = 164.213	n = 2685840	Reg = 0.0119396	Cost = 164.225
SSD = 163.626	n = 2685840	Reg = 0.0119562	Cost = 163.638
SSD = 163.039	n = 2685840	Reg = 0.0119779	Cost = 163.051
SSD = 162.47	n = 2685840	Reg = 0.0120038	Cost = 162.482
SSD = 161.895	n = 2685840	Reg = 0.0120355	Cost = 161.907
SSD = 161.298	n = 2685840	Reg = 0.0120732	Cost = 161.31
SSD = 160.701	n = 2685840	Reg = 0.0121162	Cost = 160.713
SSD = 160.09	n = 2685840	Reg = 0.0121654	Cost = 160.102
SSD = 159.516	n = 2685840	Reg = 0.0122163	Cost = 159.528
SSD = 158.95	n = 2685840	Reg = 0.0122726	Cost = 158.962
SSD = 158.328	n = 2685840	Reg = 0.0123397	Cost = 158.34
SSD = 157.708	n = 2685840	Reg = 0.0124112	Cost = 157.72
SSD = 157.072	n = 2685840	Reg = 0.01249	Cost = 157.085
SSD = 156.502	n = 2685840	Reg = 0.0125658	Cost = 156.515
SSD = 155.967	n = 2685840	Reg = 0.0126409	Cost = 155.98
SSD = 155.406	n = 2685840	Reg = 0.0127243	Cost = 155.419
SSD = 154.859	n = 2685840	Reg = 0.0128101	Cost = 154.872
SSD = 154.341	n = 2685840	Reg = 0.0128961	Cost = 154.354
SSD = 153.849	n = 2685840	Reg = 0.0129816	Cost = 153.862
SSD = 153.335	n = 2685840	Reg = 0.013074	Cost = 153.348
SSD = 152.724	n = 2685840	Reg = 0.0131876	Cost = 152.737
SSD = 151.773	n = 2685840	Reg = 0.0133744	Cost = 151.786
SSD = 151.067	n = 2685840	Reg = 0.01352	Cost = 151.08
SSD = 150.455	n = 2685840	Reg = 0.0136501	Cost = 150.469
SSD = 149.871	n = 2685840	Reg = 0.0137783	Cost = 149.885
SSD = 149.286	n = 2685840	Reg = 0.0139097	Cost = 149.3
SSD = 148.725	n = 2685840	Reg = 0.0140387	Cost = 148.739
SSD = 148.143	n = 2685840	Reg = 0.0141772	Cost = 148.158
SSD = 147.523	n = 2685840	Reg = 0.0143199	Cost = 147.538
SSD = 146.905	n = 2685840	Reg = 0.0144556	Cost = 146.92
SSD = 146.339	n = 2685840	Reg = 0.0145951	Cost = 146.354
SSD = 145.759	n = 2685840	Reg = 0.0147401	Cost = 145.773
SSD = 145.23	n = 2685840	Reg = 0.0148743	Cost = 145.245
SSD = 144.703	n = 2685840	Reg = 0.0150116	Cost = 144.718
SSD = 144.199	n = 2685840	Reg = 0.0151449	Cost = 144.214
SSD = 143.695	n = 2685840	Reg = 0.0152817	Cost = 143.71
SSD = 143.231	n = 2685840	Reg = 0.0154092	Cost = 143.246
SSD = 142.773	n = 2685840	Reg = 0.0155372	Cost = 142.789
SSD = 142.292	n = 2685840	Reg = 0.0156628	Cost = 142.308
SSD = 141.815	n = 2685840	Reg = 0.0157757	Cost = 141.831
SSD = 141.303	n = 2685840	Reg = 0.015915	Cost = 141.319
SSD = 140.819	n = 2685840	Reg = 0.0160483	Cost = 140.835
SSD = 140.372	n = 2685840	Reg = 0.0161725	Cost = 140.388
SSD = 139.942	n = 2685840	Reg = 0.0162925	Cost = 139.958
SSD = 139.543	n = 2685840	Reg = 0.0164045	Cost = 139.559
SSD = 139.157	n = 2685840	Reg = 0.0165129	Cost = 139.174
SSD = 138.767	n = 2685840	Reg = 0.0166224	Cost = 138.784
SSD = 138.365	n = 2685840	Reg = 0.0167363	Cost = 138.382
SSD = 138.006	n = 2685840	Reg = 0.0168379	Cost = 138.023
SSD = 137.627	n = 2685840	Reg = 0.0169458	Cost = 137.644
SSD = 137.245	n = 2685840	Reg = 0.0170548	Cost = 137.262
SSD = 136.878	n = 2685840	Reg = 0.01716	Cost = 136.895
SSD = 136.503	n = 2685840	Reg = 0.0172681	Cost = 136.521
SSD = 136.124	n = 2685840	Reg = 0.0173775	Cost = 136.142
SSD = 135.77	n = 2685840	Reg = 0.01748	Cost = 135.788
SSD = 135.437	n = 2685840	Reg = 0.017576	Cost = 135.455
SSD = 135.099	n = 2685840	Reg = 0.0176735	Cost = 135.117
SSD = 134.758	n = 2685840	Reg = 0.0177722	Cost = 134.776
SSD = 134.423	n = 2685840	Reg = 0.0178689	Cost = 134.441
SSD = 134.123	n = 2685840	Reg = 0.0179559	Cost = 134.141
SSD = 133.82	n = 2685840	Reg = 0.0180441	Cost = 133.838
SSD = 133.503	n = 2685840	Reg = 0.018136	Cost = 133.521
SSD = 133.185	n = 2685840	Reg = 0.0182293	Cost = 133.204
SSD = 132.867	n = 2685840	Reg = 0.0183232	Cost = 132.886
SSD = 132.548	n = 2685840	Reg = 0.0184165	Cost = 132.567
SSD = 132.249	n = 2685840	Reg = 0.0185042	Cost = 132.268
SSD = 131.971	n = 2685840	Reg = 0.0185865	Cost = 131.989
SSD = 131.679	n = 2685840	Reg = 0.0186723	Cost = 131.698
SSD = 131.39	n = 2685840	Reg = 0.0187577	Cost = 131.408
SSD = 131.104	n = 2685840	Reg = 0.0188422	Cost = 131.123
SSD = 130.862	n = 2685840	Reg = 0.0189141	Cost = 130.881
----------REALIGNMENT----------
----------REGISTERING EPI TO ANATOMICAL----------
----------REGISTERING EPI TO MNI----------
Processing volume 0
Processing volume 1
Processing volume 2
Processing volume 3
Processing volume 4
Processing volume 5
Processing volume 6
Processing volume 7
Processing volume 8
Processing volume 9
Processing volume 10
Processing volume 11
Processing volume 12
Processing volume 13
Processing volume 14
Processing volume 15
Processing volume 16
Processing volume 17
Processing volume 18
Processing volume 19
Processing volume 20
Processing volume 21
Processing volume 22
Processing volume 23
Processing volume 24
Processing volume 25
Processing volume 26
Processing volume 27
Processing volume 28
Processing volume 29
Processing volume 30
Processing volume 31
Processing volume 32
Processing volume 33
Processing volume 34
Processing volume 35
Processing volume 36
Processing volume 37
Processing volume 38
Processing volume 39
Processing volume 40
Processing volume 41
Processing volume 42
Processing volume 43
Processing volume 44
Processing volume 45
Processing volume 46
Processing volume 47
Processing volume 48
Processing volume 49
Processing volume 50
Processing volume 51
Processing volume 52
Processing volume 53
Processing volume 54
Processing volume 55
Processing volume 56
Processing volume 57
Processing volume 58
Processing volume 59
Processing volume 60
Processing volume 61
Processing volume 62
Processing volume 63
Processing volume 64
Processing volume 65
Processing volume 66
Processing volume 67
Processing volume 68
Processing volume 69
** ERROR: NWAD: wrote only 0 of 57768256 bytes to file
Processing volume 70
Error: short write, output file will be truncated
** ERROR: NWAD: wrote only 0 of 57768256 bytes to file
Processing volume 71
Error: short write, output file will be truncated
** ERROR: NWAD: wrote only 0 of 57768256 bytes to file
Processing volume 72
Error: short write, output file will be truncated
** ERROR: NWAD: wrote only 0 of 57768256 bytes to file
Processing volume 73
Error: short write, output file will be truncated
Processing volume 74
Error: short write, output file will be truncated
Processing volume 75
Processing volume 76
