Non-commercial use only - see $FSLDIR/LICENSE
Loading spm/spm12
  Loading requirement: matlab/r2019a
----------CENTRING IMAGES----------
MATLAB is selecting SOFTWARE OPENGL rendering.

Written new image at:
	/home/tom29/rds/rds-pal_lab-WJZDLUY2Dhw/cbbu_BIDS/sub-38/func/sub-38_task-facehouse_acq-1_dir-PA_bold_centred.nii

MATLAB is selecting SOFTWARE OPENGL rendering.

Written new image at:
	/home/tom29/rds/rds-pal_lab-WJZDLUY2Dhw/cbbu_BIDS/sub-38/func/sub-38_task-facehouse_acq-2_dir-PA_bold_centred.nii

MATLAB is selecting SOFTWARE OPENGL rendering.

Written new image at:
	/home/tom29/rds/rds-pal_lab-WJZDLUY2Dhw/cbbu_BIDS/sub-38/func/sub-38_acq-LC_dir-AP_bold_centred.nii

MATLAB is selecting SOFTWARE OPENGL rendering.

Written new image at:
	/home/tom29/rds/rds-pal_lab-WJZDLUY2Dhw/cbbu_BIDS/sub-38/func/sub-38_task-facehouse_acq-1_dir-PA_sbref_centred.nii

----------SUSCEPTIBILITY DISTORTION CORRECTION----------
SSD = 903.447	n = 323454	Reg = 0	Cost = 903.447
SSD = 276.75	n = 323454	Reg = 23.2526	Cost = 300.002
SSD = 176.222	n = 323454	Reg = 35.1209	Cost = 211.343
SSD = 154.678	n = 323454	Reg = 41.7248	Cost = 196.402
SSD = 149.332	n = 323454	Reg = 44.3206	Cost = 193.652
SSD = 147.786	n = 323454	Reg = 45.2016	Cost = 192.988
***Going to next resolution level***
SSD = 228.645	n = 323454	Reg = 23.499	Cost = 252.144
SSD = 122.239	n = 323454	Reg = 21.9568	Cost = 144.196
SSD = 95.3213	n = 323454	Reg = 28.6874	Cost = 124.009
SSD = 85.7881	n = 323454	Reg = 31.4806	Cost = 117.269
SSD = 81.4792	n = 323454	Reg = 32.7615	Cost = 114.241
SSD = 79.2446	n = 323454	Reg = 33.4664	Cost = 112.711
***Going to next resolution level***
SSD = 177.685	n = 323454	Reg = 7.50394	Cost = 185.188
SSD = 133.28	n = 323454	Reg = 12.3914	Cost = 145.671
SSD = 122.941	n = 323454	Reg = 15.6694	Cost = 138.61
SSD = 119.229	n = 323454	Reg = 17.0835	Cost = 136.313
SSD = 117.172	n = 323454	Reg = 17.832	Cost = 135.004
SSD = 115.698	n = 323454	Reg = 18.3564	Cost = 134.054
***Going to next resolution level***
SSD = 187.73	n = 323454	Reg = 9.33569	Cost = 197.066
SSD = 73.0796	n = 323454	Reg = 4.96764	Cost = 78.0472
SSD = 56.7738	n = 323454	Reg = 6.92212	Cost = 63.6959
SSD = 51.4986	n = 323454	Reg = 7.81689	Cost = 59.3155
SSD = 48.9437	n = 323454	Reg = 8.22496	Cost = 57.1686
SSD = 47.3497	n = 323454	Reg = 8.5098	Cost = 55.8595
SSD = 46.2293	n = 323454	Reg = 8.7073	Cost = 54.9366
SSD = 45.4393	n = 323454	Reg = 8.87194	Cost = 54.3112
SSD = 44.8488	n = 323454	Reg = 9.00866	Cost = 53.8575
SSD = 44.4073	n = 323454	Reg = 9.12198	Cost = 53.5293
SSD = 44.0608	n = 323454	Reg = 9.22131	Cost = 53.2821
***Going to next resolution level***
SSD = 154.217	n = 2685840	Reg = 311.866	Cost = 466.083
SSD = 76.2907	n = 2685840	Reg = 56.2416	Cost = 132.532
SSD = 62.9617	n = 2685840	Reg = 43.2354	Cost = 106.197
SSD = 60.6708	n = 2685840	Reg = 39.2025	Cost = 99.8733
SSD = 60.834	n = 2685840	Reg = 36.5386	Cost = 97.3726
SSD = 61.4707	n = 2685840	Reg = 34.7467	Cost = 96.2174
SSD = 62.0619	n = 2685840	Reg = 33.5053	Cost = 95.5672
SSD = 62.522	n = 2685840	Reg = 32.6976	Cost = 95.2195
SSD = 62.8579	n = 2685840	Reg = 32.0854	Cost = 94.9433
SSD = 63.117	n = 2685840	Reg = 31.5941	Cost = 94.7111
SSD = 63.299	n = 2685840	Reg = 31.2437	Cost = 94.5427
***Going to next resolution level***
SSD = 63.299	n = 2685840	Reg = 3.12437	Cost = 66.4233
SSD = 63.0244	n = 2685840	Reg = 3.14044	Cost = 66.1648
SSD = 62.7761	n = 2685840	Reg = 3.15933	Cost = 65.9355
SSD = 62.5131	n = 2685840	Reg = 3.17945	Cost = 65.6925
SSD = 62.056	n = 2685840	Reg = 3.22161	Cost = 65.2777
SSD = 61.4498	n = 2685840	Reg = 3.28655	Cost = 64.7364
SSD = 60.8579	n = 2685840	Reg = 3.36525	Cost = 64.2232
SSD = 60.2817	n = 2685840	Reg = 3.46573	Cost = 63.7474
SSD = 59.8939	n = 2685840	Reg = 3.54802	Cost = 63.442
SSD = 59.5416	n = 2685840	Reg = 3.63229	Cost = 63.1739
SSD = 59.2245	n = 2685840	Reg = 3.71258	Cost = 62.937
SSD = 58.9025	n = 2685840	Reg = 3.79515	Cost = 62.6976
SSD = 58.5463	n = 2685840	Reg = 3.88743	Cost = 62.4337
SSD = 58.2368	n = 2685840	Reg = 3.96797	Cost = 62.2047
SSD = 57.9739	n = 2685840	Reg = 4.03632	Cost = 62.0102
SSD = 57.7107	n = 2685840	Reg = 4.10381	Cost = 61.8145
SSD = 57.4285	n = 2685840	Reg = 4.17549	Cost = 61.604
SSD = 57.1261	n = 2685840	Reg = 4.25185	Cost = 61.378
SSD = 56.8847	n = 2685840	Reg = 4.3124	Cost = 61.1971
SSD = 56.6092	n = 2685840	Reg = 4.38106	Cost = 60.9902
SSD = 56.3679	n = 2685840	Reg = 4.44062	Cost = 60.8085
***Going to next resolution level***
SSD = 823.032	n = 2685840	Reg = 88.2114	Cost = 911.244
SSD = 678.005	n = 2685840	Reg = 72.3061	Cost = 750.312
SSD = 624.028	n = 2685840	Reg = 66.4036	Cost = 690.431
SSD = 542.629	n = 2685840	Reg = 57.6475	Cost = 600.277
SSD = 482.591	n = 2685840	Reg = 51.3817	Cost = 533.973
SSD = 445.068	n = 2685840	Reg = 47.6547	Cost = 492.723
SSD = 412.821	n = 2685840	Reg = 44.6497	Cost = 457.47
SSD = 388.175	n = 2685840	Reg = 42.5601	Cost = 430.735
SSD = 369.294	n = 2685840	Reg = 41.1618	Cost = 410.456
SSD = 353.093	n = 2685840	Reg = 40.0724	Cost = 393.165
SSD = 338.969	n = 2685840	Reg = 39.166	Cost = 378.135
SSD = 326.851	n = 2685840	Reg = 38.4064	Cost = 365.257
SSD = 316.104	n = 2685840	Reg = 37.6841	Cost = 353.788
SSD = 304.531	n = 2685840	Reg = 36.9247	Cost = 341.456
SSD = 294.484	n = 2685840	Reg = 36.3065	Cost = 330.791
SSD = 287.396	n = 2685840	Reg = 35.8476	Cost = 323.243
SSD = 279.244	n = 2685840	Reg = 35.3356	Cost = 314.58
SSD = 271.247	n = 2685840	Reg = 34.852	Cost = 306.099
SSD = 265.445	n = 2685840	Reg = 34.4933	Cost = 299.938
SSD = 259.671	n = 2685840	Reg = 34.1422	Cost = 293.813
SSD = 253.135	n = 2685840	Reg = 33.7313	Cost = 286.867
***Going to next resolution level***
SSD = 310.218	n = 2685840	Reg = 0.413378	Cost = 310.631
SSD = 305.202	n = 2685840	Reg = 0.406891	Cost = 305.609
SSD = 298.42	n = 2685840	Reg = 0.39846	Cost = 298.819
SSD = 292.818	n = 2685840	Reg = 0.391771	Cost = 293.21
SSD = 287.399	n = 2685840	Reg = 0.385653	Cost = 287.784
SSD = 283.231	n = 2685840	Reg = 0.381389	Cost = 283.613
SSD = 279.047	n = 2685840	Reg = 0.377718	Cost = 279.424
SSD = 275.931	n = 2685840	Reg = 0.375376	Cost = 276.306
SSD = 273.246	n = 2685840	Reg = 0.373811	Cost = 273.62
SSD = 270.389	n = 2685840	Reg = 0.372754	Cost = 270.761
SSD = 267.283	n = 2685840	Reg = 0.372043	Cost = 267.655
SSD = 262.212	n = 2685840	Reg = 0.371721	Cost = 262.584
SSD = 258.615	n = 2685840	Reg = 0.372014	Cost = 258.987
SSD = 254.581	n = 2685840	Reg = 0.373789	Cost = 254.954
SSD = 251.444	n = 2685840	Reg = 0.375291	Cost = 251.819
SSD = 248.116	n = 2685840	Reg = 0.37719	Cost = 248.493
SSD = 244.941	n = 2685840	Reg = 0.379925	Cost = 245.321
SSD = 241.958	n = 2685840	Reg = 0.382843	Cost = 242.34
SSD = 238.965	n = 2685840	Reg = 0.386531	Cost = 239.352
SSD = 236.115	n = 2685840	Reg = 0.390205	Cost = 236.505
SSD = 233.186	n = 2685840	Reg = 0.394213	Cost = 233.58
SSD = 230.454	n = 2685840	Reg = 0.398788	Cost = 230.853
SSD = 227.901	n = 2685840	Reg = 0.403523	Cost = 228.304
SSD = 225.344	n = 2685840	Reg = 0.409045	Cost = 225.754
SSD = 222.773	n = 2685840	Reg = 0.414364	Cost = 223.188
SSD = 220.201	n = 2685840	Reg = 0.419936	Cost = 220.621
SSD = 217.965	n = 2685840	Reg = 0.425294	Cost = 218.391
SSD = 215.882	n = 2685840	Reg = 0.43031	Cost = 216.312
SSD = 214.132	n = 2685840	Reg = 0.434942	Cost = 214.567
SSD = 212.144	n = 2685840	Reg = 0.440139	Cost = 212.584
SSD = 210.474	n = 2685840	Reg = 0.4443	Cost = 210.919
SSD = 208.94	n = 2685840	Reg = 0.448377	Cost = 209.388
SSD = 207.528	n = 2685840	Reg = 0.452069	Cost = 207.98
SSD = 206.168	n = 2685840	Reg = 0.455939	Cost = 206.624
SSD = 204.602	n = 2685840	Reg = 0.460411	Cost = 205.062
SSD = 203.213	n = 2685840	Reg = 0.464288	Cost = 203.677
SSD = 201.91	n = 2685840	Reg = 0.467989	Cost = 202.378
SSD = 200.58	n = 2685840	Reg = 0.471599	Cost = 201.051
SSD = 199.362	n = 2685840	Reg = 0.475076	Cost = 199.837
SSD = 198.004	n = 2685840	Reg = 0.479177	Cost = 198.483
SSD = 196.799	n = 2685840	Reg = 0.482507	Cost = 197.282
SSD = 195.625	n = 2685840	Reg = 0.485744	Cost = 196.11
SSD = 194.424	n = 2685840	Reg = 0.488942	Cost = 194.913
SSD = 193.25	n = 2685840	Reg = 0.492186	Cost = 193.743
SSD = 192.093	n = 2685840	Reg = 0.49558	Cost = 192.589
SSD = 191.101	n = 2685840	Reg = 0.4985	Cost = 191.6
SSD = 190.042	n = 2685840	Reg = 0.50193	Cost = 190.544
SSD = 189.023	n = 2685840	Reg = 0.505102	Cost = 189.528
SSD = 187.988	n = 2685840	Reg = 0.508311	Cost = 188.497
SSD = 187.005	n = 2685840	Reg = 0.51163	Cost = 187.516
SSD = 186.08	n = 2685840	Reg = 0.514849	Cost = 186.595
***Going to next resolution level***
SSD = 186.081	n = 2685840	Reg = 0.0102883	Cost = 186.092
SSD = 185.631	n = 2685840	Reg = 0.0102634	Cost = 185.641
SSD = 185.079	n = 2685840	Reg = 0.0102329	Cost = 185.089
SSD = 184.457	n = 2685840	Reg = 0.0101987	Cost = 184.467
SSD = 183.826	n = 2685840	Reg = 0.0101645	Cost = 183.836
SSD = 183.242	n = 2685840	Reg = 0.0101333	Cost = 183.252
SSD = 182.678	n = 2685840	Reg = 0.010104	Cost = 182.688
SSD = 182.169	n = 2685840	Reg = 0.0100784	Cost = 182.179
SSD = 181.733	n = 2685840	Reg = 0.0100574	Cost = 181.743
SSD = 181.34	n = 2685840	Reg = 0.0100393	Cost = 181.35
SSD = 180.886	n = 2685840	Reg = 0.0100194	Cost = 180.896
SSD = 180.361	n = 2685840	Reg = 0.00999775	Cost = 180.371
SSD = 179.841	n = 2685840	Reg = 0.00997755	Cost = 179.851
SSD = 179.374	n = 2685840	Reg = 0.00996077	Cost = 179.384
SSD = 178.909	n = 2685840	Reg = 0.00994548	Cost = 178.919
SSD = 178.441	n = 2685840	Reg = 0.00993164	Cost = 178.451
SSD = 177.983	n = 2685840	Reg = 0.00991963	Cost = 177.993
SSD = 177.511	n = 2685840	Reg = 0.00990951	Cost = 177.521
SSD = 177.002	n = 2685840	Reg = 0.00990072	Cost = 177.012
SSD = 176.487	n = 2685840	Reg = 0.00989472	Cost = 176.497
SSD = 176.019	n = 2685840	Reg = 0.00989203	Cost = 176.029
SSD = 175.532	n = 2685840	Reg = 0.0098926	Cost = 175.542
SSD = 175.009	n = 2685840	Reg = 0.00989664	Cost = 175.019
SSD = 174.481	n = 2685840	Reg = 0.00990484	Cost = 174.491
SSD = 173.959	n = 2685840	Reg = 0.00991668	Cost = 173.969
SSD = 173.424	n = 2685840	Reg = 0.00993382	Cost = 173.434
SSD = 172.928	n = 2685840	Reg = 0.00995402	Cost = 172.938
SSD = 172.348	n = 2685840	Reg = 0.0099843	Cost = 172.358
SSD = 171.843	n = 2685840	Reg = 0.0100146	Cost = 171.853
SSD = 171.322	n = 2685840	Reg = 0.0100525	Cost = 171.332
SSD = 170.806	n = 2685840	Reg = 0.0100955	Cost = 170.816
SSD = 170.322	n = 2685840	Reg = 0.0101407	Cost = 170.332
SSD = 169.748	n = 2685840	Reg = 0.0101998	Cost = 169.758
SSD = 169.237	n = 2685840	Reg = 0.0102594	Cost = 169.247
SSD = 168.692	n = 2685840	Reg = 0.0103282	Cost = 168.702
SSD = 168.186	n = 2685840	Reg = 0.0103962	Cost = 168.197
SSD = 167.652	n = 2685840	Reg = 0.0104743	Cost = 167.662
SSD = 167.096	n = 2685840	Reg = 0.0105608	Cost = 167.107
SSD = 166.567	n = 2685840	Reg = 0.010646	Cost = 166.578
SSD = 165.985	n = 2685840	Reg = 0.0107486	Cost = 165.996
SSD = 165.489	n = 2685840	Reg = 0.010839	Cost = 165.499
SSD = 165.015	n = 2685840	Reg = 0.0109287	Cost = 165.026
SSD = 164.581	n = 2685840	Reg = 0.0110144	Cost = 164.592
SSD = 164.127	n = 2685840	Reg = 0.0111096	Cost = 164.138
SSD = 163.648	n = 2685840	Reg = 0.0112123	Cost = 163.66
SSD = 163.175	n = 2685840	Reg = 0.0113183	Cost = 163.186
SSD = 162.736	n = 2685840	Reg = 0.011422	Cost = 162.747
SSD = 162.307	n = 2685840	Reg = 0.0115267	Cost = 162.319
SSD = 161.816	n = 2685840	Reg = 0.0116489	Cost = 161.828
SSD = 161.23	n = 2685840	Reg = 0.0118027	Cost = 161.242
SSD = 160.498	n = 2685840	Reg = 0.0120021	Cost = 160.51
SSD = 159.87	n = 2685840	Reg = 0.0121814	Cost = 159.883
SSD = 159.309	n = 2685840	Reg = 0.0123427	Cost = 159.322
SSD = 158.704	n = 2685840	Reg = 0.0125258	Cost = 158.716
SSD = 158.225	n = 2685840	Reg = 0.0126715	Cost = 158.238
SSD = 157.739	n = 2685840	Reg = 0.012823	Cost = 157.752
SSD = 157.255	n = 2685840	Reg = 0.0129771	Cost = 157.268
SSD = 156.769	n = 2685840	Reg = 0.0131343	Cost = 156.782
SSD = 156.256	n = 2685840	Reg = 0.0133029	Cost = 156.269
SSD = 155.807	n = 2685840	Reg = 0.0134544	Cost = 155.821
SSD = 155.378	n = 2685840	Reg = 0.0136004	Cost = 155.391
SSD = 154.934	n = 2685840	Reg = 0.0137535	Cost = 154.948
SSD = 154.525	n = 2685840	Reg = 0.013898	Cost = 154.539
SSD = 154.148	n = 2685840	Reg = 0.0140351	Cost = 154.162
SSD = 153.757	n = 2685840	Reg = 0.0141754	Cost = 153.772
SSD = 153.396	n = 2685840	Reg = 0.0143084	Cost = 153.41
SSD = 153.017	n = 2685840	Reg = 0.0144488	Cost = 153.032
SSD = 152.658	n = 2685840	Reg = 0.0145842	Cost = 152.673
SSD = 152.295	n = 2685840	Reg = 0.014722	Cost = 152.31
SSD = 151.966	n = 2685840	Reg = 0.0148491	Cost = 151.981
SSD = 151.643	n = 2685840	Reg = 0.0149754	Cost = 151.658
SSD = 151.32	n = 2685840	Reg = 0.015101	Cost = 151.336
SSD = 151.034	n = 2685840	Reg = 0.015213	Cost = 151.05
SSD = 150.738	n = 2685840	Reg = 0.0153289	Cost = 150.753
SSD = 150.422	n = 2685840	Reg = 0.0154519	Cost = 150.438
SSD = 150.153	n = 2685840	Reg = 0.0155578	Cost = 150.169
SSD = 149.868	n = 2685840	Reg = 0.0156697	Cost = 149.883
SSD = 149.59	n = 2685840	Reg = 0.0157797	Cost = 149.606
SSD = 149.322	n = 2685840	Reg = 0.0158847	Cost = 149.338
SSD = 149.045	n = 2685840	Reg = 0.0159924	Cost = 149.061
SSD = 148.783	n = 2685840	Reg = 0.0160937	Cost = 148.799
SSD = 148.529	n = 2685840	Reg = 0.0161928	Cost = 148.546
SSD = 148.251	n = 2685840	Reg = 0.0163014	Cost = 148.267
SSD = 147.991	n = 2685840	Reg = 0.0164013	Cost = 148.007
SSD = 147.736	n = 2685840	Reg = 0.0164998	Cost = 147.753
SSD = 147.487	n = 2685840	Reg = 0.0165953	Cost = 147.504
SSD = 147.245	n = 2685840	Reg = 0.0166878	Cost = 147.262
SSD = 146.986	n = 2685840	Reg = 0.016787	Cost = 147.002
SSD = 146.741	n = 2685840	Reg = 0.0168791	Cost = 146.758
SSD = 146.475	n = 2685840	Reg = 0.0169798	Cost = 146.492
SSD = 146.225	n = 2685840	Reg = 0.0170736	Cost = 146.242
SSD = 145.982	n = 2685840	Reg = 0.0171651	Cost = 145.999
SSD = 145.738	n = 2685840	Reg = 0.0172568	Cost = 145.755
SSD = 145.496	n = 2685840	Reg = 0.0173469	Cost = 145.513
SSD = 145.251	n = 2685840	Reg = 0.0174381	Cost = 145.268
SSD = 145.023	n = 2685840	Reg = 0.0175228	Cost = 145.04
SSD = 144.788	n = 2685840	Reg = 0.0176105	Cost = 144.806
SSD = 144.559	n = 2685840	Reg = 0.0176951	Cost = 144.577
SSD = 144.353	n = 2685840	Reg = 0.0177712	Cost = 144.37
SSD = 144.144	n = 2685840	Reg = 0.0178482	Cost = 144.162
SSD = 143.904	n = 2685840	Reg = 0.017936	Cost = 143.922
----------REALIGNMENT----------
----------REGISTERING EPI TO ANATOMICAL----------
----------REGISTERING EPI TO MNI----------
----------SMOOTHING----------
MATLAB is selecting SOFTWARE OPENGL rendering.
MATLAB is selecting SOFTWARE OPENGL rendering.
