Non-commercial use only - see $FSLDIR/LICENSE
Loading spm/spm12
  Loading requirement: matlab/r2019a
----------CENTRING IMAGES----------
MATLAB is selecting SOFTWARE OPENGL rendering.

Written new image at:
	/home/tom29/rds/hpc-work/cbbu_BIDS/sub-16/func/sub-16_task-facehouse_acq-1_dir-PA_bold_centred.nii

MATLAB is selecting SOFTWARE OPENGL rendering.

Written new image at:
	/home/tom29/rds/hpc-work/cbbu_BIDS/sub-16/func/sub-16_task-facehouse_acq-2_dir-PA_bold_centred.nii

MATLAB is selecting SOFTWARE OPENGL rendering.

Written new image at:
	/home/tom29/rds/hpc-work/cbbu_BIDS/sub-16/func/sub-16_acq-LC_dir-AP_bold_centred.nii

MATLAB is selecting SOFTWARE OPENGL rendering.

Written new image at:
	/home/tom29/rds/hpc-work/cbbu_BIDS/sub-16/func/sub-16_task-facehouse_acq-1_dir-PA_sbref_centred.nii

----------SUSCEPTIBILITY DISTORTION CORRECTION----------
SSD = 622.976	n = 323454	Reg = 0	Cost = 622.976
SSD = 196.263	n = 323454	Reg = 14.5796	Cost = 210.843
SSD = 131.06	n = 323454	Reg = 23.9731	Cost = 155.033
SSD = 118.325	n = 323454	Reg = 29.286	Cost = 147.611
SSD = 115.053	n = 323454	Reg = 31.1711	Cost = 146.224
SSD = 114.078	n = 323454	Reg = 31.8075	Cost = 145.886
***Going to next resolution level***
SSD = 175.957	n = 323454	Reg = 15.9145	Cost = 191.872
SSD = 96.361	n = 323454	Reg = 16.0521	Cost = 112.413
SSD = 77.7207	n = 323454	Reg = 21.3786	Cost = 99.0993
SSD = 72.0435	n = 323454	Reg = 23.6323	Cost = 95.6758
SSD = 69.5898	n = 323454	Reg = 24.6528	Cost = 94.2426
SSD = 68.2021	n = 323454	Reg = 25.2349	Cost = 93.4369
***Going to next resolution level***
SSD = 142.541	n = 323454	Reg = 5.27403	Cost = 147.815
SSD = 104.866	n = 323454	Reg = 9.37835	Cost = 114.245
SSD = 96.0439	n = 323454	Reg = 12.0943	Cost = 108.138
SSD = 93.1617	n = 323454	Reg = 13.1687	Cost = 106.33
SSD = 91.5455	n = 323454	Reg = 13.6994	Cost = 105.245
SSD = 90.4034	n = 323454	Reg = 14.0444	Cost = 104.448
***Going to next resolution level***
SSD = 148.674	n = 323454	Reg = 7.1228	Cost = 155.797
SSD = 65.9338	n = 323454	Reg = 4.24136	Cost = 70.1752
SSD = 53.3749	n = 323454	Reg = 5.95144	Cost = 59.3264
SSD = 48.7463	n = 323454	Reg = 6.82896	Cost = 55.5753
SSD = 46.0126	n = 323454	Reg = 7.30035	Cost = 53.3129
SSD = 44.1507	n = 323454	Reg = 7.63198	Cost = 51.7827
SSD = 42.7767	n = 323454	Reg = 7.86793	Cost = 50.6446
SSD = 41.7326	n = 323454	Reg = 8.06502	Cost = 49.7976
SSD = 40.905	n = 323454	Reg = 8.22388	Cost = 49.1289
SSD = 40.2666	n = 323454	Reg = 8.35245	Cost = 48.619
SSD = 39.785	n = 323454	Reg = 8.45942	Cost = 48.2445
***Going to next resolution level***
SSD = 140.873	n = 2685840	Reg = 365.815	Cost = 506.688
SSD = 73.2879	n = 2685840	Reg = 60.9431	Cost = 134.231
SSD = 62.7119	n = 2685840	Reg = 45.7484	Cost = 108.46
SSD = 61.7154	n = 2685840	Reg = 39.8015	Cost = 101.517
SSD = 62.8111	n = 2685840	Reg = 35.6392	Cost = 98.4503
SSD = 64.0527	n = 2685840	Reg = 32.7647	Cost = 96.8174
SSD = 65.0581	n = 2685840	Reg = 30.757	Cost = 95.8152
SSD = 65.7992	n = 2685840	Reg = 29.383	Cost = 95.1822
SSD = 66.3079	n = 2685840	Reg = 28.4512	Cost = 94.759
SSD = 66.6527	n = 2685840	Reg = 27.7881	Cost = 94.4408
SSD = 66.8889	n = 2685840	Reg = 27.2848	Cost = 94.1737
***Going to next resolution level***
SSD = 66.8889	n = 2685840	Reg = 2.72848	Cost = 69.6174
SSD = 66.6632	n = 2685840	Reg = 2.74388	Cost = 69.407
SSD = 66.4687	n = 2685840	Reg = 2.76037	Cost = 69.229
SSD = 66.1994	n = 2685840	Reg = 2.78332	Cost = 68.9828
SSD = 65.8216	n = 2685840	Reg = 2.82174	Cost = 68.6434
SSD = 65.296	n = 2685840	Reg = 2.88263	Cost = 68.1786
SSD = 64.6813	n = 2685840	Reg = 2.9726	Cost = 67.6539
SSD = 64.1718	n = 2685840	Reg = 3.06961	Cost = 67.2414
SSD = 63.7964	n = 2685840	Reg = 3.1599	Cost = 66.9563
SSD = 63.4484	n = 2685840	Reg = 3.2554	Cost = 66.7038
SSD = 63.1482	n = 2685840	Reg = 3.34303	Cost = 66.4912
SSD = 62.8504	n = 2685840	Reg = 3.4321	Cost = 66.2825
SSD = 62.5362	n = 2685840	Reg = 3.52701	Cost = 66.0632
SSD = 62.2468	n = 2685840	Reg = 3.61499	Cost = 65.8618
SSD = 61.9631	n = 2685840	Reg = 3.70093	Cost = 65.664
SSD = 61.698	n = 2685840	Reg = 3.7807	Cost = 65.4787
SSD = 61.3964	n = 2685840	Reg = 3.87082	Cost = 65.2672
SSD = 61.1209	n = 2685840	Reg = 3.95291	Cost = 65.0738
SSD = 60.8496	n = 2685840	Reg = 4.03331	Cost = 64.8829
SSD = 60.5948	n = 2685840	Reg = 4.10805	Cost = 64.7028
SSD = 60.3362	n = 2685840	Reg = 4.18322	Cost = 64.5194
***Going to next resolution level***
SSD = 474.963	n = 2685840	Reg = 46.0622	Cost = 521.025
SSD = 399.081	n = 2685840	Reg = 38.6503	Cost = 437.731
SSD = 356.247	n = 2685840	Reg = 34.4638	Cost = 390.711
SSD = 322.504	n = 2685840	Reg = 31.1841	Cost = 353.688
SSD = 292.712	n = 2685840	Reg = 28.3245	Cost = 321.037
SSD = 273.007	n = 2685840	Reg = 26.4647	Cost = 299.472
SSD = 254.977	n = 2685840	Reg = 24.8134	Cost = 279.79
SSD = 243.124	n = 2685840	Reg = 23.7613	Cost = 266.886
SSD = 232.356	n = 2685840	Reg = 22.8388	Cost = 255.195
SSD = 223.754	n = 2685840	Reg = 22.1312	Cost = 245.885
SSD = 216.793	n = 2685840	Reg = 21.5739	Cost = 238.367
SSD = 210.64	n = 2685840	Reg = 21.0948	Cost = 231.735
SSD = 205.06	n = 2685840	Reg = 20.6636	Cost = 225.724
SSD = 200.159	n = 2685840	Reg = 20.2803	Cost = 220.44
SSD = 195.639	n = 2685840	Reg = 19.9273	Cost = 215.567
SSD = 191.573	n = 2685840	Reg = 19.6059	Cost = 211.179
SSD = 187.892	n = 2685840	Reg = 19.3086	Cost = 207.201
SSD = 184.334	n = 2685840	Reg = 19.0215	Cost = 203.355
SSD = 181.172	n = 2685840	Reg = 18.761	Cost = 199.933
SSD = 178.341	n = 2685840	Reg = 18.523	Cost = 196.864
SSD = 175.347	n = 2685840	Reg = 18.2727	Cost = 193.62
***Going to next resolution level***
SSD = 229.537	n = 2685840	Reg = 0.239197	Cost = 229.777
SSD = 225.555	n = 2685840	Reg = 0.235205	Cost = 225.79
SSD = 221.578	n = 2685840	Reg = 0.231378	Cost = 221.809
SSD = 218.471	n = 2685840	Reg = 0.228547	Cost = 218.699
SSD = 215.442	n = 2685840	Reg = 0.225973	Cost = 215.668
SSD = 213.158	n = 2685840	Reg = 0.224247	Cost = 213.382
SSD = 210.951	n = 2685840	Reg = 0.2228	Cost = 211.174
SSD = 209.483	n = 2685840	Reg = 0.222028	Cost = 209.705
SSD = 208.17	n = 2685840	Reg = 0.221499	Cost = 208.391
SSD = 206.997	n = 2685840	Reg = 0.221185	Cost = 207.218
SSD = 205.446	n = 2685840	Reg = 0.220983	Cost = 205.667
SSD = 202.834	n = 2685840	Reg = 0.221052	Cost = 203.055
SSD = 200.565	n = 2685840	Reg = 0.221525	Cost = 200.786
SSD = 198.269	n = 2685840	Reg = 0.222449	Cost = 198.491
SSD = 196.361	n = 2685840	Reg = 0.223551	Cost = 196.584
SSD = 194.479	n = 2685840	Reg = 0.224939	Cost = 194.704
SSD = 192.724	n = 2685840	Reg = 0.2265	Cost = 192.951
SSD = 190.766	n = 2685840	Reg = 0.228615	Cost = 190.994
SSD = 188.935	n = 2685840	Reg = 0.230837	Cost = 189.166
SSD = 187.196	n = 2685840	Reg = 0.233163	Cost = 187.429
SSD = 185.802	n = 2685840	Reg = 0.235242	Cost = 186.038
SSD = 184.552	n = 2685840	Reg = 0.237263	Cost = 184.789
SSD = 183.185	n = 2685840	Reg = 0.239707	Cost = 183.424
SSD = 181.819	n = 2685840	Reg = 0.242285	Cost = 182.061
SSD = 180.338	n = 2685840	Reg = 0.245305	Cost = 180.583
SSD = 179.006	n = 2685840	Reg = 0.248247	Cost = 179.254
SSD = 177.732	n = 2685840	Reg = 0.25118	Cost = 177.983
SSD = 176.656	n = 2685840	Reg = 0.253788	Cost = 176.91
SSD = 175.633	n = 2685840	Reg = 0.256282	Cost = 175.889
SSD = 174.596	n = 2685840	Reg = 0.258916	Cost = 174.855
SSD = 173.589	n = 2685840	Reg = 0.261504	Cost = 173.851
SSD = 172.611	n = 2685840	Reg = 0.264009	Cost = 172.875
SSD = 171.734	n = 2685840	Reg = 0.266298	Cost = 172
SSD = 170.913	n = 2685840	Reg = 0.268394	Cost = 171.182
SSD = 170.084	n = 2685840	Reg = 0.270542	Cost = 170.354
SSD = 169.273	n = 2685840	Reg = 0.272628	Cost = 169.545
SSD = 168.45	n = 2685840	Reg = 0.274753	Cost = 168.724
SSD = 167.596	n = 2685840	Reg = 0.276954	Cost = 167.873
SSD = 166.755	n = 2685840	Reg = 0.279096	Cost = 167.034
SSD = 165.942	n = 2685840	Reg = 0.281217	Cost = 166.223
SSD = 165.17	n = 2685840	Reg = 0.283253	Cost = 165.453
SSD = 164.434	n = 2685840	Reg = 0.285197	Cost = 164.719
SSD = 163.698	n = 2685840	Reg = 0.287161	Cost = 163.985
SSD = 162.982	n = 2685840	Reg = 0.289115	Cost = 163.271
SSD = 162.292	n = 2685840	Reg = 0.291002	Cost = 162.583
SSD = 161.607	n = 2685840	Reg = 0.292944	Cost = 161.9
SSD = 160.973	n = 2685840	Reg = 0.294779	Cost = 161.267
SSD = 160.37	n = 2685840	Reg = 0.296566	Cost = 160.667
SSD = 159.783	n = 2685840	Reg = 0.298351	Cost = 160.081
SSD = 159.192	n = 2685840	Reg = 0.300182	Cost = 159.492
SSD = 158.615	n = 2685840	Reg = 0.302073	Cost = 158.917
***Going to next resolution level***
SSD = 158.614	n = 2685840	Reg = 0.00603615	Cost = 158.62
SSD = 158.332	n = 2685840	Reg = 0.00602523	Cost = 158.338
SSD = 157.835	n = 2685840	Reg = 0.00600573	Cost = 157.841
SSD = 157.478	n = 2685840	Reg = 0.00599155	Cost = 157.484
SSD = 157.067	n = 2685840	Reg = 0.00597503	Cost = 157.073
SSD = 156.678	n = 2685840	Reg = 0.00595926	Cost = 156.684
SSD = 156.328	n = 2685840	Reg = 0.00594494	Cost = 156.334
SSD = 155.999	n = 2685840	Reg = 0.00593147	Cost = 156.005
SSD = 155.676	n = 2685840	Reg = 0.00591834	Cost = 155.682
SSD = 155.389	n = 2685840	Reg = 0.00590679	Cost = 155.395
SSD = 155.109	n = 2685840	Reg = 0.00589565	Cost = 155.115
SSD = 154.738	n = 2685840	Reg = 0.00588128	Cost = 154.744
SSD = 154.396	n = 2685840	Reg = 0.00586859	Cost = 154.402
SSD = 154.09	n = 2685840	Reg = 0.00585768	Cost = 154.096
SSD = 153.76	n = 2685840	Reg = 0.00584642	Cost = 153.766
SSD = 153.457	n = 2685840	Reg = 0.00583659	Cost = 153.462
SSD = 153.176	n = 2685840	Reg = 0.00582797	Cost = 153.182
SSD = 152.878	n = 2685840	Reg = 0.00581939	Cost = 152.884
SSD = 152.587	n = 2685840	Reg = 0.0058117	Cost = 152.593
SSD = 152.303	n = 2685840	Reg = 0.00580496	Cost = 152.309
SSD = 152.007	n = 2685840	Reg = 0.00579882	Cost = 152.012
SSD = 151.73	n = 2685840	Reg = 0.00579405	Cost = 151.736
SSD = 151.444	n = 2685840	Reg = 0.00579035	Cost = 151.45
SSD = 151.159	n = 2685840	Reg = 0.00578795	Cost = 151.165
SSD = 150.867	n = 2685840	Reg = 0.00578702	Cost = 150.873
SSD = 150.575	n = 2685840	Reg = 0.00578764	Cost = 150.581
SSD = 150.264	n = 2685840	Reg = 0.00579037	Cost = 150.27
SSD = 149.951	n = 2685840	Reg = 0.00579527	Cost = 149.957
SSD = 149.658	n = 2685840	Reg = 0.00580202	Cost = 149.664
SSD = 149.363	n = 2685840	Reg = 0.00581114	Cost = 149.369
SSD = 149.088	n = 2685840	Reg = 0.00582159	Cost = 149.094
SSD = 148.8	n = 2685840	Reg = 0.00583503	Cost = 148.806
SSD = 148.492	n = 2685840	Reg = 0.00585188	Cost = 148.497
SSD = 148.196	n = 2685840	Reg = 0.00587066	Cost = 148.202
SSD = 147.883	n = 2685840	Reg = 0.00589316	Cost = 147.889
SSD = 147.591	n = 2685840	Reg = 0.00591679	Cost = 147.597
SSD = 147.294	n = 2685840	Reg = 0.00594349	Cost = 147.3
SSD = 146.992	n = 2685840	Reg = 0.00597322	Cost = 146.998
SSD = 146.675	n = 2685840	Reg = 0.00600738	Cost = 146.681
SSD = 146.372	n = 2685840	Reg = 0.00604315	Cost = 146.378
SSD = 146.037	n = 2685840	Reg = 0.00608589	Cost = 146.043
SSD = 145.757	n = 2685840	Reg = 0.00612396	Cost = 145.763
SSD = 145.507	n = 2685840	Reg = 0.0061601	Cost = 145.513
SSD = 145.231	n = 2685840	Reg = 0.00620275	Cost = 145.237
SSD = 144.98	n = 2685840	Reg = 0.0062438	Cost = 144.987
SSD = 144.721	n = 2685840	Reg = 0.00628916	Cost = 144.727
SSD = 144.461	n = 2685840	Reg = 0.00633638	Cost = 144.468
SSD = 144.226	n = 2685840	Reg = 0.006382	Cost = 144.233
SSD = 143.973	n = 2685840	Reg = 0.00643363	Cost = 143.98
SSD = 143.71	n = 2685840	Reg = 0.00649091	Cost = 143.716
SSD = 143.386	n = 2685840	Reg = 0.00656486	Cost = 143.393
SSD = 142.936	n = 2685840	Reg = 0.0066727	Cost = 142.942
SSD = 142.556	n = 2685840	Reg = 0.0067686	Cost = 142.563
SSD = 142.194	n = 2685840	Reg = 0.00686312	Cost = 142.201
SSD = 141.829	n = 2685840	Reg = 0.0069622	Cost = 141.836
SSD = 141.497	n = 2685840	Reg = 0.00705256	Cost = 141.504
SSD = 141.181	n = 2685840	Reg = 0.00714263	Cost = 141.188
SSD = 140.883	n = 2685840	Reg = 0.00722953	Cost = 140.891
SSD = 140.588	n = 2685840	Reg = 0.00731653	Cost = 140.595
SSD = 140.259	n = 2685840	Reg = 0.00741695	Cost = 140.267
SSD = 139.937	n = 2685840	Reg = 0.00751652	Cost = 139.944
SSD = 139.602	n = 2685840	Reg = 0.00762259	Cost = 139.609
SSD = 139.299	n = 2685840	Reg = 0.00771996	Cost = 139.306
SSD = 139.009	n = 2685840	Reg = 0.00781541	Cost = 139.017
SSD = 138.729	n = 2685840	Reg = 0.00790835	Cost = 138.737
SSD = 138.47	n = 2685840	Reg = 0.00799619	Cost = 138.478
SSD = 138.199	n = 2685840	Reg = 0.00809012	Cost = 138.207
SSD = 137.934	n = 2685840	Reg = 0.00818261	Cost = 137.942
SSD = 137.683	n = 2685840	Reg = 0.00827129	Cost = 137.691
SSD = 137.442	n = 2685840	Reg = 0.00835727	Cost = 137.451
SSD = 137.204	n = 2685840	Reg = 0.00844461	Cost = 137.212
SSD = 136.989	n = 2685840	Reg = 0.00852327	Cost = 136.998
SSD = 136.757	n = 2685840	Reg = 0.00860977	Cost = 136.766
SSD = 136.548	n = 2685840	Reg = 0.00868813	Cost = 136.557
SSD = 136.342	n = 2685840	Reg = 0.00876623	Cost = 136.351
SSD = 136.141	n = 2685840	Reg = 0.00884284	Cost = 136.15
SSD = 135.955	n = 2685840	Reg = 0.00891368	Cost = 135.964
SSD = 135.766	n = 2685840	Reg = 0.00898639	Cost = 135.775
SSD = 135.577	n = 2685840	Reg = 0.00905906	Cost = 135.586
SSD = 135.386	n = 2685840	Reg = 0.0091328	Cost = 135.395
SSD = 135.2	n = 2685840	Reg = 0.00920578	Cost = 135.209
SSD = 135.013	n = 2685840	Reg = 0.00927871	Cost = 135.022
SSD = 134.844	n = 2685840	Reg = 0.00934493	Cost = 134.853
SSD = 134.679	n = 2685840	Reg = 0.00940944	Cost = 134.689
SSD = 134.5	n = 2685840	Reg = 0.00948001	Cost = 134.509
SSD = 134.333	n = 2685840	Reg = 0.00954554	Cost = 134.342
SSD = 134.159	n = 2685840	Reg = 0.00961389	Cost = 134.169
SSD = 133.998	n = 2685840	Reg = 0.00967773	Cost = 134.008
SSD = 133.833	n = 2685840	Reg = 0.00974295	Cost = 133.843
SSD = 133.679	n = 2685840	Reg = 0.00980405	Cost = 133.689
SSD = 133.514	n = 2685840	Reg = 0.0098694	Cost = 133.524
SSD = 133.341	n = 2685840	Reg = 0.00993811	Cost = 133.351
SSD = 133.17	n = 2685840	Reg = 0.0100065	Cost = 133.18
SSD = 133.009	n = 2685840	Reg = 0.0100704	Cost = 133.019
SSD = 132.847	n = 2685840	Reg = 0.0101354	Cost = 132.857
SSD = 132.688	n = 2685840	Reg = 0.0101998	Cost = 132.698
SSD = 132.528	n = 2685840	Reg = 0.0102644	Cost = 132.538
SSD = 132.38	n = 2685840	Reg = 0.0103251	Cost = 132.39
SSD = 132.231	n = 2685840	Reg = 0.0103857	Cost = 132.242
SSD = 132.088	n = 2685840	Reg = 0.0104445	Cost = 132.098
SSD = 131.949	n = 2685840	Reg = 0.0105013	Cost = 131.96
----------REALIGNMENT----------
----------REGISTERING EPI TO ANATOMICAL----------
----------REGISTERING EPI TO MNI----------
Processing volume 0
Processing volume 1
Processing volume 2
Processing volume 3
Processing volume 4
Processing volume 5
Processing volume 6
Processing volume 7
Processing volume 8
Processing volume 9
Processing volume 10
Processing volume 11
Processing volume 12
Processing volume 13
Processing volume 14
Processing volume 15
Processing volume 16
Processing volume 17
Processing volume 18
Processing volume 19
Processing volume 20
Processing volume 21
Processing volume 22
Processing volume 23
Processing volume 24
Processing volume 25
Processing volume 26
Processing volume 27
Processing volume 28
Processing volume 29
Processing volume 30
Processing volume 31
Processing volume 32
Processing volume 33
Processing volume 34
Processing volume 35
Processing volume 36
Processing volume 37
Processing volume 38
Processing volume 39
Processing volume 40
Processing volume 41
Processing volume 42
Processing volume 43
Processing volume 44
Processing volume 45
Processing volume 46
Processing volume 47
Processing volume 48
Processing volume 49
Processing volume 50
Processing volume 51
Processing volume 52
Processing volume 53
Processing volume 54
Processing volume 55
Processing volume 56
Processing volume 57
Processing volume 58
Processing volume 59
Processing volume 60
Processing volume 61
Processing volume 62
Processing volume 63
Processing volume 64
Processing volume 65
Processing volume 66
Processing volume 67
Processing volume 68
Processing volume 69
Processing volume 70
Processing volume 71
Processing volume 72
Processing volume 73
Processing volume 74
Processing volume 75
Processing volume 76
Processing volume 77
Processing volume 78
Processing volume 79
Processing volume 80
Processing volume 81
Processing volume 82
Processing volume 83
Processing volume 84
Processing volume 85
Processing volume 86
Processing volume 87
Processing volume 88
Processing volume 89
Processing volume 90
Processing volume 91
Processing volume 92
Processing volume 93
Processing volume 94
Processing volume 95
Processing volume 96
Processing volume 97
Processing volume 98
Processing volume 99
Processing volume 100
Processing volume 101
Processing volume 102
Processing volume 103
Processing volume 104
Processing volume 105
Processing volume 106
Processing volume 107
Processing volume 108
Processing volume 109
Processing volume 110
Processing volume 111
Processing volume 112
Processing volume 113
Processing volume 114
Processing volume 115
Processing volume 116
Processing volume 117
Processing volume 118
** ERROR: NWAD: wrote only 0 of 57768256 bytes to file
Processing volume 119
Error: short write, output file will be truncated
Processing volume 120
Error: short write, output file will be truncated
** ERROR: NWAD: wrote only 0 of 57768256 bytes to file
Processing volume 121
Error: short write, output file will be truncated
** ERROR: NWAD: wrote only 0 of 57768256 bytes to file
Processing volume 122
Error: short write, output file will be truncated
** ERROR: NWAD: wrote only 0 of 57768256 bytes to file
Processing volume 123
Error: short write, output file will be truncated
** ERROR: NWAD: wrote only 0 of 57768256 bytes to file
Processing volume 124
Error: short write, output file will be truncated
** ERROR: NWAD: wrote only 0 of 57768256 bytes to file
Processing volume 125
Error: short write, output file will be truncated
** ERROR: NWAD: wrote only 0 of 57768256 bytes to file
Processing volume 126
Error: short write, output file will be truncated
** ERROR: NWAD: wrote only 0 of 57768256 bytes to file
Processing volume 127
Error: short write, output file will be truncated
** ERROR: NWAD: wrote only 0 of 57768256 bytes to file
Processing volume 128
Error: short write, output file will be truncated
** ERROR: NWAD: wrote only 0 of 57768256 bytes to file
Processing volume 129
Error: short write, output file will be truncated
** ERROR: NWAD: wrote only 0 of 57768256 bytes to file
Processing volume 130
Error: short write, output file will be truncated
** ERROR: NWAD: wrote only 0 of 57768256 bytes to file
Processing volume 131
Error: short write, output file will be truncated
** ERROR: NWAD: wrote only 0 of 57768256 bytes to file
Processing volume 132
Error: short write, output file will be truncated
** ERROR: NWAD: wrote only 0 of 57768256 bytes to file
Processing volume 133
Error: short write, output file will be truncated
** ERROR: NWAD: wrote only 0 of 57768256 bytes to file
Processing volume 134
Error: short write, output file will be truncated
** ERROR: NWAD: wrote only 0 of 57768256 bytes to file
Processing volume 135
Error: short write, output file will be truncated
** ERROR: NWAD: wrote only 0 of 57768256 bytes to file
Processing volume 136
Error: short write, output file will be truncated
** ERROR: NWAD: wrote only 0 of 57768256 bytes to file
Processing volume 137
Error: short write, output file will be truncated
** ERROR: NWAD: wrote only 0 of 57768256 bytes to file
Processing volume 138
Error: short write, output file will be truncated
** ERROR: NWAD: wrote only 0 of 57768256 bytes to file
Processing volume 139
Error: short write, output file will be truncated
 file /home/tom29/rds/hpc-work/cbbu_BIDS/sub-16/func/sub-16_task-facehouse_acq-1_dir-PA_bold_vol-139.nii.gz is not recognized as a supported image format . 
terminate called after throwing an instance of 'itk::ExceptionObject'
  what():  /workspace/build/ITKv5/Modules/Core/Common/src/itkProcessObject.cxx:1339:
ITK ERROR: ResampleImageFilter(0x2a743f0): Input Primary is required but not set.
/var/spool/slurm/slurmd/job20299328/slurm_script: line 214: 77617 Aborted                 antsApplyTransforms -d 3 -i "${tmp_vol}" -r "${FSLDIR}/data/standard/MNI152_T1_1mm_brain.nii.gz" -t "${template_to_MNI_SyN}" -t "${template_to_MNI_affine}" -t "${MP2RAGE_to_template_SyN}" -t "${MP2RAGE_to_template_affine}" -t "${BIDS_root}/${sub_id}/func/${sub_id}_func_to_anatomical_ANTS.mat" -o "${run1_fname}_MNI_vol-${v}.nii.gz" -n Linear
