Non-commercial use only - see $FSLDIR/LICENSE
Loading spm/spm12
  Loading requirement: matlab/r2019a
----------CENTRING IMAGES----------
MATLAB is selecting SOFTWARE OPENGL rendering.

Written new image at:
	/home/tom29/rds/hpc-work/cbbu_BIDS/sub-38/func/sub-38_task-facehouse_acq-1_dir-PA_bold_centred.nii

MATLAB is selecting SOFTWARE OPENGL rendering.

Written new image at:
	/home/tom29/rds/hpc-work/cbbu_BIDS/sub-38/func/sub-38_task-facehouse_acq-2_dir-PA_bold_centred.nii

MATLAB is selecting SOFTWARE OPENGL rendering.

Written new image at:
	/home/tom29/rds/hpc-work/cbbu_BIDS/sub-38/func/sub-38_acq-LC_dir-AP_bold_centred.nii

MATLAB is selecting SOFTWARE OPENGL rendering.

Written new image at:
	/home/tom29/rds/hpc-work/cbbu_BIDS/sub-38/func/sub-38_task-facehouse_acq-1_dir-PA_sbref_centred.nii

----------SUSCEPTIBILITY DISTORTION CORRECTION----------
SSD = 903.447	n = 323454	Reg = 0	Cost = 903.447
SSD = 276.75	n = 323454	Reg = 23.2526	Cost = 300.002
SSD = 176.222	n = 323454	Reg = 35.1209	Cost = 211.343
SSD = 154.678	n = 323454	Reg = 41.7248	Cost = 196.402
SSD = 149.332	n = 323454	Reg = 44.3206	Cost = 193.652
SSD = 147.786	n = 323454	Reg = 45.2016	Cost = 192.988
***Going to next resolution level***
SSD = 228.645	n = 323454	Reg = 23.499	Cost = 252.144
SSD = 122.239	n = 323454	Reg = 21.9568	Cost = 144.196
SSD = 95.3213	n = 323454	Reg = 28.6874	Cost = 124.009
SSD = 85.7881	n = 323454	Reg = 31.4805	Cost = 117.269
SSD = 81.4792	n = 323454	Reg = 32.7615	Cost = 114.241
SSD = 79.2446	n = 323454	Reg = 33.4664	Cost = 112.711
***Going to next resolution level***
SSD = 177.684	n = 323454	Reg = 7.50394	Cost = 185.188
SSD = 133.28	n = 323454	Reg = 12.3914	Cost = 145.671
SSD = 122.941	n = 323454	Reg = 15.6694	Cost = 138.61
SSD = 119.229	n = 323454	Reg = 17.0835	Cost = 136.313
SSD = 117.172	n = 323454	Reg = 17.832	Cost = 135.004
SSD = 115.698	n = 323454	Reg = 18.3564	Cost = 134.054
***Going to next resolution level***
SSD = 187.73	n = 323454	Reg = 9.33569	Cost = 197.066
SSD = 73.0796	n = 323454	Reg = 4.96764	Cost = 78.0472
SSD = 56.7738	n = 323454	Reg = 6.92212	Cost = 63.6959
SSD = 51.4986	n = 323454	Reg = 7.8169	Cost = 59.3155
SSD = 48.9437	n = 323454	Reg = 8.22496	Cost = 57.1686
SSD = 47.3497	n = 323454	Reg = 8.5098	Cost = 55.8595
SSD = 46.2292	n = 323454	Reg = 8.7073	Cost = 54.9365
SSD = 45.4393	n = 323454	Reg = 8.87194	Cost = 54.3112
SSD = 44.8488	n = 323454	Reg = 9.00867	Cost = 53.8575
SSD = 44.4073	n = 323454	Reg = 9.12198	Cost = 53.5292
SSD = 44.0608	n = 323454	Reg = 9.22131	Cost = 53.2821
***Going to next resolution level***
SSD = 154.217	n = 2685840	Reg = 311.866	Cost = 466.083
SSD = 76.2907	n = 2685840	Reg = 56.2417	Cost = 132.532
SSD = 62.9617	n = 2685840	Reg = 43.2355	Cost = 106.197
SSD = 60.6708	n = 2685840	Reg = 39.2025	Cost = 99.8733
SSD = 60.834	n = 2685840	Reg = 36.5386	Cost = 97.3726
SSD = 61.4707	n = 2685840	Reg = 34.7466	Cost = 96.2174
SSD = 62.0619	n = 2685840	Reg = 33.5053	Cost = 95.5672
SSD = 62.522	n = 2685840	Reg = 32.6975	Cost = 95.2195
SSD = 62.8579	n = 2685840	Reg = 32.0854	Cost = 94.9433
SSD = 63.117	n = 2685840	Reg = 31.5941	Cost = 94.7111
SSD = 63.299	n = 2685840	Reg = 31.2437	Cost = 94.5427
***Going to next resolution level***
SSD = 63.299	n = 2685840	Reg = 3.12437	Cost = 66.4234
SSD = 63.0244	n = 2685840	Reg = 3.14044	Cost = 66.1648
SSD = 62.7762	n = 2685840	Reg = 3.15932	Cost = 65.9355
SSD = 62.5131	n = 2685840	Reg = 3.17945	Cost = 65.6925
SSD = 62.0557	n = 2685840	Reg = 3.22165	Cost = 65.2773
SSD = 61.4499	n = 2685840	Reg = 3.28654	Cost = 64.7364
SSD = 60.858	n = 2685840	Reg = 3.36522	Cost = 64.2233
SSD = 60.2825	n = 2685840	Reg = 3.46547	Cost = 63.7479
SSD = 59.8948	n = 2685840	Reg = 3.54775	Cost = 63.4425
SSD = 59.5413	n = 2685840	Reg = 3.63234	Cost = 63.1737
SSD = 59.2241	n = 2685840	Reg = 3.71259	Cost = 62.9367
SSD = 58.9029	n = 2685840	Reg = 3.79493	Cost = 62.6979
SSD = 58.5475	n = 2685840	Reg = 3.88699	Cost = 62.4345
SSD = 58.2374	n = 2685840	Reg = 3.96765	Cost = 62.205
SSD = 57.9743	n = 2685840	Reg = 4.0358	Cost = 62.0101
SSD = 57.7111	n = 2685840	Reg = 4.10336	Cost = 61.8144
SSD = 57.4278	n = 2685840	Reg = 4.17548	Cost = 61.6033
SSD = 57.1252	n = 2685840	Reg = 4.25202	Cost = 61.3772
SSD = 56.885	n = 2685840	Reg = 4.31226	Cost = 61.1972
SSD = 56.6113	n = 2685840	Reg = 4.38032	Cost = 60.9917
SSD = 56.3692	n = 2685840	Reg = 4.44008	Cost = 60.8093
***Going to next resolution level***
SSD = 823.023	n = 2685840	Reg = 88.207	Cost = 911.23
SSD = 677.927	n = 2685840	Reg = 72.2948	Cost = 750.222
SSD = 623.987	n = 2685840	Reg = 66.3968	Cost = 690.383
SSD = 542.616	n = 2685840	Reg = 57.644	Cost = 600.26
SSD = 482.391	n = 2685840	Reg = 51.3598	Cost = 533.751
SSD = 445.034	n = 2685840	Reg = 47.649	Cost = 492.683
SSD = 413.07	n = 2685840	Reg = 44.6676	Cost = 457.737
SSD = 388.043	n = 2685840	Reg = 42.5409	Cost = 430.584
SSD = 369.289	n = 2685840	Reg = 41.1433	Cost = 410.432
SSD = 352.869	n = 2685840	Reg = 40.0417	Cost = 392.911
SSD = 338.885	n = 2685840	Reg = 39.1417	Cost = 378.026
SSD = 326.838	n = 2685840	Reg = 38.3843	Cost = 365.222
SSD = 316.021	n = 2685840	Reg = 37.6541	Cost = 353.675
SSD = 304.346	n = 2685840	Reg = 36.8889	Cost = 341.235
SSD = 294.391	n = 2685840	Reg = 36.2835	Cost = 330.674
SSD = 287.305	n = 2685840	Reg = 35.8324	Cost = 323.138
SSD = 279.266	n = 2685840	Reg = 35.328	Cost = 314.594
SSD = 271.225	n = 2685840	Reg = 34.8456	Cost = 306.07
SSD = 265.424	n = 2685840	Reg = 34.4883	Cost = 299.912
SSD = 259.613	n = 2685840	Reg = 34.139	Cost = 293.752
SSD = 253.103	n = 2685840	Reg = 33.7365	Cost = 286.84
***Going to next resolution level***
SSD = 310.208	n = 2685840	Reg = 0.41348	Cost = 310.621
SSD = 305.154	n = 2685840	Reg = 0.406941	Cost = 305.561
SSD = 298.393	n = 2685840	Reg = 0.398526	Cost = 298.791
SSD = 292.783	n = 2685840	Reg = 0.391821	Cost = 293.175
SSD = 287.418	n = 2685840	Reg = 0.385758	Cost = 287.804
SSD = 283.244	n = 2685840	Reg = 0.381476	Cost = 283.625
SSD = 279.043	n = 2685840	Reg = 0.377772	Cost = 279.421
SSD = 275.872	n = 2685840	Reg = 0.375388	Cost = 276.248
SSD = 273.201	n = 2685840	Reg = 0.373823	Cost = 273.575
SSD = 270.343	n = 2685840	Reg = 0.372755	Cost = 270.716
SSD = 267.221	n = 2685840	Reg = 0.371999	Cost = 267.593
SSD = 261.933	n = 2685840	Reg = 0.371608	Cost = 262.305
SSD = 258.444	n = 2685840	Reg = 0.372009	Cost = 258.816
SSD = 254.48	n = 2685840	Reg = 0.373921	Cost = 254.854
SSD = 251.387	n = 2685840	Reg = 0.375248	Cost = 251.762
SSD = 248.048	n = 2685840	Reg = 0.376941	Cost = 248.425
SSD = 244.775	n = 2685840	Reg = 0.379579	Cost = 245.154
SSD = 241.741	n = 2685840	Reg = 0.382493	Cost = 242.123
SSD = 238.854	n = 2685840	Reg = 0.385901	Cost = 239.24
SSD = 236.011	n = 2685840	Reg = 0.38937	Cost = 236.4
SSD = 233.059	n = 2685840	Reg = 0.393248	Cost = 233.453
SSD = 230.359	n = 2685840	Reg = 0.397694	Cost = 230.757
SSD = 227.879	n = 2685840	Reg = 0.402175	Cost = 228.281
SSD = 225.347	n = 2685840	Reg = 0.407455	Cost = 225.754
SSD = 222.716	n = 2685840	Reg = 0.412805	Cost = 223.128
SSD = 220.154	n = 2685840	Reg = 0.418292	Cost = 220.572
SSD = 217.974	n = 2685840	Reg = 0.423382	Cost = 218.397
SSD = 215.917	n = 2685840	Reg = 0.428202	Cost = 216.345
SSD = 214.106	n = 2685840	Reg = 0.433013	Cost = 214.539
SSD = 212.141	n = 2685840	Reg = 0.438185	Cost = 212.579
SSD = 210.537	n = 2685840	Reg = 0.442182	Cost = 210.979
SSD = 209.011	n = 2685840	Reg = 0.446174	Cost = 209.457
SSD = 207.59	n = 2685840	Reg = 0.449749	Cost = 208.04
SSD = 206.182	n = 2685840	Reg = 0.453526	Cost = 206.636
SSD = 204.622	n = 2685840	Reg = 0.457953	Cost = 205.08
SSD = 203.303	n = 2685840	Reg = 0.461582	Cost = 203.765
SSD = 201.97	n = 2685840	Reg = 0.465419	Cost = 202.436
SSD = 200.649	n = 2685840	Reg = 0.468924	Cost = 201.117
SSD = 199.43	n = 2685840	Reg = 0.472219	Cost = 199.902
SSD = 198.097	n = 2685840	Reg = 0.476066	Cost = 198.573
SSD = 196.953	n = 2685840	Reg = 0.479316	Cost = 197.432
SSD = 195.742	n = 2685840	Reg = 0.48295	Cost = 196.225
SSD = 194.525	n = 2685840	Reg = 0.486525	Cost = 195.011
SSD = 193.358	n = 2685840	Reg = 0.489811	Cost = 193.847
SSD = 192.277	n = 2685840	Reg = 0.492918	Cost = 192.77
SSD = 191.244	n = 2685840	Reg = 0.495805	Cost = 191.74
SSD = 190.177	n = 2685840	Reg = 0.499169	Cost = 190.676
SSD = 189.131	n = 2685840	Reg = 0.502499	Cost = 189.634
SSD = 188.107	n = 2685840	Reg = 0.505751	Cost = 188.613
SSD = 187.196	n = 2685840	Reg = 0.508817	Cost = 187.704
SSD = 186.232	n = 2685840	Reg = 0.51205	Cost = 186.744
***Going to next resolution level***
SSD = 186.234	n = 2685840	Reg = 0.0102323	Cost = 186.244
SSD = 185.768	n = 2685840	Reg = 0.0102067	Cost = 185.778
SSD = 185.214	n = 2685840	Reg = 0.0101765	Cost = 185.224
SSD = 184.602	n = 2685840	Reg = 0.0101432	Cost = 184.612
SSD = 183.956	n = 2685840	Reg = 0.0101086	Cost = 183.966
SSD = 183.428	n = 2685840	Reg = 0.0100808	Cost = 183.438
SSD = 182.904	n = 2685840	Reg = 0.010054	Cost = 182.914
SSD = 182.404	n = 2685840	Reg = 0.0100295	Cost = 182.414
SSD = 181.944	n = 2685840	Reg = 0.0100079	Cost = 181.954
SSD = 181.521	n = 2685840	Reg = 0.00998913	Cost = 181.531
SSD = 181.063	n = 2685840	Reg = 0.00996999	Cost = 181.073
SSD = 180.525	n = 2685840	Reg = 0.00994893	Cost = 180.535
SSD = 180.05	n = 2685840	Reg = 0.0099315	Cost = 180.059
SSD = 179.625	n = 2685840	Reg = 0.0099172	Cost = 179.635
SSD = 179.158	n = 2685840	Reg = 0.0099031	Cost = 179.168
SSD = 178.679	n = 2685840	Reg = 0.00988992	Cost = 178.689
SSD = 178.202	n = 2685840	Reg = 0.0098788	Cost = 178.212
SSD = 177.719	n = 2685840	Reg = 0.00986972	Cost = 177.729
SSD = 177.222	n = 2685840	Reg = 0.00986283	Cost = 177.231
SSD = 176.693	n = 2685840	Reg = 0.00985823	Cost = 176.703
SSD = 176.249	n = 2685840	Reg = 0.00985712	Cost = 176.259
SSD = 175.767	n = 2685840	Reg = 0.00985958	Cost = 175.777
SSD = 175.214	n = 2685840	Reg = 0.00986548	Cost = 175.224
SSD = 174.684	n = 2685840	Reg = 0.00987556	Cost = 174.694
SSD = 174.161	n = 2685840	Reg = 0.00988969	Cost = 174.171
SSD = 173.584	n = 2685840	Reg = 0.00991094	Cost = 173.593
SSD = 173.073	n = 2685840	Reg = 0.00993433	Cost = 173.083
SSD = 172.532	n = 2685840	Reg = 0.00996428	Cost = 172.542
SSD = 172.051	n = 2685840	Reg = 0.00999649	Cost = 172.061
SSD = 171.539	n = 2685840	Reg = 0.0100347	Cost = 171.549
SSD = 170.992	n = 2685840	Reg = 0.0100821	Cost = 171.002
SSD = 170.476	n = 2685840	Reg = 0.0101331	Cost = 170.486
SSD = 169.909	n = 2685840	Reg = 0.0101949	Cost = 169.919
SSD = 169.379	n = 2685840	Reg = 0.0102586	Cost = 169.389
SSD = 168.861	n = 2685840	Reg = 0.010326	Cost = 168.871
SSD = 168.379	n = 2685840	Reg = 0.0103937	Cost = 168.389
SSD = 167.83	n = 2685840	Reg = 0.0104753	Cost = 167.841
SSD = 167.24	n = 2685840	Reg = 0.0105695	Cost = 167.251
SSD = 166.66	n = 2685840	Reg = 0.0106687	Cost = 166.671
SSD = 166.103	n = 2685840	Reg = 0.0107667	Cost = 166.114
SSD = 165.615	n = 2685840	Reg = 0.0108581	Cost = 165.626
SSD = 165.156	n = 2685840	Reg = 0.0109473	Cost = 165.167
SSD = 164.726	n = 2685840	Reg = 0.0110367	Cost = 164.737
SSD = 164.267	n = 2685840	Reg = 0.0111343	Cost = 164.278
SSD = 163.772	n = 2685840	Reg = 0.0112446	Cost = 163.783
SSD = 163.288	n = 2685840	Reg = 0.011358	Cost = 163.3
SSD = 162.873	n = 2685840	Reg = 0.0114568	Cost = 162.885
SSD = 162.389	n = 2685840	Reg = 0.0115777	Cost = 162.4
SSD = 161.924	n = 2685840	Reg = 0.0116978	Cost = 161.936
SSD = 161.346	n = 2685840	Reg = 0.0118537	Cost = 161.358
SSD = 160.647	n = 2685840	Reg = 0.0120467	Cost = 160.659
SSD = 160.034	n = 2685840	Reg = 0.0122213	Cost = 160.046
SSD = 159.446	n = 2685840	Reg = 0.0123975	Cost = 159.458
SSD = 158.882	n = 2685840	Reg = 0.0125678	Cost = 158.895
SSD = 158.34	n = 2685840	Reg = 0.0127359	Cost = 158.352
SSD = 157.846	n = 2685840	Reg = 0.0128923	Cost = 157.859
SSD = 157.412	n = 2685840	Reg = 0.0130319	Cost = 157.425
SSD = 156.918	n = 2685840	Reg = 0.0131952	Cost = 156.931
SSD = 156.469	n = 2685840	Reg = 0.0133439	Cost = 156.483
SSD = 155.998	n = 2685840	Reg = 0.0135045	Cost = 156.012
SSD = 155.533	n = 2685840	Reg = 0.0136655	Cost = 155.547
SSD = 155.103	n = 2685840	Reg = 0.0138164	Cost = 155.116
SSD = 154.695	n = 2685840	Reg = 0.0139612	Cost = 154.709
SSD = 154.305	n = 2685840	Reg = 0.0141011	Cost = 154.319
SSD = 153.947	n = 2685840	Reg = 0.014233	Cost = 153.961
SSD = 153.576	n = 2685840	Reg = 0.0143687	Cost = 153.591
SSD = 153.222	n = 2685840	Reg = 0.0145005	Cost = 153.236
SSD = 152.86	n = 2685840	Reg = 0.0146389	Cost = 152.875
SSD = 152.492	n = 2685840	Reg = 0.0147802	Cost = 152.507
SSD = 152.161	n = 2685840	Reg = 0.0149073	Cost = 152.176
SSD = 151.834	n = 2685840	Reg = 0.0150331	Cost = 151.849
SSD = 151.538	n = 2685840	Reg = 0.0151495	Cost = 151.553
SSD = 151.246	n = 2685840	Reg = 0.0152636	Cost = 151.261
SSD = 150.95	n = 2685840	Reg = 0.0153778	Cost = 150.965
SSD = 150.66	n = 2685840	Reg = 0.0154918	Cost = 150.676
SSD = 150.37	n = 2685840	Reg = 0.0156054	Cost = 150.386
SSD = 150.09	n = 2685840	Reg = 0.0157148	Cost = 150.106
SSD = 149.801	n = 2685840	Reg = 0.0158281	Cost = 149.817
SSD = 149.537	n = 2685840	Reg = 0.0159317	Cost = 149.553
SSD = 149.287	n = 2685840	Reg = 0.016029	Cost = 149.303
SSD = 149.025	n = 2685840	Reg = 0.0161294	Cost = 149.041
SSD = 148.769	n = 2685840	Reg = 0.0162281	Cost = 148.786
SSD = 148.5	n = 2685840	Reg = 0.0163318	Cost = 148.516
SSD = 148.232	n = 2685840	Reg = 0.0164343	Cost = 148.248
SSD = 147.97	n = 2685840	Reg = 0.0165341	Cost = 147.986
SSD = 147.727	n = 2685840	Reg = 0.0166259	Cost = 147.744
SSD = 147.494	n = 2685840	Reg = 0.0167139	Cost = 147.511
SSD = 147.246	n = 2685840	Reg = 0.0168068	Cost = 147.263
SSD = 146.985	n = 2685840	Reg = 0.0169054	Cost = 147.002
SSD = 146.732	n = 2685840	Reg = 0.0170013	Cost = 146.749
SSD = 146.473	n = 2685840	Reg = 0.0170982	Cost = 146.49
SSD = 146.231	n = 2685840	Reg = 0.017189	Cost = 146.248
SSD = 145.982	n = 2685840	Reg = 0.0172819	Cost = 145.999
SSD = 145.755	n = 2685840	Reg = 0.0173669	Cost = 145.773
SSD = 145.521	n = 2685840	Reg = 0.0174542	Cost = 145.538
SSD = 145.273	n = 2685840	Reg = 0.0175461	Cost = 145.291
SSD = 145.051	n = 2685840	Reg = 0.0176291	Cost = 145.069
SSD = 144.824	n = 2685840	Reg = 0.0177125	Cost = 144.842
SSD = 144.6	n = 2685840	Reg = 0.0177946	Cost = 144.618
SSD = 144.383	n = 2685840	Reg = 0.0178746	Cost = 144.401
SSD = 144.174	n = 2685840	Reg = 0.0179513	Cost = 144.192
----------REALIGNMENT----------
----------REGISTERING EPI TO ANATOMICAL----------
----------REGISTERING EPI TO MNI----------
Processing volume 0
Processing volume 1
Processing volume 2
Processing volume 3
Processing volume 4
Processing volume 5
Processing volume 6
Processing volume 7
Processing volume 8
Processing volume 9
Processing volume 10
Processing volume 11
Processing volume 12
Processing volume 13
Processing volume 14
Processing volume 15
Processing volume 16
Processing volume 17
Processing volume 18
Processing volume 19
Processing volume 20
Processing volume 21
Processing volume 22
Processing volume 23
Processing volume 24
Processing volume 25
Processing volume 26
Processing volume 27
Processing volume 28
Processing volume 29
Processing volume 30
Processing volume 31
Processing volume 32
Processing volume 33
Processing volume 34
Processing volume 35
Processing volume 36
Processing volume 37
Processing volume 38
Processing volume 39
Processing volume 40
Processing volume 41
Processing volume 42
Processing volume 43
Processing volume 44
Processing volume 45
Processing volume 46
Processing volume 47
Processing volume 48
Processing volume 49
Processing volume 50
Processing volume 51
Processing volume 52
Processing volume 53
Processing volume 54
Processing volume 55
Processing volume 56
Processing volume 57
Processing volume 58
Processing volume 59
Processing volume 60
Processing volume 61
Processing volume 62
Processing volume 63
Processing volume 64
Processing volume 65
Processing volume 66
Processing volume 67
Processing volume 68
Processing volume 69
Processing volume 70
Processing volume 71
Processing volume 72
Processing volume 73
Processing volume 74
Processing volume 75
Processing volume 76
Processing volume 77
Processing volume 78
Processing volume 79
Processing volume 80
Processing volume 81
Processing volume 82
Processing volume 83
Processing volume 84
Processing volume 85
Processing volume 86
Processing volume 87
Processing volume 88
Processing volume 89
Processing volume 90
Processing volume 91
Processing volume 92
Processing volume 93
Processing volume 94
Processing volume 95
Processing volume 96
Processing volume 97
Processing volume 98
Processing volume 99
Processing volume 100
Processing volume 101
Processing volume 102
Processing volume 103
Processing volume 104
Processing volume 105
Processing volume 106
Processing volume 107
Processing volume 108
Processing volume 109
Processing volume 110
Processing volume 111
Processing volume 112
Processing volume 113
Processing volume 114
Processing volume 115
Processing volume 116
Processing volume 117
Processing volume 118
Processing volume 119
Processing volume 120
Processing volume 121
Error: short write, output file will be truncated
** ERROR: NWAD: wrote only 0 of 57768256 bytes to file
Processing volume 122
Error: short write, output file will be truncated
** ERROR: NWAD: wrote only 0 of 57768256 bytes to file
Processing volume 123
Error: short write, output file will be truncated
** ERROR: NWAD: wrote only 0 of 57768256 bytes to file
Processing volume 124
Error: short write, output file will be truncated
 file /home/tom29/rds/hpc-work/cbbu_BIDS/sub-38/func/sub-38_task-facehouse_acq-1_dir-PA_bold_vol-124.nii.gz is not recognized as a supported image format . 
terminate called after throwing an instance of 'itk::ExceptionObject'
  what():  /workspace/build/ITKv5/Modules/Core/Common/src/itkProcessObject.cxx:1339:
ITK ERROR: ResampleImageFilter(0x3f313f0): Input Primary is required but not set.
/var/spool/slurm/slurmd/job20299350/slurm_script: line 214: 121007 Aborted                 antsApplyTransforms -d 3 -i "${tmp_vol}" -r "${FSLDIR}/data/standard/MNI152_T1_1mm_brain.nii.gz" -t "${template_to_MNI_SyN}" -t "${template_to_MNI_affine}" -t "${MP2RAGE_to_template_SyN}" -t "${MP2RAGE_to_template_affine}" -t "${BIDS_root}/${sub_id}/func/${sub_id}_func_to_anatomical_ANTS.mat" -o "${run1_fname}_MNI_vol-${v}.nii.gz" -n Linear
