Loading spm/spm12
  Loading requirement: matlab/r2019a
----------CENTRING IMAGES----------
MATLAB is selecting SOFTWARE OPENGL rendering.

Written new image at:
	/home/tom29/rds/rds-pal_lab-WJZDLUY2Dhw/cbbu_BIDS/sub-31/func/sub-31_task-facehouse_acq-1_dir-PA_bold_centred.nii

MATLAB is selecting SOFTWARE OPENGL rendering.

Written new image at:
	/home/tom29/rds/rds-pal_lab-WJZDLUY2Dhw/cbbu_BIDS/sub-31/func/sub-31_task-facehouse_acq-2_dir-PA_bold_centred.nii

MATLAB is selecting SOFTWARE OPENGL rendering.

Written new image at:
	/home/tom29/rds/rds-pal_lab-WJZDLUY2Dhw/cbbu_BIDS/sub-31/func/sub-31_acq-LC_dir-AP_bold_centred.nii

MATLAB is selecting SOFTWARE OPENGL rendering.

Written new image at:
	/home/tom29/rds/rds-pal_lab-WJZDLUY2Dhw/cbbu_BIDS/sub-31/func/sub-31_task-facehouse_acq-1_dir-PA_sbref_centred.nii

----------SUSCEPTIBILITY DISTORTION CORRECTION----------
SSD = 514.805	n = 323454	Reg = 0	Cost = 514.805
SSD = 145.573	n = 323454	Reg = 8.41572	Cost = 153.989
SSD = 104.237	n = 323454	Reg = 17.6475	Cost = 121.885
SSD = 95.3636	n = 323454	Reg = 21.9913	Cost = 117.355
SSD = 92.9316	n = 323454	Reg = 23.4401	Cost = 116.372
SSD = 92.1656	n = 323454	Reg = 23.9223	Cost = 116.088
***Going to next resolution level***
SSD = 153.863	n = 323454	Reg = 13.9153	Cost = 167.778
SSD = 80.5736	n = 323454	Reg = 13.2148	Cost = 93.7884
SSD = 64.3658	n = 323454	Reg = 17.6979	Cost = 82.0637
SSD = 60.2022	n = 323454	Reg = 19.4686	Cost = 79.6708
SSD = 58.9121	n = 323454	Reg = 20.0429	Cost = 78.955
SSD = 58.4436	n = 323454	Reg = 20.2225	Cost = 78.6661
***Going to next resolution level***
SSD = 138.265	n = 323454	Reg = 4.78421	Cost = 143.049
SSD = 105.662	n = 323454	Reg = 8.39424	Cost = 114.056
SSD = 97.8421	n = 323454	Reg = 11.0862	Cost = 108.928
SSD = 95.6558	n = 323454	Reg = 12.1206	Cost = 107.776
SSD = 94.6837	n = 323454	Reg = 12.5999	Cost = 107.284
SSD = 94.2023	n = 323454	Reg = 12.8559	Cost = 107.058
***Going to next resolution level***
SSD = 160.642	n = 323454	Reg = 7.78756	Cost = 168.429
SSD = 72.2163	n = 323454	Reg = 4.1761	Cost = 76.3924
SSD = 59.8277	n = 323454	Reg = 5.97677	Cost = 65.8045
SSD = 56.5586	n = 323454	Reg = 6.87789	Cost = 63.4364
SSD = 54.675	n = 323454	Reg = 7.41634	Cost = 62.0913
SSD = 53.1704	n = 323454	Reg = 7.8313	Cost = 61.0017
SSD = 51.9636	n = 323454	Reg = 8.20643	Cost = 60.17
SSD = 50.9707	n = 323454	Reg = 8.53004	Cost = 59.5007
SSD = 50.2198	n = 323454	Reg = 8.79399	Cost = 59.0138
SSD = 49.6717	n = 323454	Reg = 9.00695	Cost = 58.6787
SSD = 49.2677	n = 323454	Reg = 9.17595	Cost = 58.4437
***Going to next resolution level***
SSD = 166.502	n = 2685840	Reg = 246.37	Cost = 412.872
SSD = 85.9421	n = 2685840	Reg = 51.9752	Cost = 137.917
SSD = 77.7992	n = 2685840	Reg = 40.3963	Cost = 118.195
SSD = 77.4695	n = 2685840	Reg = 34.8369	Cost = 112.306
SSD = 78.248	n = 2685840	Reg = 30.3397	Cost = 108.588
SSD = 78.9203	n = 2685840	Reg = 27.6465	Cost = 106.567
SSD = 79.3584	n = 2685840	Reg = 26.4656	Cost = 105.824
SSD = 79.6433	n = 2685840	Reg = 25.8464	Cost = 105.49
SSD = 79.8541	n = 2685840	Reg = 25.4413	Cost = 105.295
SSD = 80.0201	n = 2685840	Reg = 25.1626	Cost = 105.183
SSD = 80.1343	n = 2685840	Reg = 24.9887	Cost = 105.123
***Going to next resolution level***
SSD = 80.1343	n = 2685840	Reg = 2.49887	Cost = 82.6332
SSD = 79.896	n = 2685840	Reg = 2.51782	Cost = 82.4138
SSD = 79.7213	n = 2685840	Reg = 2.53453	Cost = 82.2558
SSD = 79.4411	n = 2685840	Reg = 2.56197	Cost = 82.0031
SSD = 79.0142	n = 2685840	Reg = 2.60977	Cost = 81.6239
SSD = 78.5314	n = 2685840	Reg = 2.67426	Cost = 81.2056
SSD = 78.0255	n = 2685840	Reg = 2.75822	Cost = 80.7837
SSD = 77.5899	n = 2685840	Reg = 2.84808	Cost = 80.438
SSD = 77.2315	n = 2685840	Reg = 2.93626	Cost = 80.1677
SSD = 76.9477	n = 2685840	Reg = 3.01364	Cost = 79.9613
SSD = 76.6648	n = 2685840	Reg = 3.09438	Cost = 79.7592
SSD = 76.3621	n = 2685840	Reg = 3.18259	Cost = 79.5447
SSD = 76.0716	n = 2685840	Reg = 3.26837	Cost = 79.34
SSD = 75.8135	n = 2685840	Reg = 3.34507	Cost = 79.1585
SSD = 75.5643	n = 2685840	Reg = 3.41919	Cost = 78.9835
SSD = 75.306	n = 2685840	Reg = 3.49589	Cost = 78.8019
SSD = 75.0578	n = 2685840	Reg = 3.5695	Cost = 78.6273
SSD = 74.8117	n = 2685840	Reg = 3.64261	Cost = 78.4543
SSD = 74.5597	n = 2685840	Reg = 3.71718	Cost = 78.2769
SSD = 74.3431	n = 2685840	Reg = 3.78103	Cost = 78.1241
SSD = 74.1303	n = 2685840	Reg = 3.84377	Cost = 77.9741
***Going to next resolution level***
SSD = 682.209	n = 2685840	Reg = 37.5333	Cost = 719.742
SSD = 407.58	n = 2685840	Reg = 22.5955	Cost = 430.175
SSD = 343.699	n = 2685840	Reg = 18.9966	Cost = 362.695
SSD = 316.407	n = 2685840	Reg = 17.4996	Cost = 333.907
SSD = 284.776	n = 2685840	Reg = 15.785	Cost = 300.561
SSD = 273.867	n = 2685840	Reg = 15.1905	Cost = 289.058
SSD = 252.276	n = 2685840	Reg = 14.0513	Cost = 266.328
SSD = 243.914	n = 2685840	Reg = 13.6358	Cost = 257.55
SSD = 234.83	n = 2685840	Reg = 13.2294	Cost = 248.059
SSD = 228.461	n = 2685840	Reg = 12.9678	Cost = 241.428
SSD = 222.198	n = 2685840	Reg = 12.7386	Cost = 234.937
SSD = 217.531	n = 2685840	Reg = 12.5546	Cost = 230.086
SSD = 212.378	n = 2685840	Reg = 12.3839	Cost = 224.762
SSD = 207.393	n = 2685840	Reg = 12.2331	Cost = 219.626
SSD = 203.728	n = 2685840	Reg = 12.1468	Cost = 215.875
SSD = 200.849	n = 2685840	Reg = 12.0917	Cost = 212.941
SSD = 198.257	n = 2685840	Reg = 12.0437	Cost = 210.3
SSD = 195.527	n = 2685840	Reg = 12.0008	Cost = 207.528
SSD = 192.891	n = 2685840	Reg = 11.9714	Cost = 204.862
SSD = 191.021	n = 2685840	Reg = 11.9571	Cost = 202.978
SSD = 189.196	n = 2685840	Reg = 11.9384	Cost = 201.135
***Going to next resolution level***
SSD = 260.557	n = 2685840	Reg = 0.164413	Cost = 260.722
SSD = 256.88	n = 2685840	Reg = 0.162322	Cost = 257.042
SSD = 253.885	n = 2685840	Reg = 0.16083	Cost = 254.046
SSD = 251.894	n = 2685840	Reg = 0.160023	Cost = 252.054
SSD = 249.745	n = 2685840	Reg = 0.159417	Cost = 249.904
SSD = 248.053	n = 2685840	Reg = 0.159156	Cost = 248.212
SSD = 246.458	n = 2685840	Reg = 0.159185	Cost = 246.617
SSD = 245.329	n = 2685840	Reg = 0.159419	Cost = 245.488
SSD = 244.147	n = 2685840	Reg = 0.15989	Cost = 244.307
SSD = 242.924	n = 2685840	Reg = 0.16064	Cost = 243.084
SSD = 241.487	n = 2685840	Reg = 0.161798	Cost = 241.648
SSD = 239.355	n = 2685840	Reg = 0.163898	Cost = 239.518
SSD = 237.207	n = 2685840	Reg = 0.166377	Cost = 237.374
SSD = 235.194	n = 2685840	Reg = 0.16929	Cost = 235.363
SSD = 233.493	n = 2685840	Reg = 0.1719	Cost = 233.665
SSD = 231.611	n = 2685840	Reg = 0.175101	Cost = 231.786
SSD = 229.921	n = 2685840	Reg = 0.178098	Cost = 230.099
SSD = 228.195	n = 2685840	Reg = 0.181351	Cost = 228.377
SSD = 226.727	n = 2685840	Reg = 0.184331	Cost = 226.911
SSD = 225.405	n = 2685840	Reg = 0.18721	Cost = 225.592
SSD = 224.289	n = 2685840	Reg = 0.189749	Cost = 224.479
SSD = 223.259	n = 2685840	Reg = 0.19214	Cost = 223.451
SSD = 222.164	n = 2685840	Reg = 0.194826	Cost = 222.359
SSD = 221.16	n = 2685840	Reg = 0.197348	Cost = 221.357
SSD = 220.153	n = 2685840	Reg = 0.200043	Cost = 220.353
SSD = 219.206	n = 2685840	Reg = 0.202664	Cost = 219.409
SSD = 218.298	n = 2685840	Reg = 0.205265	Cost = 218.504
SSD = 217.411	n = 2685840	Reg = 0.207898	Cost = 217.619
SSD = 216.572	n = 2685840	Reg = 0.210519	Cost = 216.782
SSD = 215.713	n = 2685840	Reg = 0.213222	Cost = 215.926
SSD = 214.885	n = 2685840	Reg = 0.215884	Cost = 215.101
SSD = 214.105	n = 2685840	Reg = 0.218387	Cost = 214.323
SSD = 213.297	n = 2685840	Reg = 0.221051	Cost = 213.518
SSD = 212.536	n = 2685840	Reg = 0.223598	Cost = 212.76
SSD = 211.804	n = 2685840	Reg = 0.226058	Cost = 212.03
SSD = 211.091	n = 2685840	Reg = 0.228484	Cost = 211.32
SSD = 210.393	n = 2685840	Reg = 0.230876	Cost = 210.624
SSD = 209.709	n = 2685840	Reg = 0.233245	Cost = 209.943
SSD = 209.031	n = 2685840	Reg = 0.235623	Cost = 209.267
SSD = 208.357	n = 2685840	Reg = 0.238031	Cost = 208.595
SSD = 207.723	n = 2685840	Reg = 0.24038	Cost = 207.964
SSD = 207.111	n = 2685840	Reg = 0.242677	Cost = 207.354
SSD = 206.524	n = 2685840	Reg = 0.244943	Cost = 206.769
SSD = 205.934	n = 2685840	Reg = 0.247269	Cost = 206.181
SSD = 205.359	n = 2685840	Reg = 0.249652	Cost = 205.609
SSD = 204.775	n = 2685840	Reg = 0.252129	Cost = 205.027
SSD = 204.225	n = 2685840	Reg = 0.254543	Cost = 204.48
SSD = 203.683	n = 2685840	Reg = 0.256988	Cost = 203.94
SSD = 203.133	n = 2685840	Reg = 0.25957	Cost = 203.392
SSD = 202.618	n = 2685840	Reg = 0.262076	Cost = 202.88
SSD = 202.105	n = 2685840	Reg = 0.264646	Cost = 202.37
***Going to next resolution level***
SSD = 202.106	n = 2685840	Reg = 0.00528947	Cost = 202.111
SSD = 201.852	n = 2685840	Reg = 0.00528283	Cost = 201.857
SSD = 201.402	n = 2685840	Reg = 0.00527122	Cost = 201.407
SSD = 201.086	n = 2685840	Reg = 0.00526321	Cost = 201.092
SSD = 200.737	n = 2685840	Reg = 0.00525463	Cost = 200.742
SSD = 200.382	n = 2685840	Reg = 0.00524634	Cost = 200.387
SSD = 200.084	n = 2685840	Reg = 0.00523993	Cost = 200.09
SSD = 199.777	n = 2685840	Reg = 0.00523395	Cost = 199.782
SSD = 199.492	n = 2685840	Reg = 0.00522907	Cost = 199.497
SSD = 199.246	n = 2685840	Reg = 0.00522546	Cost = 199.251
SSD = 198.966	n = 2685840	Reg = 0.00522202	Cost = 198.971
SSD = 198.694	n = 2685840	Reg = 0.00521933	Cost = 198.699
SSD = 198.387	n = 2685840	Reg = 0.00521712	Cost = 198.392
SSD = 198.101	n = 2685840	Reg = 0.00521579	Cost = 198.106
SSD = 197.823	n = 2685840	Reg = 0.00521531	Cost = 197.828
SSD = 197.551	n = 2685840	Reg = 0.00521567	Cost = 197.556
SSD = 197.299	n = 2685840	Reg = 0.00521667	Cost = 197.304
SSD = 197.036	n = 2685840	Reg = 0.00521858	Cost = 197.041
SSD = 196.793	n = 2685840	Reg = 0.00522104	Cost = 196.798
SSD = 196.546	n = 2685840	Reg = 0.00522437	Cost = 196.551
SSD = 196.292	n = 2685840	Reg = 0.0052286	Cost = 196.297
SSD = 196.045	n = 2685840	Reg = 0.00523386	Cost = 196.05
SSD = 195.798	n = 2685840	Reg = 0.00524027	Cost = 195.803
SSD = 195.545	n = 2685840	Reg = 0.00524837	Cost = 195.551
SSD = 195.288	n = 2685840	Reg = 0.00525801	Cost = 195.294
SSD = 195.022	n = 2685840	Reg = 0.00526989	Cost = 195.028
SSD = 194.761	n = 2685840	Reg = 0.00528366	Cost = 194.766
SSD = 194.493	n = 2685840	Reg = 0.00529998	Cost = 194.498
SSD = 194.212	n = 2685840	Reg = 0.00531982	Cost = 194.217
SSD = 193.925	n = 2685840	Reg = 0.00534224	Cost = 193.931
SSD = 193.644	n = 2685840	Reg = 0.00536685	Cost = 193.649
SSD = 193.347	n = 2685840	Reg = 0.00539528	Cost = 193.352
SSD = 193.052	n = 2685840	Reg = 0.00542629	Cost = 193.057
SSD = 192.767	n = 2685840	Reg = 0.00545892	Cost = 192.773
SSD = 192.465	n = 2685840	Reg = 0.00549572	Cost = 192.47
SSD = 192.176	n = 2685840	Reg = 0.00553357	Cost = 192.182
SSD = 191.888	n = 2685840	Reg = 0.00557403	Cost = 191.894
SSD = 191.599	n = 2685840	Reg = 0.00561677	Cost = 191.605
SSD = 191.303	n = 2685840	Reg = 0.00566383	Cost = 191.309
SSD = 190.987	n = 2685840	Reg = 0.00571726	Cost = 190.992
SSD = 190.701	n = 2685840	Reg = 0.0057688	Cost = 190.707
SSD = 190.396	n = 2685840	Reg = 0.00582652	Cost = 190.402
SSD = 190.12	n = 2685840	Reg = 0.00588197	Cost = 190.126
SSD = 189.877	n = 2685840	Reg = 0.00593351	Cost = 189.883
SSD = 189.618	n = 2685840	Reg = 0.00599112	Cost = 189.624
SSD = 189.365	n = 2685840	Reg = 0.00605106	Cost = 189.371
SSD = 189.079	n = 2685840	Reg = 0.00612138	Cost = 189.085
SSD = 188.832	n = 2685840	Reg = 0.0061855	Cost = 188.839
SSD = 188.575	n = 2685840	Reg = 0.00625565	Cost = 188.581
SSD = 188.321	n = 2685840	Reg = 0.00632837	Cost = 188.327
SSD = 188.005	n = 2685840	Reg = 0.00642246	Cost = 188.012
SSD = 187.603	n = 2685840	Reg = 0.00654906	Cost = 187.61
SSD = 187.189	n = 2685840	Reg = 0.00668422	Cost = 187.196
SSD = 186.856	n = 2685840	Reg = 0.00679893	Cost = 186.862
SSD = 186.493	n = 2685840	Reg = 0.00692727	Cost = 186.5
SSD = 186.162	n = 2685840	Reg = 0.00704783	Cost = 186.169
SSD = 185.856	n = 2685840	Reg = 0.00716359	Cost = 185.863
SSD = 185.558	n = 2685840	Reg = 0.00727754	Cost = 185.565
SSD = 185.251	n = 2685840	Reg = 0.00739867	Cost = 185.259
SSD = 184.921	n = 2685840	Reg = 0.00753093	Cost = 184.929
SSD = 184.583	n = 2685840	Reg = 0.00766923	Cost = 184.59
SSD = 184.273	n = 2685840	Reg = 0.00779762	Cost = 184.281
SSD = 183.97	n = 2685840	Reg = 0.00792431	Cost = 183.978
SSD = 183.672	n = 2685840	Reg = 0.00805146	Cost = 183.68
SSD = 183.403	n = 2685840	Reg = 0.00816727	Cost = 183.412
SSD = 183.132	n = 2685840	Reg = 0.0082849	Cost = 183.141
SSD = 182.871	n = 2685840	Reg = 0.00840049	Cost = 182.879
SSD = 182.601	n = 2685840	Reg = 0.00852123	Cost = 182.609
SSD = 182.339	n = 2685840	Reg = 0.0086407	Cost = 182.348
SSD = 182.092	n = 2685840	Reg = 0.00875462	Cost = 182.1
SSD = 181.855	n = 2685840	Reg = 0.00886518	Cost = 181.864
SSD = 181.622	n = 2685840	Reg = 0.00897462	Cost = 181.631
SSD = 181.4	n = 2685840	Reg = 0.00907913	Cost = 181.41
SSD = 181.195	n = 2685840	Reg = 0.00917666	Cost = 181.204
SSD = 180.978	n = 2685840	Reg = 0.00927881	Cost = 180.988
SSD = 180.768	n = 2685840	Reg = 0.0093796	Cost = 180.778
SSD = 180.575	n = 2685840	Reg = 0.00947216	Cost = 180.584
SSD = 180.378	n = 2685840	Reg = 0.00956691	Cost = 180.387
SSD = 180.194	n = 2685840	Reg = 0.00965467	Cost = 180.204
SSD = 180.011	n = 2685840	Reg = 0.00974295	Cost = 180.02
SSD = 179.825	n = 2685840	Reg = 0.00983207	Cost = 179.835
SSD = 179.644	n = 2685840	Reg = 0.00991897	Cost = 179.654
SSD = 179.458	n = 2685840	Reg = 0.0100085	Cost = 179.468
SSD = 179.281	n = 2685840	Reg = 0.0100943	Cost = 179.291
SSD = 179.101	n = 2685840	Reg = 0.0101818	Cost = 179.111
SSD = 178.933	n = 2685840	Reg = 0.0102633	Cost = 178.943
SSD = 178.772	n = 2685840	Reg = 0.0103416	Cost = 178.782
SSD = 178.612	n = 2685840	Reg = 0.0104196	Cost = 178.623
SSD = 178.463	n = 2685840	Reg = 0.0104921	Cost = 178.474
SSD = 178.305	n = 2685840	Reg = 0.0105694	Cost = 178.316
SSD = 178.149	n = 2685840	Reg = 0.0106456	Cost = 178.16
SSD = 177.979	n = 2685840	Reg = 0.0107293	Cost = 177.989
SSD = 177.807	n = 2685840	Reg = 0.0108142	Cost = 177.817
SSD = 177.634	n = 2685840	Reg = 0.0108994	Cost = 177.645
SSD = 177.458	n = 2685840	Reg = 0.0109871	Cost = 177.469
SSD = 177.292	n = 2685840	Reg = 0.0110697	Cost = 177.303
SSD = 177.12	n = 2685840	Reg = 0.0111556	Cost = 177.131
SSD = 176.96	n = 2685840	Reg = 0.0112359	Cost = 176.971
SSD = 176.8	n = 2685840	Reg = 0.0113166	Cost = 176.812
SSD = 176.655	n = 2685840	Reg = 0.0113906	Cost = 176.667
SSD = 176.512	n = 2685840	Reg = 0.0114631	Cost = 176.524
----------REALIGNMENT----------
----------REGISTERING EPI TO ANATOMICAL----------
----------REGISTERING EPI TO MNI----------
----------SMOOTHING----------
MATLAB is selecting SOFTWARE OPENGL rendering.
MATLAB is selecting SOFTWARE OPENGL rendering.
