Non-commercial use only - see $FSLDIR/LICENSE
Loading spm/spm12
  Loading requirement: matlab/r2019a
----------CENTRING IMAGES----------
MATLAB is selecting SOFTWARE OPENGL rendering.

Written new image at:
	/home/tom29/rds/hpc-work/cbbu_BIDS/sub-14/func/sub-14_task-facehouse_acq-1_dir-PA_bold_centred.nii

MATLAB is selecting SOFTWARE OPENGL rendering.

Written new image at:
	/home/tom29/rds/hpc-work/cbbu_BIDS/sub-14/func/sub-14_task-facehouse_acq-2_dir-PA_bold_centred.nii

MATLAB is selecting SOFTWARE OPENGL rendering.

Written new image at:
	/home/tom29/rds/hpc-work/cbbu_BIDS/sub-14/func/sub-14_acq-LC_dir-AP_bold_centred.nii

MATLAB is selecting SOFTWARE OPENGL rendering.

Written new image at:
	/home/tom29/rds/hpc-work/cbbu_BIDS/sub-14/func/sub-14_task-facehouse_acq-1_dir-PA_sbref_centred.nii

----------SUSCEPTIBILITY DISTORTION CORRECTION----------
SSD = 1254.35	n = 323454	Reg = 0	Cost = 1254.35
SSD = 328.822	n = 323454	Reg = 24.3781	Cost = 353.2
SSD = 197.342	n = 323454	Reg = 31.038	Cost = 228.38
SSD = 176.75	n = 323454	Reg = 36.4889	Cost = 213.239
SSD = 172.695	n = 323454	Reg = 38.7403	Cost = 211.435
SSD = 171.645	n = 323454	Reg = 39.4303	Cost = 211.075
***Going to next resolution level***
SSD = 251.843	n = 323454	Reg = 17.479	Cost = 269.322
SSD = 147.532	n = 323454	Reg = 19.6507	Cost = 167.183
SSD = 128.443	n = 323454	Reg = 26.8139	Cost = 155.257
SSD = 122.774	n = 323454	Reg = 29.6318	Cost = 152.406
SSD = 120.034	n = 323454	Reg = 31.0183	Cost = 151.052
SSD = 118.313	n = 323454	Reg = 31.9033	Cost = 150.216
***Going to next resolution level***
SSD = 219.551	n = 323454	Reg = 5.92023	Cost = 225.471
SSD = 168.772	n = 323454	Reg = 12.0139	Cost = 180.786
SSD = 156.183	n = 323454	Reg = 16.0377	Cost = 172.22
SSD = 150.922	n = 323454	Reg = 17.7844	Cost = 168.706
SSD = 147.885	n = 323454	Reg = 18.7671	Cost = 166.652
SSD = 145.913	n = 323454	Reg = 19.496	Cost = 165.409
***Going to next resolution level***
SSD = 227.967	n = 323454	Reg = 11.527	Cost = 239.494
SSD = 110.346	n = 323454	Reg = 7.36773	Cost = 117.714
SSD = 92.2148	n = 323454	Reg = 10.254	Cost = 102.469
SSD = 84.1732	n = 323454	Reg = 11.6773	Cost = 95.8505
SSD = 79.2944	n = 323454	Reg = 12.5078	Cost = 91.8022
SSD = 75.9675	n = 323454	Reg = 13.1575	Cost = 89.125
SSD = 73.6079	n = 323454	Reg = 13.6493	Cost = 87.2572
SSD = 71.8773	n = 323454	Reg = 14.0374	Cost = 85.9147
SSD = 70.5544	n = 323454	Reg = 14.3381	Cost = 84.8925
SSD = 69.5021	n = 323454	Reg = 14.5843	Cost = 84.0863
SSD = 68.6924	n = 323454	Reg = 14.7962	Cost = 83.4886
***Going to next resolution level***
SSD = 226.783	n = 2685840	Reg = 755.506	Cost = 982.289
SSD = 143.986	n = 2685840	Reg = 134.157	Cost = 278.143
SSD = 131.071	n = 2685840	Reg = 94.0493	Cost = 225.12
SSD = 130.069	n = 2685840	Reg = 73.1247	Cost = 203.193
SSD = 130.733	n = 2685840	Reg = 60.0204	Cost = 190.753
SSD = 132.109	n = 2685840	Reg = 52.3647	Cost = 184.474
SSD = 133.314	n = 2685840	Reg = 47.8481	Cost = 181.162
SSD = 134.324	n = 2685840	Reg = 44.8869	Cost = 179.211
SSD = 135.199	n = 2685840	Reg = 42.7738	Cost = 177.973
SSD = 135.893	n = 2685840	Reg = 41.261	Cost = 177.154
SSD = 136.516	n = 2685840	Reg = 40.1212	Cost = 176.637
***Going to next resolution level***
SSD = 136.516	n = 2685840	Reg = 4.01212	Cost = 140.528
SSD = 135.98	n = 2685840	Reg = 4.05839	Cost = 140.038
SSD = 135.708	n = 2685840	Reg = 4.08733	Cost = 139.795
SSD = 135.169	n = 2685840	Reg = 4.14722	Cost = 139.317
SSD = 134.349	n = 2685840	Reg = 4.24974	Cost = 138.599
SSD = 133.423	n = 2685840	Reg = 4.39257	Cost = 137.815
SSD = 132.632	n = 2685840	Reg = 4.55057	Cost = 137.183
SSD = 132.005	n = 2685840	Reg = 4.70653	Cost = 136.711
SSD = 131.428	n = 2685840	Reg = 4.86851	Cost = 136.297
SSD = 130.845	n = 2685840	Reg = 5.04342	Cost = 135.888
SSD = 130.32	n = 2685840	Reg = 5.20544	Cost = 135.526
SSD = 129.798	n = 2685840	Reg = 5.36985	Cost = 135.168
SSD = 129.301	n = 2685840	Reg = 5.52776	Cost = 134.828
SSD = 128.831	n = 2685840	Reg = 5.67687	Cost = 134.508
SSD = 128.367	n = 2685840	Reg = 5.82438	Cost = 134.191
SSD = 127.887	n = 2685840	Reg = 5.97705	Cost = 133.864
SSD = 127.417	n = 2685840	Reg = 6.12652	Cost = 133.543
SSD = 127.022	n = 2685840	Reg = 6.25219	Cost = 133.274
SSD = 126.582	n = 2685840	Reg = 6.39072	Cost = 132.973
SSD = 126.161	n = 2685840	Reg = 6.52374	Cost = 132.685
SSD = 125.758	n = 2685840	Reg = 6.65056	Cost = 132.408
***Going to next resolution level***
SSD = 1056.86	n = 2685840	Reg = 83.122	Cost = 1139.98
SSD = 835.553	n = 2685840	Reg = 65.2375	Cost = 900.79
SSD = 640.514	n = 2685840	Reg = 49.6748	Cost = 690.188
SSD = 597.549	n = 2685840	Reg = 46.2625	Cost = 643.811
SSD = 543.195	n = 2685840	Reg = 41.8666	Cost = 585.061
SSD = 508.667	n = 2685840	Reg = 39.1532	Cost = 547.821
SSD = 484.959	n = 2685840	Reg = 37.3181	Cost = 522.277
SSD = 460.943	n = 2685840	Reg = 35.5335	Cost = 496.476
SSD = 445.571	n = 2685840	Reg = 34.4335	Cost = 480.004
SSD = 430.766	n = 2685840	Reg = 33.408	Cost = 464.174
SSD = 421.197	n = 2685840	Reg = 32.7709	Cost = 453.968
SSD = 409.999	n = 2685840	Reg = 32.0617	Cost = 442.061
SSD = 400.585	n = 2685840	Reg = 31.4975	Cost = 432.082
SSD = 393.894	n = 2685840	Reg = 31.1062	Cost = 425
SSD = 386.977	n = 2685840	Reg = 30.7085	Cost = 417.685
SSD = 381.471	n = 2685840	Reg = 30.3981	Cost = 411.869
SSD = 375.593	n = 2685840	Reg = 30.0811	Cost = 405.674
SSD = 370.858	n = 2685840	Reg = 29.8392	Cost = 400.697
SSD = 366.228	n = 2685840	Reg = 29.6153	Cost = 395.843
SSD = 361.877	n = 2685840	Reg = 29.4139	Cost = 391.291
SSD = 358.49	n = 2685840	Reg = 29.2598	Cost = 387.75
***Going to next resolution level***
SSD = 470.378	n = 2685840	Reg = 0.383921	Cost = 470.762
SSD = 466.044	n = 2685840	Reg = 0.380703	Cost = 466.424
SSD = 461.691	n = 2685840	Reg = 0.377935	Cost = 462.069
SSD = 458.13	n = 2685840	Reg = 0.376116	Cost = 458.506
SSD = 454.717	n = 2685840	Reg = 0.37491	Cost = 455.092
SSD = 451.682	n = 2685840	Reg = 0.374512	Cost = 452.057
SSD = 448.857	n = 2685840	Reg = 0.374756	Cost = 449.232
SSD = 446.874	n = 2685840	Reg = 0.375439	Cost = 447.25
SSD = 444.302	n = 2685840	Reg = 0.376883	Cost = 444.679
SSD = 441.791	n = 2685840	Reg = 0.378917	Cost = 442.17
SSD = 439.292	n = 2685840	Reg = 0.381503	Cost = 439.673
SSD = 434.865	n = 2685840	Reg = 0.387161	Cost = 435.252
SSD = 431.246	n = 2685840	Reg = 0.392662	Cost = 431.639
SSD = 427.663	n = 2685840	Reg = 0.399123	Cost = 428.062
SSD = 424.497	n = 2685840	Reg = 0.405453	Cost = 424.903
SSD = 421.585	n = 2685840	Reg = 0.411957	Cost = 421.997
SSD = 418.789	n = 2685840	Reg = 0.418754	Cost = 419.207
SSD = 416.001	n = 2685840	Reg = 0.426176	Cost = 416.427
SSD = 413.533	n = 2685840	Reg = 0.433278	Cost = 413.966
SSD = 411.345	n = 2685840	Reg = 0.440041	Cost = 411.785
SSD = 409.167	n = 2685840	Reg = 0.447212	Cost = 409.615
SSD = 407.345	n = 2685840	Reg = 0.453586	Cost = 407.799
SSD = 405.402	n = 2685840	Reg = 0.460751	Cost = 405.863
SSD = 403.437	n = 2685840	Reg = 0.468374	Cost = 403.905
SSD = 401.585	n = 2685840	Reg = 0.476015	Cost = 402.061
SSD = 399.768	n = 2685840	Reg = 0.48385	Cost = 400.252
SSD = 398.11	n = 2685840	Reg = 0.491334	Cost = 398.601
SSD = 396.513	n = 2685840	Reg = 0.498727	Cost = 397.012
SSD = 394.979	n = 2685840	Reg = 0.506078	Cost = 395.485
SSD = 393.495	n = 2685840	Reg = 0.513356	Cost = 394.009
SSD = 392.036	n = 2685840	Reg = 0.520718	Cost = 392.557
SSD = 390.611	n = 2685840	Reg = 0.528091	Cost = 391.139
SSD = 389.253	n = 2685840	Reg = 0.535289	Cost = 389.788
SSD = 387.95	n = 2685840	Reg = 0.542299	Cost = 388.492
SSD = 386.736	n = 2685840	Reg = 0.548987	Cost = 387.285
SSD = 385.474	n = 2685840	Reg = 0.556006	Cost = 386.03
SSD = 384.258	n = 2685840	Reg = 0.562962	Cost = 384.821
SSD = 383.094	n = 2685840	Reg = 0.569695	Cost = 383.664
SSD = 381.938	n = 2685840	Reg = 0.576568	Cost = 382.514
SSD = 380.775	n = 2685840	Reg = 0.583623	Cost = 381.358
SSD = 379.733	n = 2685840	Reg = 0.590052	Cost = 380.323
SSD = 378.691	n = 2685840	Reg = 0.596679	Cost = 379.288
SSD = 377.643	n = 2685840	Reg = 0.603447	Cost = 378.246
SSD = 376.656	n = 2685840	Reg = 0.610042	Cost = 377.266
SSD = 375.669	n = 2685840	Reg = 0.616725	Cost = 376.285
SSD = 374.736	n = 2685840	Reg = 0.623224	Cost = 375.359
SSD = 373.828	n = 2685840	Reg = 0.629673	Cost = 374.458
SSD = 372.926	n = 2685840	Reg = 0.636185	Cost = 373.562
SSD = 372.037	n = 2685840	Reg = 0.642872	Cost = 372.68
SSD = 371.204	n = 2685840	Reg = 0.649317	Cost = 371.853
SSD = 370.361	n = 2685840	Reg = 0.656012	Cost = 371.017
***Going to next resolution level***
SSD = 370.364	n = 2685840	Reg = 0.0131073	Cost = 370.377
SSD = 369.957	n = 2685840	Reg = 0.0130928	Cost = 369.97
SSD = 369.368	n = 2685840	Reg = 0.0130716	Cost = 369.381
SSD = 368.802	n = 2685840	Reg = 0.0130513	Cost = 368.815
SSD = 368.269	n = 2685840	Reg = 0.0130323	Cost = 368.282
SSD = 367.764	n = 2685840	Reg = 0.0130147	Cost = 367.777
SSD = 367.24	n = 2685840	Reg = 0.0129972	Cost = 367.253
SSD = 366.78	n = 2685840	Reg = 0.0129828	Cost = 366.793
SSD = 366.315	n = 2685840	Reg = 0.0129693	Cost = 366.328
SSD = 365.82	n = 2685840	Reg = 0.0129562	Cost = 365.833
SSD = 365.344	n = 2685840	Reg = 0.012945	Cost = 365.357
SSD = 364.822	n = 2685840	Reg = 0.0129343	Cost = 364.835
SSD = 364.249	n = 2685840	Reg = 0.0129248	Cost = 364.262
SSD = 363.767	n = 2685840	Reg = 0.0129188	Cost = 363.78
SSD = 363.311	n = 2685840	Reg = 0.012915	Cost = 363.324
SSD = 362.843	n = 2685840	Reg = 0.0129134	Cost = 362.855
SSD = 362.402	n = 2685840	Reg = 0.0129142	Cost = 362.415
SSD = 361.993	n = 2685840	Reg = 0.0129172	Cost = 362.006
SSD = 361.579	n = 2685840	Reg = 0.0129225	Cost = 361.592
SSD = 361.14	n = 2685840	Reg = 0.012931	Cost = 361.153
SSD = 360.722	n = 2685840	Reg = 0.0129418	Cost = 360.735
SSD = 360.287	n = 2685840	Reg = 0.0129561	Cost = 360.3
SSD = 359.856	n = 2685840	Reg = 0.0129741	Cost = 359.869
SSD = 359.407	n = 2685840	Reg = 0.0129969	Cost = 359.42
SSD = 358.973	n = 2685840	Reg = 0.0130236	Cost = 358.986
SSD = 358.515	n = 2685840	Reg = 0.0130564	Cost = 358.529
SSD = 358.063	n = 2685840	Reg = 0.0130944	Cost = 358.076
SSD = 357.597	n = 2685840	Reg = 0.0131388	Cost = 357.61
SSD = 357.161	n = 2685840	Reg = 0.0131863	Cost = 357.174
SSD = 356.699	n = 2685840	Reg = 0.0132424	Cost = 356.712
SSD = 356.282	n = 2685840	Reg = 0.013299	Cost = 356.295
SSD = 355.799	n = 2685840	Reg = 0.013371	Cost = 355.812
SSD = 355.354	n = 2685840	Reg = 0.0134437	Cost = 355.367
SSD = 354.877	n = 2685840	Reg = 0.0135287	Cost = 354.89
SSD = 354.396	n = 2685840	Reg = 0.0136218	Cost = 354.41
SSD = 353.94	n = 2685840	Reg = 0.0137174	Cost = 353.953
SSD = 353.47	n = 2685840	Reg = 0.0138234	Cost = 353.484
SSD = 353.017	n = 2685840	Reg = 0.0139324	Cost = 353.031
SSD = 352.516	n = 2685840	Reg = 0.0140614	Cost = 352.53
SSD = 352.058	n = 2685840	Reg = 0.0141871	Cost = 352.073
SSD = 351.495	n = 2685840	Reg = 0.014351	Cost = 351.51
SSD = 351.064	n = 2685840	Reg = 0.0144838	Cost = 351.079
SSD = 350.629	n = 2685840	Reg = 0.0146265	Cost = 350.644
SSD = 350.181	n = 2685840	Reg = 0.0147815	Cost = 350.196
SSD = 349.771	n = 2685840	Reg = 0.0149312	Cost = 349.786
SSD = 349.357	n = 2685840	Reg = 0.0150892	Cost = 349.372
SSD = 348.932	n = 2685840	Reg = 0.0152589	Cost = 348.947
SSD = 348.547	n = 2685840	Reg = 0.0154207	Cost = 348.563
SSD = 348.156	n = 2685840	Reg = 0.0155928	Cost = 348.172
SSD = 347.701	n = 2685840	Reg = 0.0158034	Cost = 347.717
SSD = 347.153	n = 2685840	Reg = 0.0160703	Cost = 347.169
SSD = 346.429	n = 2685840	Reg = 0.0164395	Cost = 346.446
SSD = 345.873	n = 2685840	Reg = 0.0167351	Cost = 345.89
SSD = 345.347	n = 2685840	Reg = 0.0170246	Cost = 345.364
SSD = 344.83	n = 2685840	Reg = 0.0173172	Cost = 344.847
SSD = 344.329	n = 2685840	Reg = 0.0176105	Cost = 344.347
SSD = 343.856	n = 2685840	Reg = 0.017893	Cost = 343.874
SSD = 343.381	n = 2685840	Reg = 0.0181847	Cost = 343.4
SSD = 342.88	n = 2685840	Reg = 0.0184984	Cost = 342.898
SSD = 342.368	n = 2685840	Reg = 0.0188277	Cost = 342.386
SSD = 341.868	n = 2685840	Reg = 0.0191542	Cost = 341.887
SSD = 341.364	n = 2685840	Reg = 0.0194929	Cost = 341.383
SSD = 340.911	n = 2685840	Reg = 0.0198007	Cost = 340.93
SSD = 340.468	n = 2685840	Reg = 0.0201074	Cost = 340.488
SSD = 340.025	n = 2685840	Reg = 0.0204177	Cost = 340.046
SSD = 339.623	n = 2685840	Reg = 0.0207046	Cost = 339.644
SSD = 339.198	n = 2685840	Reg = 0.0210136	Cost = 339.219
SSD = 338.791	n = 2685840	Reg = 0.0213151	Cost = 338.812
SSD = 338.41	n = 2685840	Reg = 0.0215997	Cost = 338.431
SSD = 338.033	n = 2685840	Reg = 0.0218846	Cost = 338.055
SSD = 337.678	n = 2685840	Reg = 0.0221578	Cost = 337.7
SSD = 337.314	n = 2685840	Reg = 0.0224398	Cost = 337.337
SSD = 336.957	n = 2685840	Reg = 0.0227208	Cost = 336.98
SSD = 336.615	n = 2685840	Reg = 0.0229928	Cost = 336.638
SSD = 336.28	n = 2685840	Reg = 0.0232602	Cost = 336.303
SSD = 335.955	n = 2685840	Reg = 0.0235228	Cost = 335.979
SSD = 335.63	n = 2685840	Reg = 0.0237876	Cost = 335.654
SSD = 335.329	n = 2685840	Reg = 0.0240337	Cost = 335.353
SSD = 335.014	n = 2685840	Reg = 0.0242938	Cost = 335.038
SSD = 334.704	n = 2685840	Reg = 0.0245506	Cost = 334.729
SSD = 334.392	n = 2685840	Reg = 0.024811	Cost = 334.417
SSD = 334.11	n = 2685840	Reg = 0.0250468	Cost = 334.135
SSD = 333.819	n = 2685840	Reg = 0.0252897	Cost = 333.845
SSD = 333.534	n = 2685840	Reg = 0.0255314	Cost = 333.559
SSD = 333.257	n = 2685840	Reg = 0.0257672	Cost = 333.282
SSD = 332.979	n = 2685840	Reg = 0.026004	Cost = 333.005
SSD = 332.701	n = 2685840	Reg = 0.0262425	Cost = 332.727
SSD = 332.436	n = 2685840	Reg = 0.0264709	Cost = 332.462
SSD = 332.169	n = 2685840	Reg = 0.0267011	Cost = 332.196
SSD = 331.914	n = 2685840	Reg = 0.0269231	Cost = 331.941
SSD = 331.651	n = 2685840	Reg = 0.0271511	Cost = 331.678
SSD = 331.367	n = 2685840	Reg = 0.0273995	Cost = 331.394
SSD = 331.096	n = 2685840	Reg = 0.0276369	Cost = 331.123
SSD = 330.843	n = 2685840	Reg = 0.0278592	Cost = 330.871
SSD = 330.578	n = 2685840	Reg = 0.0280937	Cost = 330.606
SSD = 330.316	n = 2685840	Reg = 0.0283259	Cost = 330.345
SSD = 330.065	n = 2685840	Reg = 0.02855	Cost = 330.093
SSD = 329.808	n = 2685840	Reg = 0.0287805	Cost = 329.836
SSD = 329.554	n = 2685840	Reg = 0.029009	Cost = 329.583
SSD = 329.317	n = 2685840	Reg = 0.0292222	Cost = 329.347
SSD = 329.099	n = 2685840	Reg = 0.0294195	Cost = 329.128
----------REALIGNMENT----------
----------REGISTERING EPI TO ANATOMICAL----------
----------REGISTERING EPI TO MNI----------
Processing volume 0
Processing volume 1
Processing volume 2
Processing volume 3
Processing volume 4
Processing volume 5
Processing volume 6
Processing volume 7
Processing volume 8
Processing volume 9
Processing volume 10
Processing volume 11
Processing volume 12
Processing volume 13
Processing volume 14
Processing volume 15
Processing volume 16
Processing volume 17
Processing volume 18
Processing volume 19
Processing volume 20
Processing volume 21
Processing volume 22
Processing volume 23
Processing volume 24
Processing volume 25
Processing volume 26
Processing volume 27
Processing volume 28
Processing volume 29
Processing volume 30
Processing volume 31
Processing volume 32
Processing volume 33
Processing volume 34
Processing volume 35
Processing volume 36
Processing volume 37
Processing volume 38
Processing volume 39
Processing volume 40
Processing volume 41
Processing volume 42
Processing volume 43
Processing volume 44
Processing volume 45
Processing volume 46
Processing volume 47
Processing volume 48
Processing volume 49
Processing volume 50
Processing volume 51
Processing volume 52
Processing volume 53
Processing volume 54
Processing volume 55
Processing volume 56
Processing volume 57
Processing volume 58
Processing volume 59
Processing volume 60
Processing volume 61
Processing volume 62
Processing volume 63
Processing volume 64
Processing volume 65
Processing volume 66
Processing volume 67
Processing volume 68
Processing volume 69
Processing volume 70
Processing volume 71
Processing volume 72
Processing volume 73
Processing volume 74
Processing volume 75
Processing volume 76
Processing volume 77
Processing volume 78
Processing volume 79
Processing volume 80
Processing volume 81
Processing volume 82
Processing volume 83
Processing volume 84
Processing volume 85
Processing volume 86
Processing volume 87
Processing volume 88
Processing volume 89
Processing volume 90
Processing volume 91
Processing volume 92
Processing volume 93
Processing volume 94
Processing volume 95
Processing volume 96
Processing volume 97
Processing volume 98
Processing volume 99
Processing volume 100
Processing volume 101
Processing volume 102
Processing volume 103
Processing volume 104
Processing volume 105
Processing volume 106
Processing volume 107
Processing volume 108
Processing volume 109
Processing volume 110
Processing volume 111
Processing volume 112
Processing volume 113
Processing volume 114
Processing volume 115
Error: short write, output file will be truncated
** ERROR: NWAD: wrote only 0 of 57768256 bytes to file
Processing volume 116
Error: short write, output file will be truncated
** ERROR: NWAD: wrote only 0 of 57768256 bytes to file
Processing volume 117
Error: short write, output file will be truncated
** ERROR: NWAD: wrote only 0 of 57768256 bytes to file
Processing volume 118
Error: short write, output file will be truncated
 file /home/tom29/rds/hpc-work/cbbu_BIDS/sub-14/func/sub-14_task-facehouse_acq-1_dir-PA_bold_vol-118.nii.gz is not recognized as a supported image format . 
terminate called after throwing an instance of 'itk::ExceptionObject'
  what():  /workspace/build/ITKv5/Modules/Core/Common/src/itkProcessObject.cxx:1339:
ITK ERROR: ResampleImageFilter(0x379e3f0): Input Primary is required but not set.
/var/spool/slurm/slurmd/job20299326/slurm_script: line 214: 128734 Aborted                 antsApplyTransforms -d 3 -i "${tmp_vol}" -r "${FSLDIR}/data/standard/MNI152_T1_1mm_brain.nii.gz" -t "${template_to_MNI_SyN}" -t "${template_to_MNI_affine}" -t "${MP2RAGE_to_template_SyN}" -t "${MP2RAGE_to_template_affine}" -t "${BIDS_root}/${sub_id}/func/${sub_id}_func_to_anatomical_ANTS.mat" -o "${run1_fname}_MNI_vol-${v}.nii.gz" -n Linear
