Non-commercial use only - see $FSLDIR/LICENSE
Loading spm/spm12
  Loading requirement: matlab/r2019a
----------CENTRING IMAGES----------
MATLAB is selecting SOFTWARE OPENGL rendering.

Written new image at:
	/home/tom29/rds/rds-pal_lab-WJZDLUY2Dhw/cbbu_BIDS/sub-04/func/sub-04_task-facehouse_acq-1_dir-PA_bold_centred.nii

MATLAB is selecting SOFTWARE OPENGL rendering.

Written new image at:
	/home/tom29/rds/rds-pal_lab-WJZDLUY2Dhw/cbbu_BIDS/sub-04/func/sub-04_task-facehouse_acq-2_dir-PA_bold_centred.nii

MATLAB is selecting SOFTWARE OPENGL rendering.

Written new image at:
	/home/tom29/rds/rds-pal_lab-WJZDLUY2Dhw/cbbu_BIDS/sub-04/func/sub-04_acq-LC_dir-AP_bold_centred.nii

MATLAB is selecting SOFTWARE OPENGL rendering.

Written new image at:
	/home/tom29/rds/rds-pal_lab-WJZDLUY2Dhw/cbbu_BIDS/sub-04/func/sub-04_task-facehouse_acq-1_dir-PA_sbref_centred.nii

----------SUSCEPTIBILITY DISTORTION CORRECTION----------
SSD = 420.755	n = 323454	Reg = 0	Cost = 420.755
SSD = 138.659	n = 323454	Reg = 11.2341	Cost = 149.893
SSD = 94.0027	n = 323454	Reg = 20.1061	Cost = 114.109
SSD = 84.3527	n = 323454	Reg = 24.1467	Cost = 108.499
SSD = 81.8573	n = 323454	Reg = 25.5274	Cost = 107.385
SSD = 81.1312	n = 323454	Reg = 25.9739	Cost = 107.105
***Going to next resolution level***
SSD = 142.091	n = 323454	Reg = 14.3996	Cost = 156.491
SSD = 72.4685	n = 323454	Reg = 12.4497	Cost = 84.9182
SSD = 57.8935	n = 323454	Reg = 16.581	Cost = 74.4745
SSD = 53.8781	n = 323454	Reg = 18.3729	Cost = 72.251
SSD = 52.5053	n = 323454	Reg = 19.0776	Cost = 71.5829
SSD = 51.9478	n = 323454	Reg = 19.384	Cost = 71.3318
***Going to next resolution level***
SSD = 127.256	n = 323454	Reg = 4.7485	Cost = 132.005
SSD = 95.0138	n = 323454	Reg = 8.16099	Cost = 103.175
SSD = 87.2102	n = 323454	Reg = 10.6422	Cost = 97.8524
SSD = 84.7483	n = 323454	Reg = 11.6025	Cost = 96.3508
SSD = 83.7032	n = 323454	Reg = 12.0005	Cost = 95.7036
SSD = 83.0934	n = 323454	Reg = 12.2393	Cost = 95.3327
***Going to next resolution level***
SSD = 143.358	n = 323454	Reg = 7.10373	Cost = 150.462
SSD = 58.0437	n = 323454	Reg = 3.55138	Cost = 61.5951
SSD = 46.8563	n = 323454	Reg = 5.19031	Cost = 52.0466
SSD = 43.7389	n = 323454	Reg = 6.05493	Cost = 49.7938
SSD = 42.3214	n = 323454	Reg = 6.4859	Cost = 48.8073
SSD = 41.4818	n = 323454	Reg = 6.75728	Cost = 48.2391
SSD = 40.9035	n = 323454	Reg = 6.9672	Cost = 47.8707
SSD = 40.4771	n = 323454	Reg = 7.13123	Cost = 47.6083
SSD = 40.1396	n = 323454	Reg = 7.27102	Cost = 47.4106
SSD = 39.8677	n = 323454	Reg = 7.39222	Cost = 47.2599
SSD = 39.6278	n = 323454	Reg = 7.50435	Cost = 47.1322
***Going to next resolution level***
SSD = 138.286	n = 2685840	Reg = 234.517	Cost = 372.803
SSD = 64.5029	n = 2685840	Reg = 37.0058	Cost = 101.509
SSD = 55.9222	n = 2685840	Reg = 28.9216	Cost = 84.8439
SSD = 54.5872	n = 2685840	Reg = 26.5882	Cost = 81.1753
SSD = 54.612	n = 2685840	Reg = 25.2227	Cost = 79.8347
SSD = 54.8588	n = 2685840	Reg = 24.2913	Cost = 79.1501
SSD = 55.1506	n = 2685840	Reg = 23.531	Cost = 78.6817
SSD = 55.4298	n = 2685840	Reg = 22.9274	Cost = 78.3571
SSD = 55.6433	n = 2685840	Reg = 22.512	Cost = 78.1553
SSD = 55.7953	n = 2685840	Reg = 22.2323	Cost = 78.0276
SSD = 55.9005	n = 2685840	Reg = 22.0435	Cost = 77.944
***Going to next resolution level***
SSD = 55.9005	n = 2685840	Reg = 2.20435	Cost = 58.1049
SSD = 55.738	n = 2685840	Reg = 2.21551	Cost = 57.9535
SSD = 55.5752	n = 2685840	Reg = 2.22888	Cost = 57.8041
SSD = 55.3894	n = 2685840	Reg = 2.24479	Cost = 57.6342
SSD = 55.0897	n = 2685840	Reg = 2.27516	Cost = 57.3648
SSD = 54.7053	n = 2685840	Reg = 2.31925	Cost = 57.0245
SSD = 54.2523	n = 2685840	Reg = 2.38199	Cost = 56.6343
SSD = 53.8263	n = 2685840	Reg = 2.45751	Cost = 56.2838
SSD = 53.4968	n = 2685840	Reg = 2.53135	Cost = 56.0281
SSD = 53.232	n = 2685840	Reg = 2.5997	Cost = 55.8317
SSD = 52.9911	n = 2685840	Reg = 2.66611	Cost = 55.6572
SSD = 52.7529	n = 2685840	Reg = 2.73385	Cost = 55.4867
SSD = 52.4977	n = 2685840	Reg = 2.80737	Cost = 55.305
SSD = 52.2697	n = 2685840	Reg = 2.87344	Cost = 55.1431
SSD = 52.0715	n = 2685840	Reg = 2.93081	Cost = 55.0023
SSD = 51.8567	n = 2685840	Reg = 2.99251	Cost = 54.8492
SSD = 51.632	n = 2685840	Reg = 3.057	Cost = 54.689
SSD = 51.4353	n = 2685840	Reg = 3.11318	Cost = 54.5485
SSD = 51.2346	n = 2685840	Reg = 3.17005	Cost = 54.4046
SSD = 51.0314	n = 2685840	Reg = 3.22763	Cost = 54.259
SSD = 50.8542	n = 2685840	Reg = 3.27745	Cost = 54.1317
***Going to next resolution level***
SSD = 290.153	n = 2685840	Reg = 22.2709	Cost = 312.424
SSD = 240.683	n = 2685840	Reg = 18.4873	Cost = 259.17
SSD = 218.22	n = 2685840	Reg = 16.7789	Cost = 234.999
SSD = 197.778	n = 2685840	Reg = 15.2412	Cost = 213.019
SSD = 184.72	n = 2685840	Reg = 14.2755	Cost = 198.995
SSD = 174.841	n = 2685840	Reg = 13.5587	Cost = 188.4
SSD = 166.414	n = 2685840	Reg = 12.9626	Cost = 179.376
SSD = 160.735	n = 2685840	Reg = 12.5732	Cost = 173.309
SSD = 155.274	n = 2685840	Reg = 12.2105	Cost = 167.484
SSD = 151.123	n = 2685840	Reg = 11.9406	Cost = 163.064
SSD = 146.867	n = 2685840	Reg = 11.6728	Cost = 158.54
SSD = 143.534	n = 2685840	Reg = 11.4669	Cost = 155.001
SSD = 140.423	n = 2685840	Reg = 11.2792	Cost = 151.702
SSD = 137.636	n = 2685840	Reg = 11.1151	Cost = 148.752
SSD = 135.219	n = 2685840	Reg = 10.9766	Cost = 146.196
SSD = 132.889	n = 2685840	Reg = 10.8483	Cost = 143.737
SSD = 130.83	n = 2685840	Reg = 10.7362	Cost = 141.566
SSD = 128.715	n = 2685840	Reg = 10.6246	Cost = 139.339
SSD = 126.921	n = 2685840	Reg = 10.5331	Cost = 137.454
SSD = 125.281	n = 2685840	Reg = 10.453	Cost = 135.734
SSD = 123.763	n = 2685840	Reg = 10.3818	Cost = 134.145
***Going to next resolution level***
SSD = 175.179	n = 2685840	Reg = 0.146948	Cost = 175.326
SSD = 171.166	n = 2685840	Reg = 0.143799	Cost = 171.31
SSD = 167.841	n = 2685840	Reg = 0.141316	Cost = 167.982
SSD = 165.329	n = 2685840	Reg = 0.139625	Cost = 165.468
SSD = 163.182	n = 2685840	Reg = 0.138367	Cost = 163.32
SSD = 161.641	n = 2685840	Reg = 0.137657	Cost = 161.779
SSD = 160.248	n = 2685840	Reg = 0.137208	Cost = 160.385
SSD = 159.26	n = 2685840	Reg = 0.137035	Cost = 159.397
SSD = 158.418	n = 2685840	Reg = 0.137026	Cost = 158.555
SSD = 157.804	n = 2685840	Reg = 0.137122	Cost = 157.941
SSD = 156.937	n = 2685840	Reg = 0.137403	Cost = 157.075
SSD = 155.578	n = 2685840	Reg = 0.137984	Cost = 155.716
SSD = 153.949	n = 2685840	Reg = 0.138925	Cost = 154.088
SSD = 152.189	n = 2685840	Reg = 0.140117	Cost = 152.33
SSD = 150.54	n = 2685840	Reg = 0.141563	Cost = 150.681
SSD = 148.823	n = 2685840	Reg = 0.143122	Cost = 148.966
SSD = 147.326	n = 2685840	Reg = 0.144699	Cost = 147.471
SSD = 145.788	n = 2685840	Reg = 0.146479	Cost = 145.935
SSD = 144.309	n = 2685840	Reg = 0.148318	Cost = 144.457
SSD = 142.917	n = 2685840	Reg = 0.150174	Cost = 143.067
SSD = 141.785	n = 2685840	Reg = 0.151766	Cost = 141.937
SSD = 140.861	n = 2685840	Reg = 0.15311	Cost = 141.014
SSD = 140.097	n = 2685840	Reg = 0.154272	Cost = 140.251
SSD = 139.306	n = 2685840	Reg = 0.155529	Cost = 139.462
SSD = 138.567	n = 2685840	Reg = 0.156752	Cost = 138.723
SSD = 137.766	n = 2685840	Reg = 0.158148	Cost = 137.924
SSD = 137.021	n = 2685840	Reg = 0.159493	Cost = 137.18
SSD = 136.279	n = 2685840	Reg = 0.160894	Cost = 136.44
SSD = 135.577	n = 2685840	Reg = 0.162264	Cost = 135.739
SSD = 134.881	n = 2685840	Reg = 0.163687	Cost = 135.044
SSD = 134.175	n = 2685840	Reg = 0.165141	Cost = 134.34
SSD = 133.432	n = 2685840	Reg = 0.166785	Cost = 133.599
SSD = 132.744	n = 2685840	Reg = 0.168275	Cost = 132.913
SSD = 132.035	n = 2685840	Reg = 0.169916	Cost = 132.205
SSD = 131.432	n = 2685840	Reg = 0.171307	Cost = 131.603
SSD = 130.81	n = 2685840	Reg = 0.172795	Cost = 130.983
SSD = 130.218	n = 2685840	Reg = 0.174247	Cost = 130.393
SSD = 129.647	n = 2685840	Reg = 0.175683	Cost = 129.822
SSD = 129.058	n = 2685840	Reg = 0.177197	Cost = 129.235
SSD = 128.509	n = 2685840	Reg = 0.17866	Cost = 128.687
SSD = 127.969	n = 2685840	Reg = 0.180143	Cost = 128.149
SSD = 127.444	n = 2685840	Reg = 0.181618	Cost = 127.625
SSD = 126.907	n = 2685840	Reg = 0.183172	Cost = 127.09
SSD = 126.414	n = 2685840	Reg = 0.184633	Cost = 126.598
SSD = 125.936	n = 2685840	Reg = 0.186098	Cost = 126.122
SSD = 125.448	n = 2685840	Reg = 0.187639	Cost = 125.636
SSD = 125.008	n = 2685840	Reg = 0.189058	Cost = 125.197
SSD = 124.524	n = 2685840	Reg = 0.190678	Cost = 124.714
SSD = 124.11	n = 2685840	Reg = 0.19211	Cost = 124.302
SSD = 123.687	n = 2685840	Reg = 0.19361	Cost = 123.881
SSD = 123.288	n = 2685840	Reg = 0.1951	Cost = 123.483
***Going to next resolution level***
SSD = 123.288	n = 2685840	Reg = 0.00389919	Cost = 123.292
SSD = 123.09	n = 2685840	Reg = 0.00389297	Cost = 123.094
SSD = 122.793	n = 2685840	Reg = 0.0038838	Cost = 122.797
SSD = 122.542	n = 2685840	Reg = 0.00387622	Cost = 122.546
SSD = 122.311	n = 2685840	Reg = 0.00386943	Cost = 122.315
SSD = 122.039	n = 2685840	Reg = 0.0038618	Cost = 122.043
SSD = 121.832	n = 2685840	Reg = 0.00385641	Cost = 121.836
SSD = 121.585	n = 2685840	Reg = 0.00385043	Cost = 121.589
SSD = 121.357	n = 2685840	Reg = 0.00384549	Cost = 121.36
SSD = 121.146	n = 2685840	Reg = 0.00384143	Cost = 121.15
SSD = 120.93	n = 2685840	Reg = 0.00383783	Cost = 120.934
SSD = 120.709	n = 2685840	Reg = 0.00383469	Cost = 120.713
SSD = 120.46	n = 2685840	Reg = 0.00383179	Cost = 120.464
SSD = 120.239	n = 2685840	Reg = 0.00382979	Cost = 120.243
SSD = 120.008	n = 2685840	Reg = 0.00382834	Cost = 120.012
SSD = 119.8	n = 2685840	Reg = 0.00382757	Cost = 119.804
SSD = 119.583	n = 2685840	Reg = 0.0038274	Cost = 119.586
SSD = 119.381	n = 2685840	Reg = 0.00382775	Cost = 119.385
SSD = 119.174	n = 2685840	Reg = 0.00382879	Cost = 119.177
SSD = 118.97	n = 2685840	Reg = 0.0038304	Cost = 118.973
SSD = 118.749	n = 2685840	Reg = 0.00383301	Cost = 118.753
SSD = 118.544	n = 2685840	Reg = 0.00383607	Cost = 118.548
SSD = 118.344	n = 2685840	Reg = 0.00384005	Cost = 118.348
SSD = 118.143	n = 2685840	Reg = 0.00384476	Cost = 118.147
SSD = 117.937	n = 2685840	Reg = 0.00385069	Cost = 117.941
SSD = 117.741	n = 2685840	Reg = 0.00385715	Cost = 117.745
SSD = 117.533	n = 2685840	Reg = 0.00386519	Cost = 117.537
SSD = 117.328	n = 2685840	Reg = 0.00387412	Cost = 117.332
SSD = 117.128	n = 2685840	Reg = 0.00388406	Cost = 117.132
SSD = 116.921	n = 2685840	Reg = 0.00389537	Cost = 116.925
SSD = 116.714	n = 2685840	Reg = 0.00390816	Cost = 116.718
SSD = 116.485	n = 2685840	Reg = 0.00392341	Cost = 116.488
SSD = 116.234	n = 2685840	Reg = 0.00394188	Cost = 116.238
SSD = 115.979	n = 2685840	Reg = 0.00396194	Cost = 115.983
SSD = 115.729	n = 2685840	Reg = 0.00398371	Cost = 115.733
SSD = 115.469	n = 2685840	Reg = 0.00400769	Cost = 115.473
SSD = 115.22	n = 2685840	Reg = 0.00403318	Cost = 115.224
SSD = 114.972	n = 2685840	Reg = 0.00405993	Cost = 114.976
SSD = 114.708	n = 2685840	Reg = 0.00409103	Cost = 114.712
SSD = 114.465	n = 2685840	Reg = 0.00412116	Cost = 114.47
SSD = 114.24	n = 2685840	Reg = 0.00415136	Cost = 114.244
SSD = 114.047	n = 2685840	Reg = 0.00417841	Cost = 114.051
SSD = 113.884	n = 2685840	Reg = 0.0042031	Cost = 113.888
SSD = 113.708	n = 2685840	Reg = 0.0042311	Cost = 113.712
SSD = 113.522	n = 2685840	Reg = 0.00426295	Cost = 113.526
SSD = 113.335	n = 2685840	Reg = 0.00429641	Cost = 113.339
SSD = 113.136	n = 2685840	Reg = 0.00433428	Cost = 113.141
SSD = 112.943	n = 2685840	Reg = 0.00437252	Cost = 112.948
SSD = 112.739	n = 2685840	Reg = 0.00441583	Cost = 112.743
SSD = 112.513	n = 2685840	Reg = 0.00446534	Cost = 112.518
SSD = 112.226	n = 2685840	Reg = 0.00453228	Cost = 112.231
SSD = 111.852	n = 2685840	Reg = 0.00462226	Cost = 111.857
SSD = 111.506	n = 2685840	Reg = 0.00471164	Cost = 111.511
SSD = 111.221	n = 2685840	Reg = 0.00478612	Cost = 111.226
SSD = 110.907	n = 2685840	Reg = 0.00487173	Cost = 110.912
SSD = 110.651	n = 2685840	Reg = 0.00494206	Cost = 110.656
SSD = 110.389	n = 2685840	Reg = 0.00501696	Cost = 110.394
SSD = 110.155	n = 2685840	Reg = 0.00508404	Cost = 110.16
SSD = 109.912	n = 2685840	Reg = 0.0051559	Cost = 109.917
SSD = 109.618	n = 2685840	Reg = 0.00524346	Cost = 109.623
SSD = 109.32	n = 2685840	Reg = 0.00533516	Cost = 109.325
SSD = 109.028	n = 2685840	Reg = 0.0054253	Cost = 109.033
SSD = 108.77	n = 2685840	Reg = 0.00550745	Cost = 108.776
SSD = 108.545	n = 2685840	Reg = 0.00557893	Cost = 108.551
SSD = 108.322	n = 2685840	Reg = 0.00565189	Cost = 108.327
SSD = 108.133	n = 2685840	Reg = 0.00571291	Cost = 108.139
SSD = 107.938	n = 2685840	Reg = 0.00577787	Cost = 107.944
SSD = 107.744	n = 2685840	Reg = 0.00584247	Cost = 107.749
SSD = 107.564	n = 2685840	Reg = 0.00590362	Cost = 107.57
SSD = 107.38	n = 2685840	Reg = 0.00596632	Cost = 107.386
SSD = 107.203	n = 2685840	Reg = 0.00602847	Cost = 107.209
SSD = 107.018	n = 2685840	Reg = 0.00609268	Cost = 107.024
SSD = 106.83	n = 2685840	Reg = 0.00615987	Cost = 106.836
SSD = 106.648	n = 2685840	Reg = 0.0062242	Cost = 106.655
SSD = 106.483	n = 2685840	Reg = 0.00628404	Cost = 106.489
SSD = 106.318	n = 2685840	Reg = 0.00634315	Cost = 106.325
SSD = 106.169	n = 2685840	Reg = 0.00639739	Cost = 106.176
SSD = 106.013	n = 2685840	Reg = 0.00645383	Cost = 106.02
SSD = 105.874	n = 2685840	Reg = 0.0065049	Cost = 105.881
SSD = 105.729	n = 2685840	Reg = 0.0065572	Cost = 105.735
SSD = 105.595	n = 2685840	Reg = 0.00660596	Cost = 105.602
SSD = 105.476	n = 2685840	Reg = 0.00664894	Cost = 105.483
SSD = 105.358	n = 2685840	Reg = 0.00669176	Cost = 105.365
SSD = 105.243	n = 2685840	Reg = 0.00673273	Cost = 105.25
SSD = 105.116	n = 2685840	Reg = 0.00677903	Cost = 105.123
SSD = 104.991	n = 2685840	Reg = 0.00682382	Cost = 104.998
SSD = 104.861	n = 2685840	Reg = 0.00687093	Cost = 104.868
SSD = 104.736	n = 2685840	Reg = 0.00691584	Cost = 104.743
SSD = 104.61	n = 2685840	Reg = 0.00696129	Cost = 104.617
SSD = 104.477	n = 2685840	Reg = 0.00700952	Cost = 104.484
SSD = 104.347	n = 2685840	Reg = 0.00705654	Cost = 104.354
SSD = 104.209	n = 2685840	Reg = 0.00710611	Cost = 104.217
SSD = 104.065	n = 2685840	Reg = 0.00715895	Cost = 104.072
SSD = 103.935	n = 2685840	Reg = 0.00720573	Cost = 103.942
SSD = 103.813	n = 2685840	Reg = 0.00725035	Cost = 103.82
SSD = 103.691	n = 2685840	Reg = 0.00729454	Cost = 103.698
SSD = 103.57	n = 2685840	Reg = 0.00733872	Cost = 103.577
SSD = 103.454	n = 2685840	Reg = 0.00738081	Cost = 103.461
SSD = 103.34	n = 2685840	Reg = 0.00742243	Cost = 103.348
SSD = 103.221	n = 2685840	Reg = 0.00746529	Cost = 103.229
SSD = 103.106	n = 2685840	Reg = 0.00750739	Cost = 103.113
----------REALIGNMENT----------
----------REGISTERING EPI TO ANATOMICAL----------
----------REGISTERING EPI TO MNI----------
----------SMOOTHING----------
MATLAB is selecting SOFTWARE OPENGL rendering.
MATLAB is selecting SOFTWARE OPENGL rendering.
