Non-commercial use only - see $FSLDIR/LICENSE
Loading spm/spm12
  Loading requirement: matlab/r2019a
----------CENTRING IMAGES----------
MATLAB is selecting SOFTWARE OPENGL rendering.

Written new image at:
	/home/tom29/rds/hpc-work/cbbu_BIDS/sub-09/func/sub-09_task-facehouse_acq-1_dir-PA_bold_centred.nii

MATLAB is selecting SOFTWARE OPENGL rendering.

Written new image at:
	/home/tom29/rds/hpc-work/cbbu_BIDS/sub-09/func/sub-09_task-facehouse_acq-2_dir-PA_bold_centred.nii

MATLAB is selecting SOFTWARE OPENGL rendering.

Written new image at:
	/home/tom29/rds/hpc-work/cbbu_BIDS/sub-09/func/sub-09_acq-LC_dir-AP_bold_centred.nii

MATLAB is selecting SOFTWARE OPENGL rendering.

Written new image at:
	/home/tom29/rds/hpc-work/cbbu_BIDS/sub-09/func/sub-09_task-facehouse_acq-1_dir-PA_sbref_centred.nii

----------SUSCEPTIBILITY DISTORTION CORRECTION----------
SSD = 796.692	n = 323454	Reg = 0	Cost = 796.692
SSD = 279.351	n = 323454	Reg = 20.9993	Cost = 300.35
SSD = 171.691	n = 323454	Reg = 32.4487	Cost = 204.14
SSD = 145.677	n = 323454	Reg = 38.5302	Cost = 184.207
SSD = 137.462	n = 323454	Reg = 41.6158	Cost = 179.077
SSD = 134.346	n = 323454	Reg = 43.1053	Cost = 177.451
***Going to next resolution level***
SSD = 210.59	n = 323454	Reg = 33.9948	Cost = 244.585
SSD = 120.424	n = 323454	Reg = 24.361	Cost = 144.785
SSD = 99.4792	n = 323454	Reg = 30.2717	Cost = 129.751
SSD = 93.8498	n = 323454	Reg = 32.8804	Cost = 126.73
SSD = 91.9872	n = 323454	Reg = 33.8685	Cost = 125.856
SSD = 91.2403	n = 323454	Reg = 34.2837	Cost = 125.524
***Going to next resolution level***
SSD = 203.772	n = 323454	Reg = 7.65677	Cost = 211.429
SSD = 160.303	n = 323454	Reg = 13.8438	Cost = 174.147
SSD = 148.174	n = 323454	Reg = 18.1952	Cost = 166.37
SSD = 144.298	n = 323454	Reg = 19.9823	Cost = 164.28
SSD = 142.482	n = 323454	Reg = 20.8061	Cost = 163.288
SSD = 141.363	n = 323454	Reg = 21.3223	Cost = 162.686
***Going to next resolution level***
SSD = 243.045	n = 323454	Reg = 14.6957	Cost = 257.741
SSD = 115.105	n = 323454	Reg = 8.0563	Cost = 123.162
SSD = 93.0233	n = 323454	Reg = 11.4132	Cost = 104.437
SSD = 86.62	n = 323454	Reg = 13.2725	Cost = 99.8926
SSD = 83.6848	n = 323454	Reg = 14.1546	Cost = 97.8394
SSD = 81.8167	n = 323454	Reg = 14.6286	Cost = 96.4453
SSD = 80.4562	n = 323454	Reg = 14.9878	Cost = 95.4439
SSD = 79.4756	n = 323454	Reg = 15.282	Cost = 94.7576
SSD = 78.6949	n = 323454	Reg = 15.5347	Cost = 94.2296
SSD = 78.0286	n = 323454	Reg = 15.757	Cost = 93.7855
SSD = 77.4917	n = 323454	Reg = 15.9497	Cost = 93.4414
***Going to next resolution level***
SSD = 250.783	n = 2685840	Reg = 438.785	Cost = 689.568
SSD = 154.269	n = 2685840	Reg = 101.014	Cost = 255.283
SSD = 139.806	n = 2685840	Reg = 79.4928	Cost = 219.299
SSD = 138.274	n = 2685840	Reg = 71.1148	Cost = 209.389
SSD = 138.972	n = 2685840	Reg = 65.9461	Cost = 204.918
SSD = 139.984	n = 2685840	Reg = 62.3885	Cost = 202.373
SSD = 140.892	n = 2685840	Reg = 59.6929	Cost = 200.585
SSD = 141.625	n = 2685840	Reg = 57.6242	Cost = 199.25
SSD = 142.236	n = 2685840	Reg = 55.9575	Cost = 198.194
SSD = 142.717	n = 2685840	Reg = 54.8953	Cost = 197.613
SSD = 143.068	n = 2685840	Reg = 54.1979	Cost = 197.266
***Going to next resolution level***
SSD = 143.068	n = 2685840	Reg = 5.41979	Cost = 148.488
SSD = 142.112	n = 2685840	Reg = 5.48961	Cost = 147.602
SSD = 141.772	n = 2685840	Reg = 5.52384	Cost = 147.296
SSD = 140.95	n = 2685840	Reg = 5.60758	Cost = 146.558
SSD = 139.545	n = 2685840	Reg = 5.76303	Cost = 145.308
SSD = 137.857	n = 2685840	Reg = 5.98669	Cost = 143.843
SSD = 136.419	n = 2685840	Reg = 6.23083	Cost = 142.65
SSD = 135.371	n = 2685840	Reg = 6.45694	Cost = 141.828
SSD = 134.596	n = 2685840	Reg = 6.65299	Cost = 141.249
SSD = 133.909	n = 2685840	Reg = 6.83844	Cost = 140.748
SSD = 133.273	n = 2685840	Reg = 7.01366	Cost = 140.287
SSD = 132.44	n = 2685840	Reg = 7.24578	Cost = 139.686
SSD = 131.582	n = 2685840	Reg = 7.48758	Cost = 139.069
SSD = 130.866	n = 2685840	Reg = 7.68954	Cost = 138.556
SSD = 130.253	n = 2685840	Reg = 7.8619	Cost = 138.115
SSD = 129.706	n = 2685840	Reg = 8.01477	Cost = 137.721
SSD = 129.095	n = 2685840	Reg = 8.18396	Cost = 137.279
SSD = 128.46	n = 2685840	Reg = 8.35907	Cost = 136.819
SSD = 127.769	n = 2685840	Reg = 8.55048	Cost = 136.319
SSD = 127.134	n = 2685840	Reg = 8.72617	Cost = 135.86
SSD = 126.56	n = 2685840	Reg = 8.88465	Cost = 135.444
***Going to next resolution level***
SSD = 1088.76	n = 2685840	Reg = 84.5605	Cost = 1173.32
SSD = 794.369	n = 2685840	Reg = 61.4184	Cost = 855.788
SSD = 724.762	n = 2685840	Reg = 56.0255	Cost = 780.787
SSD = 657.251	n = 2685840	Reg = 50.8935	Cost = 708.145
SSD = 600.621	n = 2685840	Reg = 46.7117	Cost = 647.332
SSD = 568.317	n = 2685840	Reg = 44.4009	Cost = 612.718
SSD = 538.241	n = 2685840	Reg = 42.3697	Cost = 580.611
SSD = 514.637	n = 2685840	Reg = 40.8627	Cost = 555.499
SSD = 495.626	n = 2685840	Reg = 39.7707	Cost = 535.397
SSD = 480.631	n = 2685840	Reg = 38.9866	Cost = 519.618
SSD = 467.569	n = 2685840	Reg = 38.3517	Cost = 505.921
SSD = 456.117	n = 2685840	Reg = 37.8415	Cost = 493.958
SSD = 446.3	n = 2685840	Reg = 37.4207	Cost = 483.721
SSD = 436.954	n = 2685840	Reg = 37.0267	Cost = 473.981
SSD = 427.948	n = 2685840	Reg = 36.6841	Cost = 464.632
SSD = 419.95	n = 2685840	Reg = 36.386	Cost = 456.336
SSD = 412.617	n = 2685840	Reg = 36.1139	Cost = 448.731
SSD = 405.972	n = 2685840	Reg = 35.8896	Cost = 441.862
SSD = 399.501	n = 2685840	Reg = 35.6751	Cost = 435.176
SSD = 393.345	n = 2685840	Reg = 35.4802	Cost = 428.825
SSD = 388.318	n = 2685840	Reg = 35.3264	Cost = 423.644
***Going to next resolution level***
SSD = 500.084	n = 2685840	Reg = 0.454941	Cost = 500.539
SSD = 495.542	n = 2685840	Reg = 0.451062	Cost = 495.993
SSD = 490.152	n = 2685840	Reg = 0.447015	Cost = 490.599
SSD = 485.005	n = 2685840	Reg = 0.443567	Cost = 485.449
SSD = 480.249	n = 2685840	Reg = 0.440878	Cost = 480.69
SSD = 476.717	n = 2685840	Reg = 0.439407	Cost = 477.156
SSD = 472.205	n = 2685840	Reg = 0.438245	Cost = 472.643
SSD = 469.168	n = 2685840	Reg = 0.437947	Cost = 469.606
SSD = 466.083	n = 2685840	Reg = 0.438281	Cost = 466.521
SSD = 461.683	n = 2685840	Reg = 0.439475	Cost = 462.122
SSD = 456.909	n = 2685840	Reg = 0.441664	Cost = 457.351
SSD = 450.162	n = 2685840	Reg = 0.445812	Cost = 450.608
SSD = 445.574	n = 2685840	Reg = 0.449861	Cost = 446.024
SSD = 441.131	n = 2685840	Reg = 0.454171	Cost = 441.585
SSD = 436.598	n = 2685840	Reg = 0.459704	Cost = 437.058
SSD = 432.429	n = 2685840	Reg = 0.465636	Cost = 432.895
SSD = 428.444	n = 2685840	Reg = 0.47198	Cost = 428.916
SSD = 424.044	n = 2685840	Reg = 0.479783	Cost = 424.524
SSD = 420.514	n = 2685840	Reg = 0.48662	Cost = 421
SSD = 417.421	n = 2685840	Reg = 0.493072	Cost = 417.915
SSD = 414.109	n = 2685840	Reg = 0.500973	Cost = 414.61
SSD = 410.805	n = 2685840	Reg = 0.509715	Cost = 411.315
SSD = 407.346	n = 2685840	Reg = 0.519253	Cost = 407.865
SSD = 404.196	n = 2685840	Reg = 0.528711	Cost = 404.725
SSD = 401.302	n = 2685840	Reg = 0.53795	Cost = 401.84
SSD = 398.784	n = 2685840	Reg = 0.546673	Cost = 399.331
SSD = 396.249	n = 2685840	Reg = 0.555308	Cost = 396.804
SSD = 393.839	n = 2685840	Reg = 0.563752	Cost = 394.403
SSD = 391.525	n = 2685840	Reg = 0.571897	Cost = 392.096
SSD = 389.231	n = 2685840	Reg = 0.580473	Cost = 389.812
SSD = 387.287	n = 2685840	Reg = 0.587728	Cost = 387.874
SSD = 385.302	n = 2685840	Reg = 0.595324	Cost = 385.897
SSD = 383.443	n = 2685840	Reg = 0.602396	Cost = 384.046
SSD = 381.465	n = 2685840	Reg = 0.610128	Cost = 382.075
SSD = 379.483	n = 2685840	Reg = 0.617703	Cost = 380.101
SSD = 377.383	n = 2685840	Reg = 0.625828	Cost = 378.009
SSD = 375.553	n = 2685840	Reg = 0.632956	Cost = 376.185
SSD = 373.652	n = 2685840	Reg = 0.640458	Cost = 374.292
SSD = 371.878	n = 2685840	Reg = 0.647451	Cost = 372.525
SSD = 370.145	n = 2685840	Reg = 0.65426	Cost = 370.799
SSD = 368.412	n = 2685840	Reg = 0.661279	Cost = 369.073
SSD = 366.715	n = 2685840	Reg = 0.668191	Cost = 367.384
SSD = 365.079	n = 2685840	Reg = 0.674987	Cost = 365.754
SSD = 363.495	n = 2685840	Reg = 0.681551	Cost = 364.176
SSD = 361.947	n = 2685840	Reg = 0.688218	Cost = 362.635
SSD = 360.495	n = 2685840	Reg = 0.69451	Cost = 361.189
SSD = 358.815	n = 2685840	Reg = 0.701958	Cost = 359.517
SSD = 357.264	n = 2685840	Reg = 0.708987	Cost = 357.973
SSD = 355.856	n = 2685840	Reg = 0.715566	Cost = 356.571
SSD = 354.426	n = 2685840	Reg = 0.722301	Cost = 355.149
SSD = 352.944	n = 2685840	Reg = 0.729505	Cost = 353.674
***Going to next resolution level***
SSD = 352.946	n = 2685840	Reg = 0.0145809	Cost = 352.961
SSD = 352.264	n = 2685840	Reg = 0.0145523	Cost = 352.279
SSD = 351.428	n = 2685840	Reg = 0.0145167	Cost = 351.443
SSD = 350.52	n = 2685840	Reg = 0.0144775	Cost = 350.535
SSD = 349.553	n = 2685840	Reg = 0.0144354	Cost = 349.567
SSD = 348.71	n = 2685840	Reg = 0.0143984	Cost = 348.724
SSD = 347.896	n = 2685840	Reg = 0.0143626	Cost = 347.911
SSD = 347.061	n = 2685840	Reg = 0.0143261	Cost = 347.076
SSD = 346.347	n = 2685840	Reg = 0.0142951	Cost = 346.361
SSD = 345.585	n = 2685840	Reg = 0.0142625	Cost = 345.599
SSD = 344.818	n = 2685840	Reg = 0.0142304	Cost = 344.833
SSD = 343.889	n = 2685840	Reg = 0.0141928	Cost = 343.903
SSD = 343.038	n = 2685840	Reg = 0.0141599	Cost = 343.052
SSD = 342.244	n = 2685840	Reg = 0.0141304	Cost = 342.258
SSD = 341.5	n = 2685840	Reg = 0.0141043	Cost = 341.514
SSD = 340.786	n = 2685840	Reg = 0.0140806	Cost = 340.8
SSD = 340.072	n = 2685840	Reg = 0.0140586	Cost = 340.086
SSD = 339.349	n = 2685840	Reg = 0.0140381	Cost = 339.363
SSD = 338.626	n = 2685840	Reg = 0.0140199	Cost = 338.64
SSD = 337.931	n = 2685840	Reg = 0.0140048	Cost = 337.945
SSD = 337.251	n = 2685840	Reg = 0.0139927	Cost = 337.265
SSD = 336.603	n = 2685840	Reg = 0.0139838	Cost = 336.617
SSD = 335.877	n = 2685840	Reg = 0.0139776	Cost = 335.891
SSD = 335.177	n = 2685840	Reg = 0.0139753	Cost = 335.191
SSD = 334.507	n = 2685840	Reg = 0.0139771	Cost = 334.521
SSD = 333.827	n = 2685840	Reg = 0.0139835	Cost = 333.841
SSD = 333.07	n = 2685840	Reg = 0.0139954	Cost = 333.084
SSD = 332.313	n = 2685840	Reg = 0.0140138	Cost = 332.327
SSD = 331.592	n = 2685840	Reg = 0.014037	Cost = 331.606
SSD = 330.846	n = 2685840	Reg = 0.0140682	Cost = 330.86
SSD = 330.087	n = 2685840	Reg = 0.0141067	Cost = 330.101
SSD = 329.363	n = 2685840	Reg = 0.014151	Cost = 329.377
SSD = 328.666	n = 2685840	Reg = 0.0141997	Cost = 328.68
SSD = 327.937	n = 2685840	Reg = 0.0142594	Cost = 327.951
SSD = 327.121	n = 2685840	Reg = 0.0143335	Cost = 327.135
SSD = 326.365	n = 2685840	Reg = 0.0144105	Cost = 326.38
SSD = 325.678	n = 2685840	Reg = 0.0144877	Cost = 325.692
SSD = 324.93	n = 2685840	Reg = 0.0145801	Cost = 324.945
SSD = 324.201	n = 2685840	Reg = 0.0146772	Cost = 324.216
SSD = 323.493	n = 2685840	Reg = 0.0147794	Cost = 323.508
SSD = 322.703	n = 2685840	Reg = 0.0149024	Cost = 322.718
SSD = 321.933	n = 2685840	Reg = 0.0150307	Cost = 321.948
SSD = 321.189	n = 2685840	Reg = 0.0151607	Cost = 321.204
SSD = 320.531	n = 2685840	Reg = 0.0152845	Cost = 320.547
SSD = 319.912	n = 2685840	Reg = 0.0154068	Cost = 319.927
SSD = 319.201	n = 2685840	Reg = 0.015556	Cost = 319.217
SSD = 318.535	n = 2685840	Reg = 0.0157034	Cost = 318.55
SSD = 317.864	n = 2685840	Reg = 0.0158596	Cost = 317.88
SSD = 317.255	n = 2685840	Reg = 0.0160086	Cost = 317.271
SSD = 316.553	n = 2685840	Reg = 0.0161878	Cost = 316.569
SSD = 315.8	n = 2685840	Reg = 0.0163876	Cost = 315.816
SSD = 314.77	n = 2685840	Reg = 0.0166756	Cost = 314.787
SSD = 313.747	n = 2685840	Reg = 0.016971	Cost = 313.764
SSD = 312.843	n = 2685840	Reg = 0.0172448	Cost = 312.86
SSD = 311.981	n = 2685840	Reg = 0.0175119	Cost = 311.998
SSD = 311.107	n = 2685840	Reg = 0.0177906	Cost = 311.125
SSD = 310.212	n = 2685840	Reg = 0.0180813	Cost = 310.23
SSD = 309.431	n = 2685840	Reg = 0.0183441	Cost = 309.45
SSD = 308.592	n = 2685840	Reg = 0.0186314	Cost = 308.61
SSD = 307.695	n = 2685840	Reg = 0.0189466	Cost = 307.714
SSD = 306.822	n = 2685840	Reg = 0.0192567	Cost = 306.841
SSD = 305.966	n = 2685840	Reg = 0.0195712	Cost = 305.986
SSD = 305.146	n = 2685840	Reg = 0.0198751	Cost = 305.166
SSD = 304.378	n = 2685840	Reg = 0.0201689	Cost = 304.398
SSD = 303.657	n = 2685840	Reg = 0.020448	Cost = 303.677
SSD = 302.941	n = 2685840	Reg = 0.0207325	Cost = 302.962
SSD = 302.246	n = 2685840	Reg = 0.0210078	Cost = 302.267
SSD = 301.553	n = 2685840	Reg = 0.0212893	Cost = 301.574
SSD = 300.845	n = 2685840	Reg = 0.0215799	Cost = 300.867
SSD = 300.148	n = 2685840	Reg = 0.021872	Cost = 300.17
SSD = 299.49	n = 2685840	Reg = 0.0221497	Cost = 299.512
SSD = 298.901	n = 2685840	Reg = 0.0224023	Cost = 298.924
SSD = 298.245	n = 2685840	Reg = 0.0226854	Cost = 298.268
SSD = 297.649	n = 2685840	Reg = 0.0229481	Cost = 297.672
SSD = 297.017	n = 2685840	Reg = 0.0232258	Cost = 297.041
SSD = 296.458	n = 2685840	Reg = 0.0234762	Cost = 296.482
SSD = 295.915	n = 2685840	Reg = 0.0237198	Cost = 295.938
SSD = 295.37	n = 2685840	Reg = 0.0239675	Cost = 295.394
SSD = 294.884	n = 2685840	Reg = 0.0241868	Cost = 294.908
SSD = 294.357	n = 2685840	Reg = 0.024427	Cost = 294.382
SSD = 293.821	n = 2685840	Reg = 0.0246706	Cost = 293.846
SSD = 293.327	n = 2685840	Reg = 0.0248986	Cost = 293.352
SSD = 292.838	n = 2685840	Reg = 0.0251249	Cost = 292.863
SSD = 292.35	n = 2685840	Reg = 0.0253526	Cost = 292.375
SSD = 291.864	n = 2685840	Reg = 0.0255741	Cost = 291.889
SSD = 291.416	n = 2685840	Reg = 0.0257817	Cost = 291.441
SSD = 290.947	n = 2685840	Reg = 0.0259983	Cost = 290.973
SSD = 290.457	n = 2685840	Reg = 0.0262235	Cost = 290.483
SSD = 290.009	n = 2685840	Reg = 0.0264312	Cost = 290.035
SSD = 289.569	n = 2685840	Reg = 0.026636	Cost = 289.596
SSD = 289.128	n = 2685840	Reg = 0.0268384	Cost = 289.155
SSD = 288.679	n = 2685840	Reg = 0.0270482	Cost = 288.706
SSD = 288.253	n = 2685840	Reg = 0.0272448	Cost = 288.28
SSD = 287.797	n = 2685840	Reg = 0.0274556	Cost = 287.824
SSD = 287.374	n = 2685840	Reg = 0.0276509	Cost = 287.402
SSD = 286.948	n = 2685840	Reg = 0.0278505	Cost = 286.976
SSD = 286.526	n = 2685840	Reg = 0.0280459	Cost = 286.554
SSD = 286.105	n = 2685840	Reg = 0.0282421	Cost = 286.134
SSD = 285.651	n = 2685840	Reg = 0.0284533	Cost = 285.68
SSD = 285.253	n = 2685840	Reg = 0.0286381	Cost = 285.281
SSD = 284.878	n = 2685840	Reg = 0.0288126	Cost = 284.907
----------REALIGNMENT----------
----------REGISTERING EPI TO ANATOMICAL----------
----------REGISTERING EPI TO MNI----------
Processing volume 0
Processing volume 1
Processing volume 2
Processing volume 3
Processing volume 4
Processing volume 5
Processing volume 6
Processing volume 7
Processing volume 8
Processing volume 9
Processing volume 10
Processing volume 11
Processing volume 12
Processing volume 13
Processing volume 14
Processing volume 15
Processing volume 16
Processing volume 17
Processing volume 18
Processing volume 19
Processing volume 20
Processing volume 21
Processing volume 22
Processing volume 23
Processing volume 24
Processing volume 25
Processing volume 26
Processing volume 27
Processing volume 28
Processing volume 29
Processing volume 30
Processing volume 31
Processing volume 32
Processing volume 33
Processing volume 34
Processing volume 35
Processing volume 36
Processing volume 37
Processing volume 38
Processing volume 39
Processing volume 40
Processing volume 41
Processing volume 42
Processing volume 43
Processing volume 44
Processing volume 45
Processing volume 46
Processing volume 47
Processing volume 48
Processing volume 49
Processing volume 50
Processing volume 51
Processing volume 52
Processing volume 53
Processing volume 54
Processing volume 55
Processing volume 56
Processing volume 57
Processing volume 58
Processing volume 59
Processing volume 60
Processing volume 61
Processing volume 62
Processing volume 63
Processing volume 64
Processing volume 65
Processing volume 66
Processing volume 67
Processing volume 68
Processing volume 69
Processing volume 70
Processing volume 71
Processing volume 72
Processing volume 73
Processing volume 74
Processing volume 75
Processing volume 76
Processing volume 77
Processing volume 78
Processing volume 79
Processing volume 80
Processing volume 81
Processing volume 82
Processing volume 83
Processing volume 84
Processing volume 85
Processing volume 86
Processing volume 87
Processing volume 88
Processing volume 89
Processing volume 90
Processing volume 91
Processing volume 92
Processing volume 93
Processing volume 94
Processing volume 95
Processing volume 96
Processing volume 97
Processing volume 98
Processing volume 99
Processing volume 100
Processing volume 101
Processing volume 102
Processing volume 103
Processing volume 104
Processing volume 105
Processing volume 106
Processing volume 107
Processing volume 108
Processing volume 109
Processing volume 110
Processing volume 111
Processing volume 112
Processing volume 113
Processing volume 114
Processing volume 115
Processing volume 116
Processing volume 117
Processing volume 118
Processing volume 119
Processing volume 120
Processing volume 121
Error: short write, output file will be truncated
** ERROR: NWAD: wrote only 0 of 57768256 bytes to file
Processing volume 122
Error: short write, output file will be truncated
** ERROR: NWAD: wrote only 0 of 57768256 bytes to file
Processing volume 123
Error: short write, output file will be truncated
** ERROR: NWAD: wrote only 0 of 57768256 bytes to file
Processing volume 124
Error: short write, output file will be truncated
** ERROR: NWAD: wrote only 0 of 57768256 bytes to file
Processing volume 125
Error: short write, output file will be truncated
** ERROR: NWAD: wrote only 0 of 57768256 bytes to file
Processing volume 126
Error: short write, output file will be truncated
 file /home/tom29/rds/hpc-work/cbbu_BIDS/sub-09/func/sub-09_task-facehouse_acq-1_dir-PA_bold_vol-126.nii.gz is not recognized as a supported image format . 
terminate called after throwing an instance of 'itk::ExceptionObject'
  what():  /workspace/build/ITKv5/Modules/Core/Common/src/itkProcessObject.cxx:1339:
ITK ERROR: ResampleImageFilter(0x3af0000): Input Primary is required but not set.
/var/spool/slurm/slurmd/job20299321/slurm_script: line 214: 131423 Aborted                 antsApplyTransforms -d 3 -i "${tmp_vol}" -r "${FSLDIR}/data/standard/MNI152_T1_1mm_brain.nii.gz" -t "${template_to_MNI_SyN}" -t "${template_to_MNI_affine}" -t "${MP2RAGE_to_template_SyN}" -t "${MP2RAGE_to_template_affine}" -t "${BIDS_root}/${sub_id}/func/${sub_id}_func_to_anatomical_ANTS.mat" -o "${run1_fname}_MNI_vol-${v}.nii.gz" -n Linear
