Non-commercial use only - see $FSLDIR/LICENSE
Loading spm/spm12
  Loading requirement: matlab/r2019a
----------CENTRING IMAGES----------
MATLAB is selecting SOFTWARE OPENGL rendering.

Written new image at:
	/home/tom29/rds/hpc-work/cbbu_BIDS/sub-32/func/sub-32_task-facehouse_acq-1_dir-PA_bold_centred.nii

MATLAB is selecting SOFTWARE OPENGL rendering.

Written new image at:
	/home/tom29/rds/hpc-work/cbbu_BIDS/sub-32/func/sub-32_task-facehouse_acq-2_dir-PA_bold_centred.nii

MATLAB is selecting SOFTWARE OPENGL rendering.

Written new image at:
	/home/tom29/rds/hpc-work/cbbu_BIDS/sub-32/func/sub-32_acq-LC_dir-AP_bold_centred.nii

MATLAB is selecting SOFTWARE OPENGL rendering.

Written new image at:
	/home/tom29/rds/hpc-work/cbbu_BIDS/sub-32/func/sub-32_task-facehouse_acq-1_dir-PA_sbref_centred.nii

----------SUSCEPTIBILITY DISTORTION CORRECTION----------
SSD = 628.052	n = 323454	Reg = 0	Cost = 628.052
SSD = 213.651	n = 323454	Reg = 14.2035	Cost = 227.855
SSD = 152.587	n = 323454	Reg = 27.359	Cost = 179.946
SSD = 138.083	n = 323454	Reg = 33.6637	Cost = 171.747
SSD = 133.856	n = 323454	Reg = 36.0372	Cost = 169.893
SSD = 132.462	n = 323454	Reg = 36.9234	Cost = 169.385
***Going to next resolution level***
SSD = 207.714	n = 323454	Reg = 19.8627	Cost = 227.576
SSD = 118.738	n = 323454	Reg = 20.2587	Cost = 138.997
SSD = 97.882	n = 323454	Reg = 26.802	Cost = 124.684
SSD = 91.9164	n = 323454	Reg = 29.4233	Cost = 121.34
SSD = 89.6507	n = 323454	Reg = 30.3913	Cost = 120.042
SSD = 88.515	n = 323454	Reg = 30.8004	Cost = 119.315
***Going to next resolution level***
SSD = 184.657	n = 323454	Reg = 6.42547	Cost = 191.082
SSD = 141.744	n = 323454	Reg = 12.0167	Cost = 153.76
SSD = 130.613	n = 323454	Reg = 15.5194	Cost = 146.132
SSD = 126.775	n = 323454	Reg = 16.9122	Cost = 143.687
SSD = 124.934	n = 323454	Reg = 17.5482	Cost = 142.483
SSD = 123.804	n = 323454	Reg = 17.9545	Cost = 141.758
***Going to next resolution level***
SSD = 201.763	n = 323454	Reg = 10.4196	Cost = 212.183
SSD = 95.0079	n = 323454	Reg = 5.86752	Cost = 100.875
SSD = 79.4622	n = 323454	Reg = 8.31123	Cost = 87.7735
SSD = 74.2297	n = 323454	Reg = 9.45638	Cost = 83.6861
SSD = 71.5762	n = 323454	Reg = 10.0929	Cost = 81.6691
SSD = 69.9375	n = 323454	Reg = 10.5425	Cost = 80.48
SSD = 68.8017	n = 323454	Reg = 10.8847	Cost = 79.6863
SSD = 67.9668	n = 323454	Reg = 11.1596	Cost = 79.1265
SSD = 67.3519	n = 323454	Reg = 11.3863	Cost = 78.7382
SSD = 66.8608	n = 323454	Reg = 11.5903	Cost = 78.4512
SSD = 66.4569	n = 323454	Reg = 11.7628	Cost = 78.2197
***Going to next resolution level***
SSD = 195.656	n = 2685840	Reg = 364.657	Cost = 560.313
SSD = 115.536	n = 2685840	Reg = 69.6605	Cost = 185.197
SSD = 106.278	n = 2685840	Reg = 53.6474	Cost = 159.925
SSD = 105.702	n = 2685840	Reg = 46.8202	Cost = 152.522
SSD = 106.306	n = 2685840	Reg = 42.5755	Cost = 148.881
SSD = 106.915	n = 2685840	Reg = 39.7295	Cost = 146.644
SSD = 107.477	n = 2685840	Reg = 37.7406	Cost = 145.217
SSD = 107.905	n = 2685840	Reg = 36.3709	Cost = 144.276
SSD = 108.259	n = 2685840	Reg = 35.3407	Cost = 143.6
SSD = 108.539	n = 2685840	Reg = 34.6051	Cost = 143.144
SSD = 108.744	n = 2685840	Reg = 34.065	Cost = 142.809
***Going to next resolution level***
SSD = 108.744	n = 2685840	Reg = 3.4065	Cost = 112.15
SSD = 108.345	n = 2685840	Reg = 3.43864	Cost = 111.784
SSD = 108.186	n = 2685840	Reg = 3.45515	Cost = 111.641
SSD = 107.873	n = 2685840	Reg = 3.4888	Cost = 111.361
SSD = 107.253	n = 2685840	Reg = 3.56096	Cost = 110.814
SSD = 106.457	n = 2685840	Reg = 3.66884	Cost = 110.126
SSD = 105.694	n = 2685840	Reg = 3.80155	Cost = 109.496
SSD = 105.202	n = 2685840	Reg = 3.91153	Cost = 109.114
SSD = 104.831	n = 2685840	Reg = 4.01014	Cost = 108.841
SSD = 104.473	n = 2685840	Reg = 4.11196	Cost = 108.585
SSD = 104.127	n = 2685840	Reg = 4.21324	Cost = 108.34
SSD = 103.708	n = 2685840	Reg = 4.33752	Cost = 108.046
SSD = 103.291	n = 2685840	Reg = 4.46268	Cost = 107.754
SSD = 102.949	n = 2685840	Reg = 4.56568	Cost = 107.515
SSD = 102.643	n = 2685840	Reg = 4.65757	Cost = 107.301
SSD = 102.377	n = 2685840	Reg = 4.7373	Cost = 107.114
SSD = 102.028	n = 2685840	Reg = 4.84095	Cost = 106.869
SSD = 101.701	n = 2685840	Reg = 4.93841	Cost = 106.639
SSD = 101.403	n = 2685840	Reg = 5.02748	Cost = 106.43
SSD = 101.091	n = 2685840	Reg = 5.12031	Cost = 106.211
SSD = 100.807	n = 2685840	Reg = 5.20459	Cost = 106.012
***Going to next resolution level***
SSD = 421.964	n = 2685840	Reg = 27.793	Cost = 449.757
SSD = 380.252	n = 2685840	Reg = 25.0589	Cost = 405.311
SSD = 358.463	n = 2685840	Reg = 23.6392	Cost = 382.102
SSD = 340.559	n = 2685840	Reg = 22.4867	Cost = 363.046
SSD = 327.577	n = 2685840	Reg = 21.6673	Cost = 349.244
SSD = 317.43	n = 2685840	Reg = 21.0397	Cost = 338.47
SSD = 308.968	n = 2685840	Reg = 20.5269	Cost = 329.495
SSD = 302.207	n = 2685840	Reg = 20.1289	Cost = 322.336
SSD = 296.798	n = 2685840	Reg = 19.8119	Cost = 316.61
SSD = 291.502	n = 2685840	Reg = 19.5098	Cost = 311.012
SSD = 287.25	n = 2685840	Reg = 19.2737	Cost = 306.524
SSD = 283.615	n = 2685840	Reg = 19.0772	Cost = 302.692
SSD = 279.715	n = 2685840	Reg = 18.8726	Cost = 298.587
SSD = 276.413	n = 2685840	Reg = 18.7059	Cost = 295.119
SSD = 273.427	n = 2685840	Reg = 18.5593	Cost = 291.986
SSD = 270.651	n = 2685840	Reg = 18.4299	Cost = 289.081
SSD = 267.993	n = 2685840	Reg = 18.3124	Cost = 286.306
SSD = 265.613	n = 2685840	Reg = 18.2111	Cost = 283.824
SSD = 263.179	n = 2685840	Reg = 18.1131	Cost = 281.292
SSD = 260.865	n = 2685840	Reg = 18.0248	Cost = 278.889
SSD = 258.949	n = 2685840	Reg = 17.9559	Cost = 276.904
***Going to next resolution level***
SSD = 359.501	n = 2685840	Reg = 0.249284	Cost = 359.751
SSD = 355.898	n = 2685840	Reg = 0.247041	Cost = 356.145
SSD = 352.16	n = 2685840	Reg = 0.244948	Cost = 352.405
SSD = 349.429	n = 2685840	Reg = 0.243734	Cost = 349.672
SSD = 347.27	n = 2685840	Reg = 0.243039	Cost = 347.513
SSD = 345.599	n = 2685840	Reg = 0.242773	Cost = 345.842
SSD = 344.122	n = 2685840	Reg = 0.242793	Cost = 344.364
SSD = 342.955	n = 2685840	Reg = 0.243007	Cost = 343.198
SSD = 341.947	n = 2685840	Reg = 0.243396	Cost = 342.19
SSD = 341.025	n = 2685840	Reg = 0.243939	Cost = 341.269
SSD = 339.931	n = 2685840	Reg = 0.244803	Cost = 340.176
SSD = 337.181	n = 2685840	Reg = 0.247431	Cost = 337.428
SSD = 334.838	n = 2685840	Reg = 0.250036	Cost = 335.088
SSD = 332.109	n = 2685840	Reg = 0.253532	Cost = 332.363
SSD = 329.625	n = 2685840	Reg = 0.25711	Cost = 329.882
SSD = 327.215	n = 2685840	Reg = 0.260946	Cost = 327.476
SSD = 324.802	n = 2685840	Reg = 0.265046	Cost = 325.067
SSD = 322.697	n = 2685840	Reg = 0.268893	Cost = 322.966
SSD = 320.527	n = 2685840	Reg = 0.273133	Cost = 320.8
SSD = 318.599	n = 2685840	Reg = 0.277077	Cost = 318.876
SSD = 317.063	n = 2685840	Reg = 0.280347	Cost = 317.344
SSD = 315.937	n = 2685840	Reg = 0.282772	Cost = 316.22
SSD = 314.91	n = 2685840	Reg = 0.285059	Cost = 315.195
SSD = 313.949	n = 2685840	Reg = 0.287249	Cost = 314.236
SSD = 312.962	n = 2685840	Reg = 0.289548	Cost = 313.251
SSD = 311.943	n = 2685840	Reg = 0.291984	Cost = 312.235
SSD = 310.984	n = 2685840	Reg = 0.294361	Cost = 311.279
SSD = 309.899	n = 2685840	Reg = 0.297135	Cost = 310.196
SSD = 308.981	n = 2685840	Reg = 0.299552	Cost = 309.281
SSD = 307.958	n = 2685840	Reg = 0.302317	Cost = 308.26
SSD = 307.026	n = 2685840	Reg = 0.304929	Cost = 307.331
SSD = 305.945	n = 2685840	Reg = 0.308068	Cost = 306.253
SSD = 304.924	n = 2685840	Reg = 0.311145	Cost = 305.236
SSD = 303.934	n = 2685840	Reg = 0.314209	Cost = 304.248
SSD = 303.05	n = 2685840	Reg = 0.317027	Cost = 303.367
SSD = 302.132	n = 2685840	Reg = 0.320036	Cost = 302.452
SSD = 301.255	n = 2685840	Reg = 0.322958	Cost = 301.578
SSD = 300.415	n = 2685840	Reg = 0.325862	Cost = 300.741
SSD = 299.531	n = 2685840	Reg = 0.328992	Cost = 299.86
SSD = 298.676	n = 2685840	Reg = 0.332136	Cost = 299.008
SSD = 297.935	n = 2685840	Reg = 0.334942	Cost = 298.27
SSD = 297.17	n = 2685840	Reg = 0.337915	Cost = 297.508
SSD = 296.44	n = 2685840	Reg = 0.340819	Cost = 296.781
SSD = 295.717	n = 2685840	Reg = 0.343781	Cost = 296.061
SSD = 294.954	n = 2685840	Reg = 0.347022	Cost = 295.301
SSD = 294.224	n = 2685840	Reg = 0.350202	Cost = 294.574
SSD = 293.55	n = 2685840	Reg = 0.353248	Cost = 293.903
SSD = 292.925	n = 2685840	Reg = 0.356128	Cost = 293.281
SSD = 292.291	n = 2685840	Reg = 0.359147	Cost = 292.65
SSD = 291.689	n = 2685840	Reg = 0.362122	Cost = 292.051
SSD = 291.081	n = 2685840	Reg = 0.365212	Cost = 291.446
***Going to next resolution level***
SSD = 291.083	n = 2685840	Reg = 0.00729831	Cost = 291.09
SSD = 290.772	n = 2685840	Reg = 0.0072907	Cost = 290.779
SSD = 290.327	n = 2685840	Reg = 0.00728024	Cost = 290.335
SSD = 289.941	n = 2685840	Reg = 0.00727159	Cost = 289.948
SSD = 289.576	n = 2685840	Reg = 0.00726402	Cost = 289.584
SSD = 289.222	n = 2685840	Reg = 0.00725734	Cost = 289.229
SSD = 288.866	n = 2685840	Reg = 0.00725146	Cost = 288.873
SSD = 288.486	n = 2685840	Reg = 0.00724617	Cost = 288.494
SSD = 288.132	n = 2685840	Reg = 0.00724214	Cost = 288.139
SSD = 287.775	n = 2685840	Reg = 0.00723911	Cost = 287.783
SSD = 287.463	n = 2685840	Reg = 0.00723734	Cost = 287.47
SSD = 287.137	n = 2685840	Reg = 0.00723642	Cost = 287.144
SSD = 286.751	n = 2685840	Reg = 0.00723639	Cost = 286.758
SSD = 286.419	n = 2685840	Reg = 0.00723741	Cost = 286.426
SSD = 286.089	n = 2685840	Reg = 0.00723938	Cost = 286.096
SSD = 285.78	n = 2685840	Reg = 0.00724214	Cost = 285.787
SSD = 285.461	n = 2685840	Reg = 0.00724602	Cost = 285.468
SSD = 285.149	n = 2685840	Reg = 0.00725074	Cost = 285.156
SSD = 284.835	n = 2685840	Reg = 0.00725651	Cost = 284.843
SSD = 284.494	n = 2685840	Reg = 0.0072641	Cost = 284.502
SSD = 284.147	n = 2685840	Reg = 0.00727328	Cost = 284.154
SSD = 283.833	n = 2685840	Reg = 0.00728293	Cost = 283.84
SSD = 283.518	n = 2685840	Reg = 0.00729407	Cost = 283.525
SSD = 283.228	n = 2685840	Reg = 0.00730568	Cost = 283.235
SSD = 282.899	n = 2685840	Reg = 0.00732048	Cost = 282.907
SSD = 282.608	n = 2685840	Reg = 0.00733521	Cost = 282.615
SSD = 282.299	n = 2685840	Reg = 0.00735256	Cost = 282.307
SSD = 281.998	n = 2685840	Reg = 0.00737118	Cost = 282.006
SSD = 281.706	n = 2685840	Reg = 0.0073912	Cost = 281.713
SSD = 281.384	n = 2685840	Reg = 0.00741516	Cost = 281.392
SSD = 281.051	n = 2685840	Reg = 0.0074421	Cost = 281.059
SSD = 280.654	n = 2685840	Reg = 0.00747699	Cost = 280.661
SSD = 280.25	n = 2685840	Reg = 0.00751524	Cost = 280.258
SSD = 279.844	n = 2685840	Reg = 0.00755676	Cost = 279.851
SSD = 279.432	n = 2685840	Reg = 0.00760213	Cost = 279.439
SSD = 279.043	n = 2685840	Reg = 0.00764816	Cost = 279.051
SSD = 278.581	n = 2685840	Reg = 0.00770715	Cost = 278.589
SSD = 278.15	n = 2685840	Reg = 0.00776592	Cost = 278.158
SSD = 277.697	n = 2685840	Reg = 0.0078318	Cost = 277.705
SSD = 277.304	n = 2685840	Reg = 0.00789297	Cost = 277.312
SSD = 276.933	n = 2685840	Reg = 0.00795461	Cost = 276.941
SSD = 276.669	n = 2685840	Reg = 0.00800106	Cost = 276.677
SSD = 276.416	n = 2685840	Reg = 0.00804842	Cost = 276.424
SSD = 276.113	n = 2685840	Reg = 0.00810857	Cost = 276.121
SSD = 275.829	n = 2685840	Reg = 0.0081685	Cost = 275.837
SSD = 275.52	n = 2685840	Reg = 0.00823745	Cost = 275.528
SSD = 275.223	n = 2685840	Reg = 0.00830694	Cost = 275.232
SSD = 274.923	n = 2685840	Reg = 0.00838084	Cost = 274.931
SSD = 274.579	n = 2685840	Reg = 0.00846983	Cost = 274.587
SSD = 274.212	n = 2685840	Reg = 0.00857041	Cost = 274.22
SSD = 273.754	n = 2685840	Reg = 0.00870142	Cost = 273.763
SSD = 273.129	n = 2685840	Reg = 0.00888917	Cost = 273.138
SSD = 272.644	n = 2685840	Reg = 0.00904156	Cost = 272.653
SSD = 272.208	n = 2685840	Reg = 0.00918318	Cost = 272.217
SSD = 271.74	n = 2685840	Reg = 0.00933949	Cost = 271.75
SSD = 271.285	n = 2685840	Reg = 0.00949522	Cost = 271.295
SSD = 270.838	n = 2685840	Reg = 0.00965263	Cost = 270.848
SSD = 270.424	n = 2685840	Reg = 0.00980269	Cost = 270.434
SSD = 269.962	n = 2685840	Reg = 0.00997494	Cost = 269.972
SSD = 269.434	n = 2685840	Reg = 0.0101767	Cost = 269.444
SSD = 268.904	n = 2685840	Reg = 0.0103837	Cost = 268.914
SSD = 268.338	n = 2685840	Reg = 0.0106107	Cost = 268.349
SSD = 267.903	n = 2685840	Reg = 0.0107894	Cost = 267.913
SSD = 267.532	n = 2685840	Reg = 0.0109436	Cost = 267.543
SSD = 267.143	n = 2685840	Reg = 0.0111087	Cost = 267.154
SSD = 266.805	n = 2685840	Reg = 0.0112548	Cost = 266.816
SSD = 266.466	n = 2685840	Reg = 0.0114042	Cost = 266.477
SSD = 266.131	n = 2685840	Reg = 0.0115533	Cost = 266.143
SSD = 265.802	n = 2685840	Reg = 0.0117031	Cost = 265.813
SSD = 265.461	n = 2685840	Reg = 0.0118604	Cost = 265.472
SSD = 265.129	n = 2685840	Reg = 0.0120156	Cost = 265.142
SSD = 264.761	n = 2685840	Reg = 0.0121915	Cost = 264.774
SSD = 264.422	n = 2685840	Reg = 0.012355	Cost = 264.435
SSD = 264.07	n = 2685840	Reg = 0.0125279	Cost = 264.083
SSD = 263.798	n = 2685840	Reg = 0.0126627	Cost = 263.811
SSD = 263.511	n = 2685840	Reg = 0.0128065	Cost = 263.524
SSD = 263.242	n = 2685840	Reg = 0.0129419	Cost = 263.255
SSD = 262.977	n = 2685840	Reg = 0.0130771	Cost = 262.99
SSD = 262.702	n = 2685840	Reg = 0.0132186	Cost = 262.716
SSD = 262.448	n = 2685840	Reg = 0.0133503	Cost = 262.461
SSD = 262.226	n = 2685840	Reg = 0.0134654	Cost = 262.24
SSD = 262.028	n = 2685840	Reg = 0.0135679	Cost = 262.042
SSD = 261.836	n = 2685840	Reg = 0.0136685	Cost = 261.849
SSD = 261.623	n = 2685840	Reg = 0.0137801	Cost = 261.636
SSD = 261.417	n = 2685840	Reg = 0.0138888	Cost = 261.431
SSD = 261.209	n = 2685840	Reg = 0.0139987	Cost = 261.223
SSD = 260.989	n = 2685840	Reg = 0.0141159	Cost = 261.003
SSD = 260.78	n = 2685840	Reg = 0.0142271	Cost = 260.795
SSD = 260.573	n = 2685840	Reg = 0.0143377	Cost = 260.588
SSD = 260.34	n = 2685840	Reg = 0.014464	Cost = 260.354
SSD = 260.105	n = 2685840	Reg = 0.0145909	Cost = 260.12
SSD = 259.859	n = 2685840	Reg = 0.0147248	Cost = 259.874
SSD = 259.625	n = 2685840	Reg = 0.0148527	Cost = 259.639
SSD = 259.425	n = 2685840	Reg = 0.014963	Cost = 259.44
SSD = 259.215	n = 2685840	Reg = 0.015079	Cost = 259.23
SSD = 258.996	n = 2685840	Reg = 0.0152013	Cost = 259.011
SSD = 258.793	n = 2685840	Reg = 0.0153147	Cost = 258.808
SSD = 258.563	n = 2685840	Reg = 0.0154433	Cost = 258.578
SSD = 258.352	n = 2685840	Reg = 0.0155618	Cost = 258.368
SSD = 258.147	n = 2685840	Reg = 0.0156779	Cost = 258.162
SSD = 257.943	n = 2685840	Reg = 0.0157936	Cost = 257.959
----------REALIGNMENT----------
----------REGISTERING EPI TO ANATOMICAL----------
----------REGISTERING EPI TO MNI----------
Processing volume 0
Processing volume 1
Processing volume 2
Processing volume 3
Processing volume 4
Processing volume 5
Processing volume 6
Processing volume 7
Processing volume 8
Processing volume 9
Processing volume 10
Processing volume 11
Processing volume 12
Processing volume 13
Processing volume 14
Processing volume 15
Processing volume 16
Processing volume 17
Processing volume 18
Processing volume 19
Processing volume 20
Processing volume 21
Processing volume 22
Processing volume 23
Processing volume 24
Processing volume 25
Processing volume 26
Processing volume 27
Processing volume 28
Processing volume 29
Processing volume 30
Processing volume 31
Processing volume 32
Processing volume 33
Processing volume 34
Processing volume 35
Processing volume 36
Processing volume 37
Processing volume 38
Processing volume 39
Processing volume 40
Processing volume 41
Processing volume 42
Processing volume 43
Processing volume 44
Processing volume 45
Processing volume 46
Processing volume 47
Processing volume 48
Processing volume 49
Processing volume 50
Processing volume 51
Processing volume 52
Processing volume 53
Processing volume 54
Processing volume 55
Processing volume 56
Processing volume 57
Processing volume 58
Processing volume 59
Processing volume 60
Processing volume 61
Processing volume 62
Processing volume 63
Processing volume 64
Processing volume 65
Processing volume 66
Processing volume 67
Processing volume 68
Processing volume 69
Processing volume 70
Processing volume 71
Processing volume 72
Processing volume 73
Processing volume 74
Processing volume 75
Error: short write, output file will be truncated
** ERROR: NWAD: wrote only 0 of 57768256 bytes to file
Processing volume 76
Error: short write, output file will be truncated
** ERROR: NWAD: wrote only 0 of 57768256 bytes to file
Processing volume 77
Error: short write, output file will be truncated
** ERROR: NWAD: wrote only 0 of 57768256 bytes to file
Processing volume 78
Error: short write, output file will be truncated
** ERROR: NWAD: wrote only 0 of 57768256 bytes to file
Processing volume 79
Error: short write, output file will be truncated
** ERROR: NWAD: wrote only 0 of 57768256 bytes to file
Processing volume 80
Error: short write, output file will be truncated
** ERROR: NWAD: wrote only 0 of 57768256 bytes to file
Processing volume 81
Error: short write, output file will be truncated
** ERROR: NWAD: wrote only 0 of 57768256 bytes to file
Processing volume 82
Error: short write, output file will be truncated
** ERROR: NWAD: wrote only 0 of 57768256 bytes to file
Processing volume 83
Error: short write, output file will be truncated
Processing volume 84
Error: short write, output file will be truncated
** ERROR: NWAD: wrote only 0 of 57768256 bytes to file
Processing volume 85
Error: short write, output file will be truncated
** ERROR: NWAD: wrote only 0 of 57768256 bytes to file
Processing volume 86
Error: short write, output file will be truncated
** ERROR: NWAD: wrote only 0 of 57768256 bytes to file
Processing volume 87
Error: short write, output file will be truncated
** ERROR: NWAD: wrote only 0 of 57768256 bytes to file
Processing volume 88
Error: short write, output file will be truncated
** ERROR: NWAD: wrote only 0 of 57768256 bytes to file
Processing volume 89
Error: short write, output file will be truncated
** ERROR: NWAD: wrote only 0 of 57768256 bytes to file
Processing volume 90
Error: short write, output file will be truncated
** ERROR: NWAD: wrote only 0 of 57768256 bytes to file
Processing volume 91
Error: short write, output file will be truncated
Processing volume 92
Error: short write, output file will be truncated
** ERROR: NWAD: wrote only 0 of 57768256 bytes to file
Processing volume 93
Error: short write, output file will be truncated
** ERROR: NWAD: wrote only 0 of 57768256 bytes to file
Processing volume 94
Error: short write, output file will be truncated
Processing volume 95
Error: short write, output file will be truncated
** ERROR: NWAD: wrote only 0 of 57768256 bytes to file
Processing volume 96
Error: short write, output file will be truncated
Processing volume 97
Error: short write, output file will be truncated
** ERROR: NWAD: wrote only 0 of 57768256 bytes to file
Processing volume 98
Error: short write, output file will be truncated
 file /home/tom29/rds/hpc-work/cbbu_BIDS/sub-32/func/sub-32_task-facehouse_acq-1_dir-PA_bold_vol-98.nii.gz is not recognized as a supported image format . 
terminate called after throwing an instance of 'itk::ExceptionObject'
  what():  /workspace/build/ITKv5/Modules/Core/Common/src/itkProcessObject.cxx:1339:
ITK ERROR: ResampleImageFilter(0x2a3b3f0): Input Primary is required but not set.
/var/spool/slurm/slurmd/job20299344/slurm_script: line 214: 74922 Aborted                 antsApplyTransforms -d 3 -i "${tmp_vol}" -r "${FSLDIR}/data/standard/MNI152_T1_1mm_brain.nii.gz" -t "${template_to_MNI_SyN}" -t "${template_to_MNI_affine}" -t "${MP2RAGE_to_template_SyN}" -t "${MP2RAGE_to_template_affine}" -t "${BIDS_root}/${sub_id}/func/${sub_id}_func_to_anatomical_ANTS.mat" -o "${run1_fname}_MNI_vol-${v}.nii.gz" -n Linear
