Non-commercial use only - see $FSLDIR/LICENSE
Loading spm/spm12
  Loading requirement: matlab/r2019a
----------CENTRING IMAGES----------
MATLAB is selecting SOFTWARE OPENGL rendering.

Written new image at:
	/home/tom29/rds/hpc-work/cbbu_BIDS/sub-37/func/sub-37_task-facehouse_acq-1_dir-PA_bold_centred.nii

MATLAB is selecting SOFTWARE OPENGL rendering.

Written new image at:
	/home/tom29/rds/hpc-work/cbbu_BIDS/sub-37/func/sub-37_task-facehouse_acq-2_dir-PA_bold_centred.nii

MATLAB is selecting SOFTWARE OPENGL rendering.

Written new image at:
	/home/tom29/rds/hpc-work/cbbu_BIDS/sub-37/func/sub-37_acq-LC_dir-AP_bold_centred.nii

MATLAB is selecting SOFTWARE OPENGL rendering.

Written new image at:
	/home/tom29/rds/hpc-work/cbbu_BIDS/sub-37/func/sub-37_task-facehouse_acq-1_dir-PA_sbref_centred.nii

----------SUSCEPTIBILITY DISTORTION CORRECTION----------
SSD = 664.743	n = 323454	Reg = 0	Cost = 664.743
SSD = 205.076	n = 323454	Reg = 15.9711	Cost = 221.047
SSD = 143.527	n = 323454	Reg = 26.4562	Cost = 169.983
SSD = 132.565	n = 323454	Reg = 31.5786	Cost = 164.144
SSD = 130.081	n = 323454	Reg = 33.137	Cost = 163.218
SSD = 129.416	n = 323454	Reg = 33.5884	Cost = 163.004
***Going to next resolution level***
SSD = 204.882	n = 323454	Reg = 15.2197	Cost = 220.101
SSD = 107.025	n = 323454	Reg = 16.5593	Cost = 123.584
SSD = 86.6308	n = 323454	Reg = 22.6686	Cost = 109.299
SSD = 80.5863	n = 323454	Reg = 25.1943	Cost = 105.781
SSD = 78.1225	n = 323454	Reg = 26.2409	Cost = 104.363
SSD = 76.817	n = 323454	Reg = 26.7685	Cost = 103.586
***Going to next resolution level***
SSD = 161.516	n = 323454	Reg = 5.62835	Cost = 167.144
SSD = 121.801	n = 323454	Reg = 10.2722	Cost = 132.073
SSD = 112.181	n = 323454	Reg = 13.3849	Cost = 125.566
SSD = 108.586	n = 323454	Reg = 14.5946	Cost = 123.181
SSD = 106.742	n = 323454	Reg = 15.1297	Cost = 121.872
SSD = 105.599	n = 323454	Reg = 15.464	Cost = 121.063
***Going to next resolution level***
SSD = 173.887	n = 323454	Reg = 7.54827	Cost = 181.435
SSD = 77.0986	n = 323454	Reg = 4.6923	Cost = 81.7909
SSD = 63.3551	n = 323454	Reg = 6.55462	Cost = 69.9098
SSD = 58.815	n = 323454	Reg = 7.45941	Cost = 66.2744
SSD = 56.3956	n = 323454	Reg = 7.92692	Cost = 64.3225
SSD = 54.8027	n = 323454	Reg = 8.27281	Cost = 63.0755
SSD = 53.6518	n = 323454	Reg = 8.57483	Cost = 62.2266
SSD = 52.7195	n = 323454	Reg = 8.85487	Cost = 61.5744
SSD = 51.9137	n = 323454	Reg = 9.11991	Cost = 61.0336
SSD = 51.3217	n = 323454	Reg = 9.32681	Cost = 60.6485
SSD = 50.9035	n = 323454	Reg = 9.48411	Cost = 60.3876
***Going to next resolution level***
SSD = 171.605	n = 2685840	Reg = 370.782	Cost = 542.387
SSD = 96.8242	n = 2685840	Reg = 64.172	Cost = 160.996
SSD = 86.8951	n = 2685840	Reg = 48.0952	Cost = 134.99
SSD = 85.6843	n = 2685840	Reg = 41.984	Cost = 127.668
SSD = 85.93	n = 2685840	Reg = 38.4773	Cost = 124.407
SSD = 86.5851	n = 2685840	Reg = 35.9772	Cost = 122.562
SSD = 87.2025	n = 2685840	Reg = 34.0156	Cost = 121.218
SSD = 87.8001	n = 2685840	Reg = 32.4514	Cost = 120.252
SSD = 88.2971	n = 2685840	Reg = 31.2866	Cost = 119.584
SSD = 88.7085	n = 2685840	Reg = 30.4151	Cost = 119.124
SSD = 89.0527	n = 2685840	Reg = 29.7354	Cost = 118.788
***Going to next resolution level***
SSD = 89.0527	n = 2685840	Reg = 2.97354	Cost = 92.0262
SSD = 88.7391	n = 2685840	Reg = 2.99778	Cost = 91.7368
SSD = 88.5241	n = 2685840	Reg = 3.01842	Cost = 91.5425
SSD = 88.138	n = 2685840	Reg = 3.05547	Cost = 91.1935
SSD = 87.5769	n = 2685840	Reg = 3.11711	Cost = 90.6941
SSD = 86.8813	n = 2685840	Reg = 3.20922	Cost = 90.0905
SSD = 86.2032	n = 2685840	Reg = 3.32417	Cost = 89.5273
SSD = 85.6149	n = 2685840	Reg = 3.45058	Cost = 89.0654
SSD = 85.1453	n = 2685840	Reg = 3.57337	Cost = 88.7187
SSD = 84.7392	n = 2685840	Reg = 3.69263	Cost = 88.4318
SSD = 84.3836	n = 2685840	Reg = 3.8022	Cost = 88.1858
SSD = 83.9858	n = 2685840	Reg = 3.9284	Cost = 87.9142
SSD = 83.6009	n = 2685840	Reg = 4.05162	Cost = 87.6525
SSD = 83.2987	n = 2685840	Reg = 4.14893	Cost = 87.4477
SSD = 82.9525	n = 2685840	Reg = 4.2609	Cost = 87.2134
SSD = 82.6038	n = 2685840	Reg = 4.37275	Cost = 86.9766
SSD = 82.306	n = 2685840	Reg = 4.46836	Cost = 86.7743
SSD = 81.9914	n = 2685840	Reg = 4.569	Cost = 86.5604
SSD = 81.6887	n = 2685840	Reg = 4.66483	Cost = 86.3535
SSD = 81.41	n = 2685840	Reg = 4.75273	Cost = 86.1628
SSD = 81.1239	n = 2685840	Reg = 4.84251	Cost = 85.9664
***Going to next resolution level***
SSD = 391.142	n = 2685840	Reg = 27.5688	Cost = 418.711
SSD = 347.032	n = 2685840	Reg = 24.4595	Cost = 371.492
SSD = 324.643	n = 2685840	Reg = 22.8853	Cost = 347.528
SSD = 304.779	n = 2685840	Reg = 21.5032	Cost = 326.282
SSD = 290.288	n = 2685840	Reg = 20.5098	Cost = 310.798
SSD = 278.281	n = 2685840	Reg = 19.7018	Cost = 297.983
SSD = 268.765	n = 2685840	Reg = 19.0767	Cost = 287.842
SSD = 261.095	n = 2685840	Reg = 18.585	Cost = 279.68
SSD = 253.856	n = 2685840	Reg = 18.1361	Cost = 271.992
SSD = 248.208	n = 2685840	Reg = 17.7949	Cost = 266.002
SSD = 243.073	n = 2685840	Reg = 17.4918	Cost = 260.565
SSD = 238.707	n = 2685840	Reg = 17.2403	Cost = 255.948
SSD = 234.803	n = 2685840	Reg = 17.02	Cost = 251.823
SSD = 231.275	n = 2685840	Reg = 16.8263	Cost = 248.101
SSD = 228.208	n = 2685840	Reg = 16.6611	Cost = 244.869
SSD = 225.138	n = 2685840	Reg = 16.5008	Cost = 241.638
SSD = 222.501	n = 2685840	Reg = 16.3665	Cost = 238.867
SSD = 219.981	n = 2685840	Reg = 16.242	Cost = 236.223
SSD = 217.742	n = 2685840	Reg = 16.1352	Cost = 233.877
SSD = 215.607	n = 2685840	Reg = 16.0365	Cost = 231.643
SSD = 213.595	n = 2685840	Reg = 15.9472	Cost = 229.542
***Going to next resolution level***
SSD = 296.32	n = 2685840	Reg = 0.221235	Cost = 296.542
SSD = 292.471	n = 2685840	Reg = 0.218665	Cost = 292.689
SSD = 288.958	n = 2685840	Reg = 0.216575	Cost = 289.175
SSD = 286.314	n = 2685840	Reg = 0.215308	Cost = 286.529
SSD = 284.011	n = 2685840	Reg = 0.214555	Cost = 284.226
SSD = 282.174	n = 2685840	Reg = 0.214338	Cost = 282.389
SSD = 280.689	n = 2685840	Reg = 0.21453	Cost = 280.903
SSD = 279.459	n = 2685840	Reg = 0.215016	Cost = 279.674
SSD = 278.523	n = 2685840	Reg = 0.215657	Cost = 278.738
SSD = 277.719	n = 2685840	Reg = 0.216453	Cost = 277.936
SSD = 276.624	n = 2685840	Reg = 0.217828	Cost = 276.842
SSD = 274.49	n = 2685840	Reg = 0.220958	Cost = 274.711
SSD = 272.339	n = 2685840	Reg = 0.22474	Cost = 272.564
SSD = 269.82	n = 2685840	Reg = 0.229871	Cost = 270.05
SSD = 267.67	n = 2685840	Reg = 0.234782	Cost = 267.905
SSD = 265.525	n = 2685840	Reg = 0.240269	Cost = 265.765
SSD = 263.628	n = 2685840	Reg = 0.245502	Cost = 263.874
SSD = 261.666	n = 2685840	Reg = 0.251363	Cost = 261.918
SSD = 259.708	n = 2685840	Reg = 0.257533	Cost = 259.965
SSD = 257.99	n = 2685840	Reg = 0.26327	Cost = 258.253
SSD = 256.725	n = 2685840	Reg = 0.267567	Cost = 256.993
SSD = 255.662	n = 2685840	Reg = 0.271367	Cost = 255.933
SSD = 254.621	n = 2685840	Reg = 0.275159	Cost = 254.896
SSD = 253.601	n = 2685840	Reg = 0.279022	Cost = 253.88
SSD = 252.522	n = 2685840	Reg = 0.283264	Cost = 252.805
SSD = 251.439	n = 2685840	Reg = 0.287665	Cost = 251.726
SSD = 250.402	n = 2685840	Reg = 0.292017	Cost = 250.694
SSD = 249.42	n = 2685840	Reg = 0.296244	Cost = 249.716
SSD = 248.483	n = 2685840	Reg = 0.300409	Cost = 248.783
SSD = 247.542	n = 2685840	Reg = 0.304685	Cost = 247.847
SSD = 246.527	n = 2685840	Reg = 0.309462	Cost = 246.837
SSD = 245.548	n = 2685840	Reg = 0.314178	Cost = 245.862
SSD = 244.632	n = 2685840	Reg = 0.318711	Cost = 244.951
SSD = 243.767	n = 2685840	Reg = 0.323069	Cost = 244.09
SSD = 242.936	n = 2685840	Reg = 0.327335	Cost = 243.263
SSD = 242.167	n = 2685840	Reg = 0.331349	Cost = 242.498
SSD = 241.385	n = 2685840	Reg = 0.335486	Cost = 241.721
SSD = 240.606	n = 2685840	Reg = 0.339708	Cost = 240.946
SSD = 239.836	n = 2685840	Reg = 0.343945	Cost = 240.18
SSD = 239.106	n = 2685840	Reg = 0.348033	Cost = 239.454
SSD = 238.396	n = 2685840	Reg = 0.352084	Cost = 238.748
SSD = 237.689	n = 2685840	Reg = 0.35618	Cost = 238.045
SSD = 237.005	n = 2685840	Reg = 0.360229	Cost = 237.365
SSD = 236.327	n = 2685840	Reg = 0.364327	Cost = 236.692
SSD = 235.67	n = 2685840	Reg = 0.368372	Cost = 236.039
SSD = 235.029	n = 2685840	Reg = 0.372427	Cost = 235.402
SSD = 234.422	n = 2685840	Reg = 0.376346	Cost = 234.798
SSD = 233.807	n = 2685840	Reg = 0.380415	Cost = 234.187
SSD = 233.237	n = 2685840	Reg = 0.384273	Cost = 233.622
SSD = 232.656	n = 2685840	Reg = 0.388327	Cost = 233.045
SSD = 232.097	n = 2685840	Reg = 0.392304	Cost = 232.489
***Going to next resolution level***
SSD = 232.098	n = 2685840	Reg = 0.00783802	Cost = 232.106
SSD = 231.833	n = 2685840	Reg = 0.00782904	Cost = 231.841
SSD = 231.349	n = 2685840	Reg = 0.00781262	Cost = 231.357
SSD = 231.015	n = 2685840	Reg = 0.00780136	Cost = 231.023
SSD = 230.636	n = 2685840	Reg = 0.00778875	Cost = 230.644
SSD = 230.259	n = 2685840	Reg = 0.00777658	Cost = 230.267
SSD = 229.912	n = 2685840	Reg = 0.00776586	Cost = 229.919
SSD = 229.561	n = 2685840	Reg = 0.00775573	Cost = 229.569
SSD = 229.228	n = 2685840	Reg = 0.00774695	Cost = 229.236
SSD = 228.95	n = 2685840	Reg = 0.00774037	Cost = 228.958
SSD = 228.641	n = 2685840	Reg = 0.00773398	Cost = 228.649
SSD = 228.31	n = 2685840	Reg = 0.00772816	Cost = 228.318
SSD = 228.016	n = 2685840	Reg = 0.007724	Cost = 228.024
SSD = 227.696	n = 2685840	Reg = 0.00772056	Cost = 227.704
SSD = 227.381	n = 2685840	Reg = 0.00771844	Cost = 227.389
SSD = 227.098	n = 2685840	Reg = 0.00771764	Cost = 227.106
SSD = 226.816	n = 2685840	Reg = 0.00771798	Cost = 226.824
SSD = 226.54	n = 2685840	Reg = 0.00771949	Cost = 226.548
SSD = 226.253	n = 2685840	Reg = 0.00772244	Cost = 226.261
SSD = 225.964	n = 2685840	Reg = 0.00772695	Cost = 225.971
SSD = 225.673	n = 2685840	Reg = 0.00773315	Cost = 225.681
SSD = 225.386	n = 2685840	Reg = 0.00774113	Cost = 225.394
SSD = 225.103	n = 2685840	Reg = 0.00775093	Cost = 225.111
SSD = 224.832	n = 2685840	Reg = 0.00776229	Cost = 224.84
SSD = 224.562	n = 2685840	Reg = 0.00777573	Cost = 224.57
SSD = 224.282	n = 2685840	Reg = 0.00779197	Cost = 224.289
SSD = 224	n = 2685840	Reg = 0.00781094	Cost = 224.008
SSD = 223.714	n = 2685840	Reg = 0.00783285	Cost = 223.722
SSD = 223.439	n = 2685840	Reg = 0.00785664	Cost = 223.447
SSD = 223.175	n = 2685840	Reg = 0.00788227	Cost = 223.183
SSD = 222.894	n = 2685840	Reg = 0.00791263	Cost = 222.902
SSD = 222.598	n = 2685840	Reg = 0.00794771	Cost = 222.606
SSD = 222.262	n = 2685840	Reg = 0.00799152	Cost = 222.27
SSD = 221.931	n = 2685840	Reg = 0.00803851	Cost = 221.939
SSD = 221.586	n = 2685840	Reg = 0.00809163	Cost = 221.594
SSD = 221.252	n = 2685840	Reg = 0.00814745	Cost = 221.261
SSD = 220.91	n = 2685840	Reg = 0.00820936	Cost = 220.918
SSD = 220.573	n = 2685840	Reg = 0.00827516	Cost = 220.581
SSD = 220.225	n = 2685840	Reg = 0.00834826	Cost = 220.233
SSD = 219.899	n = 2685840	Reg = 0.00842187	Cost = 219.908
SSD = 219.611	n = 2685840	Reg = 0.00849172	Cost = 219.619
SSD = 219.373	n = 2685840	Reg = 0.00855263	Cost = 219.382
SSD = 219.155	n = 2685840	Reg = 0.0086124	Cost = 219.164
SSD = 218.903	n = 2685840	Reg = 0.00868575	Cost = 218.911
SSD = 218.669	n = 2685840	Reg = 0.0087579	Cost = 218.678
SSD = 218.415	n = 2685840	Reg = 0.00884083	Cost = 218.424
SSD = 218.161	n = 2685840	Reg = 0.00892882	Cost = 218.17
SSD = 217.905	n = 2685840	Reg = 0.00902196	Cost = 217.914
SSD = 217.633	n = 2685840	Reg = 0.00912737	Cost = 217.642
SSD = 217.29	n = 2685840	Reg = 0.00926654	Cost = 217.299
SSD = 216.873	n = 2685840	Reg = 0.00944461	Cost = 216.883
SSD = 216.455	n = 2685840	Reg = 0.00963145	Cost = 216.465
SSD = 216.09	n = 2685840	Reg = 0.00980109	Cost = 216.1
SSD = 215.684	n = 2685840	Reg = 0.00999561	Cost = 215.694
SSD = 215.346	n = 2685840	Reg = 0.0101621	Cost = 215.356
SSD = 215.013	n = 2685840	Reg = 0.0103306	Cost = 215.023
SSD = 214.696	n = 2685840	Reg = 0.0104957	Cost = 214.707
SSD = 214.357	n = 2685840	Reg = 0.0106766	Cost = 214.368
SSD = 213.98	n = 2685840	Reg = 0.010882	Cost = 213.991
SSD = 213.552	n = 2685840	Reg = 0.0111209	Cost = 213.563
SSD = 213.145	n = 2685840	Reg = 0.0113529	Cost = 213.157
SSD = 212.775	n = 2685840	Reg = 0.0115674	Cost = 212.787
SSD = 212.438	n = 2685840	Reg = 0.0117668	Cost = 212.45
SSD = 212.147	n = 2685840	Reg = 0.0119423	Cost = 212.159
SSD = 211.849	n = 2685840	Reg = 0.0121256	Cost = 211.861
SSD = 211.559	n = 2685840	Reg = 0.0123056	Cost = 211.571
SSD = 211.283	n = 2685840	Reg = 0.0124814	Cost = 211.295
SSD = 211.002	n = 2685840	Reg = 0.0126627	Cost = 211.015
SSD = 210.736	n = 2685840	Reg = 0.0128371	Cost = 210.749
SSD = 210.481	n = 2685840	Reg = 0.0130068	Cost = 210.494
SSD = 210.21	n = 2685840	Reg = 0.0131892	Cost = 210.223
SSD = 209.948	n = 2685840	Reg = 0.0133685	Cost = 209.961
SSD = 209.693	n = 2685840	Reg = 0.0135437	Cost = 209.707
SSD = 209.436	n = 2685840	Reg = 0.0137231	Cost = 209.449
SSD = 209.204	n = 2685840	Reg = 0.0138855	Cost = 209.218
SSD = 208.976	n = 2685840	Reg = 0.0140462	Cost = 208.99
SSD = 208.749	n = 2685840	Reg = 0.0142079	Cost = 208.763
SSD = 208.527	n = 2685840	Reg = 0.0143668	Cost = 208.541
SSD = 208.313	n = 2685840	Reg = 0.0145207	Cost = 208.327
SSD = 208.106	n = 2685840	Reg = 0.0146691	Cost = 208.121
SSD = 207.922	n = 2685840	Reg = 0.0148022	Cost = 207.937
SSD = 207.741	n = 2685840	Reg = 0.0149339	Cost = 207.756
SSD = 207.564	n = 2685840	Reg = 0.0150621	Cost = 207.579
SSD = 207.383	n = 2685840	Reg = 0.0151929	Cost = 207.399
SSD = 207.206	n = 2685840	Reg = 0.0153214	Cost = 207.222
SSD = 207.021	n = 2685840	Reg = 0.0154563	Cost = 207.037
SSD = 206.841	n = 2685840	Reg = 0.0155879	Cost = 206.857
SSD = 206.661	n = 2685840	Reg = 0.0157197	Cost = 206.676
SSD = 206.473	n = 2685840	Reg = 0.015857	Cost = 206.489
SSD = 206.283	n = 2685840	Reg = 0.0159966	Cost = 206.299
SSD = 206.093	n = 2685840	Reg = 0.0161357	Cost = 206.109
SSD = 205.909	n = 2685840	Reg = 0.0162708	Cost = 205.925
SSD = 205.729	n = 2685840	Reg = 0.0164033	Cost = 205.746
SSD = 205.553	n = 2685840	Reg = 0.0165342	Cost = 205.569
SSD = 205.378	n = 2685840	Reg = 0.016664	Cost = 205.394
SSD = 205.213	n = 2685840	Reg = 0.0167867	Cost = 205.229
SSD = 205.047	n = 2685840	Reg = 0.0169103	Cost = 205.064
SSD = 204.88	n = 2685840	Reg = 0.017035	Cost = 204.897
SSD = 204.713	n = 2685840	Reg = 0.0171599	Cost = 204.73
SSD = 204.537	n = 2685840	Reg = 0.0172923	Cost = 204.554
SSD = 204.371	n = 2685840	Reg = 0.0174172	Cost = 204.388
----------REALIGNMENT----------
----------REGISTERING EPI TO ANATOMICAL----------
----------REGISTERING EPI TO MNI----------
Processing volume 0
Processing volume 1
Processing volume 2
Processing volume 3
Processing volume 4
Processing volume 5
Processing volume 6
Processing volume 7
Processing volume 8
Processing volume 9
Processing volume 10
Processing volume 11
Processing volume 12
Processing volume 13
Processing volume 14
Processing volume 15
Processing volume 16
Processing volume 17
Processing volume 18
Processing volume 19
Processing volume 20
Processing volume 21
Processing volume 22
Processing volume 23
Processing volume 24
Processing volume 25
Processing volume 26
Processing volume 27
Processing volume 28
Processing volume 29
Processing volume 30
Processing volume 31
Processing volume 32
Processing volume 33
Processing volume 34
Processing volume 35
Processing volume 36
Processing volume 37
Processing volume 38
Processing volume 39
Processing volume 40
Processing volume 41
Processing volume 42
Processing volume 43
Processing volume 44
Processing volume 45
Processing volume 46
Processing volume 47
Processing volume 48
Processing volume 49
Processing volume 50
Processing volume 51
Processing volume 52
Processing volume 53
Processing volume 54
Processing volume 55
Processing volume 56
Processing volume 57
Processing volume 58
Processing volume 59
Processing volume 60
Processing volume 61
Processing volume 62
Processing volume 63
Processing volume 64
Processing volume 65
Processing volume 66
Processing volume 67
Processing volume 68
Processing volume 69
Processing volume 70
Processing volume 71
Processing volume 72
Processing volume 73
Processing volume 74
Processing volume 75
Processing volume 76
Processing volume 77
Processing volume 78
Processing volume 79
Processing volume 80
Processing volume 81
Processing volume 82
Processing volume 83
Processing volume 84
Processing volume 85
Processing volume 86
Processing volume 87
Processing volume 88
Processing volume 89
Processing volume 90
Processing volume 91
Processing volume 92
Processing volume 93
Processing volume 94
Processing volume 95
Processing volume 96
Processing volume 97
Processing volume 98
Processing volume 99
Processing volume 100
Processing volume 101
Processing volume 102
Processing volume 103
Processing volume 104
Processing volume 105
Processing volume 106
Processing volume 107
Processing volume 108
Processing volume 109
Processing volume 110
Processing volume 111
Processing volume 112
Processing volume 113
Processing volume 114
Processing volume 115
Processing volume 116
Processing volume 117
Processing volume 118
Processing volume 119
** ERROR: NWAD: wrote only 0 of 57768256 bytes to file
Processing volume 120
Error: short write, output file will be truncated
** ERROR: NWAD: wrote only 0 of 57768256 bytes to file
Processing volume 121
Error: short write, output file will be truncated
Processing volume 122
Error: short write, output file will be truncated
** ERROR: NWAD: wrote only 0 of 57768256 bytes to file
Processing volume 123
Error: short write, output file will be truncated
** ERROR: NWAD: wrote only 0 of 57768256 bytes to file
Processing volume 124
Error: short write, output file will be truncated
** ERROR: NWAD: wrote only 0 of 57768256 bytes to file
Processing volume 125
Error: short write, output file will be truncated
** ERROR: NWAD: wrote only 0 of 57768256 bytes to file
Processing volume 126
Error: short write, output file will be truncated
** ERROR: NWAD: wrote only 0 of 57768256 bytes to file
Processing volume 127
Error: short write, output file will be truncated
** ERROR: NWAD: wrote only 0 of 57768256 bytes to file
Processing volume 128
Error: short write, output file will be truncated
Processing volume 129
Error: short write, output file will be truncated
 file /home/tom29/rds/hpc-work/cbbu_BIDS/sub-37/func/sub-37_task-facehouse_acq-1_dir-PA_bold_vol-129.nii.gz is not recognized as a supported image format . 
terminate called after throwing an instance of 'itk::ExceptionObject'
  what():  /workspace/build/ITKv5/Modules/Core/Common/src/itkProcessObject.cxx:1339:
ITK ERROR: ResampleImageFilter(0x35043f0): Input Primary is required but not set.
/var/spool/slurm/slurmd/job20299349/slurm_script: line 214: 121144 Aborted                 antsApplyTransforms -d 3 -i "${tmp_vol}" -r "${FSLDIR}/data/standard/MNI152_T1_1mm_brain.nii.gz" -t "${template_to_MNI_SyN}" -t "${template_to_MNI_affine}" -t "${MP2RAGE_to_template_SyN}" -t "${MP2RAGE_to_template_affine}" -t "${BIDS_root}/${sub_id}/func/${sub_id}_func_to_anatomical_ANTS.mat" -o "${run1_fname}_MNI_vol-${v}.nii.gz" -n Linear
