Non-commercial use only - see $FSLDIR/LICENSE
Loading spm/spm12
  Loading requirement: matlab/r2019a
----------CENTRING IMAGES----------
MATLAB is selecting SOFTWARE OPENGL rendering.

Written new image at:
	/home/tom29/rds/hpc-work/cbbu_BIDS/sub-42/func/sub-42_task-facehouse_acq-1_dir-PA_bold_centred.nii

MATLAB is selecting SOFTWARE OPENGL rendering.

Written new image at:
	/home/tom29/rds/hpc-work/cbbu_BIDS/sub-42/func/sub-42_task-facehouse_acq-2_dir-PA_bold_centred.nii

MATLAB is selecting SOFTWARE OPENGL rendering.

Written new image at:
	/home/tom29/rds/hpc-work/cbbu_BIDS/sub-42/func/sub-42_acq-LC_dir-AP_bold_centred.nii

MATLAB is selecting SOFTWARE OPENGL rendering.

Written new image at:
	/home/tom29/rds/hpc-work/cbbu_BIDS/sub-42/func/sub-42_task-facehouse_acq-1_dir-PA_sbref_centred.nii

----------SUSCEPTIBILITY DISTORTION CORRECTION----------
SSD = 1175.01	n = 323454	Reg = 0	Cost = 1175.01
SSD = 321.148	n = 323454	Reg = 24.9653	Cost = 346.113
SSD = 178.6	n = 323454	Reg = 32.2862	Cost = 210.886
SSD = 150.738	n = 323454	Reg = 39.7214	Cost = 190.459
SSD = 143.276	n = 323454	Reg = 43.0318	Cost = 186.308
SSD = 140.939	n = 323454	Reg = 44.3231	Cost = 185.262
***Going to next resolution level***
SSD = 213.672	n = 323454	Reg = 25.5409	Cost = 239.213
SSD = 120.437	n = 323454	Reg = 21.2231	Cost = 141.66
SSD = 101.209	n = 323454	Reg = 27.2087	Cost = 128.417
SSD = 94.8503	n = 323454	Reg = 29.8863	Cost = 124.737
SSD = 91.5037	n = 323454	Reg = 31.2756	Cost = 122.779
SSD = 89.1485	n = 323454	Reg = 32.1983	Cost = 121.347
***Going to next resolution level***
SSD = 180.611	n = 323454	Reg = 6.52323	Cost = 187.134
SSD = 135.612	n = 323454	Reg = 11.4385	Cost = 147.05
SSD = 124.587	n = 323454	Reg = 14.6838	Cost = 139.271
SSD = 120.809	n = 323454	Reg = 15.9581	Cost = 136.767
SSD = 118.955	n = 323454	Reg = 16.5884	Cost = 135.543
SSD = 117.809	n = 323454	Reg = 17.0034	Cost = 134.812
***Going to next resolution level***
SSD = 191.316	n = 323454	Reg = 9.83991	Cost = 201.156
SSD = 78.5204	n = 323454	Reg = 5.03719	Cost = 83.5576
SSD = 62.1516	n = 323454	Reg = 6.85849	Cost = 69.0101
SSD = 55.5532	n = 323454	Reg = 7.63286	Cost = 63.1861
SSD = 52.1386	n = 323454	Reg = 8.07843	Cost = 60.217
SSD = 50.0916	n = 323454	Reg = 8.41386	Cost = 58.5054
SSD = 48.7564	n = 323454	Reg = 8.70712	Cost = 57.4635
SSD = 47.7909	n = 323454	Reg = 8.94606	Cost = 56.737
SSD = 47.0603	n = 323454	Reg = 9.14644	Cost = 56.2067
SSD = 46.5044	n = 323454	Reg = 9.31058	Cost = 55.8149
SSD = 46.0642	n = 323454	Reg = 9.44686	Cost = 55.5111
***Going to next resolution level***
SSD = 178.102	n = 2685840	Reg = 473.484	Cost = 651.586
SSD = 80.8383	n = 2685840	Reg = 62.1584	Cost = 142.997
SSD = 65.2676	n = 2685840	Reg = 45.1605	Cost = 110.428
SSD = 62.6053	n = 2685840	Reg = 40.2201	Cost = 102.825
SSD = 62.8079	n = 2685840	Reg = 37.514	Cost = 100.322
SSD = 63.5062	n = 2685840	Reg = 35.6823	Cost = 99.1886
SSD = 64.1849	n = 2685840	Reg = 34.4205	Cost = 98.6054
SSD = 64.7492	n = 2685840	Reg = 33.5551	Cost = 98.3043
SSD = 65.2072	n = 2685840	Reg = 32.909	Cost = 98.1163
SSD = 65.6014	n = 2685840	Reg = 32.3912	Cost = 97.9926
SSD = 65.9512	n = 2685840	Reg = 31.9579	Cost = 97.9092
***Going to next resolution level***
SSD = 65.9512	n = 2685840	Reg = 3.19579	Cost = 69.147
SSD = 65.6919	n = 2685840	Reg = 3.21181	Cost = 68.9037
SSD = 65.5385	n = 2685840	Reg = 3.22467	Cost = 68.7632
SSD = 65.3058	n = 2685840	Reg = 3.24416	Cost = 68.5499
SSD = 64.8332	n = 2685840	Reg = 3.28733	Cost = 68.1205
SSD = 64.2682	n = 2685840	Reg = 3.3493	Cost = 67.6175
SSD = 63.7562	n = 2685840	Reg = 3.42191	Cost = 67.1781
SSD = 63.3476	n = 2685840	Reg = 3.49469	Cost = 66.8423
SSD = 63.0066	n = 2685840	Reg = 3.56852	Cost = 66.5751
SSD = 62.7273	n = 2685840	Reg = 3.6348	Cost = 66.3621
SSD = 62.5048	n = 2685840	Reg = 3.68998	Cost = 66.1947
SSD = 62.2235	n = 2685840	Reg = 3.76078	Cost = 65.9843
SSD = 61.9323	n = 2685840	Reg = 3.83417	Cost = 65.7665
SSD = 61.6711	n = 2685840	Reg = 3.90056	Cost = 65.5717
SSD = 61.4263	n = 2685840	Reg = 3.9626	Cost = 65.3889
SSD = 61.2174	n = 2685840	Reg = 4.01518	Cost = 65.2326
SSD = 60.978	n = 2685840	Reg = 4.07491	Cost = 65.0529
SSD = 60.7787	n = 2685840	Reg = 4.12416	Cost = 64.9029
SSD = 60.5126	n = 2685840	Reg = 4.18972	Cost = 64.7024
SSD = 60.2501	n = 2685840	Reg = 4.25472	Cost = 64.5049
SSD = 60.051	n = 2685840	Reg = 4.30373	Cost = 64.3548
***Going to next resolution level***
SSD = 1124.96	n = 2685840	Reg = 142.713	Cost = 1267.67
SSD = 819.327	n = 2685840	Reg = 103.212	Cost = 922.54
SSD = 754.138	n = 2685840	Reg = 94.8563	Cost = 848.994
SSD = 665.597	n = 2685840	Reg = 83.5729	Cost = 749.17
SSD = 573.434	n = 2685840	Reg = 72.0844	Cost = 645.519
SSD = 528.432	n = 2685840	Reg = 66.5468	Cost = 594.978
SSD = 493.3	n = 2685840	Reg = 62.3173	Cost = 555.617
SSD = 456.917	n = 2685840	Reg = 58.0023	Cost = 514.919
SSD = 425.515	n = 2685840	Reg = 54.3561	Cost = 479.871
SSD = 406.445	n = 2685840	Reg = 52.1251	Cost = 458.57
SSD = 390.914	n = 2685840	Reg = 50.32	Cost = 441.234
SSD = 370.839	n = 2685840	Reg = 48.0638	Cost = 418.902
SSD = 351.638	n = 2685840	Reg = 45.942	Cost = 397.58
SSD = 338.936	n = 2685840	Reg = 44.542	Cost = 383.478
SSD = 329.923	n = 2685840	Reg = 43.5569	Cost = 373.479
SSD = 318.91	n = 2685840	Reg = 42.3465	Cost = 361.256
SSD = 308.295	n = 2685840	Reg = 41.2005	Cost = 349.496
SSD = 300.04	n = 2685840	Reg = 40.3091	Cost = 340.349
SSD = 291.964	n = 2685840	Reg = 39.4412	Cost = 331.405
SSD = 284.884	n = 2685840	Reg = 38.6892	Cost = 323.573
SSD = 277.585	n = 2685840	Reg = 37.9144	Cost = 315.499
***Going to next resolution level***
SSD = 339.333	n = 2685840	Reg = 0.463484	Cost = 339.797
SSD = 334.373	n = 2685840	Reg = 0.456917	Cost = 334.83
SSD = 329.99	n = 2685840	Reg = 0.451462	Cost = 330.441
SSD = 325.442	n = 2685840	Reg = 0.446147	Cost = 325.888
SSD = 320.184	n = 2685840	Reg = 0.440391	Cost = 320.625
SSD = 315.702	n = 2685840	Reg = 0.435924	Cost = 316.138
SSD = 311.37	n = 2685840	Reg = 0.432101	Cost = 311.803
SSD = 307.65	n = 2685840	Reg = 0.429197	Cost = 308.079
SSD = 304.196	n = 2685840	Reg = 0.426929	Cost = 304.623
SSD = 299.84	n = 2685840	Reg = 0.424558	Cost = 300.264
SSD = 296.155	n = 2685840	Reg = 0.4229	Cost = 296.578
SSD = 290.108	n = 2685840	Reg = 0.421121	Cost = 290.529
SSD = 283.174	n = 2685840	Reg = 0.419901	Cost = 283.594
SSD = 277.87	n = 2685840	Reg = 0.41987	Cost = 278.29
SSD = 273.686	n = 2685840	Reg = 0.419648	Cost = 274.105
SSD = 269.078	n = 2685840	Reg = 0.420037	Cost = 269.498
SSD = 265.214	n = 2685840	Reg = 0.420743	Cost = 265.635
SSD = 261.253	n = 2685840	Reg = 0.4218	Cost = 261.674
SSD = 257.75	n = 2685840	Reg = 0.423047	Cost = 258.173
SSD = 254.102	n = 2685840	Reg = 0.424772	Cost = 254.526
SSD = 250.844	n = 2685840	Reg = 0.426319	Cost = 251.27
SSD = 247.751	n = 2685840	Reg = 0.428076	Cost = 248.179
SSD = 244.812	n = 2685840	Reg = 0.430231	Cost = 245.243
SSD = 242.415	n = 2685840	Reg = 0.432068	Cost = 242.847
SSD = 239.328	n = 2685840	Reg = 0.434784	Cost = 239.763
SSD = 236.664	n = 2685840	Reg = 0.436848	Cost = 237.101
SSD = 234.12	n = 2685840	Reg = 0.439019	Cost = 234.559
SSD = 232.034	n = 2685840	Reg = 0.440958	Cost = 232.475
SSD = 229.951	n = 2685840	Reg = 0.442994	Cost = 230.394
SSD = 228.098	n = 2685840	Reg = 0.444733	Cost = 228.542
SSD = 226.114	n = 2685840	Reg = 0.446635	Cost = 226.56
SSD = 224.201	n = 2685840	Reg = 0.448507	Cost = 224.65
SSD = 222.45	n = 2685840	Reg = 0.450181	Cost = 222.9
SSD = 220.61	n = 2685840	Reg = 0.452104	Cost = 221.062
SSD = 218.917	n = 2685840	Reg = 0.453688	Cost = 219.37
SSD = 217.22	n = 2685840	Reg = 0.455377	Cost = 217.676
SSD = 215.577	n = 2685840	Reg = 0.456968	Cost = 216.034
SSD = 213.94	n = 2685840	Reg = 0.458582	Cost = 214.399
SSD = 212.407	n = 2685840	Reg = 0.460147	Cost = 212.868
SSD = 210.784	n = 2685840	Reg = 0.461883	Cost = 211.246
SSD = 209.262	n = 2685840	Reg = 0.463464	Cost = 209.725
SSD = 207.766	n = 2685840	Reg = 0.465044	Cost = 208.231
SSD = 206.337	n = 2685840	Reg = 0.466724	Cost = 206.804
SSD = 204.939	n = 2685840	Reg = 0.46828	Cost = 205.407
SSD = 203.563	n = 2685840	Reg = 0.46994	Cost = 204.033
SSD = 202.189	n = 2685840	Reg = 0.471622	Cost = 202.661
SSD = 200.877	n = 2685840	Reg = 0.473345	Cost = 201.35
SSD = 199.679	n = 2685840	Reg = 0.474935	Cost = 200.154
SSD = 198.563	n = 2685840	Reg = 0.476509	Cost = 199.039
SSD = 197.346	n = 2685840	Reg = 0.478306	Cost = 197.824
SSD = 196.177	n = 2685840	Reg = 0.48015	Cost = 196.657
***Going to next resolution level***
SSD = 196.184	n = 2685840	Reg = 0.00959297	Cost = 196.194
SSD = 195.637	n = 2685840	Reg = 0.00956632	Cost = 195.646
SSD = 194.971	n = 2685840	Reg = 0.00953427	Cost = 194.981
SSD = 194.315	n = 2685840	Reg = 0.00950308	Cost = 194.324
SSD = 193.676	n = 2685840	Reg = 0.00947323	Cost = 193.685
SSD = 193.01	n = 2685840	Reg = 0.0094429	Cost = 193.02
SSD = 192.412	n = 2685840	Reg = 0.00941648	Cost = 192.421
SSD = 191.838	n = 2685840	Reg = 0.00939195	Cost = 191.848
SSD = 191.231	n = 2685840	Reg = 0.00936698	Cost = 191.24
SSD = 190.681	n = 2685840	Reg = 0.00934529	Cost = 190.69
SSD = 190.09	n = 2685840	Reg = 0.00932294	Cost = 190.099
SSD = 189.55	n = 2685840	Reg = 0.00930341	Cost = 189.56
SSD = 188.867	n = 2685840	Reg = 0.00927992	Cost = 188.876
SSD = 188.183	n = 2685840	Reg = 0.00925762	Cost = 188.192
SSD = 187.565	n = 2685840	Reg = 0.00923876	Cost = 187.574
SSD = 187.013	n = 2685840	Reg = 0.00922277	Cost = 187.022
SSD = 186.438	n = 2685840	Reg = 0.00920745	Cost = 186.447
SSD = 185.888	n = 2685840	Reg = 0.00919378	Cost = 185.897
SSD = 185.354	n = 2685840	Reg = 0.0091818	Cost = 185.363
SSD = 184.791	n = 2685840	Reg = 0.00917056	Cost = 184.8
SSD = 184.238	n = 2685840	Reg = 0.00916105	Cost = 184.247
SSD = 183.649	n = 2685840	Reg = 0.00915274	Cost = 183.658
SSD = 183.12	n = 2685840	Reg = 0.00914691	Cost = 183.129
SSD = 182.554	n = 2685840	Reg = 0.00914272	Cost = 182.563
SSD = 181.915	n = 2685840	Reg = 0.00914021	Cost = 181.925
SSD = 181.306	n = 2685840	Reg = 0.00914064	Cost = 181.315
SSD = 180.73	n = 2685840	Reg = 0.0091435	Cost = 180.74
SSD = 180.022	n = 2685840	Reg = 0.00915173	Cost = 180.031
SSD = 179.45	n = 2685840	Reg = 0.00916039	Cost = 179.46
SSD = 178.849	n = 2685840	Reg = 0.00917312	Cost = 178.859
SSD = 178.227	n = 2685840	Reg = 0.00918921	Cost = 178.236
SSD = 177.634	n = 2685840	Reg = 0.00920762	Cost = 177.643
SSD = 176.982	n = 2685840	Reg = 0.0092321	Cost = 176.991
SSD = 176.309	n = 2685840	Reg = 0.00926137	Cost = 176.319
SSD = 175.681	n = 2685840	Reg = 0.00929222	Cost = 175.69
SSD = 175.029	n = 2685840	Reg = 0.00932799	Cost = 175.039
SSD = 174.336	n = 2685840	Reg = 0.00937068	Cost = 174.346
SSD = 173.745	n = 2685840	Reg = 0.00941037	Cost = 173.755
SSD = 173.085	n = 2685840	Reg = 0.00945998	Cost = 173.094
SSD = 172.297	n = 2685840	Reg = 0.00952231	Cost = 172.306
SSD = 171.656	n = 2685840	Reg = 0.00957775	Cost = 171.666
SSD = 171.048	n = 2685840	Reg = 0.00963265	Cost = 171.058
SSD = 170.424	n = 2685840	Reg = 0.00969511	Cost = 170.434
SSD = 169.855	n = 2685840	Reg = 0.00975426	Cost = 169.865
SSD = 169.335	n = 2685840	Reg = 0.00981248	Cost = 169.344
SSD = 168.803	n = 2685840	Reg = 0.00987475	Cost = 168.813
SSD = 168.282	n = 2685840	Reg = 0.00993919	Cost = 168.292
SSD = 167.811	n = 2685840	Reg = 0.0100007	Cost = 167.821
SSD = 167.293	n = 2685840	Reg = 0.0100719	Cost = 167.304
SSD = 166.795	n = 2685840	Reg = 0.0101438	Cost = 166.805
SSD = 166.228	n = 2685840	Reg = 0.0102299	Cost = 166.238
SSD = 165.465	n = 2685840	Reg = 0.0103526	Cost = 165.476
SSD = 164.668	n = 2685840	Reg = 0.0104847	Cost = 164.678
SSD = 163.984	n = 2685840	Reg = 0.0106031	Cost = 163.995
SSD = 163.358	n = 2685840	Reg = 0.0107134	Cost = 163.369
SSD = 162.692	n = 2685840	Reg = 0.0108369	Cost = 162.703
SSD = 162.075	n = 2685840	Reg = 0.010952	Cost = 162.086
SSD = 161.518	n = 2685840	Reg = 0.0110591	Cost = 161.529
SSD = 160.991	n = 2685840	Reg = 0.0111634	Cost = 161.002
SSD = 160.428	n = 2685840	Reg = 0.0112773	Cost = 160.439
SSD = 159.889	n = 2685840	Reg = 0.0113872	Cost = 159.9
SSD = 159.234	n = 2685840	Reg = 0.011525	Cost = 159.245
SSD = 158.712	n = 2685840	Reg = 0.0116361	Cost = 158.724
SSD = 158.162	n = 2685840	Reg = 0.0117538	Cost = 158.173
SSD = 157.631	n = 2685840	Reg = 0.0118721	Cost = 157.643
SSD = 157.164	n = 2685840	Reg = 0.011976	Cost = 157.176
SSD = 156.695	n = 2685840	Reg = 0.0120837	Cost = 156.707
SSD = 156.221	n = 2685840	Reg = 0.0121916	Cost = 156.233
SSD = 155.801	n = 2685840	Reg = 0.0122895	Cost = 155.813
SSD = 155.372	n = 2685840	Reg = 0.0123898	Cost = 155.384
SSD = 154.987	n = 2685840	Reg = 0.012482	Cost = 154.999
SSD = 154.587	n = 2685840	Reg = 0.0125788	Cost = 154.599
SSD = 154.202	n = 2685840	Reg = 0.0126729	Cost = 154.215
SSD = 153.839	n = 2685840	Reg = 0.0127631	Cost = 153.852
SSD = 153.487	n = 2685840	Reg = 0.0128503	Cost = 153.5
SSD = 153.108	n = 2685840	Reg = 0.0129452	Cost = 153.121
SSD = 152.761	n = 2685840	Reg = 0.0130323	Cost = 152.774
SSD = 152.452	n = 2685840	Reg = 0.0131102	Cost = 152.465
SSD = 152.108	n = 2685840	Reg = 0.0131965	Cost = 152.122
SSD = 151.759	n = 2685840	Reg = 0.0132858	Cost = 151.773
SSD = 151.436	n = 2685840	Reg = 0.0133674	Cost = 151.449
SSD = 151.136	n = 2685840	Reg = 0.0134442	Cost = 151.15
SSD = 150.811	n = 2685840	Reg = 0.0135263	Cost = 150.825
SSD = 150.513	n = 2685840	Reg = 0.0136029	Cost = 150.527
SSD = 150.238	n = 2685840	Reg = 0.0136724	Cost = 150.251
SSD = 149.93	n = 2685840	Reg = 0.013751	Cost = 149.944
SSD = 149.641	n = 2685840	Reg = 0.0138247	Cost = 149.655
SSD = 149.385	n = 2685840	Reg = 0.0138901	Cost = 149.399
SSD = 149.119	n = 2685840	Reg = 0.0139589	Cost = 149.133
SSD = 148.862	n = 2685840	Reg = 0.0140247	Cost = 148.876
SSD = 148.583	n = 2685840	Reg = 0.0140962	Cost = 148.597
SSD = 148.294	n = 2685840	Reg = 0.0141709	Cost = 148.308
SSD = 148.013	n = 2685840	Reg = 0.0142433	Cost = 148.028
SSD = 147.733	n = 2685840	Reg = 0.0143151	Cost = 147.747
SSD = 147.451	n = 2685840	Reg = 0.0143886	Cost = 147.466
SSD = 147.172	n = 2685840	Reg = 0.0144604	Cost = 147.187
SSD = 146.918	n = 2685840	Reg = 0.0145264	Cost = 146.932
SSD = 146.63	n = 2685840	Reg = 0.0145999	Cost = 146.645
SSD = 146.357	n = 2685840	Reg = 0.0146703	Cost = 146.372
SSD = 146.12	n = 2685840	Reg = 0.0147317	Cost = 146.135
SSD = 145.883	n = 2685840	Reg = 0.0147946	Cost = 145.898
----------REALIGNMENT----------
----------REGISTERING EPI TO ANATOMICAL----------
----------REGISTERING EPI TO MNI----------
Processing volume 0
Processing volume 1
Processing volume 2
Processing volume 3
Processing volume 4
Processing volume 5
Processing volume 6
Processing volume 7
Processing volume 8
Processing volume 9
Processing volume 10
Processing volume 11
Processing volume 12
Processing volume 13
Processing volume 14
Processing volume 15
Processing volume 16
Processing volume 17
Processing volume 18
Processing volume 19
Processing volume 20
Processing volume 21
Processing volume 22
Processing volume 23
Processing volume 24
Processing volume 25
Processing volume 26
Processing volume 27
Processing volume 28
Processing volume 29
Processing volume 30
Processing volume 31
Processing volume 32
Processing volume 33
Processing volume 34
Processing volume 35
Processing volume 36
Processing volume 37
Processing volume 38
Processing volume 39
Processing volume 40
Processing volume 41
Processing volume 42
Processing volume 43
Processing volume 44
Processing volume 45
Processing volume 46
Processing volume 47
Processing volume 48
Processing volume 49
Processing volume 50
Processing volume 51
Processing volume 52
Processing volume 53
Processing volume 54
Processing volume 55
Processing volume 56
Processing volume 57
Processing volume 58
Processing volume 59
Processing volume 60
Processing volume 61
Processing volume 62
Processing volume 63
Processing volume 64
Processing volume 65
Processing volume 66
Processing volume 67
Processing volume 68
Processing volume 69
Processing volume 70
Processing volume 71
Processing volume 72
Processing volume 73
Processing volume 74
Processing volume 75
Processing volume 76
Processing volume 77
Processing volume 78
Processing volume 79
Processing volume 80
Processing volume 81
Processing volume 82
Processing volume 83
Processing volume 84
Processing volume 85
Processing volume 86
Processing volume 87
Processing volume 88
Processing volume 89
Processing volume 90
Processing volume 91
Processing volume 92
Processing volume 93
Processing volume 94
Processing volume 95
Processing volume 96
Processing volume 97
Processing volume 98
Processing volume 99
Processing volume 100
Processing volume 101
Processing volume 102
Processing volume 103
Processing volume 104
Processing volume 105
Processing volume 106
Processing volume 107
Processing volume 108
Processing volume 109
Processing volume 110
Processing volume 111
Processing volume 112
Processing volume 113
Processing volume 114
Processing volume 115
** ERROR: NWAD: wrote only 0 of 57768256 bytes to file
Processing volume 116
Error: short write, output file will be truncated
** ERROR: NWAD: wrote only 0 of 57768256 bytes to file
Processing volume 117
Error: short write, output file will be truncated
** ERROR: NWAD: wrote only 0 of 57768256 bytes to file
Processing volume 118
Error: short write, output file will be truncated
** ERROR: NWAD: wrote only 0 of 57768256 bytes to file
Processing volume 119
Error: short write, output file will be truncated
** ERROR: NWAD: wrote only 0 of 57768256 bytes to file
Processing volume 120
Error: short write, output file will be truncated
** ERROR: NWAD: wrote only 0 of 57768256 bytes to file
Processing volume 121
Error: short write, output file will be truncated
 file /home/tom29/rds/hpc-work/cbbu_BIDS/sub-42/func/sub-42_task-facehouse_acq-1_dir-PA_bold_vol-121.nii.gz is not recognized as a supported image format . 
terminate called after throwing an instance of 'itk::ExceptionObject'
  what():  /workspace/build/ITKv5/Modules/Core/Common/src/itkProcessObject.cxx:1339:
ITK ERROR: ResampleImageFilter(0x37a23f0): Input Primary is required but not set.
/var/spool/slurm/slurmd/job20299354/slurm_script: line 214: 122632 Aborted                 antsApplyTransforms -d 3 -i "${tmp_vol}" -r "${FSLDIR}/data/standard/MNI152_T1_1mm_brain.nii.gz" -t "${template_to_MNI_SyN}" -t "${template_to_MNI_affine}" -t "${MP2RAGE_to_template_SyN}" -t "${MP2RAGE_to_template_affine}" -t "${BIDS_root}/${sub_id}/func/${sub_id}_func_to_anatomical_ANTS.mat" -o "${run1_fname}_MNI_vol-${v}.nii.gz" -n Linear
