Non-commercial use only - see $FSLDIR/LICENSE
Loading spm/spm12
  Loading requirement: matlab/r2019a
----------CENTRING IMAGES----------
MATLAB is selecting SOFTWARE OPENGL rendering.

Written new image at:
	/home/tom29/rds/hpc-work/cbbu_BIDS/sub-12/func/sub-12_task-facehouse_acq-1_dir-PA_bold_centred.nii

MATLAB is selecting SOFTWARE OPENGL rendering.

Written new image at:
	/home/tom29/rds/hpc-work/cbbu_BIDS/sub-12/func/sub-12_task-facehouse_acq-2_dir-PA_bold_centred.nii

MATLAB is selecting SOFTWARE OPENGL rendering.

Written new image at:
	/home/tom29/rds/hpc-work/cbbu_BIDS/sub-12/func/sub-12_acq-LC_dir-AP_bold_centred.nii

MATLAB is selecting SOFTWARE OPENGL rendering.

Written new image at:
	/home/tom29/rds/hpc-work/cbbu_BIDS/sub-12/func/sub-12_task-facehouse_acq-1_dir-PA_sbref_centred.nii

----------SUSCEPTIBILITY DISTORTION CORRECTION----------
SSD = 610.808	n = 323454	Reg = 0	Cost = 610.808
SSD = 159.683	n = 323454	Reg = 10.304	Cost = 169.987
SSD = 110.782	n = 323454	Reg = 19.1481	Cost = 129.93
SSD = 102.508	n = 323454	Reg = 23.3467	Cost = 125.855
SSD = 100.733	n = 323454	Reg = 24.539	Cost = 125.272
SSD = 100.29	n = 323454	Reg = 24.8592	Cost = 125.149
***Going to next resolution level***
SSD = 161.053	n = 323454	Reg = 12.3037	Cost = 173.356
SSD = 83.1869	n = 323454	Reg = 12.2268	Cost = 95.4137
SSD = 67.2998	n = 323454	Reg = 16.7836	Cost = 84.0834
SSD = 62.6755	n = 323454	Reg = 18.7321	Cost = 81.4076
SSD = 60.6964	n = 323454	Reg = 19.6378	Cost = 80.3343
SSD = 59.7081	n = 323454	Reg = 20.1356	Cost = 79.8437
***Going to next resolution level***
SSD = 132.36	n = 323454	Reg = 4.46365	Cost = 136.824
SSD = 101.652	n = 323454	Reg = 7.78378	Cost = 109.436
SSD = 94.1288	n = 323454	Reg = 10.1605	Cost = 104.289
SSD = 91.7916	n = 323454	Reg = 11.1211	Cost = 102.913
SSD = 90.718	n = 323454	Reg = 11.6006	Cost = 102.319
SSD = 90.0765	n = 323454	Reg = 11.9128	Cost = 101.989
***Going to next resolution level***
SSD = 152.41	n = 323454	Reg = 6.43877	Cost = 158.849
SSD = 67.9343	n = 323454	Reg = 3.77217	Cost = 71.7064
SSD = 55.8476	n = 323454	Reg = 5.62669	Cost = 61.4743
SSD = 51.7797	n = 323454	Reg = 6.6546	Cost = 58.4343
SSD = 49.7058	n = 323454	Reg = 7.2538	Cost = 56.9596
SSD = 48.3033	n = 323454	Reg = 7.67765	Cost = 55.981
SSD = 47.2587	n = 323454	Reg = 7.99717	Cost = 55.2559
SSD = 46.4678	n = 323454	Reg = 8.2609	Cost = 54.7287
SSD = 45.8213	n = 323454	Reg = 8.48322	Cost = 54.3045
SSD = 45.3078	n = 323454	Reg = 8.65994	Cost = 53.9677
SSD = 44.9156	n = 323454	Reg = 8.79718	Cost = 53.7128
***Going to next resolution level***
SSD = 166.453	n = 2685840	Reg = 380.227	Cost = 546.68
SSD = 85.3159	n = 2685840	Reg = 62.6668	Cost = 147.983
SSD = 75.6865	n = 2685840	Reg = 45.1418	Cost = 120.828
SSD = 74.6782	n = 2685840	Reg = 37.3011	Cost = 111.979
SSD = 75.5492	n = 2685840	Reg = 32.671	Cost = 108.22
SSD = 76.4294	n = 2685840	Reg = 29.8925	Cost = 106.322
SSD = 77.2318	n = 2685840	Reg = 27.9014	Cost = 105.133
SSD = 77.9111	n = 2685840	Reg = 26.4676	Cost = 104.379
SSD = 78.3939	n = 2685840	Reg = 25.6638	Cost = 104.058
SSD = 78.7192	n = 2685840	Reg = 25.1611	Cost = 103.88
SSD = 78.951	n = 2685840	Reg = 24.8342	Cost = 103.785
***Going to next resolution level***
SSD = 78.951	n = 2685840	Reg = 2.48342	Cost = 81.4344
SSD = 78.6999	n = 2685840	Reg = 2.50318	Cost = 81.2031
SSD = 78.5579	n = 2685840	Reg = 2.51759	Cost = 81.0755
SSD = 78.2667	n = 2685840	Reg = 2.54646	Cost = 80.8132
SSD = 77.7882	n = 2685840	Reg = 2.59951	Cost = 80.3877
SSD = 77.2795	n = 2685840	Reg = 2.66866	Cost = 79.9481
SSD = 76.7785	n = 2685840	Reg = 2.75653	Cost = 79.5351
SSD = 76.3741	n = 2685840	Reg = 2.84651	Cost = 79.2206
SSD = 76.0474	n = 2685840	Reg = 2.933	Cost = 78.9803
SSD = 75.7628	n = 2685840	Reg = 3.01591	Cost = 78.7787
SSD = 75.4788	n = 2685840	Reg = 3.10236	Cost = 78.5812
SSD = 75.2057	n = 2685840	Reg = 3.1873	Cost = 78.393
SSD = 74.9277	n = 2685840	Reg = 3.27462	Cost = 78.2023
SSD = 74.6698	n = 2685840	Reg = 3.35594	Cost = 78.0257
SSD = 74.4297	n = 2685840	Reg = 3.43154	Cost = 77.8612
SSD = 74.1853	n = 2685840	Reg = 3.50829	Cost = 77.6936
SSD = 73.92	n = 2685840	Reg = 3.59126	Cost = 77.5113
SSD = 73.6851	n = 2685840	Reg = 3.6647	Cost = 77.3498
SSD = 73.4435	n = 2685840	Reg = 3.74005	Cost = 77.1836
SSD = 73.2202	n = 2685840	Reg = 3.8096	Cost = 77.0298
SSD = 72.9859	n = 2685840	Reg = 3.88209	Cost = 76.868
***Going to next resolution level***
SSD = 563.02	n = 2685840	Reg = 36.6041	Cost = 599.624
SSD = 490.771	n = 2685840	Reg = 31.7965	Cost = 522.567
SSD = 400.526	n = 2685840	Reg = 25.8707	Cost = 426.396
SSD = 367.565	n = 2685840	Reg = 23.7091	Cost = 391.274
SSD = 339.616	n = 2685840	Reg = 21.9156	Cost = 361.531
SSD = 316.551	n = 2685840	Reg = 20.4809	Cost = 337.032
SSD = 302.477	n = 2685840	Reg = 19.6269	Cost = 322.104
SSD = 290.326	n = 2685840	Reg = 18.9225	Cost = 309.248
SSD = 278.533	n = 2685840	Reg = 18.2819	Cost = 296.815
SSD = 269.822	n = 2685840	Reg = 17.8329	Cost = 287.655
SSD = 263.349	n = 2685840	Reg = 17.5115	Cost = 280.86
SSD = 257.383	n = 2685840	Reg = 17.2302	Cost = 274.613
SSD = 251.34	n = 2685840	Reg = 16.9622	Cost = 268.303
SSD = 245.829	n = 2685840	Reg = 16.7394	Cost = 262.568
SSD = 241.746	n = 2685840	Reg = 16.5815	Cost = 258.328
SSD = 238.146	n = 2685840	Reg = 16.4452	Cost = 254.591
SSD = 234.408	n = 2685840	Reg = 16.3135	Cost = 250.722
SSD = 230.714	n = 2685840	Reg = 16.1908	Cost = 246.905
SSD = 227.721	n = 2685840	Reg = 16.0995	Cost = 243.821
SSD = 225.085	n = 2685840	Reg = 16.025	Cost = 241.11
SSD = 222.439	n = 2685840	Reg = 15.9548	Cost = 238.394
***Going to next resolution level***
SSD = 310.846	n = 2685840	Reg = 0.22296	Cost = 311.069
SSD = 307.251	n = 2685840	Reg = 0.220607	Cost = 307.471
SSD = 303.956	n = 2685840	Reg = 0.218717	Cost = 304.175
SSD = 301.181	n = 2685840	Reg = 0.217335	Cost = 301.398
SSD = 298.407	n = 2685840	Reg = 0.216294	Cost = 298.623
SSD = 295.85	n = 2685840	Reg = 0.215653	Cost = 296.066
SSD = 294.063	n = 2685840	Reg = 0.215484	Cost = 294.279
SSD = 292.469	n = 2685840	Reg = 0.21565	Cost = 292.685
SSD = 291.109	n = 2685840	Reg = 0.215991	Cost = 291.325
SSD = 289.428	n = 2685840	Reg = 0.216711	Cost = 289.645
SSD = 287.573	n = 2685840	Reg = 0.217826	Cost = 287.791
SSD = 284.258	n = 2685840	Reg = 0.22044	Cost = 284.478
SSD = 281.286	n = 2685840	Reg = 0.223333	Cost = 281.509
SSD = 278.526	n = 2685840	Reg = 0.22664	Cost = 278.753
SSD = 276.048	n = 2685840	Reg = 0.229929	Cost = 276.278
SSD = 273.995	n = 2685840	Reg = 0.233185	Cost = 274.228
SSD = 271.417	n = 2685840	Reg = 0.237569	Cost = 271.654
SSD = 269.13	n = 2685840	Reg = 0.241895	Cost = 269.372
SSD = 267.112	n = 2685840	Reg = 0.246019	Cost = 267.358
SSD = 265.403	n = 2685840	Reg = 0.249776	Cost = 265.652
SSD = 263.83	n = 2685840	Reg = 0.253334	Cost = 264.083
SSD = 262.577	n = 2685840	Reg = 0.25636	Cost = 262.834
SSD = 261.169	n = 2685840	Reg = 0.25983	Cost = 261.429
SSD = 259.734	n = 2685840	Reg = 0.263725	Cost = 259.998
SSD = 258.425	n = 2685840	Reg = 0.267311	Cost = 258.692
SSD = 257.083	n = 2685840	Reg = 0.271215	Cost = 257.355
SSD = 255.812	n = 2685840	Reg = 0.275005	Cost = 256.087
SSD = 254.643	n = 2685840	Reg = 0.278639	Cost = 254.922
SSD = 253.507	n = 2685840	Reg = 0.282248	Cost = 253.789
SSD = 252.396	n = 2685840	Reg = 0.285858	Cost = 252.682
SSD = 251.263	n = 2685840	Reg = 0.289537	Cost = 251.553
SSD = 250.097	n = 2685840	Reg = 0.293498	Cost = 250.39
SSD = 249.039	n = 2685840	Reg = 0.297088	Cost = 249.336
SSD = 248.092	n = 2685840	Reg = 0.300406	Cost = 248.392
SSD = 247.168	n = 2685840	Reg = 0.303617	Cost = 247.471
SSD = 246.198	n = 2685840	Reg = 0.307086	Cost = 246.506
SSD = 245.194	n = 2685840	Reg = 0.310633	Cost = 245.504
SSD = 244.276	n = 2685840	Reg = 0.314044	Cost = 244.59
SSD = 243.369	n = 2685840	Reg = 0.317464	Cost = 243.686
SSD = 242.53	n = 2685840	Reg = 0.320659	Cost = 242.85
SSD = 241.726	n = 2685840	Reg = 0.323759	Cost = 242.049
SSD = 240.885	n = 2685840	Reg = 0.327175	Cost = 241.212
SSD = 240.094	n = 2685840	Reg = 0.330357	Cost = 240.425
SSD = 239.362	n = 2685840	Reg = 0.333411	Cost = 239.695
SSD = 238.591	n = 2685840	Reg = 0.336649	Cost = 238.927
SSD = 237.853	n = 2685840	Reg = 0.339909	Cost = 238.193
SSD = 237.15	n = 2685840	Reg = 0.343086	Cost = 237.493
SSD = 236.502	n = 2685840	Reg = 0.346123	Cost = 236.848
SSD = 235.813	n = 2685840	Reg = 0.349418	Cost = 236.162
SSD = 235.158	n = 2685840	Reg = 0.352701	Cost = 235.511
SSD = 234.511	n = 2685840	Reg = 0.355992	Cost = 234.867
***Going to next resolution level***
SSD = 234.515	n = 2685840	Reg = 0.00711436	Cost = 234.522
SSD = 234.202	n = 2685840	Reg = 0.00710497	Cost = 234.209
SSD = 233.741	n = 2685840	Reg = 0.00709134	Cost = 233.748
SSD = 233.337	n = 2685840	Reg = 0.00707969	Cost = 233.344
SSD = 232.972	n = 2685840	Reg = 0.00706951	Cost = 232.979
SSD = 232.563	n = 2685840	Reg = 0.00705868	Cost = 232.57
SSD = 232.201	n = 2685840	Reg = 0.00704965	Cost = 232.208
SSD = 231.859	n = 2685840	Reg = 0.00704181	Cost = 231.866
SSD = 231.525	n = 2685840	Reg = 0.00703471	Cost = 231.532
SSD = 231.18	n = 2685840	Reg = 0.00702803	Cost = 231.187
SSD = 230.866	n = 2685840	Reg = 0.00702244	Cost = 230.873
SSD = 230.5	n = 2685840	Reg = 0.00701657	Cost = 230.507
SSD = 230.133	n = 2685840	Reg = 0.00701135	Cost = 230.14
SSD = 229.744	n = 2685840	Reg = 0.00700665	Cost = 229.751
SSD = 229.381	n = 2685840	Reg = 0.00700303	Cost = 229.388
SSD = 229.034	n = 2685840	Reg = 0.00700032	Cost = 229.041
SSD = 228.72	n = 2685840	Reg = 0.00699844	Cost = 228.727
SSD = 228.403	n = 2685840	Reg = 0.00699726	Cost = 228.41
SSD = 228.119	n = 2685840	Reg = 0.00699681	Cost = 228.126
SSD = 227.793	n = 2685840	Reg = 0.00699733	Cost = 227.8
SSD = 227.461	n = 2685840	Reg = 0.00699887	Cost = 227.468
SSD = 227.15	n = 2685840	Reg = 0.00700153	Cost = 227.157
SSD = 226.836	n = 2685840	Reg = 0.00700548	Cost = 226.843
SSD = 226.529	n = 2685840	Reg = 0.00701092	Cost = 226.536
SSD = 226.227	n = 2685840	Reg = 0.00701786	Cost = 226.234
SSD = 225.904	n = 2685840	Reg = 0.00702737	Cost = 225.911
SSD = 225.579	n = 2685840	Reg = 0.00703924	Cost = 225.586
SSD = 225.228	n = 2685840	Reg = 0.0070547	Cost = 225.235
SSD = 224.887	n = 2685840	Reg = 0.00707244	Cost = 224.894
SSD = 224.541	n = 2685840	Reg = 0.00709338	Cost = 224.548
SSD = 224.212	n = 2685840	Reg = 0.00711605	Cost = 224.219
SSD = 223.877	n = 2685840	Reg = 0.00714261	Cost = 223.884
SSD = 223.523	n = 2685840	Reg = 0.0071737	Cost = 223.53
SSD = 223.154	n = 2685840	Reg = 0.00720983	Cost = 223.161
SSD = 222.752	n = 2685840	Reg = 0.00725257	Cost = 222.76
SSD = 222.369	n = 2685840	Reg = 0.00729777	Cost = 222.377
SSD = 222.028	n = 2685840	Reg = 0.00734114	Cost = 222.035
SSD = 221.677	n = 2685840	Reg = 0.00738941	Cost = 221.685
SSD = 221.307	n = 2685840	Reg = 0.00744423	Cost = 221.315
SSD = 220.932	n = 2685840	Reg = 0.00750461	Cost = 220.94
SSD = 220.537	n = 2685840	Reg = 0.00757205	Cost = 220.545
SSD = 220.194	n = 2685840	Reg = 0.00763481	Cost = 220.202
SSD = 219.868	n = 2685840	Reg = 0.00769771	Cost = 219.876
SSD = 219.585	n = 2685840	Reg = 0.00775599	Cost = 219.592
SSD = 219.266	n = 2685840	Reg = 0.00782468	Cost = 219.274
SSD = 218.971	n = 2685840	Reg = 0.00789249	Cost = 218.979
SSD = 218.669	n = 2685840	Reg = 0.00796507	Cost = 218.677
SSD = 218.369	n = 2685840	Reg = 0.00804159	Cost = 218.377
SSD = 218.087	n = 2685840	Reg = 0.00811689	Cost = 218.095
SSD = 217.773	n = 2685840	Reg = 0.00820559	Cost = 217.781
SSD = 217.386	n = 2685840	Reg = 0.00832051	Cost = 217.394
SSD = 216.885	n = 2685840	Reg = 0.00847775	Cost = 216.894
SSD = 216.414	n = 2685840	Reg = 0.00863079	Cost = 216.423
SSD = 215.998	n = 2685840	Reg = 0.00877336	Cost = 216.007
SSD = 215.564	n = 2685840	Reg = 0.00892511	Cost = 215.573
SSD = 215.133	n = 2685840	Reg = 0.00908132	Cost = 215.142
SSD = 214.766	n = 2685840	Reg = 0.00921713	Cost = 214.775
SSD = 214.395	n = 2685840	Reg = 0.00935868	Cost = 214.404
SSD = 214.043	n = 2685840	Reg = 0.00949505	Cost = 214.052
SSD = 213.671	n = 2685840	Reg = 0.0096439	Cost = 213.681
SSD = 213.247	n = 2685840	Reg = 0.00981645	Cost = 213.257
SSD = 212.82	n = 2685840	Reg = 0.00999432	Cost = 212.83
SSD = 212.446	n = 2685840	Reg = 0.0101523	Cost = 212.456
SSD = 212.115	n = 2685840	Reg = 0.0102947	Cost = 212.125
SSD = 211.769	n = 2685840	Reg = 0.0104448	Cost = 211.78
SSD = 211.466	n = 2685840	Reg = 0.0105799	Cost = 211.477
SSD = 211.168	n = 2685840	Reg = 0.0107146	Cost = 211.179
SSD = 210.86	n = 2685840	Reg = 0.0108558	Cost = 210.871
SSD = 210.559	n = 2685840	Reg = 0.0109943	Cost = 210.57
SSD = 210.26	n = 2685840	Reg = 0.0111355	Cost = 210.271
SSD = 209.995	n = 2685840	Reg = 0.0112619	Cost = 210.007
SSD = 209.753	n = 2685840	Reg = 0.0113785	Cost = 209.765
SSD = 209.502	n = 2685840	Reg = 0.0114998	Cost = 209.513
SSD = 209.248	n = 2685840	Reg = 0.0116245	Cost = 209.26
SSD = 209.006	n = 2685840	Reg = 0.0117434	Cost = 209.018
SSD = 208.744	n = 2685840	Reg = 0.0118737	Cost = 208.756
SSD = 208.502	n = 2685840	Reg = 0.0119949	Cost = 208.514
SSD = 208.297	n = 2685840	Reg = 0.0120978	Cost = 208.31
SSD = 208.068	n = 2685840	Reg = 0.0122125	Cost = 208.08
SSD = 207.851	n = 2685840	Reg = 0.0123227	Cost = 207.863
SSD = 207.615	n = 2685840	Reg = 0.0124415	Cost = 207.627
SSD = 207.406	n = 2685840	Reg = 0.0125475	Cost = 207.419
SSD = 207.205	n = 2685840	Reg = 0.0126503	Cost = 207.218
SSD = 207.004	n = 2685840	Reg = 0.0127542	Cost = 207.017
SSD = 206.803	n = 2685840	Reg = 0.0128572	Cost = 206.816
SSD = 206.608	n = 2685840	Reg = 0.0129575	Cost = 206.621
SSD = 206.417	n = 2685840	Reg = 0.0130561	Cost = 206.43
SSD = 206.223	n = 2685840	Reg = 0.0131565	Cost = 206.236
SSD = 206.031	n = 2685840	Reg = 0.0132545	Cost = 206.045
SSD = 205.845	n = 2685840	Reg = 0.0133499	Cost = 205.858
SSD = 205.657	n = 2685840	Reg = 0.0134457	Cost = 205.671
SSD = 205.444	n = 2685840	Reg = 0.0135554	Cost = 205.458
SSD = 205.244	n = 2685840	Reg = 0.013658	Cost = 205.258
SSD = 205.057	n = 2685840	Reg = 0.0137547	Cost = 205.071
SSD = 204.86	n = 2685840	Reg = 0.0138567	Cost = 204.874
SSD = 204.668	n = 2685840	Reg = 0.0139557	Cost = 204.682
SSD = 204.481	n = 2685840	Reg = 0.0140518	Cost = 204.495
SSD = 204.296	n = 2685840	Reg = 0.0141483	Cost = 204.31
SSD = 204.112	n = 2685840	Reg = 0.0142432	Cost = 204.126
SSD = 203.935	n = 2685840	Reg = 0.0143355	Cost = 203.949
SSD = 203.772	n = 2685840	Reg = 0.0144197	Cost = 203.787
----------REALIGNMENT----------
----------REGISTERING EPI TO ANATOMICAL----------
----------REGISTERING EPI TO MNI----------
Processing volume 0
Processing volume 1
Processing volume 2
Processing volume 3
Processing volume 4
Processing volume 5
Processing volume 6
Processing volume 7
Processing volume 8
Processing volume 9
Processing volume 10
Processing volume 11
Processing volume 12
Processing volume 13
Processing volume 14
Processing volume 15
Processing volume 16
Processing volume 17
Processing volume 18
Processing volume 19
Processing volume 20
Processing volume 21
Processing volume 22
Processing volume 23
Processing volume 24
Processing volume 25
Processing volume 26
Processing volume 27
Processing volume 28
Processing volume 29
Processing volume 30
Processing volume 31
Processing volume 32
Processing volume 33
Processing volume 34
Processing volume 35
Processing volume 36
Processing volume 37
Processing volume 38
Processing volume 39
Processing volume 40
Processing volume 41
Processing volume 42
Processing volume 43
Processing volume 44
Processing volume 45
Processing volume 46
Processing volume 47
Processing volume 48
Processing volume 49
Processing volume 50
Processing volume 51
Processing volume 52
Processing volume 53
Processing volume 54
Processing volume 55
Processing volume 56
Processing volume 57
Processing volume 58
Processing volume 59
Processing volume 60
Processing volume 61
Processing volume 62
Processing volume 63
Processing volume 64
Processing volume 65
Processing volume 66
Processing volume 67
Processing volume 68
Processing volume 69
Processing volume 70
Processing volume 71
Processing volume 72
Processing volume 73
Processing volume 74
Processing volume 75
Processing volume 76
Processing volume 77
Processing volume 78
Processing volume 79
Processing volume 80
Processing volume 81
Processing volume 82
Processing volume 83
Processing volume 84
Processing volume 85
Processing volume 86
Processing volume 87
Processing volume 88
Processing volume 89
Processing volume 90
Processing volume 91
Processing volume 92
Processing volume 93
Processing volume 94
Processing volume 95
Processing volume 96
Processing volume 97
Processing volume 98
Processing volume 99
Processing volume 100
Processing volume 101
Processing volume 102
Processing volume 103
Processing volume 104
Processing volume 105
Processing volume 106
Processing volume 107
Processing volume 108
Processing volume 109
Processing volume 110
Processing volume 111
Processing volume 112
Processing volume 113
** ERROR: NWAD: wrote only 0 of 57768256 bytes to file
Processing volume 114
Error: short write, output file will be truncated
** ERROR: NWAD: wrote only 0 of 57768256 bytes to file
Processing volume 115
Error: short write, output file will be truncated
** ERROR: NWAD: wrote only 0 of 57768256 bytes to file
Processing volume 116
Error: short write, output file will be truncated
** ERROR: NWAD: wrote only 0 of 57768256 bytes to file
Processing volume 117
Error: short write, output file will be truncated
** ERROR: NWAD: wrote only 0 of 57768256 bytes to file
Processing volume 118
Error: short write, output file will be truncated
** ERROR: NWAD: wrote only 0 of 57768256 bytes to file
Processing volume 119
Error: short write, output file will be truncated
** ERROR: NWAD: wrote only 0 of 57768256 bytes to file
Processing volume 120
Error: short write, output file will be truncated
** ERROR: NWAD: wrote only 0 of 57768256 bytes to file
Processing volume 121
Error: short write, output file will be truncated
** ERROR: NWAD: wrote only 0 of 57768256 bytes to file
Processing volume 122
Error: short write, output file will be truncated
** ERROR: NWAD: wrote only 0 of 57768256 bytes to file
Processing volume 123
Error: short write, output file will be truncated
** ERROR: NWAD: wrote only 0 of 57768256 bytes to file
Processing volume 124
Error: short write, output file will be truncated
** ERROR: NWAD: wrote only 0 of 57768256 bytes to file
Processing volume 125
Error: short write, output file will be truncated
** ERROR: NWAD: wrote only 0 of 57768256 bytes to file
Processing volume 126
Error: short write, output file will be truncated
** ERROR: NWAD: wrote only 0 of 57768256 bytes to file
Processing volume 127
Error: short write, output file will be truncated
** ERROR: NWAD: wrote only 0 of 57768256 bytes to file
Processing volume 128
Error: short write, output file will be truncated
Processing volume 129
Error: short write, output file will be truncated
 file /home/tom29/rds/hpc-work/cbbu_BIDS/sub-12/func/sub-12_task-facehouse_acq-1_dir-PA_bold_vol-129.nii.gz is not recognized as a supported image format . 
terminate called after throwing an instance of 'itk::ExceptionObject'
  what():  /workspace/build/ITKv5/Modules/Core/Common/src/itkProcessObject.cxx:1339:
ITK ERROR: ResampleImageFilter(0x39c43f0): Input Primary is required but not set.
/var/spool/slurm/slurmd/job20299324/slurm_script: line 214: 132005 Aborted                 antsApplyTransforms -d 3 -i "${tmp_vol}" -r "${FSLDIR}/data/standard/MNI152_T1_1mm_brain.nii.gz" -t "${template_to_MNI_SyN}" -t "${template_to_MNI_affine}" -t "${MP2RAGE_to_template_SyN}" -t "${MP2RAGE_to_template_affine}" -t "${BIDS_root}/${sub_id}/func/${sub_id}_func_to_anatomical_ANTS.mat" -o "${run1_fname}_MNI_vol-${v}.nii.gz" -n Linear
