Non-commercial use only - see $FSLDIR/LICENSE
Loading spm/spm12
  Loading requirement: matlab/r2019a
----------CENTRING IMAGES----------
MATLAB is selecting SOFTWARE OPENGL rendering.

Written new image at:
	/home/tom29/rds/hpc-work/cbbu_BIDS/sub-19/func/sub-19_task-facehouse_acq-1_dir-PA_bold_centred.nii

MATLAB is selecting SOFTWARE OPENGL rendering.

Written new image at:
	/home/tom29/rds/hpc-work/cbbu_BIDS/sub-19/func/sub-19_task-facehouse_acq-2_dir-PA_bold_centred.nii

MATLAB is selecting SOFTWARE OPENGL rendering.

Written new image at:
	/home/tom29/rds/hpc-work/cbbu_BIDS/sub-19/func/sub-19_acq-LC_dir-AP_bold_centred.nii

MATLAB is selecting SOFTWARE OPENGL rendering.

Written new image at:
	/home/tom29/rds/hpc-work/cbbu_BIDS/sub-19/func/sub-19_task-facehouse_acq-1_dir-PA_sbref_centred.nii

----------SUSCEPTIBILITY DISTORTION CORRECTION----------
SSD = 348.352	n = 323454	Reg = 0	Cost = 348.352
SSD = 125.351	n = 323454	Reg = 10.3049	Cost = 135.656
SSD = 88.2471	n = 323454	Reg = 18.8715	Cost = 107.119
SSD = 79.736	n = 323454	Reg = 22.7986	Cost = 102.535
SSD = 77.3188	n = 323454	Reg = 24.1811	Cost = 101.5
SSD = 76.4941	n = 323454	Reg = 24.6753	Cost = 101.169
***Going to next resolution level***
SSD = 126.861	n = 323454	Reg = 12.9492	Cost = 139.811
SSD = 58.8013	n = 323454	Reg = 10.5227	Cost = 69.324
SSD = 44.034	n = 323454	Reg = 13.4659	Cost = 57.4999
SSD = 40.0333	n = 323454	Reg = 14.7262	Cost = 54.7595
SSD = 38.6051	n = 323454	Reg = 15.2024	Cost = 53.8075
SSD = 38.023	n = 323454	Reg = 15.3613	Cost = 53.3842
***Going to next resolution level***
SSD = 96.2015	n = 323454	Reg = 3.88654	Cost = 100.088
SSD = 72.2063	n = 323454	Reg = 6.03214	Cost = 78.2385
SSD = 66.8006	n = 323454	Reg = 7.7296	Cost = 74.5302
SSD = 64.8111	n = 323454	Reg = 8.52384	Cost = 73.335
SSD = 63.8623	n = 323454	Reg = 8.90909	Cost = 72.7714
SSD = 63.308	n = 323454	Reg = 9.15376	Cost = 72.4618
***Going to next resolution level***
SSD = 114.32	n = 323454	Reg = 7.19841	Cost = 121.519
SSD = 45.9236	n = 323454	Reg = 3.16389	Cost = 49.0875
SSD = 36.4553	n = 323454	Reg = 4.37438	Cost = 40.8297
SSD = 33.9304	n = 323454	Reg = 5.03224	Cost = 38.9627
SSD = 32.8667	n = 323454	Reg = 5.35016	Cost = 38.2168
SSD = 32.2913	n = 323454	Reg = 5.54621	Cost = 37.8375
SSD = 31.9228	n = 323454	Reg = 5.688	Cost = 37.6108
SSD = 31.6526	n = 323454	Reg = 5.79948	Cost = 37.4521
SSD = 31.432	n = 323454	Reg = 5.89532	Cost = 37.3273
SSD = 31.2224	n = 323454	Reg = 5.98615	Cost = 37.2086
SSD = 31.023	n = 323454	Reg = 6.07025	Cost = 37.0932
***Going to next resolution level***
SSD = 125.98	n = 2685840	Reg = 196.167	Cost = 322.147
SSD = 54.9571	n = 2685840	Reg = 34.1653	Cost = 89.1224
SSD = 45.5443	n = 2685840	Reg = 26.3955	Cost = 71.9398
SSD = 44.0569	n = 2685840	Reg = 23.8414	Cost = 67.8982
SSD = 44.1444	n = 2685840	Reg = 22.2027	Cost = 66.3471
SSD = 44.508	n = 2685840	Reg = 21.1226	Cost = 65.6305
SSD = 44.8879	n = 2685840	Reg = 20.3152	Cost = 65.2031
SSD = 45.2611	n = 2685840	Reg = 19.6415	Cost = 64.9026
SSD = 45.6015	n = 2685840	Reg = 19.1093	Cost = 64.7108
SSD = 45.8951	n = 2685840	Reg = 18.6881	Cost = 64.5832
SSD = 46.1514	n = 2685840	Reg = 18.3501	Cost = 64.5015
***Going to next resolution level***
SSD = 46.1514	n = 2685840	Reg = 1.83501	Cost = 47.9864
SSD = 46.0392	n = 2685840	Reg = 1.84275	Cost = 47.8819
SSD = 45.9571	n = 2685840	Reg = 1.85001	Cost = 47.8071
SSD = 45.8277	n = 2685840	Reg = 1.86107	Cost = 47.6887
SSD = 45.6094	n = 2685840	Reg = 1.882	Cost = 47.4914
SSD = 45.3043	n = 2685840	Reg = 1.91603	Cost = 47.2203
SSD = 44.9939	n = 2685840	Reg = 1.95915	Cost = 46.9531
SSD = 44.7086	n = 2685840	Reg = 2.01006	Cost = 46.7186
SSD = 44.4867	n = 2685840	Reg = 2.05941	Cost = 46.5461
SSD = 44.3046	n = 2685840	Reg = 2.10606	Cost = 46.4106
SSD = 44.1571	n = 2685840	Reg = 2.14641	Cost = 46.3035
SSD = 43.9916	n = 2685840	Reg = 2.19298	Cost = 46.1846
SSD = 43.8257	n = 2685840	Reg = 2.24019	Cost = 46.0659
SSD = 43.6715	n = 2685840	Reg = 2.28447	Cost = 45.956
SSD = 43.5313	n = 2685840	Reg = 2.32474	Cost = 45.8561
SSD = 43.3928	n = 2685840	Reg = 2.36438	Cost = 45.7571
SSD = 43.2569	n = 2685840	Reg = 2.40312	Cost = 45.66
SSD = 43.1111	n = 2685840	Reg = 2.44454	Cost = 45.5556
SSD = 42.9725	n = 2685840	Reg = 2.48384	Cost = 45.4563
SSD = 42.8348	n = 2685840	Reg = 2.52276	Cost = 45.3576
SSD = 42.7124	n = 2685840	Reg = 2.55718	Cost = 45.2696
***Going to next resolution level***
SSD = 318.009	n = 2685840	Reg = 31.7245	Cost = 349.733
SSD = 267.815	n = 2685840	Reg = 26.7099	Cost = 294.525
SSD = 242.908	n = 2685840	Reg = 24.2226	Cost = 267.13
SSD = 221.183	n = 2685840	Reg = 22.0619	Cost = 243.245
SSD = 206.709	n = 2685840	Reg = 20.6309	Cost = 227.34
SSD = 195.668	n = 2685840	Reg = 19.5456	Cost = 215.214
SSD = 186.252	n = 2685840	Reg = 18.6297	Cost = 204.882
SSD = 179.689	n = 2685840	Reg = 17.9975	Cost = 197.686
SSD = 173.292	n = 2685840	Reg = 17.3889	Cost = 190.681
SSD = 168.473	n = 2685840	Reg = 16.9362	Cost = 185.41
SSD = 163.767	n = 2685840	Reg = 16.4986	Cost = 180.266
SSD = 159.7	n = 2685840	Reg = 16.125	Cost = 175.825
SSD = 156.3	n = 2685840	Reg = 15.8167	Cost = 172.116
SSD = 152.957	n = 2685840	Reg = 15.5189	Cost = 168.476
SSD = 150.114	n = 2685840	Reg = 15.2698	Cost = 165.383
SSD = 147.331	n = 2685840	Reg = 15.0305	Cost = 162.362
SSD = 144.726	n = 2685840	Reg = 14.8108	Cost = 159.536
SSD = 142.291	n = 2685840	Reg = 14.6111	Cost = 156.902
SSD = 140.064	n = 2685840	Reg = 14.4324	Cost = 154.496
SSD = 138.122	n = 2685840	Reg = 14.2808	Cost = 152.403
SSD = 136.235	n = 2685840	Reg = 14.138	Cost = 150.373
***Going to next resolution level***
SSD = 191.547	n = 2685840	Reg = 0.19878	Cost = 191.746
SSD = 187.04	n = 2685840	Reg = 0.194349	Cost = 187.234
SSD = 183.363	n = 2685840	Reg = 0.190898	Cost = 183.554
SSD = 180.608	n = 2685840	Reg = 0.188506	Cost = 180.797
SSD = 178.294	n = 2685840	Reg = 0.186719	Cost = 178.48
SSD = 176.536	n = 2685840	Reg = 0.185587	Cost = 176.722
SSD = 175.095	n = 2685840	Reg = 0.184884	Cost = 175.28
SSD = 174.017	n = 2685840	Reg = 0.184532	Cost = 174.202
SSD = 173.164	n = 2685840	Reg = 0.184401	Cost = 173.348
SSD = 172.455	n = 2685840	Reg = 0.184433	Cost = 172.639
SSD = 171.527	n = 2685840	Reg = 0.184619	Cost = 171.711
SSD = 169.65	n = 2685840	Reg = 0.185271	Cost = 169.836
SSD = 167.898	n = 2685840	Reg = 0.186102	Cost = 168.084
SSD = 165.735	n = 2685840	Reg = 0.18748	Cost = 165.923
SSD = 163.945	n = 2685840	Reg = 0.18878	Cost = 164.134
SSD = 161.972	n = 2685840	Reg = 0.19052	Cost = 162.163
SSD = 160.352	n = 2685840	Reg = 0.192117	Cost = 160.544
SSD = 158.56	n = 2685840	Reg = 0.194125	Cost = 158.754
SSD = 156.795	n = 2685840	Reg = 0.196296	Cost = 156.991
SSD = 155.116	n = 2685840	Reg = 0.19851	Cost = 155.314
SSD = 153.914	n = 2685840	Reg = 0.200232	Cost = 154.114
SSD = 152.992	n = 2685840	Reg = 0.201585	Cost = 153.194
SSD = 152.138	n = 2685840	Reg = 0.202921	Cost = 152.341
SSD = 151.299	n = 2685840	Reg = 0.204278	Cost = 151.503
SSD = 150.422	n = 2685840	Reg = 0.205805	Cost = 150.628
SSD = 149.612	n = 2685840	Reg = 0.207267	Cost = 149.819
SSD = 148.806	n = 2685840	Reg = 0.208799	Cost = 149.015
SSD = 148	n = 2685840	Reg = 0.2104	Cost = 148.21
SSD = 147.258	n = 2685840	Reg = 0.211914	Cost = 147.47
SSD = 146.438	n = 2685840	Reg = 0.213654	Cost = 146.652
SSD = 145.622	n = 2685840	Reg = 0.215446	Cost = 145.837
SSD = 144.786	n = 2685840	Reg = 0.217338	Cost = 145.004
SSD = 144.02	n = 2685840	Reg = 0.219124	Cost = 144.239
SSD = 143.264	n = 2685840	Reg = 0.220977	Cost = 143.485
SSD = 142.55	n = 2685840	Reg = 0.222742	Cost = 142.772
SSD = 141.852	n = 2685840	Reg = 0.224512	Cost = 142.076
SSD = 141.154	n = 2685840	Reg = 0.226353	Cost = 141.381
SSD = 140.49	n = 2685840	Reg = 0.228135	Cost = 140.718
SSD = 139.816	n = 2685840	Reg = 0.230027	Cost = 140.046
SSD = 139.226	n = 2685840	Reg = 0.231724	Cost = 139.458
SSD = 138.642	n = 2685840	Reg = 0.233459	Cost = 138.876
SSD = 138.067	n = 2685840	Reg = 0.23519	Cost = 138.302
SSD = 137.514	n = 2685840	Reg = 0.236938	Cost = 137.751
SSD = 136.969	n = 2685840	Reg = 0.238714	Cost = 137.208
SSD = 136.434	n = 2685840	Reg = 0.24049	Cost = 136.675
SSD = 135.891	n = 2685840	Reg = 0.242397	Cost = 136.134
SSD = 135.402	n = 2685840	Reg = 0.24415	Cost = 135.646
SSD = 134.912	n = 2685840	Reg = 0.245969	Cost = 135.158
SSD = 134.453	n = 2685840	Reg = 0.247722	Cost = 134.701
SSD = 133.999	n = 2685840	Reg = 0.249545	Cost = 134.248
SSD = 133.553	n = 2685840	Reg = 0.251368	Cost = 133.805
***Going to next resolution level***
SSD = 133.556	n = 2685840	Reg = 0.00502294	Cost = 133.561
SSD = 133.34	n = 2685840	Reg = 0.00501499	Cost = 133.345
SSD = 132.954	n = 2685840	Reg = 0.00500131	Cost = 132.959
SSD = 132.71	n = 2685840	Reg = 0.00499298	Cost = 132.715
SSD = 132.424	n = 2685840	Reg = 0.00498383	Cost = 132.429
SSD = 132.159	n = 2685840	Reg = 0.00497602	Cost = 132.164
SSD = 131.907	n = 2685840	Reg = 0.00496949	Cost = 131.912
SSD = 131.641	n = 2685840	Reg = 0.00496347	Cost = 131.646
SSD = 131.386	n = 2685840	Reg = 0.00495855	Cost = 131.391
SSD = 131.158	n = 2685840	Reg = 0.00495499	Cost = 131.163
SSD = 130.911	n = 2685840	Reg = 0.00495192	Cost = 130.916
SSD = 130.636	n = 2685840	Reg = 0.00494936	Cost = 130.641
SSD = 130.381	n = 2685840	Reg = 0.00494766	Cost = 130.386
SSD = 130.119	n = 2685840	Reg = 0.00494672	Cost = 130.124
SSD = 129.856	n = 2685840	Reg = 0.00494648	Cost = 129.861
SSD = 129.631	n = 2685840	Reg = 0.00494688	Cost = 129.636
SSD = 129.39	n = 2685840	Reg = 0.00494787	Cost = 129.395
SSD = 129.173	n = 2685840	Reg = 0.00494941	Cost = 129.178
SSD = 128.945	n = 2685840	Reg = 0.00495164	Cost = 128.95
SSD = 128.696	n = 2685840	Reg = 0.00495487	Cost = 128.701
SSD = 128.461	n = 2685840	Reg = 0.00495869	Cost = 128.466
SSD = 128.224	n = 2685840	Reg = 0.00496339	Cost = 128.229
SSD = 127.991	n = 2685840	Reg = 0.00496907	Cost = 127.996
SSD = 127.771	n = 2685840	Reg = 0.00497533	Cost = 127.776
SSD = 127.542	n = 2685840	Reg = 0.00498301	Cost = 127.547
SSD = 127.323	n = 2685840	Reg = 0.00499146	Cost = 127.328
SSD = 127.09	n = 2685840	Reg = 0.00500187	Cost = 127.095
SSD = 126.874	n = 2685840	Reg = 0.00501259	Cost = 126.879
SSD = 126.66	n = 2685840	Reg = 0.00502447	Cost = 126.665
SSD = 126.442	n = 2685840	Reg = 0.00503788	Cost = 126.447
SSD = 126.211	n = 2685840	Reg = 0.00505365	Cost = 126.216
SSD = 125.954	n = 2685840	Reg = 0.00507303	Cost = 125.959
SSD = 125.683	n = 2685840	Reg = 0.00509502	Cost = 125.688
SSD = 125.394	n = 2685840	Reg = 0.00512055	Cost = 125.399
SSD = 125.11	n = 2685840	Reg = 0.00514777	Cost = 125.116
SSD = 124.841	n = 2685840	Reg = 0.00517601	Cost = 124.846
SSD = 124.566	n = 2685840	Reg = 0.00520661	Cost = 124.571
SSD = 124.294	n = 2685840	Reg = 0.00523955	Cost = 124.3
SSD = 124.018	n = 2685840	Reg = 0.00527535	Cost = 124.024
SSD = 123.755	n = 2685840	Reg = 0.00531212	Cost = 123.76
SSD = 123.527	n = 2685840	Reg = 0.00534576	Cost = 123.533
SSD = 123.342	n = 2685840	Reg = 0.00537495	Cost = 123.347
SSD = 123.162	n = 2685840	Reg = 0.00540548	Cost = 123.167
SSD = 122.983	n = 2685840	Reg = 0.00543745	Cost = 122.988
SSD = 122.785	n = 2685840	Reg = 0.005475	Cost = 122.79
SSD = 122.582	n = 2685840	Reg = 0.00551586	Cost = 122.588
SSD = 122.389	n = 2685840	Reg = 0.00555667	Cost = 122.395
SSD = 122.183	n = 2685840	Reg = 0.00560282	Cost = 122.189
SSD = 121.98	n = 2685840	Reg = 0.00565094	Cost = 121.986
SSD = 121.718	n = 2685840	Reg = 0.00571626	Cost = 121.724
SSD = 121.363	n = 2685840	Reg = 0.00580786	Cost = 121.369
SSD = 120.981	n = 2685840	Reg = 0.00591095	Cost = 120.987
SSD = 120.677	n = 2685840	Reg = 0.00599697	Cost = 120.683
SSD = 120.328	n = 2685840	Reg = 0.00609886	Cost = 120.334
SSD = 120.026	n = 2685840	Reg = 0.00618868	Cost = 120.033
SSD = 119.757	n = 2685840	Reg = 0.00627171	Cost = 119.763
SSD = 119.504	n = 2685840	Reg = 0.00635087	Cost = 119.51
SSD = 119.252	n = 2685840	Reg = 0.00643136	Cost = 119.258
SSD = 118.962	n = 2685840	Reg = 0.00652615	Cost = 118.969
SSD = 118.642	n = 2685840	Reg = 0.00663291	Cost = 118.649
SSD = 118.329	n = 2685840	Reg = 0.00673918	Cost = 118.336
SSD = 118.034	n = 2685840	Reg = 0.00684112	Cost = 118.04
SSD = 117.787	n = 2685840	Reg = 0.0069278	Cost = 117.794
SSD = 117.555	n = 2685840	Reg = 0.00701087	Cost = 117.562
SSD = 117.353	n = 2685840	Reg = 0.00708417	Cost = 117.361
SSD = 117.144	n = 2685840	Reg = 0.00716128	Cost = 117.151
SSD = 116.948	n = 2685840	Reg = 0.00723486	Cost = 116.955
SSD = 116.752	n = 2685840	Reg = 0.00730905	Cost = 116.759
SSD = 116.561	n = 2685840	Reg = 0.00738259	Cost = 116.569
SSD = 116.367	n = 2685840	Reg = 0.00745813	Cost = 116.374
SSD = 116.172	n = 2685840	Reg = 0.00753497	Cost = 116.179
SSD = 115.973	n = 2685840	Reg = 0.00761435	Cost = 115.981
SSD = 115.781	n = 2685840	Reg = 0.00769169	Cost = 115.789
SSD = 115.593	n = 2685840	Reg = 0.00776842	Cost = 115.601
SSD = 115.419	n = 2685840	Reg = 0.00783915	Cost = 115.427
SSD = 115.248	n = 2685840	Reg = 0.00790977	Cost = 115.256
SSD = 115.09	n = 2685840	Reg = 0.00797574	Cost = 115.098
SSD = 114.93	n = 2685840	Reg = 0.00804231	Cost = 114.938
SSD = 114.784	n = 2685840	Reg = 0.00810327	Cost = 114.792
SSD = 114.637	n = 2685840	Reg = 0.00816454	Cost = 114.645
SSD = 114.509	n = 2685840	Reg = 0.0082181	Cost = 114.517
SSD = 114.392	n = 2685840	Reg = 0.00826692	Cost = 114.4
SSD = 114.265	n = 2685840	Reg = 0.00832029	Cost = 114.273
SSD = 114.142	n = 2685840	Reg = 0.00837192	Cost = 114.15
SSD = 114.013	n = 2685840	Reg = 0.00842596	Cost = 114.021
SSD = 113.884	n = 2685840	Reg = 0.00848022	Cost = 113.892
SSD = 113.75	n = 2685840	Reg = 0.00853645	Cost = 113.759
SSD = 113.617	n = 2685840	Reg = 0.00859245	Cost = 113.626
SSD = 113.479	n = 2685840	Reg = 0.00865092	Cost = 113.487
SSD = 113.339	n = 2685840	Reg = 0.00870992	Cost = 113.348
SSD = 113.185	n = 2685840	Reg = 0.008775	Cost = 113.194
SSD = 113.037	n = 2685840	Reg = 0.00883847	Cost = 113.046
SSD = 112.903	n = 2685840	Reg = 0.00889577	Cost = 112.912
SSD = 112.762	n = 2685840	Reg = 0.00895695	Cost = 112.771
SSD = 112.625	n = 2685840	Reg = 0.00901619	Cost = 112.634
SSD = 112.502	n = 2685840	Reg = 0.00906897	Cost = 112.511
SSD = 112.379	n = 2685840	Reg = 0.00912241	Cost = 112.388
SSD = 112.259	n = 2685840	Reg = 0.00917416	Cost = 112.268
SSD = 112.135	n = 2685840	Reg = 0.0092278	Cost = 112.145
SSD = 112.011	n = 2685840	Reg = 0.0092817	Cost = 112.021
SSD = 111.898	n = 2685840	Reg = 0.00933126	Cost = 111.907
----------REALIGNMENT----------
----------REGISTERING EPI TO ANATOMICAL----------
----------REGISTERING EPI TO MNI----------
Processing volume 0
Processing volume 1
Processing volume 2
Processing volume 3
Processing volume 4
Processing volume 5
Processing volume 6
Processing volume 7
Processing volume 8
Processing volume 9
Processing volume 10
Processing volume 11
Processing volume 12
Processing volume 13
Processing volume 14
Processing volume 15
Processing volume 16
Processing volume 17
Processing volume 18
Processing volume 19
Processing volume 20
Processing volume 21
Processing volume 22
Processing volume 23
Processing volume 24
Processing volume 25
Processing volume 26
Processing volume 27
Processing volume 28
Processing volume 29
Processing volume 30
Processing volume 31
Processing volume 32
Processing volume 33
Processing volume 34
Processing volume 35
Processing volume 36
Processing volume 37
Processing volume 38
Processing volume 39
Processing volume 40
Processing volume 41
Processing volume 42
Processing volume 43
Processing volume 44
Processing volume 45
Processing volume 46
Processing volume 47
Processing volume 48
Processing volume 49
Processing volume 50
Processing volume 51
Processing volume 52
Processing volume 53
Processing volume 54
Processing volume 55
Processing volume 56
Processing volume 57
Processing volume 58
Processing volume 59
Processing volume 60
Processing volume 61
Processing volume 62
Processing volume 63
Processing volume 64
Processing volume 65
Processing volume 66
Processing volume 67
Processing volume 68
Processing volume 69
Processing volume 70
Processing volume 71
Processing volume 72
Processing volume 73
Processing volume 74
Processing volume 75
Processing volume 76
Processing volume 77
Processing volume 78
Processing volume 79
Processing volume 80
Processing volume 81
Processing volume 82
Processing volume 83
Processing volume 84
Processing volume 85
Processing volume 86
Processing volume 87
Processing volume 88
Processing volume 89
Processing volume 90
Processing volume 91
Processing volume 92
Processing volume 93
Processing volume 94
Processing volume 95
Processing volume 96
Processing volume 97
Processing volume 98
Processing volume 99
Processing volume 100
Processing volume 101
Processing volume 102
Processing volume 103
Processing volume 104
Processing volume 105
Error: short write, output file will be truncated
** ERROR: NWAD: wrote only 0 of 57768256 bytes to file
Processing volume 106
Error: short write, output file will be truncated
** ERROR: NWAD: wrote only 0 of 57768256 bytes to file
Processing volume 107
Error: short write, output file will be truncated
** ERROR: NWAD: wrote only 0 of 57768256 bytes to file
Processing volume 108
Error: short write, output file will be truncated
Processing volume 109
Error: short write, output file will be truncated
** ERROR: NWAD: wrote only 0 of 57768256 bytes to file
Processing volume 110
Error: short write, output file will be truncated
 file /home/tom29/rds/hpc-work/cbbu_BIDS/sub-19/func/sub-19_task-facehouse_acq-1_dir-PA_bold_vol-110.nii.gz is not recognized as a supported image format . 
terminate called after throwing an instance of 'itk::ExceptionObject'
  what():  /workspace/build/ITKv5/Modules/Core/Common/src/itkProcessObject.cxx:1339:
ITK ERROR: ResampleImageFilter(0x24d73f0): Input Primary is required but not set.
/var/spool/slurm/slurmd/job20299331/slurm_script: line 214: 160341 Aborted                 antsApplyTransforms -d 3 -i "${tmp_vol}" -r "${FSLDIR}/data/standard/MNI152_T1_1mm_brain.nii.gz" -t "${template_to_MNI_SyN}" -t "${template_to_MNI_affine}" -t "${MP2RAGE_to_template_SyN}" -t "${MP2RAGE_to_template_affine}" -t "${BIDS_root}/${sub_id}/func/${sub_id}_func_to_anatomical_ANTS.mat" -o "${run1_fname}_MNI_vol-${v}.nii.gz" -n Linear
