Non-commercial use only - see $FSLDIR/LICENSE
Loading spm/spm12
  Loading requirement: matlab/r2019a
----------CENTRING IMAGES----------
MATLAB is selecting SOFTWARE OPENGL rendering.

Written new image at:
	/home/tom29/rds/hpc-work/cbbu_BIDS/sub-15/func/sub-15_task-facehouse_acq-1_dir-PA_bold_centred.nii

MATLAB is selecting SOFTWARE OPENGL rendering.

Written new image at:
	/home/tom29/rds/hpc-work/cbbu_BIDS/sub-15/func/sub-15_task-facehouse_acq-2_dir-PA_bold_centred.nii

MATLAB is selecting SOFTWARE OPENGL rendering.

Written new image at:
	/home/tom29/rds/hpc-work/cbbu_BIDS/sub-15/func/sub-15_acq-LC_dir-AP_bold_centred.nii

MATLAB is selecting SOFTWARE OPENGL rendering.

Written new image at:
	/home/tom29/rds/hpc-work/cbbu_BIDS/sub-15/func/sub-15_task-facehouse_acq-1_dir-PA_sbref_centred.nii

----------SUSCEPTIBILITY DISTORTION CORRECTION----------
SSD = 723.518	n = 323454	Reg = 0	Cost = 723.518
SSD = 173.73	n = 323454	Reg = 11.1219	Cost = 184.852
SSD = 99.1635	n = 323454	Reg = 16.5188	Cost = 115.682
SSD = 86.0559	n = 323454	Reg = 20.9134	Cost = 106.969
SSD = 83.0124	n = 323454	Reg = 22.5081	Cost = 105.52
SSD = 82.1827	n = 323454	Reg = 23.0254	Cost = 105.208
***Going to next resolution level***
SSD = 140.849	n = 323454	Reg = 14.4239	Cost = 155.272
SSD = 71.9544	n = 323454	Reg = 11.5197	Cost = 83.4741
SSD = 58.879	n = 323454	Reg = 15.4613	Cost = 74.3403
SSD = 55.475	n = 323454	Reg = 17.115	Cost = 72.5901
SSD = 54.3486	n = 323454	Reg = 17.7338	Cost = 72.0824
SSD = 53.8981	n = 323454	Reg = 17.9955	Cost = 71.8936
***Going to next resolution level***
SSD = 125.963	n = 323454	Reg = 4.20565	Cost = 130.169
SSD = 96.3633	n = 323454	Reg = 7.67992	Cost = 104.043
SSD = 89.3635	n = 323454	Reg = 10.0767	Cost = 99.4402
SSD = 86.9164	n = 323454	Reg = 11.0831	Cost = 97.9995
SSD = 85.7868	n = 323454	Reg = 11.5273	Cost = 97.3141
SSD = 85.0582	n = 323454	Reg = 11.8035	Cost = 96.8617
***Going to next resolution level***
SSD = 144.443	n = 323454	Reg = 7.11519	Cost = 151.558
SSD = 61.4684	n = 323454	Reg = 3.7714	Cost = 65.2398
SSD = 49.621	n = 323454	Reg = 5.45134	Cost = 55.0723
SSD = 45.276	n = 323454	Reg = 6.28643	Cost = 51.5624
SSD = 42.6994	n = 323454	Reg = 6.75791	Cost = 49.4573
SSD = 41.1781	n = 323454	Reg = 7.10677	Cost = 48.2849
SSD = 40.253	n = 323454	Reg = 7.36298	Cost = 47.616
SSD = 39.6292	n = 323454	Reg = 7.55685	Cost = 47.186
SSD = 39.1224	n = 323454	Reg = 7.7213	Cost = 46.8437
SSD = 38.6486	n = 323454	Reg = 7.87268	Cost = 46.5212
SSD = 38.2708	n = 323454	Reg = 7.99388	Cost = 46.2647
***Going to next resolution level***
SSD = 144.909	n = 2685840	Reg = 267.572	Cost = 412.481
SSD = 68.4397	n = 2685840	Reg = 47.0128	Cost = 115.452
SSD = 58.6651	n = 2685840	Reg = 36.1042	Cost = 94.7694
SSD = 57.4463	n = 2685840	Reg = 32.3324	Cost = 89.7787
SSD = 57.8682	n = 2685840	Reg = 29.7958	Cost = 87.664
SSD = 58.4989	n = 2685840	Reg = 28.0748	Cost = 86.5737
SSD = 59.0461	n = 2685840	Reg = 26.9227	Cost = 85.9689
SSD = 59.487	n = 2685840	Reg = 26.0609	Cost = 85.548
SSD = 59.8586	n = 2685840	Reg = 25.3809	Cost = 85.2396
SSD = 60.1826	n = 2685840	Reg = 24.8061	Cost = 84.9887
SSD = 60.4692	n = 2685840	Reg = 24.2817	Cost = 84.7509
***Going to next resolution level***
SSD = 60.4692	n = 2685840	Reg = 2.42817	Cost = 62.8973
SSD = 60.2865	n = 2685840	Reg = 2.44083	Cost = 62.7273
SSD = 60.1282	n = 2685840	Reg = 2.45435	Cost = 62.5825
SSD = 59.9254	n = 2685840	Reg = 2.47186	Cost = 62.3973
SSD = 59.58	n = 2685840	Reg = 2.50657	Cost = 62.0866
SSD = 59.1411	n = 2685840	Reg = 2.55767	Cost = 61.6987
SSD = 58.6684	n = 2685840	Reg = 2.62656	Cost = 61.295
SSD = 58.2556	n = 2685840	Reg = 2.70333	Cost = 60.9589
SSD = 57.9352	n = 2685840	Reg = 2.77652	Cost = 60.7117
SSD = 57.6559	n = 2685840	Reg = 2.84943	Cost = 60.5053
SSD = 57.4129	n = 2685840	Reg = 2.91679	Cost = 60.3296
SSD = 57.1672	n = 2685840	Reg = 2.98655	Cost = 60.1537
SSD = 56.8988	n = 2685840	Reg = 3.06388	Cost = 59.9627
SSD = 56.6544	n = 2685840	Reg = 3.13481	Cost = 59.7892
SSD = 56.4453	n = 2685840	Reg = 3.19554	Cost = 59.6408
SSD = 56.217	n = 2685840	Reg = 3.26146	Cost = 59.4785
SSD = 56.0042	n = 2685840	Reg = 3.32262	Cost = 59.3268
SSD = 55.7729	n = 2685840	Reg = 3.38893	Cost = 59.1619
SSD = 55.553	n = 2685840	Reg = 3.45177	Cost = 59.0047
SSD = 55.3682	n = 2685840	Reg = 3.50424	Cost = 58.8725
SSD = 55.1682	n = 2685840	Reg = 3.56076	Cost = 58.729
***Going to next resolution level***
SSD = 422.937	n = 2685840	Reg = 37.1548	Cost = 460.092
SSD = 289.816	n = 2685840	Reg = 25.1003	Cost = 314.917
SSD = 265.346	n = 2685840	Reg = 22.9041	Cost = 288.25
SSD = 237.519	n = 2685840	Reg = 20.394	Cost = 257.913
SSD = 215.891	n = 2685840	Reg = 18.4563	Cost = 234.347
SSD = 205.237	n = 2685840	Reg = 17.4946	Cost = 222.731
SSD = 194.085	n = 2685840	Reg = 16.4835	Cost = 210.569
SSD = 186.377	n = 2685840	Reg = 15.7893	Cost = 202.166
SSD = 181.13	n = 2685840	Reg = 15.3144	Cost = 196.444
SSD = 175.25	n = 2685840	Reg = 14.7836	Cost = 190.033
SSD = 170.775	n = 2685840	Reg = 14.3854	Cost = 185.161
SSD = 167.634	n = 2685840	Reg = 14.1054	Cost = 181.74
SSD = 164.225	n = 2685840	Reg = 13.8014	Cost = 178.026
SSD = 160.93	n = 2685840	Reg = 13.5107	Cost = 174.441
SSD = 158.496	n = 2685840	Reg = 13.2968	Cost = 171.793
SSD = 156.107	n = 2685840	Reg = 13.0861	Cost = 169.193
SSD = 153.838	n = 2685840	Reg = 12.8877	Cost = 166.726
SSD = 151.997	n = 2685840	Reg = 12.7271	Cost = 164.724
SSD = 150.179	n = 2685840	Reg = 12.5677	Cost = 162.746
SSD = 148.402	n = 2685840	Reg = 12.4133	Cost = 160.815
SSD = 146.931	n = 2685840	Reg = 12.2861	Cost = 159.217
***Going to next resolution level***
SSD = 213.597	n = 2685840	Reg = 0.178606	Cost = 213.776
SSD = 209.476	n = 2685840	Reg = 0.175376	Cost = 209.651
SSD = 206.385	n = 2685840	Reg = 0.173086	Cost = 206.558
SSD = 203.811	n = 2685840	Reg = 0.171359	Cost = 203.982
SSD = 201.784	n = 2685840	Reg = 0.170187	Cost = 201.954
SSD = 200.207	n = 2685840	Reg = 0.16944	Cost = 200.376
SSD = 198.92	n = 2685840	Reg = 0.16898	Cost = 199.089
SSD = 197.797	n = 2685840	Reg = 0.168727	Cost = 197.965
SSD = 197.012	n = 2685840	Reg = 0.168663	Cost = 197.181
SSD = 196.151	n = 2685840	Reg = 0.168701	Cost = 196.32
SSD = 195.169	n = 2685840	Reg = 0.168869	Cost = 195.338
SSD = 193.331	n = 2685840	Reg = 0.169395	Cost = 193.501
SSD = 191.674	n = 2685840	Reg = 0.170085	Cost = 191.844
SSD = 189.751	n = 2685840	Reg = 0.171044	Cost = 189.922
SSD = 188.103	n = 2685840	Reg = 0.172187	Cost = 188.275
SSD = 186.467	n = 2685840	Reg = 0.173401	Cost = 186.64
SSD = 184.815	n = 2685840	Reg = 0.174818	Cost = 184.989
SSD = 183.241	n = 2685840	Reg = 0.176296	Cost = 183.417
SSD = 181.703	n = 2685840	Reg = 0.177882	Cost = 181.881
SSD = 180.548	n = 2685840	Reg = 0.179132	Cost = 180.728
SSD = 179.526	n = 2685840	Reg = 0.180238	Cost = 179.706
SSD = 178.713	n = 2685840	Reg = 0.18123	Cost = 178.894
SSD = 177.858	n = 2685840	Reg = 0.182211	Cost = 178.04
SSD = 177.014	n = 2685840	Reg = 0.183238	Cost = 177.197
SSD = 176.167	n = 2685840	Reg = 0.184317	Cost = 176.352
SSD = 175.343	n = 2685840	Reg = 0.185412	Cost = 175.528
SSD = 174.583	n = 2685840	Reg = 0.18647	Cost = 174.769
SSD = 173.838	n = 2685840	Reg = 0.18752	Cost = 174.025
SSD = 173.085	n = 2685840	Reg = 0.188686	Cost = 173.273
SSD = 172.324	n = 2685840	Reg = 0.189854	Cost = 172.514
SSD = 171.522	n = 2685840	Reg = 0.191147	Cost = 171.713
SSD = 170.756	n = 2685840	Reg = 0.192439	Cost = 170.949
SSD = 170.017	n = 2685840	Reg = 0.193726	Cost = 170.21
SSD = 169.331	n = 2685840	Reg = 0.194951	Cost = 169.526
SSD = 168.709	n = 2685840	Reg = 0.1961	Cost = 168.905
SSD = 168.091	n = 2685840	Reg = 0.197325	Cost = 168.288
SSD = 167.447	n = 2685840	Reg = 0.198588	Cost = 167.645
SSD = 166.831	n = 2685840	Reg = 0.199853	Cost = 167.031
SSD = 166.195	n = 2685840	Reg = 0.201215	Cost = 166.396
SSD = 165.591	n = 2685840	Reg = 0.202544	Cost = 165.793
SSD = 165.054	n = 2685840	Reg = 0.203765	Cost = 165.258
SSD = 164.522	n = 2685840	Reg = 0.205007	Cost = 164.727
SSD = 163.992	n = 2685840	Reg = 0.206342	Cost = 164.199
SSD = 163.461	n = 2685840	Reg = 0.207666	Cost = 163.668
SSD = 162.921	n = 2685840	Reg = 0.209072	Cost = 163.13
SSD = 162.411	n = 2685840	Reg = 0.210456	Cost = 162.621
SSD = 161.932	n = 2685840	Reg = 0.211802	Cost = 162.144
SSD = 161.472	n = 2685840	Reg = 0.213148	Cost = 161.685
SSD = 161.037	n = 2685840	Reg = 0.214457	Cost = 161.251
SSD = 160.597	n = 2685840	Reg = 0.215854	Cost = 160.813
SSD = 160.15	n = 2685840	Reg = 0.217289	Cost = 160.368
***Going to next resolution level***
SSD = 160.151	n = 2685840	Reg = 0.00434245	Cost = 160.156
SSD = 159.938	n = 2685840	Reg = 0.00433667	Cost = 159.942
SSD = 159.586	n = 2685840	Reg = 0.00432728	Cost = 159.591
SSD = 159.338	n = 2685840	Reg = 0.00432076	Cost = 159.342
SSD = 159.057	n = 2685840	Reg = 0.00431358	Cost = 159.062
SSD = 158.798	n = 2685840	Reg = 0.00430716	Cost = 158.802
SSD = 158.542	n = 2685840	Reg = 0.00430118	Cost = 158.546
SSD = 158.311	n = 2685840	Reg = 0.00429612	Cost = 158.315
SSD = 158.036	n = 2685840	Reg = 0.0042906	Cost = 158.041
SSD = 157.812	n = 2685840	Reg = 0.00428655	Cost = 157.816
SSD = 157.575	n = 2685840	Reg = 0.00428273	Cost = 157.579
SSD = 157.319	n = 2685840	Reg = 0.00427915	Cost = 157.323
SSD = 157.066	n = 2685840	Reg = 0.00427615	Cost = 157.071
SSD = 156.835	n = 2685840	Reg = 0.00427395	Cost = 156.839
SSD = 156.614	n = 2685840	Reg = 0.00427234	Cost = 156.618
SSD = 156.377	n = 2685840	Reg = 0.00427105	Cost = 156.382
SSD = 156.158	n = 2685840	Reg = 0.00427046	Cost = 156.162
SSD = 155.936	n = 2685840	Reg = 0.00427041	Cost = 155.94
SSD = 155.715	n = 2685840	Reg = 0.00427095	Cost = 155.719
SSD = 155.493	n = 2685840	Reg = 0.00427209	Cost = 155.497
SSD = 155.267	n = 2685840	Reg = 0.00427399	Cost = 155.271
SSD = 155.062	n = 2685840	Reg = 0.00427635	Cost = 155.066
SSD = 154.837	n = 2685840	Reg = 0.00427968	Cost = 154.841
SSD = 154.628	n = 2685840	Reg = 0.00428368	Cost = 154.632
SSD = 154.408	n = 2685840	Reg = 0.00428871	Cost = 154.412
SSD = 154.183	n = 2685840	Reg = 0.00429494	Cost = 154.187
SSD = 153.95	n = 2685840	Reg = 0.00430249	Cost = 153.955
SSD = 153.735	n = 2685840	Reg = 0.00431066	Cost = 153.739
SSD = 153.513	n = 2685840	Reg = 0.00432019	Cost = 153.517
SSD = 153.304	n = 2685840	Reg = 0.00433022	Cost = 153.308
SSD = 153.086	n = 2685840	Reg = 0.00434206	Cost = 153.09
SSD = 152.852	n = 2685840	Reg = 0.00435583	Cost = 152.856
SSD = 152.583	n = 2685840	Reg = 0.00437341	Cost = 152.588
SSD = 152.303	n = 2685840	Reg = 0.00439344	Cost = 152.307
SSD = 152.043	n = 2685840	Reg = 0.00441367	Cost = 152.047
SSD = 151.768	n = 2685840	Reg = 0.00443707	Cost = 151.772
SSD = 151.516	n = 2685840	Reg = 0.0044602	Cost = 151.52
SSD = 151.265	n = 2685840	Reg = 0.00448547	Cost = 151.27
SSD = 150.992	n = 2685840	Reg = 0.00451444	Cost = 150.997
SSD = 150.718	n = 2685840	Reg = 0.00454626	Cost = 150.722
SSD = 150.466	n = 2685840	Reg = 0.00457755	Cost = 150.47
SSD = 150.267	n = 2685840	Reg = 0.00460376	Cost = 150.271
SSD = 150.067	n = 2685840	Reg = 0.00463189	Cost = 150.072
SSD = 149.889	n = 2685840	Reg = 0.00465879	Cost = 149.893
SSD = 149.7	n = 2685840	Reg = 0.0046889	Cost = 149.705
SSD = 149.487	n = 2685840	Reg = 0.00472426	Cost = 149.492
SSD = 149.275	n = 2685840	Reg = 0.00476242	Cost = 149.279
SSD = 149.061	n = 2685840	Reg = 0.00480304	Cost = 149.066
SSD = 148.819	n = 2685840	Reg = 0.00485147	Cost = 148.824
SSD = 148.561	n = 2685840	Reg = 0.0049063	Cost = 148.566
SSD = 148.244	n = 2685840	Reg = 0.00497734	Cost = 148.249
SSD = 147.829	n = 2685840	Reg = 0.00507572	Cost = 147.834
SSD = 147.503	n = 2685840	Reg = 0.00515488	Cost = 147.508
SSD = 147.178	n = 2685840	Reg = 0.00523764	Cost = 147.184
SSD = 146.849	n = 2685840	Reg = 0.0053238	Cost = 146.854
SSD = 146.555	n = 2685840	Reg = 0.00540264	Cost = 146.56
SSD = 146.287	n = 2685840	Reg = 0.00547595	Cost = 146.293
SSD = 146.021	n = 2685840	Reg = 0.00555006	Cost = 146.026
SSD = 145.754	n = 2685840	Reg = 0.00562648	Cost = 145.76
SSD = 145.432	n = 2685840	Reg = 0.0057198	Cost = 145.438
SSD = 145.093	n = 2685840	Reg = 0.00582074	Cost = 145.099
SSD = 144.788	n = 2685840	Reg = 0.00591416	Cost = 144.794
SSD = 144.513	n = 2685840	Reg = 0.00599876	Cost = 144.519
SSD = 144.269	n = 2685840	Reg = 0.00607551	Cost = 144.275
SSD = 144.055	n = 2685840	Reg = 0.00614365	Cost = 144.061
SSD = 143.849	n = 2685840	Reg = 0.0062106	Cost = 143.855
SSD = 143.634	n = 2685840	Reg = 0.00628016	Cost = 143.64
SSD = 143.425	n = 2685840	Reg = 0.00634913	Cost = 143.431
SSD = 143.216	n = 2685840	Reg = 0.00641875	Cost = 143.223
SSD = 143.013	n = 2685840	Reg = 0.00648737	Cost = 143.019
SSD = 142.831	n = 2685840	Reg = 0.00654972	Cost = 142.837
SSD = 142.643	n = 2685840	Reg = 0.0066148	Cost = 142.65
SSD = 142.458	n = 2685840	Reg = 0.00667946	Cost = 142.464
SSD = 142.278	n = 2685840	Reg = 0.00674209	Cost = 142.285
SSD = 142.1	n = 2685840	Reg = 0.00680539	Cost = 142.107
SSD = 141.921	n = 2685840	Reg = 0.00686868	Cost = 141.928
SSD = 141.758	n = 2685840	Reg = 0.00692683	Cost = 141.765
SSD = 141.588	n = 2685840	Reg = 0.00698753	Cost = 141.595
SSD = 141.433	n = 2685840	Reg = 0.00704291	Cost = 141.44
SSD = 141.28	n = 2685840	Reg = 0.00709798	Cost = 141.287
SSD = 141.138	n = 2685840	Reg = 0.0071487	Cost = 141.145
SSD = 141.006	n = 2685840	Reg = 0.00719621	Cost = 141.013
SSD = 140.873	n = 2685840	Reg = 0.00724337	Cost = 140.88
SSD = 140.739	n = 2685840	Reg = 0.00729151	Cost = 140.746
SSD = 140.601	n = 2685840	Reg = 0.00734084	Cost = 140.608
SSD = 140.461	n = 2685840	Reg = 0.00739079	Cost = 140.469
SSD = 140.331	n = 2685840	Reg = 0.00743735	Cost = 140.339
SSD = 140.196	n = 2685840	Reg = 0.00748586	Cost = 140.204
SSD = 140.059	n = 2685840	Reg = 0.00753538	Cost = 140.067
SSD = 139.924	n = 2685840	Reg = 0.00758416	Cost = 139.931
SSD = 139.773	n = 2685840	Reg = 0.00763887	Cost = 139.78
SSD = 139.614	n = 2685840	Reg = 0.00769668	Cost = 139.622
SSD = 139.469	n = 2685840	Reg = 0.00774939	Cost = 139.477
SSD = 139.339	n = 2685840	Reg = 0.007797	Cost = 139.347
SSD = 139.208	n = 2685840	Reg = 0.00784495	Cost = 139.216
SSD = 139.078	n = 2685840	Reg = 0.00789299	Cost = 139.086
SSD = 138.952	n = 2685840	Reg = 0.00793947	Cost = 138.96
SSD = 138.82	n = 2685840	Reg = 0.00798782	Cost = 138.828
SSD = 138.695	n = 2685840	Reg = 0.00803388	Cost = 138.703
SSD = 138.572	n = 2685840	Reg = 0.00807984	Cost = 138.58
SSD = 138.455	n = 2685840	Reg = 0.00812333	Cost = 138.463
----------REALIGNMENT----------
----------REGISTERING EPI TO ANATOMICAL----------
----------REGISTERING EPI TO MNI----------
Processing volume 0
Processing volume 1
Processing volume 2
Processing volume 3
Processing volume 4
Processing volume 5
Processing volume 6
Processing volume 7
Processing volume 8
Processing volume 9
Processing volume 10
Processing volume 11
Processing volume 12
Processing volume 13
Processing volume 14
Processing volume 15
Processing volume 16
Processing volume 17
Processing volume 18
Processing volume 19
Processing volume 20
Processing volume 21
Processing volume 22
Processing volume 23
Processing volume 24
Processing volume 25
Processing volume 26
Processing volume 27
Processing volume 28
Processing volume 29
Processing volume 30
Processing volume 31
Processing volume 32
Processing volume 33
Processing volume 34
Processing volume 35
Processing volume 36
Processing volume 37
Processing volume 38
Processing volume 39
Processing volume 40
Processing volume 41
Processing volume 42
Processing volume 43
Processing volume 44
Processing volume 45
Processing volume 46
Processing volume 47
Processing volume 48
Processing volume 49
Processing volume 50
Processing volume 51
Processing volume 52
Processing volume 53
Processing volume 54
Processing volume 55
Processing volume 56
Processing volume 57
Processing volume 58
Processing volume 59
Processing volume 60
Processing volume 61
Processing volume 62
Processing volume 63
Processing volume 64
Processing volume 65
Processing volume 66
Processing volume 67
Processing volume 68
Processing volume 69
Processing volume 70
Processing volume 71
Processing volume 72
Processing volume 73
Processing volume 74
Processing volume 75
Processing volume 76
Processing volume 77
Processing volume 78
Processing volume 79
Processing volume 80
Processing volume 81
Processing volume 82
Processing volume 83
Processing volume 84
Processing volume 85
Processing volume 86
Processing volume 87
Processing volume 88
Processing volume 89
Processing volume 90
Processing volume 91
Processing volume 92
Processing volume 93
Processing volume 94
Processing volume 95
Processing volume 96
Processing volume 97
Processing volume 98
Processing volume 99
Processing volume 100
Processing volume 101
Processing volume 102
Processing volume 103
Processing volume 104
Processing volume 105
Processing volume 106
Processing volume 107
Processing volume 108
Processing volume 109
Processing volume 110
Processing volume 111
Processing volume 112
Processing volume 113
Processing volume 114
Processing volume 115
Processing volume 116
Error: short write, output file will be truncated
 file /home/tom29/rds/hpc-work/cbbu_BIDS/sub-15/func/sub-15_task-facehouse_acq-1_dir-PA_bold_vol-116.nii.gz is not recognized as a supported image format . 
terminate called after throwing an instance of 'itk::ExceptionObject'
  what():  /workspace/build/ITKv5/Modules/Core/Common/src/itkProcessObject.cxx:1339:
ITK ERROR: ResampleImageFilter(0x25923f0): Input Primary is required but not set.
/var/spool/slurm/slurmd/job20299327/slurm_script: line 214: 128641 Aborted                 antsApplyTransforms -d 3 -i "${tmp_vol}" -r "${FSLDIR}/data/standard/MNI152_T1_1mm_brain.nii.gz" -t "${template_to_MNI_SyN}" -t "${template_to_MNI_affine}" -t "${MP2RAGE_to_template_SyN}" -t "${MP2RAGE_to_template_affine}" -t "${BIDS_root}/${sub_id}/func/${sub_id}_func_to_anatomical_ANTS.mat" -o "${run1_fname}_MNI_vol-${v}.nii.gz" -n Linear
