Non-commercial use only - see $FSLDIR/LICENSE
Loading spm/spm12
  Loading requirement: matlab/r2019a
----------CENTRING IMAGES----------
MATLAB is selecting SOFTWARE OPENGL rendering.

Written new image at:
	/home/tom29/rds/hpc-work/cbbu_BIDS/sub-01/func/sub-01_task-facehouse_acq-1_dir-PA_bold_centred.nii

MATLAB is selecting SOFTWARE OPENGL rendering.

Written new image at:
	/home/tom29/rds/hpc-work/cbbu_BIDS/sub-01/func/sub-01_task-facehouse_acq-2_dir-PA_bold_centred.nii

MATLAB is selecting SOFTWARE OPENGL rendering.

Written new image at:
	/home/tom29/rds/hpc-work/cbbu_BIDS/sub-01/func/sub-01_acq-LC_dir-AP_bold_centred.nii

MATLAB is selecting SOFTWARE OPENGL rendering.

Written new image at:
	/home/tom29/rds/hpc-work/cbbu_BIDS/sub-01/func/sub-01_task-facehouse_acq-1_dir-PA_sbref_centred.nii

----------SUSCEPTIBILITY DISTORTION CORRECTION----------
SSD = 605.741	n = 323454	Reg = 0	Cost = 605.741
SSD = 172.714	n = 323454	Reg = 12.7137	Cost = 185.428
SSD = 106.354	n = 323454	Reg = 22.3121	Cost = 128.666
SSD = 91.5498	n = 323454	Reg = 26.9953	Cost = 118.545
SSD = 87.5699	n = 323454	Reg = 28.7291	Cost = 116.299
SSD = 86.3296	n = 323454	Reg = 29.3429	Cost = 115.672
***Going to next resolution level***
SSD = 153.533	n = 323454	Reg = 17.285	Cost = 170.818
SSD = 73.537	n = 323454	Reg = 13.1535	Cost = 86.6904
SSD = 57.1814	n = 323454	Reg = 17.1229	Cost = 74.3042
SSD = 52.936	n = 323454	Reg = 18.9538	Cost = 71.8898
SSD = 51.6078	n = 323454	Reg = 19.6198	Cost = 71.2276
SSD = 51.107	n = 323454	Reg = 19.8785	Cost = 70.9856
***Going to next resolution level***
SSD = 138.95	n = 323454	Reg = 5.40459	Cost = 144.355
SSD = 103.377	n = 323454	Reg = 8.64539	Cost = 112.022
SSD = 95.9024	n = 323454	Reg = 11.1995	Cost = 107.102
SSD = 93.7976	n = 323454	Reg = 12.1217	Cost = 105.919
SSD = 92.9857	n = 323454	Reg = 12.4567	Cost = 105.442
SSD = 92.5703	n = 323454	Reg = 12.6309	Cost = 105.201
***Going to next resolution level***
SSD = 171.976	n = 323454	Reg = 7.43851	Cost = 179.414
SSD = 68.0469	n = 323454	Reg = 3.84976	Cost = 71.8967
SSD = 54.0908	n = 323454	Reg = 5.69568	Cost = 59.7864
SSD = 50.5737	n = 323454	Reg = 6.59926	Cost = 57.173
SSD = 49.1935	n = 323454	Reg = 6.97413	Cost = 56.1676
SSD = 48.4727	n = 323454	Reg = 7.1592	Cost = 55.6319
SSD = 48.0306	n = 323454	Reg = 7.27717	Cost = 55.3077
SSD = 47.7339	n = 323454	Reg = 7.36815	Cost = 55.102
SSD = 47.5223	n = 323454	Reg = 7.43713	Cost = 54.9594
SSD = 47.3635	n = 323454	Reg = 7.4919	Cost = 54.8554
SSD = 47.2369	n = 323454	Reg = 7.53697	Cost = 54.7738
***Going to next resolution level***
SSD = 187.208	n = 2685840	Reg = 175.229	Cost = 362.437
SSD = 85.0619	n = 2685840	Reg = 35.0539	Cost = 120.116
SSD = 71.2525	n = 2685840	Reg = 30.0417	Cost = 101.294
SSD = 68.6893	n = 2685840	Reg = 29.2061	Cost = 97.8954
SSD = 68.2998	n = 2685840	Reg = 28.4673	Cost = 96.7671
SSD = 68.3562	n = 2685840	Reg = 27.8968	Cost = 96.253
SSD = 68.4703	n = 2685840	Reg = 27.4899	Cost = 95.9602
SSD = 68.5756	n = 2685840	Reg = 27.18	Cost = 95.7556
SSD = 68.6565	n = 2685840	Reg = 26.9371	Cost = 95.5936
SSD = 68.7129	n = 2685840	Reg = 26.7653	Cost = 95.4782
SSD = 68.7361	n = 2685840	Reg = 26.6605	Cost = 95.3966
***Going to next resolution level***
SSD = 68.7361	n = 2685840	Reg = 2.66605	Cost = 71.4022
SSD = 68.4732	n = 2685840	Reg = 2.68467	Cost = 71.1579
SSD = 68.3815	n = 2685840	Reg = 2.69316	Cost = 71.0746
SSD = 68.1402	n = 2685840	Reg = 2.71675	Cost = 70.857
SSD = 67.7541	n = 2685840	Reg = 2.75633	Cost = 70.5105
SSD = 67.2181	n = 2685840	Reg = 2.81894	Cost = 70.037
SSD = 66.634	n = 2685840	Reg = 2.90269	Cost = 69.5366
SSD = 66.2011	n = 2685840	Reg = 2.98022	Cost = 69.1813
SSD = 65.8931	n = 2685840	Reg = 3.04716	Cost = 68.9403
SSD = 65.65	n = 2685840	Reg = 3.10521	Cost = 68.7552
SSD = 65.4274	n = 2685840	Reg = 3.16008	Cost = 68.5875
SSD = 65.16	n = 2685840	Reg = 3.22674	Cost = 68.3867
SSD = 64.8392	n = 2685840	Reg = 3.30711	Cost = 68.1463
SSD = 64.5586	n = 2685840	Reg = 3.3779	Cost = 67.9365
SSD = 64.3156	n = 2685840	Reg = 3.43921	Cost = 67.7548
SSD = 64.0905	n = 2685840	Reg = 3.49588	Cost = 67.5864
SSD = 63.8873	n = 2685840	Reg = 3.5467	Cost = 67.434
SSD = 63.6803	n = 2685840	Reg = 3.59824	Cost = 67.2785
SSD = 63.4193	n = 2685840	Reg = 3.66331	Cost = 67.0826
SSD = 63.1624	n = 2685840	Reg = 3.72747	Cost = 66.8899
SSD = 62.9396	n = 2685840	Reg = 3.78322	Cost = 66.7228
***Going to next resolution level***
SSD = 1004.27	n = 2685840	Reg = 60.325	Cost = 1064.59
SSD = 662.076	n = 2685840	Reg = 39.5058	Cost = 701.582
SSD = 514.634	n = 2685840	Reg = 30.6014	Cost = 545.235
SSD = 468.007	n = 2685840	Reg = 27.8244	Cost = 495.832
SSD = 419.896	n = 2685840	Reg = 25.0023	Cost = 444.898
SSD = 390.077	n = 2685840	Reg = 23.2752	Cost = 413.352
SSD = 365.194	n = 2685840	Reg = 21.8692	Cost = 387.064
SSD = 342.197	n = 2685840	Reg = 20.6196	Cost = 362.817
SSD = 326.744	n = 2685840	Reg = 19.7999	Cost = 346.544
SSD = 313.876	n = 2685840	Reg = 19.1337	Cost = 333.01
SSD = 302.068	n = 2685840	Reg = 18.5418	Cost = 320.61
SSD = 291.026	n = 2685840	Reg = 18.0076	Cost = 309.033
SSD = 283.055	n = 2685840	Reg = 17.6351	Cost = 300.69
SSD = 275.212	n = 2685840	Reg = 17.2792	Cost = 292.491
SSD = 268.3	n = 2685840	Reg = 16.9767	Cost = 285.277
SSD = 261.956	n = 2685840	Reg = 16.7097	Cost = 278.666
SSD = 256.254	n = 2685840	Reg = 16.4815	Cost = 272.735
SSD = 250.882	n = 2685840	Reg = 16.2784	Cost = 267.16
SSD = 245.779	n = 2685840	Reg = 16.0956	Cost = 261.874
SSD = 241.444	n = 2685840	Reg = 15.9498	Cost = 257.394
SSD = 237.222	n = 2685840	Reg = 15.816	Cost = 253.038
***Going to next resolution level***
SSD = 325.214	n = 2685840	Reg = 0.216826	Cost = 325.43
SSD = 319.765	n = 2685840	Reg = 0.21345	Cost = 319.978
SSD = 315.17	n = 2685840	Reg = 0.210921	Cost = 315.381
SSD = 311.25	n = 2685840	Reg = 0.20905	Cost = 311.459
SSD = 307.382	n = 2685840	Reg = 0.207532	Cost = 307.589
SSD = 304.289	n = 2685840	Reg = 0.206658	Cost = 304.495
SSD = 301.497	n = 2685840	Reg = 0.206181	Cost = 301.703
SSD = 299.045	n = 2685840	Reg = 0.206027	Cost = 299.251
SSD = 296.419	n = 2685840	Reg = 0.206131	Cost = 296.625
SSD = 293.512	n = 2685840	Reg = 0.206562	Cost = 293.718
SSD = 290.234	n = 2685840	Reg = 0.207376	Cost = 290.441
SSD = 285.064	n = 2685840	Reg = 0.209124	Cost = 285.273
SSD = 280.66	n = 2685840	Reg = 0.211019	Cost = 280.871
SSD = 276.314	n = 2685840	Reg = 0.213285	Cost = 276.527
SSD = 272.583	n = 2685840	Reg = 0.215406	Cost = 272.798
SSD = 268.958	n = 2685840	Reg = 0.217796	Cost = 269.176
SSD = 265.579	n = 2685840	Reg = 0.220151	Cost = 265.799
SSD = 262.552	n = 2685840	Reg = 0.222475	Cost = 262.774
SSD = 259.674	n = 2685840	Reg = 0.224948	Cost = 259.899
SSD = 256.971	n = 2685840	Reg = 0.227388	Cost = 257.199
SSD = 254.73	n = 2685840	Reg = 0.229543	Cost = 254.96
SSD = 252.588	n = 2685840	Reg = 0.231754	Cost = 252.82
SSD = 250.571	n = 2685840	Reg = 0.234016	Cost = 250.805
SSD = 248.559	n = 2685840	Reg = 0.236318	Cost = 248.795
SSD = 246.498	n = 2685840	Reg = 0.238904	Cost = 246.737
SSD = 244.531	n = 2685840	Reg = 0.241411	Cost = 244.772
SSD = 242.648	n = 2685840	Reg = 0.243925	Cost = 242.892
SSD = 240.852	n = 2685840	Reg = 0.246441	Cost = 241.099
SSD = 239.075	n = 2685840	Reg = 0.248992	Cost = 239.324
SSD = 237.42	n = 2685840	Reg = 0.251464	Cost = 237.672
SSD = 235.798	n = 2685840	Reg = 0.253921	Cost = 236.052
SSD = 234.147	n = 2685840	Reg = 0.256512	Cost = 234.404
SSD = 232.597	n = 2685840	Reg = 0.259045	Cost = 232.856
SSD = 231.032	n = 2685840	Reg = 0.26161	Cost = 231.294
SSD = 229.538	n = 2685840	Reg = 0.264156	Cost = 229.802
SSD = 228.132	n = 2685840	Reg = 0.266597	Cost = 228.398
SSD = 226.786	n = 2685840	Reg = 0.268977	Cost = 227.055
SSD = 225.438	n = 2685840	Reg = 0.2714	Cost = 225.71
SSD = 224.128	n = 2685840	Reg = 0.273827	Cost = 224.402
SSD = 222.81	n = 2685840	Reg = 0.276329	Cost = 223.086
SSD = 221.607	n = 2685840	Reg = 0.278628	Cost = 221.885
SSD = 220.325	n = 2685840	Reg = 0.281169	Cost = 220.606
SSD = 219.079	n = 2685840	Reg = 0.283743	Cost = 219.363
SSD = 217.989	n = 2685840	Reg = 0.286057	Cost = 218.275
SSD = 216.889	n = 2685840	Reg = 0.288449	Cost = 217.177
SSD = 215.757	n = 2685840	Reg = 0.291082	Cost = 216.048
SSD = 214.693	n = 2685840	Reg = 0.293531	Cost = 214.987
SSD = 213.637	n = 2685840	Reg = 0.296073	Cost = 213.934
SSD = 212.644	n = 2685840	Reg = 0.298584	Cost = 212.942
SSD = 211.649	n = 2685840	Reg = 0.301141	Cost = 211.95
SSD = 210.678	n = 2685840	Reg = 0.303765	Cost = 210.982
***Going to next resolution level***
SSD = 210.682	n = 2685840	Reg = 0.0060708	Cost = 210.688
SSD = 210.209	n = 2685840	Reg = 0.00605735	Cost = 210.215
SSD = 209.566	n = 2685840	Reg = 0.00603945	Cost = 209.572
SSD = 208.945	n = 2685840	Reg = 0.00602264	Cost = 208.951
SSD = 208.352	n = 2685840	Reg = 0.00600718	Cost = 208.358
SSD = 207.776	n = 2685840	Reg = 0.0059929	Cost = 207.782
SSD = 207.214	n = 2685840	Reg = 0.00597984	Cost = 207.22
SSD = 206.677	n = 2685840	Reg = 0.00596824	Cost = 206.683
SSD = 206.151	n = 2685840	Reg = 0.00595784	Cost = 206.157
SSD = 205.634	n = 2685840	Reg = 0.00594847	Cost = 205.64
SSD = 205.117	n = 2685840	Reg = 0.00594	Cost = 205.123
SSD = 204.579	n = 2685840	Reg = 0.00593214	Cost = 204.585
SSD = 204.006	n = 2685840	Reg = 0.00592469	Cost = 204.012
SSD = 203.486	n = 2685840	Reg = 0.00591887	Cost = 203.492
SSD = 202.952	n = 2685840	Reg = 0.00591388	Cost = 202.958
SSD = 202.455	n = 2685840	Reg = 0.00591019	Cost = 202.461
SSD = 201.98	n = 2685840	Reg = 0.0059075	Cost = 201.986
SSD = 201.494	n = 2685840	Reg = 0.00590581	Cost = 201.5
SSD = 201.017	n = 2685840	Reg = 0.00590527	Cost = 201.023
SSD = 200.541	n = 2685840	Reg = 0.00590591	Cost = 200.547
SSD = 200.072	n = 2685840	Reg = 0.00590768	Cost = 200.077
SSD = 199.573	n = 2685840	Reg = 0.00591099	Cost = 199.579
SSD = 199.112	n = 2685840	Reg = 0.00591548	Cost = 199.118
SSD = 198.619	n = 2685840	Reg = 0.0059218	Cost = 198.625
SSD = 198.141	n = 2685840	Reg = 0.00592985	Cost = 198.147
SSD = 197.638	n = 2685840	Reg = 0.00594016	Cost = 197.644
SSD = 197.151	n = 2685840	Reg = 0.00595222	Cost = 197.157
SSD = 196.653	n = 2685840	Reg = 0.00596676	Cost = 196.659
SSD = 196.163	n = 2685840	Reg = 0.00598337	Cost = 196.169
SSD = 195.646	n = 2685840	Reg = 0.00600323	Cost = 195.652
SSD = 195.151	n = 2685840	Reg = 0.00602489	Cost = 195.157
SSD = 194.676	n = 2685840	Reg = 0.00604782	Cost = 194.682
SSD = 194.15	n = 2685840	Reg = 0.00607582	Cost = 194.156
SSD = 193.602	n = 2685840	Reg = 0.00610765	Cost = 193.608
SSD = 193.07	n = 2685840	Reg = 0.00614164	Cost = 193.076
SSD = 192.532	n = 2685840	Reg = 0.00617878	Cost = 192.539
SSD = 191.984	n = 2685840	Reg = 0.00621976	Cost = 191.99
SSD = 191.456	n = 2685840	Reg = 0.0062621	Cost = 191.462
SSD = 190.884	n = 2685840	Reg = 0.00631077	Cost = 190.89
SSD = 190.337	n = 2685840	Reg = 0.00636112	Cost = 190.344
SSD = 189.76	n = 2685840	Reg = 0.00641763	Cost = 189.766
SSD = 189.303	n = 2685840	Reg = 0.00646468	Cost = 189.309
SSD = 188.846	n = 2685840	Reg = 0.00651393	Cost = 188.853
SSD = 188.407	n = 2685840	Reg = 0.00656443	Cost = 188.413
SSD = 187.953	n = 2685840	Reg = 0.00661996	Cost = 187.959
SSD = 187.519	n = 2685840	Reg = 0.00667567	Cost = 187.526
SSD = 187.083	n = 2685840	Reg = 0.00673465	Cost = 187.09
SSD = 186.624	n = 2685840	Reg = 0.00679987	Cost = 186.631
SSD = 186.164	n = 2685840	Reg = 0.00686876	Cost = 186.171
SSD = 185.7	n = 2685840	Reg = 0.00694171	Cost = 185.707
SSD = 185.16	n = 2685840	Reg = 0.00703153	Cost = 185.167
SSD = 184.301	n = 2685840	Reg = 0.00717939	Cost = 184.308
SSD = 183.585	n = 2685840	Reg = 0.00730904	Cost = 183.593
SSD = 182.988	n = 2685840	Reg = 0.00742097	Cost = 182.996
SSD = 182.39	n = 2685840	Reg = 0.00753564	Cost = 182.398
SSD = 181.838	n = 2685840	Reg = 0.00764392	Cost = 181.845
SSD = 181.262	n = 2685840	Reg = 0.00775993	Cost = 181.27
SSD = 180.735	n = 2685840	Reg = 0.00786878	Cost = 180.742
SSD = 180.166	n = 2685840	Reg = 0.00798888	Cost = 180.174
SSD = 179.596	n = 2685840	Reg = 0.00811127	Cost = 179.604
SSD = 178.995	n = 2685840	Reg = 0.00824262	Cost = 179.004
SSD = 178.443	n = 2685840	Reg = 0.00836514	Cost = 178.452
SSD = 177.922	n = 2685840	Reg = 0.00848236	Cost = 177.931
SSD = 177.417	n = 2685840	Reg = 0.00859847	Cost = 177.426
SSD = 176.961	n = 2685840	Reg = 0.00870397	Cost = 176.969
SSD = 176.518	n = 2685840	Reg = 0.00880838	Cost = 176.527
SSD = 176.073	n = 2685840	Reg = 0.00891492	Cost = 176.082
SSD = 175.645	n = 2685840	Reg = 0.00901873	Cost = 175.654
SSD = 175.234	n = 2685840	Reg = 0.00911864	Cost = 175.243
SSD = 174.832	n = 2685840	Reg = 0.00921724	Cost = 174.841
SSD = 174.438	n = 2685840	Reg = 0.00931469	Cost = 174.448
SSD = 174.069	n = 2685840	Reg = 0.00940695	Cost = 174.079
SSD = 173.697	n = 2685840	Reg = 0.0095016	Cost = 173.706
SSD = 173.349	n = 2685840	Reg = 0.00959003	Cost = 173.359
SSD = 172.996	n = 2685840	Reg = 0.00968055	Cost = 173.006
SSD = 172.652	n = 2685840	Reg = 0.00976874	Cost = 172.662
SSD = 172.323	n = 2685840	Reg = 0.00985448	Cost = 172.333
SSD = 172.001	n = 2685840	Reg = 0.00993842	Cost = 172.011
SSD = 171.661	n = 2685840	Reg = 0.0100273	Cost = 171.671
SSD = 171.348	n = 2685840	Reg = 0.010109	Cost = 171.358
SSD = 171.046	n = 2685840	Reg = 0.0101884	Cost = 171.056
SSD = 170.74	n = 2685840	Reg = 0.0102689	Cost = 170.75
SSD = 170.441	n = 2685840	Reg = 0.0103482	Cost = 170.451
SSD = 170.159	n = 2685840	Reg = 0.0104229	Cost = 170.17
SSD = 169.879	n = 2685840	Reg = 0.0104967	Cost = 169.889
SSD = 169.598	n = 2685840	Reg = 0.0105715	Cost = 169.608
SSD = 169.325	n = 2685840	Reg = 0.0106442	Cost = 169.335
SSD = 169.051	n = 2685840	Reg = 0.0107165	Cost = 169.061
SSD = 168.783	n = 2685840	Reg = 0.010788	Cost = 168.793
SSD = 168.511	n = 2685840	Reg = 0.0108609	Cost = 168.522
SSD = 168.238	n = 2685840	Reg = 0.0109336	Cost = 168.249
SSD = 167.956	n = 2685840	Reg = 0.0110086	Cost = 167.967
SSD = 167.66	n = 2685840	Reg = 0.0110883	Cost = 167.671
SSD = 167.382	n = 2685840	Reg = 0.0111637	Cost = 167.393
SSD = 167.11	n = 2685840	Reg = 0.011237	Cost = 167.121
SSD = 166.846	n = 2685840	Reg = 0.0113083	Cost = 166.857
SSD = 166.59	n = 2685840	Reg = 0.0113774	Cost = 166.602
SSD = 166.332	n = 2685840	Reg = 0.0114478	Cost = 166.344
SSD = 166.074	n = 2685840	Reg = 0.0115182	Cost = 166.085
SSD = 165.824	n = 2685840	Reg = 0.011586	Cost = 165.836
SSD = 165.602	n = 2685840	Reg = 0.0116465	Cost = 165.613
----------REALIGNMENT----------
----------REGISTERING EPI TO ANATOMICAL----------
----------REGISTERING EPI TO MNI----------
Processing volume 0
Processing volume 1
Processing volume 2
Processing volume 3
Processing volume 4
Processing volume 5
Processing volume 6
Processing volume 7
Processing volume 8
Processing volume 9
Processing volume 10
Processing volume 11
Processing volume 12
Processing volume 13
Processing volume 14
Processing volume 15
Processing volume 16
Processing volume 17
Processing volume 18
Processing volume 19
Processing volume 20
Processing volume 21
Processing volume 22
Processing volume 23
Processing volume 24
Processing volume 25
Processing volume 26
Processing volume 27
Processing volume 28
Processing volume 29
Processing volume 30
Processing volume 31
Processing volume 32
Processing volume 33
Processing volume 34
Processing volume 35
Processing volume 36
Processing volume 37
Processing volume 38
Processing volume 39
Processing volume 40
Processing volume 41
Processing volume 42
Processing volume 43
Processing volume 44
Processing volume 45
Processing volume 46
Processing volume 47
Processing volume 48
Processing volume 49
Processing volume 50
Processing volume 51
Processing volume 52
Processing volume 53
Processing volume 54
Processing volume 55
Processing volume 56
Processing volume 57
Processing volume 58
Processing volume 59
Processing volume 60
Processing volume 61
Processing volume 62
Processing volume 63
Processing volume 64
Processing volume 65
Processing volume 66
Processing volume 67
Processing volume 68
Processing volume 69
Processing volume 70
Processing volume 71
Processing volume 72
Processing volume 73
Processing volume 74
Processing volume 75
Processing volume 76
Processing volume 77
Processing volume 78
Processing volume 79
Processing volume 80
Processing volume 81
Processing volume 82
Processing volume 83
Processing volume 84
Processing volume 85
Processing volume 86
Processing volume 87
Processing volume 88
Processing volume 89
Processing volume 90
Processing volume 91
Processing volume 92
Processing volume 93
Processing volume 94
Processing volume 95
Processing volume 96
Processing volume 97
Processing volume 98
Processing volume 99
Processing volume 100
Processing volume 101
Processing volume 102
Processing volume 103
Processing volume 104
Processing volume 105
Processing volume 106
Processing volume 107
Processing volume 108
Processing volume 109
Processing volume 110
Processing volume 111
Processing volume 112
Processing volume 113
Processing volume 114
Processing volume 115
Processing volume 116
Processing volume 117
Processing volume 118
Processing volume 119
Processing volume 120
Processing volume 121
Processing volume 122
Processing volume 123
Error: short write, output file will be truncated
 file /home/tom29/rds/hpc-work/cbbu_BIDS/sub-01/func/sub-01_task-facehouse_acq-1_dir-PA_bold_vol-123.nii.gz is not recognized as a supported image format . 
terminate called after throwing an instance of 'itk::ExceptionObject'
  what():  /workspace/build/ITKv5/Modules/Core/Common/src/itkProcessObject.cxx:1339:
ITK ERROR: ResampleImageFilter(0x4382000): Input Primary is required but not set.
/var/spool/slurm/slurmd/job20299313/slurm_script: line 214: 121330 Aborted                 antsApplyTransforms -d 3 -i "${tmp_vol}" -r "${FSLDIR}/data/standard/MNI152_T1_1mm_brain.nii.gz" -t "${template_to_MNI_SyN}" -t "${template_to_MNI_affine}" -t "${MP2RAGE_to_template_SyN}" -t "${MP2RAGE_to_template_affine}" -t "${BIDS_root}/${sub_id}/func/${sub_id}_func_to_anatomical_ANTS.mat" -o "${run1_fname}_MNI_vol-${v}.nii.gz" -n Linear
