Loading spm/spm12
  Loading requirement: matlab/r2019a
----------CENTRING IMAGES----------
MATLAB is selecting SOFTWARE OPENGL rendering.

Written new image at:
	/home/tom29/rds/rds-pal_lab-WJZDLUY2Dhw/cbbu_BIDS/sub-30/func/sub-30_task-facehouse_acq-1_dir-PA_bold_centred.nii

MATLAB is selecting SOFTWARE OPENGL rendering.

Written new image at:
	/home/tom29/rds/rds-pal_lab-WJZDLUY2Dhw/cbbu_BIDS/sub-30/func/sub-30_task-facehouse_acq-2_dir-PA_bold_centred.nii

MATLAB is selecting SOFTWARE OPENGL rendering.

Written new image at:
	/home/tom29/rds/rds-pal_lab-WJZDLUY2Dhw/cbbu_BIDS/sub-30/func/sub-30_acq-LC_dir-AP_bold_centred.nii

MATLAB is selecting SOFTWARE OPENGL rendering.

Written new image at:
	/home/tom29/rds/rds-pal_lab-WJZDLUY2Dhw/cbbu_BIDS/sub-30/func/sub-30_task-facehouse_acq-1_dir-PA_sbref_centred.nii

----------SUSCEPTIBILITY DISTORTION CORRECTION----------
SSD = 534.731	n = 323454	Reg = 0	Cost = 534.731
SSD = 157.723	n = 323454	Reg = 10.1183	Cost = 167.841
SSD = 107.831	n = 323454	Reg = 20.9382	Cost = 128.77
SSD = 97.1589	n = 323454	Reg = 25.8707	Cost = 123.03
SSD = 94.432	n = 323454	Reg = 27.5015	Cost = 121.933
SSD = 93.6552	n = 323454	Reg = 28.009	Cost = 121.664
***Going to next resolution level***
SSD = 175.018	n = 323454	Reg = 15.6378	Cost = 190.656
SSD = 85.0027	n = 323454	Reg = 13.521	Cost = 98.5237
SSD = 67.0165	n = 323454	Reg = 18.5535	Cost = 85.57
SSD = 62.2434	n = 323454	Reg = 20.7296	Cost = 82.9731
SSD = 60.5833	n = 323454	Reg = 21.5389	Cost = 82.1222
SSD = 59.8456	n = 323454	Reg = 21.8884	Cost = 81.734
***Going to next resolution level***
SSD = 161.183	n = 323454	Reg = 5.89522	Cost = 167.078
SSD = 118.194	n = 323454	Reg = 10.2982	Cost = 128.492
SSD = 108.116	n = 323454	Reg = 13.7436	Cost = 121.859
SSD = 105.022	n = 323454	Reg = 15.0625	Cost = 120.085
SSD = 103.763	n = 323454	Reg = 15.5907	Cost = 119.354
SSD = 103.111	n = 323454	Reg = 15.9098	Cost = 119.02
***Going to next resolution level***
SSD = 187.204	n = 323454	Reg = 8.59317	Cost = 195.798
SSD = 63.0215	n = 323454	Reg = 3.84778	Cost = 66.8693
SSD = 48.9509	n = 323454	Reg = 5.6147	Cost = 54.5656
SSD = 45.128	n = 323454	Reg = 6.40782	Cost = 51.5358
SSD = 43.49	n = 323454	Reg = 6.78564	Cost = 50.2756
SSD = 42.5333	n = 323454	Reg = 7.01985	Cost = 49.5531
SSD = 41.9121	n = 323454	Reg = 7.19613	Cost = 49.1082
SSD = 41.4627	n = 323454	Reg = 7.33836	Cost = 48.8011
SSD = 41.0946	n = 323454	Reg = 7.46514	Cost = 48.5598
SSD = 40.7725	n = 323454	Reg = 7.58138	Cost = 48.3539
SSD = 40.4912	n = 323454	Reg = 7.68393	Cost = 48.1752
***Going to next resolution level***
SSD = 171.857	n = 2685840	Reg = 208.626	Cost = 380.483
SSD = 66.959	n = 2685840	Reg = 35.0716	Cost = 102.031
SSD = 52.3011	n = 2685840	Reg = 28.1665	Cost = 80.4675
SSD = 49.3314	n = 2685840	Reg = 26.9112	Cost = 76.2426
SSD = 48.8843	n = 2685840	Reg = 26.1293	Cost = 75.0137
SSD = 48.986	n = 2685840	Reg = 25.5199	Cost = 74.5059
SSD = 49.1942	n = 2685840	Reg = 25.0363	Cost = 74.2306
SSD = 49.3949	n = 2685840	Reg = 24.6572	Cost = 74.052
SSD = 49.564	n = 2685840	Reg = 24.3657	Cost = 73.9297
SSD = 49.6952	n = 2685840	Reg = 24.1436	Cost = 73.8388
SSD = 49.7962	n = 2685840	Reg = 23.9661	Cost = 73.7623
***Going to next resolution level***
SSD = 49.7962	n = 2685840	Reg = 2.39661	Cost = 52.1928
SSD = 49.6278	n = 2685840	Reg = 2.40686	Cost = 52.0346
SSD = 49.5578	n = 2685840	Reg = 2.41263	Cost = 51.9704
SSD = 49.4012	n = 2685840	Reg = 2.42603	Cost = 51.8273
SSD = 49.1028	n = 2685840	Reg = 2.45216	Cost = 51.5549
SSD = 48.6633	n = 2685840	Reg = 2.49663	Cost = 51.16
SSD = 48.2454	n = 2685840	Reg = 2.55087	Cost = 50.7963
SSD = 47.8852	n = 2685840	Reg = 2.61177	Cost = 50.497
SSD = 47.6184	n = 2685840	Reg = 2.66898	Cost = 50.2873
SSD = 47.4369	n = 2685840	Reg = 2.71295	Cost = 50.1498
SSD = 47.2518	n = 2685840	Reg = 2.75972	Cost = 50.0115
SSD = 47.0268	n = 2685840	Reg = 2.81749	Cost = 49.8443
SSD = 46.7957	n = 2685840	Reg = 2.87733	Cost = 49.673
SSD = 46.5974	n = 2685840	Reg = 2.92894	Cost = 49.5264
SSD = 46.4149	n = 2685840	Reg = 2.97643	Cost = 49.3914
SSD = 46.2438	n = 2685840	Reg = 3.02084	Cost = 49.2646
SSD = 46.0679	n = 2685840	Reg = 3.06609	Cost = 49.134
SSD = 45.8867	n = 2685840	Reg = 3.11235	Cost = 48.9991
SSD = 45.691	n = 2685840	Reg = 3.16218	Cost = 48.8532
SSD = 45.518	n = 2685840	Reg = 3.2061	Cost = 48.7241
SSD = 45.3413	n = 2685840	Reg = 3.25074	Cost = 48.592
***Going to next resolution level***
SSD = 421.293	n = 2685840	Reg = 37.8429	Cost = 459.136
SSD = 337.655	n = 2685840	Reg = 30.3072	Cost = 367.963
SSD = 303.703	n = 2685840	Reg = 27.2514	Cost = 330.954
SSD = 276.77	n = 2685840	Reg = 24.8383	Cost = 301.608
SSD = 257.758	n = 2685840	Reg = 23.1466	Cost = 280.905
SSD = 243.651	n = 2685840	Reg = 21.8986	Cost = 265.549
SSD = 230.641	n = 2685840	Reg = 20.7583	Cost = 251.399
SSD = 221.34	n = 2685840	Reg = 19.951	Cost = 241.291
SSD = 212.274	n = 2685840	Reg = 19.1733	Cost = 231.448
SSD = 204.54	n = 2685840	Reg = 18.5184	Cost = 223.058
SSD = 198.108	n = 2685840	Reg = 17.9814	Cost = 216.09
SSD = 191.884	n = 2685840	Reg = 17.4686	Cost = 209.353
SSD = 186.431	n = 2685840	Reg = 17.0258	Cost = 203.457
SSD = 181.458	n = 2685840	Reg = 16.6296	Cost = 198.088
SSD = 176.826	n = 2685840	Reg = 16.2671	Cost = 193.094
SSD = 172.773	n = 2685840	Reg = 15.9562	Cost = 188.729
SSD = 168.739	n = 2685840	Reg = 15.6538	Cost = 184.393
SSD = 165.138	n = 2685840	Reg = 15.3894	Cost = 180.527
SSD = 161.808	n = 2685840	Reg = 15.1494	Cost = 176.957
SSD = 158.758	n = 2685840	Reg = 14.9363	Cost = 173.694
SSD = 155.92	n = 2685840	Reg = 14.743	Cost = 170.663
***Going to next resolution level***
SSD = 217.102	n = 2685840	Reg = 0.20528	Cost = 217.307
SSD = 210.762	n = 2685840	Reg = 0.199518	Cost = 210.962
SSD = 205.581	n = 2685840	Reg = 0.19501	Cost = 205.776
SSD = 202.156	n = 2685840	Reg = 0.192242	Cost = 202.348
SSD = 199.216	n = 2685840	Reg = 0.190077	Cost = 199.406
SSD = 196.863	n = 2685840	Reg = 0.188551	Cost = 197.052
SSD = 194.857	n = 2685840	Reg = 0.18748	Cost = 195.045
SSD = 193.195	n = 2685840	Reg = 0.186764	Cost = 193.382
SSD = 191.939	n = 2685840	Reg = 0.186366	Cost = 192.125
SSD = 190.679	n = 2685840	Reg = 0.186141	Cost = 190.865
SSD = 188.943	n = 2685840	Reg = 0.186026	Cost = 189.129
SSD = 185.649	n = 2685840	Reg = 0.186059	Cost = 185.835
SSD = 182.659	n = 2685840	Reg = 0.186351	Cost = 182.845
SSD = 179.121	n = 2685840	Reg = 0.186992	Cost = 179.308
SSD = 176.044	n = 2685840	Reg = 0.187686	Cost = 176.232
SSD = 173.152	n = 2685840	Reg = 0.188581	Cost = 173.34
SSD = 170.403	n = 2685840	Reg = 0.189393	Cost = 170.592
SSD = 167.751	n = 2685840	Reg = 0.190181	Cost = 167.941
SSD = 165.021	n = 2685840	Reg = 0.191322	Cost = 165.212
SSD = 162.994	n = 2685840	Reg = 0.192174	Cost = 163.186
SSD = 161.289	n = 2685840	Reg = 0.192981	Cost = 161.482
SSD = 159.874	n = 2685840	Reg = 0.193687	Cost = 160.067
SSD = 158.364	n = 2685840	Reg = 0.194479	Cost = 158.559
SSD = 157.037	n = 2685840	Reg = 0.195231	Cost = 157.232
SSD = 155.704	n = 2685840	Reg = 0.196052	Cost = 155.9
SSD = 154.387	n = 2685840	Reg = 0.196933	Cost = 154.584
SSD = 153.039	n = 2685840	Reg = 0.197885	Cost = 153.237
SSD = 151.828	n = 2685840	Reg = 0.198811	Cost = 152.027
SSD = 150.655	n = 2685840	Reg = 0.199744	Cost = 150.855
SSD = 149.395	n = 2685840	Reg = 0.200822	Cost = 149.596
SSD = 148.143	n = 2685840	Reg = 0.201941	Cost = 148.345
SSD = 146.945	n = 2685840	Reg = 0.203067	Cost = 147.148
SSD = 145.789	n = 2685840	Reg = 0.204219	Cost = 145.993
SSD = 144.71	n = 2685840	Reg = 0.205313	Cost = 144.915
SSD = 143.644	n = 2685840	Reg = 0.206445	Cost = 143.851
SSD = 142.645	n = 2685840	Reg = 0.207541	Cost = 142.852
SSD = 141.706	n = 2685840	Reg = 0.208612	Cost = 141.914
SSD = 140.706	n = 2685840	Reg = 0.20978	Cost = 140.916
SSD = 139.683	n = 2685840	Reg = 0.211049	Cost = 139.894
SSD = 138.723	n = 2685840	Reg = 0.212279	Cost = 138.935
SSD = 137.839	n = 2685840	Reg = 0.213456	Cost = 138.052
SSD = 136.946	n = 2685840	Reg = 0.21469	Cost = 137.161
SSD = 136.094	n = 2685840	Reg = 0.215903	Cost = 136.31
SSD = 135.285	n = 2685840	Reg = 0.217068	Cost = 135.502
SSD = 134.465	n = 2685840	Reg = 0.218314	Cost = 134.683
SSD = 133.716	n = 2685840	Reg = 0.219519	Cost = 133.935
SSD = 132.961	n = 2685840	Reg = 0.220777	Cost = 133.181
SSD = 132.243	n = 2685840	Reg = 0.222015	Cost = 132.465
SSD = 131.54	n = 2685840	Reg = 0.223282	Cost = 131.763
SSD = 130.854	n = 2685840	Reg = 0.224558	Cost = 131.079
SSD = 130.174	n = 2685840	Reg = 0.225881	Cost = 130.4
***Going to next resolution level***
SSD = 130.176	n = 2685840	Reg = 0.00451391	Cost = 130.181
SSD = 129.835	n = 2685840	Reg = 0.00450222	Cost = 129.839
SSD = 129.36	n = 2685840	Reg = 0.00448637	Cost = 129.364
SSD = 128.97	n = 2685840	Reg = 0.00447369	Cost = 128.974
SSD = 128.597	n = 2685840	Reg = 0.00446204	Cost = 128.602
SSD = 128.2	n = 2685840	Reg = 0.00445026	Cost = 128.205
SSD = 127.854	n = 2685840	Reg = 0.00444066	Cost = 127.858
SSD = 127.481	n = 2685840	Reg = 0.00443101	Cost = 127.485
SSD = 127.101	n = 2685840	Reg = 0.00442194	Cost = 127.105
SSD = 126.761	n = 2685840	Reg = 0.00441449	Cost = 126.765
SSD = 126.385	n = 2685840	Reg = 0.00440699	Cost = 126.389
SSD = 125.971	n = 2685840	Reg = 0.00439952	Cost = 125.975
SSD = 125.595	n = 2685840	Reg = 0.00439339	Cost = 125.599
SSD = 125.22	n = 2685840	Reg = 0.00438792	Cost = 125.224
SSD = 124.851	n = 2685840	Reg = 0.00438324	Cost = 124.855
SSD = 124.486	n = 2685840	Reg = 0.00437923	Cost = 124.491
SSD = 124.119	n = 2685840	Reg = 0.00437589	Cost = 124.123
SSD = 123.763	n = 2685840	Reg = 0.00437326	Cost = 123.767
SSD = 123.441	n = 2685840	Reg = 0.00437154	Cost = 123.445
SSD = 123.068	n = 2685840	Reg = 0.00437044	Cost = 123.072
SSD = 122.718	n = 2685840	Reg = 0.00437023	Cost = 122.722
SSD = 122.375	n = 2685840	Reg = 0.00437096	Cost = 122.379
SSD = 122.011	n = 2685840	Reg = 0.0043726	Cost = 122.015
SSD = 121.66	n = 2685840	Reg = 0.00437534	Cost = 121.664
SSD = 121.301	n = 2685840	Reg = 0.00437922	Cost = 121.305
SSD = 120.948	n = 2685840	Reg = 0.00438421	Cost = 120.952
SSD = 120.602	n = 2685840	Reg = 0.00438985	Cost = 120.607
SSD = 120.256	n = 2685840	Reg = 0.00439623	Cost = 120.261
SSD = 119.882	n = 2685840	Reg = 0.00440554	Cost = 119.886
SSD = 119.54	n = 2685840	Reg = 0.00441531	Cost = 119.545
SSD = 119.191	n = 2685840	Reg = 0.00442673	Cost = 119.196
SSD = 118.785	n = 2685840	Reg = 0.00444166	Cost = 118.79
SSD = 118.37	n = 2685840	Reg = 0.00445869	Cost = 118.374
SSD = 117.908	n = 2685840	Reg = 0.00447938	Cost = 117.913
SSD = 117.53	n = 2685840	Reg = 0.00449789	Cost = 117.535
SSD = 117.118	n = 2685840	Reg = 0.00451988	Cost = 117.122
SSD = 116.644	n = 2685840	Reg = 0.00454703	Cost = 116.649
SSD = 116.221	n = 2685840	Reg = 0.00457363	Cost = 116.226
SSD = 115.773	n = 2685840	Reg = 0.00460382	Cost = 115.778
SSD = 115.347	n = 2685840	Reg = 0.00463448	Cost = 115.352
SSD = 114.975	n = 2685840	Reg = 0.00466289	Cost = 114.98
SSD = 114.684	n = 2685840	Reg = 0.00468639	Cost = 114.689
SSD = 114.409	n = 2685840	Reg = 0.00471051	Cost = 114.414
SSD = 114.116	n = 2685840	Reg = 0.00473774	Cost = 114.12
SSD = 113.81	n = 2685840	Reg = 0.00476786	Cost = 113.814
SSD = 113.484	n = 2685840	Reg = 0.0048019	Cost = 113.489
SSD = 113.172	n = 2685840	Reg = 0.00483658	Cost = 113.177
SSD = 112.842	n = 2685840	Reg = 0.00487542	Cost = 112.847
SSD = 112.495	n = 2685840	Reg = 0.00491815	Cost = 112.5
SSD = 112.097	n = 2685840	Reg = 0.00496919	Cost = 112.102
SSD = 111.532	n = 2685840	Reg = 0.00504534	Cost = 111.538
SSD = 110.964	n = 2685840	Reg = 0.00512576	Cost = 110.969
SSD = 110.52	n = 2685840	Reg = 0.00519037	Cost = 110.526
SSD = 110.046	n = 2685840	Reg = 0.00526074	Cost = 110.051
SSD = 109.592	n = 2685840	Reg = 0.00533036	Cost = 109.597
SSD = 109.201	n = 2685840	Reg = 0.00539114	Cost = 109.207
SSD = 108.821	n = 2685840	Reg = 0.00545162	Cost = 108.826
SSD = 108.456	n = 2685840	Reg = 0.00551056	Cost = 108.462
SSD = 108.039	n = 2685840	Reg = 0.00557979	Cost = 108.044
SSD = 107.541	n = 2685840	Reg = 0.00566383	Cost = 107.547
SSD = 107.083	n = 2685840	Reg = 0.00574263	Cost = 107.088
SSD = 106.695	n = 2685840	Reg = 0.00581038	Cost = 106.701
SSD = 106.357	n = 2685840	Reg = 0.00586994	Cost = 106.363
SSD = 106.023	n = 2685840	Reg = 0.00593013	Cost = 106.029
SSD = 105.72	n = 2685840	Reg = 0.00598494	Cost = 105.726
SSD = 105.422	n = 2685840	Reg = 0.00603963	Cost = 105.428
SSD = 105.125	n = 2685840	Reg = 0.00609433	Cost = 105.132
SSD = 104.829	n = 2685840	Reg = 0.00614936	Cost = 104.836
SSD = 104.541	n = 2685840	Reg = 0.00620422	Cost = 104.547
SSD = 104.276	n = 2685840	Reg = 0.00625531	Cost = 104.282
SSD = 104.017	n = 2685840	Reg = 0.00630521	Cost = 104.023
SSD = 103.736	n = 2685840	Reg = 0.00636018	Cost = 103.742
SSD = 103.458	n = 2685840	Reg = 0.00641478	Cost = 103.465
SSD = 103.197	n = 2685840	Reg = 0.00646661	Cost = 103.204
SSD = 102.972	n = 2685840	Reg = 0.0065109	Cost = 102.979
SSD = 102.725	n = 2685840	Reg = 0.00656013	Cost = 102.732
SSD = 102.484	n = 2685840	Reg = 0.00660805	Cost = 102.491
SSD = 102.253	n = 2685840	Reg = 0.00665429	Cost = 102.259
SSD = 102.029	n = 2685840	Reg = 0.00669848	Cost = 102.036
SSD = 101.811	n = 2685840	Reg = 0.00674187	Cost = 101.818
SSD = 101.612	n = 2685840	Reg = 0.00678174	Cost = 101.619
SSD = 101.44	n = 2685840	Reg = 0.00681603	Cost = 101.447
SSD = 101.265	n = 2685840	Reg = 0.00685071	Cost = 101.271
SSD = 101.083	n = 2685840	Reg = 0.00688652	Cost = 101.09
SSD = 100.882	n = 2685840	Reg = 0.00692637	Cost = 100.889
SSD = 100.691	n = 2685840	Reg = 0.00696434	Cost = 100.698
SSD = 100.51	n = 2685840	Reg = 0.00700007	Cost = 100.517
SSD = 100.318	n = 2685840	Reg = 0.00703776	Cost = 100.325
SSD = 100.119	n = 2685840	Reg = 0.00707657	Cost = 100.127
SSD = 99.9197	n = 2685840	Reg = 0.00711583	Cost = 99.9268
SSD = 99.6966	n = 2685840	Reg = 0.00715989	Cost = 99.7037
SSD = 99.4876	n = 2685840	Reg = 0.00720108	Cost = 99.4948
SSD = 99.2822	n = 2685840	Reg = 0.0072418	Cost = 99.2895
SSD = 99.0913	n = 2685840	Reg = 0.00727904	Cost = 99.0986
SSD = 98.8971	n = 2685840	Reg = 0.00731742	Cost = 98.9044
SSD = 98.7135	n = 2685840	Reg = 0.00735341	Cost = 98.7209
SSD = 98.5358	n = 2685840	Reg = 0.00738833	Cost = 98.5432
SSD = 98.3572	n = 2685840	Reg = 0.00742305	Cost = 98.3646
SSD = 98.1875	n = 2685840	Reg = 0.00745593	Cost = 98.195
SSD = 98.0131	n = 2685840	Reg = 0.00748971	Cost = 98.0206
SSD = 97.8323	n = 2685840	Reg = 0.00752486	Cost = 97.8398
----------REALIGNMENT----------
----------REGISTERING EPI TO ANATOMICAL----------
----------REGISTERING EPI TO MNI----------
----------SMOOTHING----------
MATLAB is selecting SOFTWARE OPENGL rendering.
MATLAB is selecting SOFTWARE OPENGL rendering.
