Non-commercial use only - see $FSLDIR/LICENSE
Loading spm/spm12
  Loading requirement: matlab/r2019a
----------CENTRING IMAGES----------
MATLAB is selecting SOFTWARE OPENGL rendering.

Written new image at:
	/home/tom29/rds/hpc-work/cbbu_BIDS/sub-18/func/sub-18_task-facehouse_acq-1_dir-PA_bold_centred.nii

MATLAB is selecting SOFTWARE OPENGL rendering.

Written new image at:
	/home/tom29/rds/hpc-work/cbbu_BIDS/sub-18/func/sub-18_task-facehouse_acq-2_dir-PA_bold_centred.nii

MATLAB is selecting SOFTWARE OPENGL rendering.

Written new image at:
	/home/tom29/rds/hpc-work/cbbu_BIDS/sub-18/func/sub-18_acq-LC_dir-AP_bold_centred.nii

MATLAB is selecting SOFTWARE OPENGL rendering.

Written new image at:
	/home/tom29/rds/hpc-work/cbbu_BIDS/sub-18/func/sub-18_task-facehouse_acq-1_dir-PA_sbref_centred.nii

----------SUSCEPTIBILITY DISTORTION CORRECTION----------
SSD = 738.027	n = 323454	Reg = 0	Cost = 738.027
SSD = 188.476	n = 323454	Reg = 13.4082	Cost = 201.885
SSD = 118.805	n = 323454	Reg = 22.4973	Cost = 141.302
SSD = 105.114	n = 323454	Reg = 28.0819	Cost = 133.196
SSD = 101.727	n = 323454	Reg = 30.0033	Cost = 131.731
SSD = 100.787	n = 323454	Reg = 30.596	Cost = 131.384
***Going to next resolution level***
SSD = 161.969	n = 323454	Reg = 17.7618	Cost = 179.731
SSD = 82.4696	n = 323454	Reg = 15.3317	Cost = 97.8013
SSD = 62.9604	n = 323454	Reg = 19.8108	Cost = 82.7712
SSD = 57.2952	n = 323454	Reg = 21.6611	Cost = 78.9564
SSD = 55.241	n = 323454	Reg = 22.3092	Cost = 77.5503
SSD = 54.176	n = 323454	Reg = 22.5455	Cost = 76.7214
***Going to next resolution level***
SSD = 123.373	n = 323454	Reg = 5.13421	Cost = 128.508
SSD = 92.9999	n = 323454	Reg = 8.36089	Cost = 101.361
SSD = 85.7846	n = 323454	Reg = 10.6636	Cost = 96.4483
SSD = 83.6093	n = 323454	Reg = 11.5374	Cost = 95.1467
SSD = 82.5999	n = 323454	Reg = 11.8589	Cost = 94.4587
SSD = 81.986	n = 323454	Reg = 12.0099	Cost = 93.9959
***Going to next resolution level***
SSD = 138.75	n = 323454	Reg = 6.00043	Cost = 144.75
SSD = 54.625	n = 323454	Reg = 3.20499	Cost = 57.83
SSD = 43.6574	n = 323454	Reg = 4.5214	Cost = 48.1788
SSD = 40.3477	n = 323454	Reg = 5.18078	Cost = 45.5285
SSD = 38.7287	n = 323454	Reg = 5.48861	Cost = 44.2173
SSD = 37.7321	n = 323454	Reg = 5.71103	Cost = 43.4431
SSD = 37.0704	n = 323454	Reg = 5.8793	Cost = 42.9497
SSD = 36.6059	n = 323454	Reg = 6.01608	Cost = 42.622
SSD = 36.2796	n = 323454	Reg = 6.1275	Cost = 42.4071
SSD = 36.0311	n = 323454	Reg = 6.2225	Cost = 42.2536
SSD = 35.8309	n = 323454	Reg = 6.30309	Cost = 42.1339
***Going to next resolution level***
SSD = 128.228	n = 2685840	Reg = 222.609	Cost = 350.838
SSD = 62.5551	n = 2685840	Reg = 36.8723	Cost = 99.4273
SSD = 52.837	n = 2685840	Reg = 29.8483	Cost = 82.6852
SSD = 51.2432	n = 2685840	Reg = 27.9852	Cost = 79.2284
SSD = 51.5849	n = 2685840	Reg = 26.6773	Cost = 78.2622
SSD = 51.8789	n = 2685840	Reg = 25.6922	Cost = 77.5711
SSD = 52.3063	n = 2685840	Reg = 25.012	Cost = 77.3182
SSD = 52.6313	n = 2685840	Reg = 24.5233	Cost = 77.1546
SSD = 52.941	n = 2685840	Reg = 24.1227	Cost = 77.0637
SSD = 53.1712	n = 2685840	Reg = 23.8118	Cost = 76.983
SSD = 53.385	n = 2685840	Reg = 23.5449	Cost = 76.9299
***Going to next resolution level***
SSD = 53.385	n = 2685840	Reg = 2.35449	Cost = 55.7395
SSD = 53.2078	n = 2685840	Reg = 2.36572	Cost = 55.5736
SSD = 53.0445	n = 2685840	Reg = 2.37896	Cost = 55.4235
SSD = 52.8966	n = 2685840	Reg = 2.39109	Cost = 55.2877
SSD = 52.6222	n = 2685840	Reg = 2.41779	Cost = 55.04
SSD = 52.1837	n = 2685840	Reg = 2.4656	Cost = 54.6493
SSD = 51.7167	n = 2685840	Reg = 2.52966	Cost = 54.2463
SSD = 51.3944	n = 2685840	Reg = 2.58952	Cost = 53.9839
SSD = 51.1503	n = 2685840	Reg = 2.64488	Cost = 53.7951
SSD = 50.9423	n = 2685840	Reg = 2.69788	Cost = 53.6402
SSD = 50.7453	n = 2685840	Reg = 2.75087	Cost = 53.4962
SSD = 50.5365	n = 2685840	Reg = 2.80808	Cost = 53.3446
SSD = 50.3294	n = 2685840	Reg = 2.86524	Cost = 53.1947
SSD = 50.1257	n = 2685840	Reg = 2.92168	Cost = 53.0474
SSD = 49.9533	n = 2685840	Reg = 2.96931	Cost = 52.9226
SSD = 49.7677	n = 2685840	Reg = 3.02014	Cost = 52.7879
SSD = 49.5609	n = 2685840	Reg = 3.07624	Cost = 52.6371
SSD = 49.3769	n = 2685840	Reg = 3.12582	Cost = 52.5027
SSD = 49.1958	n = 2685840	Reg = 3.17445	Cost = 52.3702
SSD = 49.003	n = 2685840	Reg = 3.22606	Cost = 52.2291
SSD = 48.8457	n = 2685840	Reg = 3.26789	Cost = 52.1136
***Going to next resolution level***
SSD = 604.312	n = 2685840	Reg = 57.1413	Cost = 661.454
SSD = 509.18	n = 2685840	Reg = 48.1072	Cost = 557.287
SSD = 455.796	n = 2685840	Reg = 43.0586	Cost = 498.855
SSD = 408.065	n = 2685840	Reg = 38.5835	Cost = 446.649
SSD = 364.166	n = 2685840	Reg = 34.5425	Cost = 398.708
SSD = 336.578	n = 2685840	Reg = 32.0625	Cost = 368.641
SSD = 313.164	n = 2685840	Reg = 30.0349	Cost = 343.199
SSD = 293.416	n = 2685840	Reg = 28.3895	Cost = 321.806
SSD = 279.243	n = 2685840	Reg = 27.2512	Cost = 306.495
SSD = 267.652	n = 2685840	Reg = 26.3478	Cost = 294
SSD = 256.727	n = 2685840	Reg = 25.5168	Cost = 282.244
SSD = 247.495	n = 2685840	Reg = 24.8398	Cost = 272.334
SSD = 238.521	n = 2685840	Reg = 24.1957	Cost = 262.717
SSD = 231.471	n = 2685840	Reg = 23.6937	Cost = 255.165
SSD = 225.138	n = 2685840	Reg = 23.2515	Cost = 248.39
SSD = 218.226	n = 2685840	Reg = 22.7751	Cost = 241.001
SSD = 212.598	n = 2685840	Reg = 22.397	Cost = 234.995
SSD = 207.994	n = 2685840	Reg = 22.0909	Cost = 230.085
SSD = 203.077	n = 2685840	Reg = 21.7655	Cost = 224.842
SSD = 198.437	n = 2685840	Reg = 21.4631	Cost = 219.9
SSD = 194.712	n = 2685840	Reg = 21.2203	Cost = 215.932
***Going to next resolution level***
SSD = 251.009	n = 2685840	Reg = 0.273558	Cost = 251.283
SSD = 247.718	n = 2685840	Reg = 0.270102	Cost = 247.989
SSD = 243.608	n = 2685840	Reg = 0.266022	Cost = 243.874
SSD = 239.711	n = 2685840	Reg = 0.262345	Cost = 239.973
SSD = 235.96	n = 2685840	Reg = 0.259054	Cost = 236.219
SSD = 233.159	n = 2685840	Reg = 0.256871	Cost = 233.415
SSD = 229.897	n = 2685840	Reg = 0.254681	Cost = 230.152
SSD = 227.922	n = 2685840	Reg = 0.253606	Cost = 228.175
SSD = 225.974	n = 2685840	Reg = 0.252822	Cost = 226.227
SSD = 223.95	n = 2685840	Reg = 0.252255	Cost = 224.202
SSD = 221.558	n = 2685840	Reg = 0.251933	Cost = 221.81
SSD = 216.663	n = 2685840	Reg = 0.251937	Cost = 216.915
SSD = 213.594	n = 2685840	Reg = 0.252439	Cost = 213.846
SSD = 210.598	n = 2685840	Reg = 0.253342	Cost = 210.851
SSD = 207.974	n = 2685840	Reg = 0.254583	Cost = 208.229
SSD = 205.641	n = 2685840	Reg = 0.255977	Cost = 205.897
SSD = 203.42	n = 2685840	Reg = 0.257617	Cost = 203.678
SSD = 200.698	n = 2685840	Reg = 0.259996	Cost = 200.958
SSD = 198.464	n = 2685840	Reg = 0.262278	Cost = 198.726
SSD = 196.315	n = 2685840	Reg = 0.264744	Cost = 196.58
SSD = 194.536	n = 2685840	Reg = 0.266961	Cost = 194.803
SSD = 192.931	n = 2685840	Reg = 0.26921	Cost = 193.2
SSD = 190.973	n = 2685840	Reg = 0.272267	Cost = 191.246
SSD = 188.98	n = 2685840	Reg = 0.275536	Cost = 189.256
SSD = 187.107	n = 2685840	Reg = 0.27886	Cost = 187.386
SSD = 185.322	n = 2685840	Reg = 0.282269	Cost = 185.604
SSD = 183.746	n = 2685840	Reg = 0.285442	Cost = 184.031
SSD = 182.4	n = 2685840	Reg = 0.288225	Cost = 182.689
SSD = 181.084	n = 2685840	Reg = 0.291002	Cost = 181.375
SSD = 179.824	n = 2685840	Reg = 0.293708	Cost = 180.118
SSD = 178.479	n = 2685840	Reg = 0.296655	Cost = 178.776
SSD = 177.307	n = 2685840	Reg = 0.299216	Cost = 177.607
SSD = 176.258	n = 2685840	Reg = 0.301506	Cost = 176.56
SSD = 175.19	n = 2685840	Reg = 0.303872	Cost = 175.494
SSD = 174.122	n = 2685840	Reg = 0.306203	Cost = 174.428
SSD = 173.108	n = 2685840	Reg = 0.30842	Cost = 173.416
SSD = 172.017	n = 2685840	Reg = 0.310775	Cost = 172.328
SSD = 170.941	n = 2685840	Reg = 0.313082	Cost = 171.254
SSD = 169.92	n = 2685840	Reg = 0.315189	Cost = 170.235
SSD = 168.982	n = 2685840	Reg = 0.31705	Cost = 169.299
SSD = 168.014	n = 2685840	Reg = 0.31911	Cost = 168.333
SSD = 167.123	n = 2685840	Reg = 0.321014	Cost = 167.444
SSD = 166.269	n = 2685840	Reg = 0.322842	Cost = 166.592
SSD = 165.417	n = 2685840	Reg = 0.324699	Cost = 165.742
SSD = 164.577	n = 2685840	Reg = 0.326572	Cost = 164.903
SSD = 163.845	n = 2685840	Reg = 0.328206	Cost = 164.173
SSD = 163.076	n = 2685840	Reg = 0.329963	Cost = 163.406
SSD = 162.276	n = 2685840	Reg = 0.331841	Cost = 162.608
SSD = 161.594	n = 2685840	Reg = 0.333492	Cost = 161.927
SSD = 160.83	n = 2685840	Reg = 0.335333	Cost = 161.165
SSD = 160.093	n = 2685840	Reg = 0.33714	Cost = 160.431
***Going to next resolution level***
SSD = 160.095	n = 2685840	Reg = 0.00673697	Cost = 160.102
SSD = 159.76	n = 2685840	Reg = 0.00672279	Cost = 159.767
SSD = 159.281	n = 2685840	Reg = 0.00670242	Cost = 159.287
SSD = 158.81	n = 2685840	Reg = 0.00668242	Cost = 158.817
SSD = 158.345	n = 2685840	Reg = 0.00666265	Cost = 158.352
SSD = 157.932	n = 2685840	Reg = 0.00664515	Cost = 157.939
SSD = 157.511	n = 2685840	Reg = 0.00662743	Cost = 157.518
SSD = 157.112	n = 2685840	Reg = 0.00661085	Cost = 157.119
SSD = 156.753	n = 2685840	Reg = 0.00659614	Cost = 156.759
SSD = 156.415	n = 2685840	Reg = 0.00658252	Cost = 156.421
SSD = 156.084	n = 2685840	Reg = 0.00656944	Cost = 156.091
SSD = 155.671	n = 2685840	Reg = 0.00655346	Cost = 155.678
SSD = 155.259	n = 2685840	Reg = 0.00653806	Cost = 155.266
SSD = 154.869	n = 2685840	Reg = 0.00652395	Cost = 154.875
SSD = 154.48	n = 2685840	Reg = 0.00651043	Cost = 154.486
SSD = 154.101	n = 2685840	Reg = 0.00649784	Cost = 154.107
SSD = 153.721	n = 2685840	Reg = 0.00648586	Cost = 153.728
SSD = 153.391	n = 2685840	Reg = 0.00647602	Cost = 153.397
SSD = 153.064	n = 2685840	Reg = 0.0064669	Cost = 153.07
SSD = 152.691	n = 2685840	Reg = 0.00645738	Cost = 152.697
SSD = 152.346	n = 2685840	Reg = 0.00644957	Cost = 152.352
SSD = 151.988	n = 2685840	Reg = 0.00644267	Cost = 151.995
SSD = 151.653	n = 2685840	Reg = 0.0064375	Cost = 151.659
SSD = 151.31	n = 2685840	Reg = 0.00643364	Cost = 151.316
SSD = 150.968	n = 2685840	Reg = 0.00643152	Cost = 150.974
SSD = 150.628	n = 2685840	Reg = 0.00643126	Cost = 150.634
SSD = 150.27	n = 2685840	Reg = 0.00643305	Cost = 150.276
SSD = 149.856	n = 2685840	Reg = 0.00643778	Cost = 149.863
SSD = 149.492	n = 2685840	Reg = 0.0064445	Cost = 149.499
SSD = 149.135	n = 2685840	Reg = 0.00645362	Cost = 149.141
SSD = 148.787	n = 2685840	Reg = 0.00646539	Cost = 148.793
SSD = 148.472	n = 2685840	Reg = 0.00647852	Cost = 148.479
SSD = 148.114	n = 2685840	Reg = 0.00649654	Cost = 148.121
SSD = 147.752	n = 2685840	Reg = 0.00651781	Cost = 147.758
SSD = 147.376	n = 2685840	Reg = 0.0065428	Cost = 147.382
SSD = 147.024	n = 2685840	Reg = 0.00656885	Cost = 147.031
SSD = 146.691	n = 2685840	Reg = 0.00659651	Cost = 146.697
SSD = 146.322	n = 2685840	Reg = 0.00663032	Cost = 146.328
SSD = 145.965	n = 2685840	Reg = 0.00666605	Cost = 145.972
SSD = 145.606	n = 2685840	Reg = 0.00670506	Cost = 145.612
SSD = 145.156	n = 2685840	Reg = 0.006758	Cost = 145.163
SSD = 144.794	n = 2685840	Reg = 0.00680316	Cost = 144.8
SSD = 144.491	n = 2685840	Reg = 0.00684332	Cost = 144.498
SSD = 144.144	n = 2685840	Reg = 0.00689202	Cost = 144.15
SSD = 143.836	n = 2685840	Reg = 0.00693785	Cost = 143.843
SSD = 143.514	n = 2685840	Reg = 0.00698808	Cost = 143.521
SSD = 143.195	n = 2685840	Reg = 0.00704093	Cost = 143.202
SSD = 142.899	n = 2685840	Reg = 0.00709206	Cost = 142.907
SSD = 142.61	n = 2685840	Reg = 0.00714477	Cost = 142.618
SSD = 142.285	n = 2685840	Reg = 0.00720673	Cost = 142.292
SSD = 141.959	n = 2685840	Reg = 0.00727237	Cost = 141.966
SSD = 141.462	n = 2685840	Reg = 0.00737703	Cost = 141.469
SSD = 141.007	n = 2685840	Reg = 0.00747705	Cost = 141.015
SSD = 140.621	n = 2685840	Reg = 0.00756454	Cost = 140.629
SSD = 140.173	n = 2685840	Reg = 0.00767028	Cost = 140.181
SSD = 139.766	n = 2685840	Reg = 0.00776816	Cost = 139.774
SSD = 139.387	n = 2685840	Reg = 0.00786134	Cost = 139.395
SSD = 139.061	n = 2685840	Reg = 0.00794356	Cost = 139.069
SSD = 138.723	n = 2685840	Reg = 0.0080319	Cost = 138.731
SSD = 138.362	n = 2685840	Reg = 0.00812671	Cost = 138.37
SSD = 137.937	n = 2685840	Reg = 0.00824236	Cost = 137.945
SSD = 137.531	n = 2685840	Reg = 0.00835478	Cost = 137.539
SSD = 137.186	n = 2685840	Reg = 0.00845186	Cost = 137.195
SSD = 136.829	n = 2685840	Reg = 0.00855424	Cost = 136.838
SSD = 136.528	n = 2685840	Reg = 0.00864296	Cost = 136.536
SSD = 136.262	n = 2685840	Reg = 0.00872141	Cost = 136.27
SSD = 135.958	n = 2685840	Reg = 0.00881254	Cost = 135.967
SSD = 135.65	n = 2685840	Reg = 0.00890652	Cost = 135.659
SSD = 135.351	n = 2685840	Reg = 0.00899975	Cost = 135.36
SSD = 135.07	n = 2685840	Reg = 0.0090877	Cost = 135.079
SSD = 134.805	n = 2685840	Reg = 0.00917184	Cost = 134.814
SSD = 134.545	n = 2685840	Reg = 0.00925494	Cost = 134.554
SSD = 134.314	n = 2685840	Reg = 0.00932927	Cost = 134.323
SSD = 134.063	n = 2685840	Reg = 0.00940993	Cost = 134.072
SSD = 133.812	n = 2685840	Reg = 0.00949265	Cost = 133.822
SSD = 133.601	n = 2685840	Reg = 0.00956282	Cost = 133.61
SSD = 133.373	n = 2685840	Reg = 0.00963851	Cost = 133.383
SSD = 133.157	n = 2685840	Reg = 0.00971072	Cost = 133.167
SSD = 132.966	n = 2685840	Reg = 0.00977424	Cost = 132.976
SSD = 132.751	n = 2685840	Reg = 0.009846	Cost = 132.761
SSD = 132.531	n = 2685840	Reg = 0.00991966	Cost = 132.541
SSD = 132.316	n = 2685840	Reg = 0.00999104	Cost = 132.326
SSD = 132.116	n = 2685840	Reg = 0.010058	Cost = 132.126
SSD = 131.921	n = 2685840	Reg = 0.0101231	Cost = 131.931
SSD = 131.717	n = 2685840	Reg = 0.0101914	Cost = 131.727
SSD = 131.516	n = 2685840	Reg = 0.0102584	Cost = 131.527
SSD = 131.332	n = 2685840	Reg = 0.0103199	Cost = 131.342
SSD = 131.151	n = 2685840	Reg = 0.0103796	Cost = 131.161
SSD = 130.95	n = 2685840	Reg = 0.0104465	Cost = 130.961
SSD = 130.768	n = 2685840	Reg = 0.0105072	Cost = 130.779
SSD = 130.591	n = 2685840	Reg = 0.010566	Cost = 130.602
SSD = 130.393	n = 2685840	Reg = 0.0106312	Cost = 130.404
SSD = 130.204	n = 2685840	Reg = 0.010694	Cost = 130.215
SSD = 130.021	n = 2685840	Reg = 0.0107545	Cost = 130.031
SSD = 129.838	n = 2685840	Reg = 0.0108153	Cost = 129.849
SSD = 129.654	n = 2685840	Reg = 0.0108764	Cost = 129.665
SSD = 129.463	n = 2685840	Reg = 0.0109403	Cost = 129.474
SSD = 129.284	n = 2685840	Reg = 0.011	Cost = 129.295
SSD = 129.119	n = 2685840	Reg = 0.0110554	Cost = 129.13
SSD = 128.956	n = 2685840	Reg = 0.0111096	Cost = 128.967
SSD = 128.804	n = 2685840	Reg = 0.0111608	Cost = 128.815
----------REALIGNMENT----------
----------REGISTERING EPI TO ANATOMICAL----------
----------REGISTERING EPI TO MNI----------
Processing volume 0
Processing volume 1
Processing volume 2
Processing volume 3
Processing volume 4
Processing volume 5
Processing volume 6
Processing volume 7
Processing volume 8
Processing volume 9
Processing volume 10
Processing volume 11
Processing volume 12
Processing volume 13
Processing volume 14
Processing volume 15
Processing volume 16
Processing volume 17
Processing volume 18
Processing volume 19
Processing volume 20
Processing volume 21
Processing volume 22
Processing volume 23
Processing volume 24
Processing volume 25
Processing volume 26
Processing volume 27
Processing volume 28
Processing volume 29
Processing volume 30
Processing volume 31
Processing volume 32
Processing volume 33
Processing volume 34
Processing volume 35
Processing volume 36
Processing volume 37
Processing volume 38
Processing volume 39
Processing volume 40
Processing volume 41
Processing volume 42
Processing volume 43
Processing volume 44
Processing volume 45
Processing volume 46
Processing volume 47
Processing volume 48
Processing volume 49
Processing volume 50
Processing volume 51
Processing volume 52
Processing volume 53
Processing volume 54
Processing volume 55
Processing volume 56
Processing volume 57
Processing volume 58
Processing volume 59
Processing volume 60
Processing volume 61
Processing volume 62
Processing volume 63
Processing volume 64
Processing volume 65
Processing volume 66
Processing volume 67
Processing volume 68
Processing volume 69
Processing volume 70
Processing volume 71
Error: short write, output file will be truncated
** ERROR: NWAD: wrote only 0 of 57768256 bytes to file
Processing volume 72
Error: short write, output file will be truncated
** ERROR: NWAD: wrote only 0 of 57768256 bytes to file
Processing volume 73
Error: short write, output file will be truncated
** ERROR: NWAD: wrote only 0 of 57768256 bytes to file
Processing volume 74
Error: short write, output file will be truncated
** ERROR: NWAD: wrote only 0 of 57768256 bytes to file
Processing volume 75
Error: short write, output file will be truncated
** ERROR: NWAD: wrote only 0 of 57768256 bytes to file
Processing volume 76
Error: short write, output file will be truncated
** ERROR: NWAD: wrote only 0 of 57768256 bytes to file
Processing volume 77
Error: short write, output file will be truncated
** ERROR: NWAD: wrote only 0 of 57768256 bytes to file
Processing volume 78
Error: short write, output file will be truncated
** ERROR: NWAD: wrote only 0 of 57768256 bytes to file
Processing volume 79
Error: short write, output file will be truncated
Processing volume 80
Error: short write, output file will be truncated
** ERROR: NWAD: wrote only 0 of 57768256 bytes to file
Processing volume 81
Error: short write, output file will be truncated
** ERROR: NWAD: wrote only 0 of 57768256 bytes to file
Processing volume 82
Error: short write, output file will be truncated
** ERROR: NWAD: wrote only 0 of 57768256 bytes to file
Processing volume 83
Error: short write, output file will be truncated
** ERROR: NWAD: wrote only 0 of 57768256 bytes to file
Processing volume 84
Error: short write, output file will be truncated
** ERROR: NWAD: wrote only 0 of 57768256 bytes to file
Processing volume 85
Error: short write, output file will be truncated
 file /home/tom29/rds/hpc-work/cbbu_BIDS/sub-18/func/sub-18_task-facehouse_acq-1_dir-PA_bold_vol-85.nii.gz is not recognized as a supported image format . 
terminate called after throwing an instance of 'itk::ExceptionObject'
  what():  /workspace/build/ITKv5/Modules/Core/Common/src/itkProcessObject.cxx:1339:
ITK ERROR: ResampleImageFilter(0x365b3f0): Input Primary is required but not set.
/var/spool/slurm/slurmd/job20299330/slurm_script: line 214: 124829 Aborted                 antsApplyTransforms -d 3 -i "${tmp_vol}" -r "${FSLDIR}/data/standard/MNI152_T1_1mm_brain.nii.gz" -t "${template_to_MNI_SyN}" -t "${template_to_MNI_affine}" -t "${MP2RAGE_to_template_SyN}" -t "${MP2RAGE_to_template_affine}" -t "${BIDS_root}/${sub_id}/func/${sub_id}_func_to_anatomical_ANTS.mat" -o "${run1_fname}_MNI_vol-${v}.nii.gz" -n Linear
