Non-commercial use only - see $FSLDIR/LICENSE
Loading spm/spm12
  Loading requirement: matlab/r2019a
----------CENTRING IMAGES----------
MATLAB is selecting SOFTWARE OPENGL rendering.

Written new image at:
	/home/tom29/rds/hpc-work/cbbu_BIDS/sub-44/func/sub-44_task-facehouse_acq-1_dir-PA_bold_centred.nii

MATLAB is selecting SOFTWARE OPENGL rendering.

Written new image at:
	/home/tom29/rds/hpc-work/cbbu_BIDS/sub-44/func/sub-44_task-facehouse_acq-2_dir-PA_bold_centred.nii

MATLAB is selecting SOFTWARE OPENGL rendering.

Written new image at:
	/home/tom29/rds/hpc-work/cbbu_BIDS/sub-44/func/sub-44_acq-LC_dir-AP_bold_centred.nii

MATLAB is selecting SOFTWARE OPENGL rendering.

Written new image at:
	/home/tom29/rds/hpc-work/cbbu_BIDS/sub-44/func/sub-44_task-facehouse_acq-1_dir-PA_sbref_centred.nii

----------SUSCEPTIBILITY DISTORTION CORRECTION----------
SSD = 664.806	n = 323454	Reg = 0	Cost = 664.806
SSD = 153.057	n = 323454	Reg = 9.97288	Cost = 163.03
SSD = 98.1614	n = 323454	Reg = 18.4706	Cost = 116.632
SSD = 88.6603	n = 323454	Reg = 22.8618	Cost = 111.522
SSD = 86.5704	n = 323454	Reg = 24.1537	Cost = 110.724
SSD = 86.0425	n = 323454	Reg = 24.5046	Cost = 110.547
***Going to next resolution level***
SSD = 152.683	n = 323454	Reg = 13.3688	Cost = 166.052
SSD = 76.1572	n = 323454	Reg = 11.7373	Cost = 87.8946
SSD = 62.1175	n = 323454	Reg = 15.9381	Cost = 78.0556
SSD = 58.8734	n = 323454	Reg = 17.6	Cost = 76.4733
SSD = 57.9712	n = 323454	Reg = 18.1296	Cost = 76.1009
SSD = 57.6739	n = 323454	Reg = 18.3115	Cost = 75.9854
***Going to next resolution level***
SSD = 149.037	n = 323454	Reg = 4.73194	Cost = 153.769
SSD = 113.931	n = 323454	Reg = 8.36016	Cost = 122.291
SSD = 106.378	n = 323454	Reg = 11.1319	Cost = 117.51
SSD = 104.243	n = 323454	Reg = 12.2136	Cost = 116.457
SSD = 103.411	n = 323454	Reg = 12.6365	Cost = 116.047
SSD = 102.903	n = 323454	Reg = 12.8858	Cost = 115.789
***Going to next resolution level***
SSD = 184.365	n = 323454	Reg = 7.3805	Cost = 191.745
SSD = 77.8655	n = 323454	Reg = 4.14626	Cost = 82.0118
SSD = 63.1539	n = 323454	Reg = 6.35487	Cost = 69.5087
SSD = 58.8139	n = 323454	Reg = 7.49758	Cost = 66.3115
SSD = 56.9115	n = 323454	Reg = 8.13374	Cost = 65.0452
SSD = 55.6497	n = 323454	Reg = 8.53673	Cost = 64.1864
SSD = 54.6248	n = 323454	Reg = 8.84833	Cost = 63.4731
SSD = 53.7585	n = 323454	Reg = 9.11317	Cost = 62.8716
SSD = 53.0768	n = 323454	Reg = 9.3265	Cost = 62.4033
SSD = 52.5377	n = 323454	Reg = 9.50087	Cost = 62.0386
SSD = 52.1209	n = 323454	Reg = 9.64308	Cost = 61.764
***Going to next resolution level***
SSD = 195.617	n = 2685840	Reg = 265.981	Cost = 461.597
SSD = 96.1137	n = 2685840	Reg = 51.3295	Cost = 147.443
SSD = 82.6569	n = 2685840	Reg = 40.1737	Cost = 122.831
SSD = 80.5933	n = 2685840	Reg = 36.6403	Cost = 117.234
SSD = 80.773	n = 2685840	Reg = 34.1336	Cost = 114.907
SSD = 81.2888	n = 2685840	Reg = 32.2797	Cost = 113.568
SSD = 81.6995	n = 2685840	Reg = 30.9988	Cost = 112.698
SSD = 81.9836	n = 2685840	Reg = 30.2566	Cost = 112.24
SSD = 82.146	n = 2685840	Reg = 29.8377	Cost = 111.984
SSD = 82.2424	n = 2685840	Reg = 29.5799	Cost = 111.822
SSD = 82.3	n = 2685840	Reg = 29.4151	Cost = 111.715
***Going to next resolution level***
SSD = 82.3	n = 2685840	Reg = 2.94152	Cost = 85.2415
SSD = 81.9604	n = 2685840	Reg = 2.96678	Cost = 84.9271
SSD = 81.7374	n = 2685840	Reg = 2.9873	Cost = 84.7247
SSD = 81.3479	n = 2685840	Reg = 3.0238	Cost = 84.3717
SSD = 80.7664	n = 2685840	Reg = 3.08488	Cost = 83.8513
SSD = 80.0659	n = 2685840	Reg = 3.17321	Cost = 83.2391
SSD = 79.3324	n = 2685840	Reg = 3.28836	Cost = 82.6208
SSD = 78.7415	n = 2685840	Reg = 3.40507	Cost = 82.1466
SSD = 78.2819	n = 2685840	Reg = 3.51389	Cost = 81.7958
SSD = 77.8752	n = 2685840	Reg = 3.62062	Cost = 81.4958
SSD = 77.4949	n = 2685840	Reg = 3.72401	Cost = 81.2189
SSD = 77.1171	n = 2685840	Reg = 3.82893	Cost = 80.946
SSD = 76.7065	n = 2685840	Reg = 3.94412	Cost = 80.6506
SSD = 76.3228	n = 2685840	Reg = 4.0523	Cost = 80.3751
SSD = 76.0115	n = 2685840	Reg = 4.14003	Cost = 80.1515
SSD = 75.6733	n = 2685840	Reg = 4.23487	Cost = 79.9082
SSD = 75.3419	n = 2685840	Reg = 4.32767	Cost = 79.6695
SSD = 74.9925	n = 2685840	Reg = 4.42523	Cost = 79.4177
SSD = 74.6656	n = 2685840	Reg = 4.51625	Cost = 79.1819
SSD = 74.3526	n = 2685840	Reg = 4.60355	Cost = 78.9561
SSD = 74.0596	n = 2685840	Reg = 4.68477	Cost = 78.7444
***Going to next resolution level***
SSD = 540.317	n = 2685840	Reg = 30.6679	Cost = 570.984
SSD = 400.224	n = 2685840	Reg = 22.724	Cost = 422.948
SSD = 348.715	n = 2685840	Reg = 19.8149	Cost = 368.529
SSD = 307.599	n = 2685840	Reg = 17.5541	Cost = 325.153
SSD = 291.748	n = 2685840	Reg = 16.6902	Cost = 308.439
SSD = 274.793	n = 2685840	Reg = 15.7568	Cost = 290.55
SSD = 262.207	n = 2685840	Reg = 15.0856	Cost = 277.293
SSD = 253.074	n = 2685840	Reg = 14.6077	Cost = 267.681
SSD = 241.696	n = 2685840	Reg = 14.0488	Cost = 255.745
SSD = 235.442	n = 2685840	Reg = 13.7591	Cost = 249.201
SSD = 227.721	n = 2685840	Reg = 13.4153	Cost = 241.137
SSD = 222.388	n = 2685840	Reg = 13.1842	Cost = 235.572
SSD = 217.428	n = 2685840	Reg = 12.9816	Cost = 230.409
SSD = 212.709	n = 2685840	Reg = 12.7995	Cost = 225.509
SSD = 208.837	n = 2685840	Reg = 12.661	Cost = 221.498
SSD = 205.227	n = 2685840	Reg = 12.5426	Cost = 217.77
SSD = 201.956	n = 2685840	Reg = 12.4398	Cost = 214.396
SSD = 199.105	n = 2685840	Reg = 12.3576	Cost = 211.462
SSD = 195.974	n = 2685840	Reg = 12.2763	Cost = 208.25
SSD = 193.464	n = 2685840	Reg = 12.2193	Cost = 205.684
SSD = 190.84	n = 2685840	Reg = 12.1643	Cost = 203.004
***Going to next resolution level***
SSD = 271.193	n = 2685840	Reg = 0.172861	Cost = 271.365
SSD = 266.159	n = 2685840	Reg = 0.169936	Cost = 266.329
SSD = 262.737	n = 2685840	Reg = 0.168171	Cost = 262.905
SSD = 259.955	n = 2685840	Reg = 0.166955	Cost = 260.122
SSD = 257.578	n = 2685840	Reg = 0.166204	Cost = 257.744
SSD = 255.432	n = 2685840	Reg = 0.165807	Cost = 255.598
SSD = 253.713	n = 2685840	Reg = 0.165746	Cost = 253.878
SSD = 252.125	n = 2685840	Reg = 0.165947	Cost = 252.291
SSD = 250.455	n = 2685840	Reg = 0.166403	Cost = 250.621
SSD = 248.698	n = 2685840	Reg = 0.167089	Cost = 248.865
SSD = 247.048	n = 2685840	Reg = 0.167961	Cost = 247.216
SSD = 243.912	n = 2685840	Reg = 0.17004	Cost = 244.082
SSD = 241.014	n = 2685840	Reg = 0.172386	Cost = 241.186
SSD = 238.011	n = 2685840	Reg = 0.175124	Cost = 238.186
SSD = 235.388	n = 2685840	Reg = 0.177748	Cost = 235.565
SSD = 232.715	n = 2685840	Reg = 0.180656	Cost = 232.896
SSD = 230.33	n = 2685840	Reg = 0.183596	Cost = 230.513
SSD = 228.17	n = 2685840	Reg = 0.186369	Cost = 228.356
SSD = 226.272	n = 2685840	Reg = 0.188968	Cost = 226.461
SSD = 224.483	n = 2685840	Reg = 0.191549	Cost = 224.675
SSD = 222.823	n = 2685840	Reg = 0.194045	Cost = 223.017
SSD = 221.443	n = 2685840	Reg = 0.196214	Cost = 221.639
SSD = 220.122	n = 2685840	Reg = 0.198333	Cost = 220.321
SSD = 218.824	n = 2685840	Reg = 0.200519	Cost = 219.025
SSD = 217.488	n = 2685840	Reg = 0.202863	Cost = 217.691
SSD = 216.161	n = 2685840	Reg = 0.205313	Cost = 216.367
SSD = 214.892	n = 2685840	Reg = 0.20776	Cost = 215.1
SSD = 213.652	n = 2685840	Reg = 0.210185	Cost = 213.862
SSD = 212.393	n = 2685840	Reg = 0.212762	Cost = 212.606
SSD = 211.196	n = 2685840	Reg = 0.215342	Cost = 211.411
SSD = 210.034	n = 2685840	Reg = 0.21787	Cost = 210.252
SSD = 208.909	n = 2685840	Reg = 0.220394	Cost = 209.129
SSD = 207.85	n = 2685840	Reg = 0.222847	Cost = 208.073
SSD = 206.792	n = 2685840	Reg = 0.22535	Cost = 207.017
SSD = 205.696	n = 2685840	Reg = 0.228019	Cost = 205.924
SSD = 204.755	n = 2685840	Reg = 0.230371	Cost = 204.985
SSD = 203.753	n = 2685840	Reg = 0.23296	Cost = 203.986
SSD = 202.809	n = 2685840	Reg = 0.235412	Cost = 203.045
SSD = 201.856	n = 2685840	Reg = 0.237968	Cost = 202.094
SSD = 200.948	n = 2685840	Reg = 0.24049	Cost = 201.188
SSD = 200.108	n = 2685840	Reg = 0.242861	Cost = 200.35
SSD = 199.266	n = 2685840	Reg = 0.245293	Cost = 199.511
SSD = 198.461	n = 2685840	Reg = 0.247722	Cost = 198.709
SSD = 197.621	n = 2685840	Reg = 0.250313	Cost = 197.872
SSD = 196.831	n = 2685840	Reg = 0.252825	Cost = 197.084
SSD = 196.011	n = 2685840	Reg = 0.255483	Cost = 196.266
SSD = 195.288	n = 2685840	Reg = 0.257914	Cost = 195.546
SSD = 194.59	n = 2685840	Reg = 0.260321	Cost = 194.85
SSD = 193.88	n = 2685840	Reg = 0.26286	Cost = 194.143
SSD = 193.132	n = 2685840	Reg = 0.265611	Cost = 193.398
SSD = 192.447	n = 2685840	Reg = 0.268217	Cost = 192.715
***Going to next resolution level***
SSD = 192.448	n = 2685840	Reg = 0.00536145	Cost = 192.454
SSD = 192.115	n = 2685840	Reg = 0.00535222	Cost = 192.12
SSD = 191.552	n = 2685840	Reg = 0.0053368	Cost = 191.557
SSD = 191.154	n = 2685840	Reg = 0.00532604	Cost = 191.159
SSD = 190.717	n = 2685840	Reg = 0.00531449	Cost = 190.722
SSD = 190.272	n = 2685840	Reg = 0.00530307	Cost = 190.277
SSD = 189.863	n = 2685840	Reg = 0.00529302	Cost = 189.868
SSD = 189.504	n = 2685840	Reg = 0.00528469	Cost = 189.51
SSD = 189.118	n = 2685840	Reg = 0.00527632	Cost = 189.124
SSD = 188.734	n = 2685840	Reg = 0.00526865	Cost = 188.74
SSD = 188.367	n = 2685840	Reg = 0.00526201	Cost = 188.372
SSD = 188.002	n = 2685840	Reg = 0.00525615	Cost = 188.008
SSD = 187.617	n = 2685840	Reg = 0.00525071	Cost = 187.622
SSD = 187.241	n = 2685840	Reg = 0.00524618	Cost = 187.246
SSD = 186.88	n = 2685840	Reg = 0.00524258	Cost = 186.885
SSD = 186.506	n = 2685840	Reg = 0.00523963	Cost = 186.512
SSD = 186.175	n = 2685840	Reg = 0.00523777	Cost = 186.18
SSD = 185.789	n = 2685840	Reg = 0.00523656	Cost = 185.794
SSD = 185.462	n = 2685840	Reg = 0.00523636	Cost = 185.468
SSD = 185.138	n = 2685840	Reg = 0.00523717	Cost = 185.143
SSD = 184.805	n = 2685840	Reg = 0.00523897	Cost = 184.811
SSD = 184.455	n = 2685840	Reg = 0.00524201	Cost = 184.46
SSD = 184.129	n = 2685840	Reg = 0.00524607	Cost = 184.135
SSD = 183.788	n = 2685840	Reg = 0.00525163	Cost = 183.793
SSD = 183.447	n = 2685840	Reg = 0.00525871	Cost = 183.452
SSD = 183.109	n = 2685840	Reg = 0.00526733	Cost = 183.114
SSD = 182.736	n = 2685840	Reg = 0.00527877	Cost = 182.741
SSD = 182.373	n = 2685840	Reg = 0.00529157	Cost = 182.378
SSD = 182.04	n = 2685840	Reg = 0.00530522	Cost = 182.045
SSD = 181.699	n = 2685840	Reg = 0.00532108	Cost = 181.704
SSD = 181.357	n = 2685840	Reg = 0.00533878	Cost = 181.362
SSD = 180.978	n = 2685840	Reg = 0.0053605	Cost = 180.984
SSD = 180.581	n = 2685840	Reg = 0.00538587	Cost = 180.586
SSD = 180.217	n = 2685840	Reg = 0.00541124	Cost = 180.223
SSD = 179.811	n = 2685840	Reg = 0.00544224	Cost = 179.817
SSD = 179.406	n = 2685840	Reg = 0.00547603	Cost = 179.411
SSD = 179	n = 2685840	Reg = 0.00551265	Cost = 179.005
SSD = 178.603	n = 2685840	Reg = 0.00555111	Cost = 178.608
SSD = 178.167	n = 2685840	Reg = 0.00559654	Cost = 178.173
SSD = 177.752	n = 2685840	Reg = 0.00564295	Cost = 177.758
SSD = 177.336	n = 2685840	Reg = 0.00569293	Cost = 177.341
SSD = 176.973	n = 2685840	Reg = 0.00573934	Cost = 176.979
SSD = 176.64	n = 2685840	Reg = 0.00578462	Cost = 176.646
SSD = 176.311	n = 2685840	Reg = 0.00583211	Cost = 176.317
SSD = 175.97	n = 2685840	Reg = 0.00588421	Cost = 175.976
SSD = 175.651	n = 2685840	Reg = 0.00593573	Cost = 175.657
SSD = 175.305	n = 2685840	Reg = 0.00599526	Cost = 175.311
SSD = 174.983	n = 2685840	Reg = 0.00605382	Cost = 174.989
SSD = 174.644	n = 2685840	Reg = 0.00611878	Cost = 174.65
SSD = 174.289	n = 2685840	Reg = 0.00619054	Cost = 174.296
SSD = 173.865	n = 2685840	Reg = 0.00628158	Cost = 173.871
SSD = 173.338	n = 2685840	Reg = 0.00640043	Cost = 173.344
SSD = 172.71	n = 2685840	Reg = 0.00654883	Cost = 172.716
SSD = 172.224	n = 2685840	Reg = 0.00666896	Cost = 172.231
SSD = 171.733	n = 2685840	Reg = 0.00679351	Cost = 171.74
SSD = 171.291	n = 2685840	Reg = 0.00690789	Cost = 171.298
SSD = 170.848	n = 2685840	Reg = 0.00702552	Cost = 170.855
SSD = 170.403	n = 2685840	Reg = 0.00714727	Cost = 170.41
SSD = 169.953	n = 2685840	Reg = 0.00727275	Cost = 169.961
SSD = 169.498	n = 2685840	Reg = 0.00740124	Cost = 169.506
SSD = 169.039	n = 2685840	Reg = 0.00753494	Cost = 169.046
SSD = 168.585	n = 2685840	Reg = 0.00767038	Cost = 168.593
SSD = 168.132	n = 2685840	Reg = 0.0078057	Cost = 168.14
SSD = 167.725	n = 2685840	Reg = 0.0079304	Cost = 167.733
SSD = 167.36	n = 2685840	Reg = 0.00804398	Cost = 167.368
SSD = 167.009	n = 2685840	Reg = 0.00815468	Cost = 167.017
SSD = 166.658	n = 2685840	Reg = 0.0082675	Cost = 166.666
SSD = 166.291	n = 2685840	Reg = 0.00838664	Cost = 166.299
SSD = 165.968	n = 2685840	Reg = 0.00849277	Cost = 165.976
SSD = 165.634	n = 2685840	Reg = 0.00860305	Cost = 165.643
SSD = 165.309	n = 2685840	Reg = 0.00871269	Cost = 165.318
SSD = 165.02	n = 2685840	Reg = 0.00881016	Cost = 165.029
SSD = 164.731	n = 2685840	Reg = 0.00890845	Cost = 164.74
SSD = 164.431	n = 2685840	Reg = 0.00901158	Cost = 164.44
SSD = 164.131	n = 2685840	Reg = 0.00911441	Cost = 164.14
SSD = 163.845	n = 2685840	Reg = 0.00921352	Cost = 163.854
SSD = 163.582	n = 2685840	Reg = 0.0093052	Cost = 163.591
SSD = 163.319	n = 2685840	Reg = 0.00939672	Cost = 163.328
SSD = 163.067	n = 2685840	Reg = 0.00948445	Cost = 163.077
SSD = 162.788	n = 2685840	Reg = 0.00958182	Cost = 162.798
SSD = 162.524	n = 2685840	Reg = 0.00967441	Cost = 162.534
SSD = 162.278	n = 2685840	Reg = 0.00976072	Cost = 162.288
SSD = 162.046	n = 2685840	Reg = 0.0098425	Cost = 162.056
SSD = 161.816	n = 2685840	Reg = 0.00992347	Cost = 161.826
SSD = 161.585	n = 2685840	Reg = 0.0100045	Cost = 161.595
SSD = 161.366	n = 2685840	Reg = 0.0100815	Cost = 161.376
SSD = 161.147	n = 2685840	Reg = 0.0101588	Cost = 161.157
SSD = 160.932	n = 2685840	Reg = 0.0102345	Cost = 160.942
SSD = 160.711	n = 2685840	Reg = 0.0103124	Cost = 160.721
SSD = 160.497	n = 2685840	Reg = 0.0103882	Cost = 160.507
SSD = 160.282	n = 2685840	Reg = 0.0104639	Cost = 160.292
SSD = 160.056	n = 2685840	Reg = 0.0105436	Cost = 160.066
SSD = 159.835	n = 2685840	Reg = 0.0106215	Cost = 159.846
SSD = 159.592	n = 2685840	Reg = 0.0107078	Cost = 159.602
SSD = 159.359	n = 2685840	Reg = 0.0107903	Cost = 159.37
SSD = 159.146	n = 2685840	Reg = 0.0108661	Cost = 159.157
SSD = 158.927	n = 2685840	Reg = 0.010944	Cost = 158.938
SSD = 158.719	n = 2685840	Reg = 0.0110182	Cost = 158.73
SSD = 158.509	n = 2685840	Reg = 0.0110933	Cost = 158.52
SSD = 158.298	n = 2685840	Reg = 0.0111691	Cost = 158.309
SSD = 158.087	n = 2685840	Reg = 0.0112441	Cost = 158.098
----------REALIGNMENT----------
----------REGISTERING EPI TO ANATOMICAL----------
----------REGISTERING EPI TO MNI----------
Processing volume 0
Processing volume 1
Processing volume 2
Processing volume 3
Processing volume 4
Processing volume 5
Processing volume 6
Processing volume 7
Processing volume 8
Processing volume 9
Processing volume 10
Processing volume 11
Processing volume 12
Processing volume 13
Processing volume 14
Processing volume 15
Processing volume 16
Processing volume 17
Processing volume 18
Processing volume 19
Processing volume 20
Processing volume 21
Processing volume 22
Processing volume 23
Processing volume 24
Processing volume 25
Processing volume 26
Processing volume 27
Processing volume 28
Processing volume 29
Processing volume 30
Processing volume 31
Processing volume 32
Processing volume 33
Processing volume 34
Processing volume 35
Processing volume 36
Processing volume 37
Processing volume 38
Processing volume 39
Processing volume 40
Processing volume 41
Processing volume 42
Processing volume 43
Processing volume 44
Processing volume 45
Processing volume 46
Processing volume 47
Processing volume 48
Processing volume 49
Processing volume 50
Processing volume 51
Processing volume 52
Processing volume 53
Processing volume 54
Processing volume 55
Processing volume 56
Processing volume 57
Processing volume 58
Processing volume 59
Processing volume 60
Processing volume 61
Processing volume 62
Processing volume 63
Processing volume 64
Processing volume 65
Processing volume 66
Processing volume 67
Processing volume 68
Processing volume 69
Processing volume 70
Processing volume 71
Processing volume 72
Processing volume 73
Processing volume 74
Processing volume 75
Processing volume 76
Processing volume 77
Processing volume 78
Processing volume 79
Processing volume 80
Processing volume 81
Processing volume 82
Processing volume 83
Processing volume 84
Processing volume 85
Processing volume 86
Processing volume 87
Processing volume 88
Processing volume 89
Processing volume 90
Processing volume 91
Processing volume 92
Processing volume 93
Processing volume 94
Processing volume 95
Processing volume 96
Processing volume 97
Processing volume 98
Processing volume 99
Processing volume 100
Processing volume 101
Processing volume 102
Processing volume 103
Processing volume 104
Processing volume 105
Processing volume 106
Processing volume 107
Processing volume 108
Processing volume 109
Processing volume 110
Processing volume 111
Processing volume 112
Processing volume 113
Processing volume 114
Processing volume 115
Processing volume 116
Processing volume 117
Processing volume 118
Processing volume 119
Processing volume 120
Processing volume 121
Error: short write, output file will be truncated
** ERROR: NWAD: wrote only 0 of 57768256 bytes to file
Processing volume 122
Error: short write, output file will be truncated
** ERROR: NWAD: wrote only 0 of 57768256 bytes to file
Processing volume 123
Error: short write, output file will be truncated
** ERROR: NWAD: wrote only 0 of 57768256 bytes to file
Processing volume 124
Error: short write, output file will be truncated
 file /home/tom29/rds/hpc-work/cbbu_BIDS/sub-44/func/sub-44_task-facehouse_acq-1_dir-PA_bold_vol-124.nii.gz is not recognized as a supported image format . 
terminate called after throwing an instance of 'itk::ExceptionObject'
  what():  /workspace/build/ITKv5/Modules/Core/Common/src/itkProcessObject.cxx:1339:
ITK ERROR: ResampleImageFilter(0x37f93f0): Input Primary is required but not set.
/var/spool/slurm/slurmd/job20299312/slurm_script: line 214: 123197 Aborted                 antsApplyTransforms -d 3 -i "${tmp_vol}" -r "${FSLDIR}/data/standard/MNI152_T1_1mm_brain.nii.gz" -t "${template_to_MNI_SyN}" -t "${template_to_MNI_affine}" -t "${MP2RAGE_to_template_SyN}" -t "${MP2RAGE_to_template_affine}" -t "${BIDS_root}/${sub_id}/func/${sub_id}_func_to_anatomical_ANTS.mat" -o "${run1_fname}_MNI_vol-${v}.nii.gz" -n Linear
