Non-commercial use only - see $FSLDIR/LICENSE
Loading spm/spm12
  Loading requirement: matlab/r2019a
----------CENTRING IMAGES----------
MATLAB is selecting SOFTWARE OPENGL rendering.

Written new image at:
	/home/tom29/rds/hpc-work/cbbu_BIDS/sub-35/func/sub-35_task-facehouse_acq-1_dir-PA_bold_centred.nii

MATLAB is selecting SOFTWARE OPENGL rendering.

Written new image at:
	/home/tom29/rds/hpc-work/cbbu_BIDS/sub-35/func/sub-35_task-facehouse_acq-2_dir-PA_bold_centred.nii

MATLAB is selecting SOFTWARE OPENGL rendering.

Written new image at:
	/home/tom29/rds/hpc-work/cbbu_BIDS/sub-35/func/sub-35_acq-LC_dir-AP_bold_centred.nii

MATLAB is selecting SOFTWARE OPENGL rendering.

Written new image at:
	/home/tom29/rds/hpc-work/cbbu_BIDS/sub-35/func/sub-35_task-facehouse_acq-1_dir-PA_sbref_centred.nii

----------SUSCEPTIBILITY DISTORTION CORRECTION----------
SSD = 355.736	n = 323454	Reg = 0	Cost = 355.736
SSD = 109.976	n = 323454	Reg = 8.04705	Cost = 118.023
SSD = 77.8968	n = 323454	Reg = 15.0618	Cost = 92.9586
SSD = 72.0364	n = 323454	Reg = 18.0196	Cost = 90.056
SSD = 70.7486	n = 323454	Reg = 18.8454	Cost = 89.594
SSD = 70.4247	n = 323454	Reg = 19.0675	Cost = 89.4922
***Going to next resolution level***
SSD = 122.541	n = 323454	Reg = 10.6053	Cost = 133.147
SSD = 60.4581	n = 323454	Reg = 9.72544	Cost = 70.1835
SSD = 47.992	n = 323454	Reg = 13.2617	Cost = 61.2536
SSD = 44.7586	n = 323454	Reg = 14.7294	Cost = 59.488
SSD = 43.5951	n = 323454	Reg = 15.2353	Cost = 58.8304
SSD = 43.0817	n = 323454	Reg = 15.4416	Cost = 58.5233
***Going to next resolution level***
SSD = 109.223	n = 323454	Reg = 3.91482	Cost = 113.138
SSD = 81.97	n = 323454	Reg = 6.80542	Cost = 88.7754
SSD = 75.5728	n = 323454	Reg = 8.95192	Cost = 84.5247
SSD = 73.593	n = 323454	Reg = 9.79197	Cost = 83.3849
SSD = 72.5882	n = 323454	Reg = 10.1628	Cost = 82.751
SSD = 71.9435	n = 323454	Reg = 10.4013	Cost = 82.3447
***Going to next resolution level***
SSD = 129.063	n = 323454	Reg = 5.68875	Cost = 134.752
SSD = 49.4089	n = 323454	Reg = 2.97007	Cost = 52.379
SSD = 39.51	n = 323454	Reg = 4.38641	Cost = 43.8964
SSD = 36.9848	n = 323454	Reg = 5.08431	Cost = 42.0691
SSD = 35.8641	n = 323454	Reg = 5.42483	Cost = 41.2889
SSD = 35.1377	n = 323454	Reg = 5.64504	Cost = 40.7827
SSD = 34.5994	n = 323454	Reg = 5.8179	Cost = 40.4173
SSD = 34.1707	n = 323454	Reg = 5.95535	Cost = 40.126
SSD = 33.8188	n = 323454	Reg = 6.07239	Cost = 39.8912
SSD = 33.5387	n = 323454	Reg = 6.16851	Cost = 39.7072
SSD = 33.3139	n = 323454	Reg = 6.2496	Cost = 39.5635
***Going to next resolution level***
SSD = 129.897	n = 2685840	Reg = 175.359	Cost = 305.256
SSD = 59.4886	n = 2685840	Reg = 31.8893	Cost = 91.378
SSD = 50.3911	n = 2685840	Reg = 25.9862	Cost = 76.3774
SSD = 48.8876	n = 2685840	Reg = 24.345	Cost = 73.2326
SSD = 48.9042	n = 2685840	Reg = 23.2013	Cost = 72.1054
SSD = 49.2524	n = 2685840	Reg = 22.3401	Cost = 71.5925
SSD = 49.5939	n = 2685840	Reg = 21.725	Cost = 71.3189
SSD = 49.8935	n = 2685840	Reg = 21.2766	Cost = 71.17
SSD = 50.1227	n = 2685840	Reg = 20.9753	Cost = 71.098
SSD = 50.2797	n = 2685840	Reg = 20.7654	Cost = 71.0451
SSD = 50.4028	n = 2685840	Reg = 20.6008	Cost = 71.0036
***Going to next resolution level***
SSD = 50.4028	n = 2685840	Reg = 2.06008	Cost = 52.4629
SSD = 50.2537	n = 2685840	Reg = 2.07006	Cost = 52.3237
SSD = 50.1481	n = 2685840	Reg = 2.07923	Cost = 52.2273
SSD = 49.9691	n = 2685840	Reg = 2.09412	Cost = 52.0632
SSD = 49.6934	n = 2685840	Reg = 2.12015	Cost = 51.8135
SSD = 49.3015	n = 2685840	Reg = 2.16319	Cost = 51.4647
SSD = 48.8858	n = 2685840	Reg = 2.22013	Cost = 51.1059
SSD = 48.5226	n = 2685840	Reg = 2.28468	Cost = 50.8073
SSD = 48.2489	n = 2685840	Reg = 2.34503	Cost = 50.594
SSD = 48.029	n = 2685840	Reg = 2.4006	Cost = 50.4296
SSD = 47.8205	n = 2685840	Reg = 2.45645	Cost = 50.2769
SSD = 47.6005	n = 2685840	Reg = 2.51682	Cost = 50.1173
SSD = 47.392	n = 2685840	Reg = 2.57476	Cost = 49.9668
SSD = 47.1854	n = 2685840	Reg = 2.6327	Cost = 49.8181
SSD = 46.9844	n = 2685840	Reg = 2.68903	Cost = 49.6735
SSD = 46.805	n = 2685840	Reg = 2.73923	Cost = 49.5442
SSD = 46.6308	n = 2685840	Reg = 2.78774	Cost = 49.4185
SSD = 46.4315	n = 2685840	Reg = 2.84293	Cost = 49.2744
SSD = 46.238	n = 2685840	Reg = 2.89667	Cost = 49.1347
SSD = 46.0654	n = 2685840	Reg = 2.94439	Cost = 49.0098
SSD = 45.9046	n = 2685840	Reg = 2.98855	Cost = 48.8932
***Going to next resolution level***
SSD = 703.75	n = 2685840	Reg = 50.646	Cost = 754.396
SSD = 717.493	n = 2685840	Reg = 52.8168	Cost = 770.31
SSD = 466.347	n = 2685840	Reg = 33.5808	Cost = 499.928
SSD = 404.086	n = 2685840	Reg = 29.1318	Cost = 433.218
SSD = 360.025	n = 2685840	Reg = 26.002	Cost = 386.027
SSD = 324.14	n = 2685840	Reg = 23.4795	Cost = 347.62
SSD = 286.808	n = 2685840	Reg = 20.8998	Cost = 307.708
SSD = 266.854	n = 2685840	Reg = 19.5611	Cost = 286.415
SSD = 246.015	n = 2685840	Reg = 18.2273	Cost = 264.243
SSD = 234.076	n = 2685840	Reg = 17.4962	Cost = 251.572
SSD = 222.825	n = 2685840	Reg = 16.8422	Cost = 239.667
SSD = 212.853	n = 2685840	Reg = 16.2976	Cost = 229.151
SSD = 206.471	n = 2685840	Reg = 15.9565	Cost = 222.428
SSD = 200.186	n = 2685840	Reg = 15.6286	Cost = 215.814
SSD = 193.739	n = 2685840	Reg = 15.3048	Cost = 209.044
SSD = 188.4	n = 2685840	Reg = 15.0394	Cost = 203.44
SSD = 183.47	n = 2685840	Reg = 14.8024	Cost = 198.273
SSD = 179.016	n = 2685840	Reg = 14.589	Cost = 193.605
SSD = 175.303	n = 2685840	Reg = 14.4162	Cost = 189.719
SSD = 171.68	n = 2685840	Reg = 14.2527	Cost = 185.933
SSD = 168.304	n = 2685840	Reg = 14.1043	Cost = 182.408
***Going to next resolution level***
SSD = 229.294	n = 2685840	Reg = 0.192154	Cost = 229.486
SSD = 225.193	n = 2685840	Reg = 0.188917	Cost = 225.382
SSD = 221.099	n = 2685840	Reg = 0.185886	Cost = 221.285
SSD = 217.539	n = 2685840	Reg = 0.183482	Cost = 217.722
SSD = 214.664	n = 2685840	Reg = 0.181776	Cost = 214.846
SSD = 212.14	n = 2685840	Reg = 0.180573	Cost = 212.32
SSD = 210.13	n = 2685840	Reg = 0.179873	Cost = 210.31
SSD = 208.412	n = 2685840	Reg = 0.179527	Cost = 208.591
SSD = 206.644	n = 2685840	Reg = 0.179418	Cost = 206.824
SSD = 204.541	n = 2685840	Reg = 0.179567	Cost = 204.72
SSD = 201.766	n = 2685840	Reg = 0.180131	Cost = 201.946
SSD = 198.636	n = 2685840	Reg = 0.181178	Cost = 198.817
SSD = 195.975	n = 2685840	Reg = 0.182396	Cost = 196.157
SSD = 193.292	n = 2685840	Reg = 0.183988	Cost = 193.476
SSD = 190.784	n = 2685840	Reg = 0.185704	Cost = 190.969
SSD = 188.2	n = 2685840	Reg = 0.18781	Cost = 188.388
SSD = 185.799	n = 2685840	Reg = 0.190056	Cost = 185.99
SSD = 183.571	n = 2685840	Reg = 0.192438	Cost = 183.764
SSD = 181.578	n = 2685840	Reg = 0.194743	Cost = 181.773
SSD = 179.721	n = 2685840	Reg = 0.197161	Cost = 179.918
SSD = 178.019	n = 2685840	Reg = 0.199515	Cost = 178.218
SSD = 176.317	n = 2685840	Reg = 0.202085	Cost = 176.519
SSD = 174.633	n = 2685840	Reg = 0.204742	Cost = 174.838
SSD = 173.1	n = 2685840	Reg = 0.207293	Cost = 173.307
SSD = 171.618	n = 2685840	Reg = 0.209864	Cost = 171.827
SSD = 170.284	n = 2685840	Reg = 0.212266	Cost = 170.496
SSD = 169.038	n = 2685840	Reg = 0.214554	Cost = 169.252
SSD = 167.859	n = 2685840	Reg = 0.216769	Cost = 168.076
SSD = 166.61	n = 2685840	Reg = 0.219099	Cost = 166.829
SSD = 165.479	n = 2685840	Reg = 0.221247	Cost = 165.7
SSD = 164.323	n = 2685840	Reg = 0.223455	Cost = 164.547
SSD = 163.218	n = 2685840	Reg = 0.225576	Cost = 163.443
SSD = 162.17	n = 2685840	Reg = 0.227558	Cost = 162.398
SSD = 161.142	n = 2685840	Reg = 0.229629	Cost = 161.371
SSD = 160.109	n = 2685840	Reg = 0.231715	Cost = 160.341
SSD = 159.094	n = 2685840	Reg = 0.233818	Cost = 159.328
SSD = 158.064	n = 2685840	Reg = 0.23598	Cost = 158.3
SSD = 157.17	n = 2685840	Reg = 0.237918	Cost = 157.408
SSD = 156.26	n = 2685840	Reg = 0.239935	Cost = 156.5
SSD = 155.46	n = 2685840	Reg = 0.241781	Cost = 155.702
SSD = 154.569	n = 2685840	Reg = 0.243867	Cost = 154.813
SSD = 153.737	n = 2685840	Reg = 0.245905	Cost = 153.983
SSD = 152.927	n = 2685840	Reg = 0.247942	Cost = 153.175
SSD = 152.178	n = 2685840	Reg = 0.249909	Cost = 152.428
SSD = 151.43	n = 2685840	Reg = 0.251911	Cost = 151.682
SSD = 150.715	n = 2685840	Reg = 0.253926	Cost = 150.969
SSD = 150.001	n = 2685840	Reg = 0.25598	Cost = 150.257
SSD = 149.264	n = 2685840	Reg = 0.258198	Cost = 149.522
SSD = 148.554	n = 2685840	Reg = 0.260398	Cost = 148.814
SSD = 147.864	n = 2685840	Reg = 0.262596	Cost = 148.126
SSD = 147.238	n = 2685840	Reg = 0.264667	Cost = 147.503
***Going to next resolution level***
SSD = 147.239	n = 2685840	Reg = 0.00528984	Cost = 147.244
SSD = 146.929	n = 2685840	Reg = 0.0052788	Cost = 146.934
SSD = 146.38	n = 2685840	Reg = 0.00525952	Cost = 146.385
SSD = 145.938	n = 2685840	Reg = 0.00524423	Cost = 145.943
SSD = 145.495	n = 2685840	Reg = 0.00522927	Cost = 145.5
SSD = 145.064	n = 2685840	Reg = 0.00521528	Cost = 145.069
SSD = 144.665	n = 2685840	Reg = 0.00520299	Cost = 144.67
SSD = 144.324	n = 2685840	Reg = 0.00519329	Cost = 144.33
SSD = 144.008	n = 2685840	Reg = 0.00518501	Cost = 144.013
SSD = 143.672	n = 2685840	Reg = 0.00517709	Cost = 143.677
SSD = 143.313	n = 2685840	Reg = 0.00516967	Cost = 143.318
SSD = 142.932	n = 2685840	Reg = 0.00516282	Cost = 142.937
SSD = 142.619	n = 2685840	Reg = 0.00515801	Cost = 142.624
SSD = 142.27	n = 2685840	Reg = 0.00515361	Cost = 142.275
SSD = 141.929	n = 2685840	Reg = 0.00515024	Cost = 141.934
SSD = 141.608	n = 2685840	Reg = 0.00514796	Cost = 141.613
SSD = 141.308	n = 2685840	Reg = 0.00514657	Cost = 141.314
SSD = 140.988	n = 2685840	Reg = 0.00514589	Cost = 140.993
SSD = 140.666	n = 2685840	Reg = 0.00514599	Cost = 140.671
SSD = 140.373	n = 2685840	Reg = 0.00514685	Cost = 140.378
SSD = 140.072	n = 2685840	Reg = 0.00514852	Cost = 140.077
SSD = 139.765	n = 2685840	Reg = 0.00515119	Cost = 139.771
SSD = 139.455	n = 2685840	Reg = 0.00515485	Cost = 139.46
SSD = 139.132	n = 2685840	Reg = 0.00515987	Cost = 139.137
SSD = 138.833	n = 2685840	Reg = 0.00516559	Cost = 138.839
SSD = 138.513	n = 2685840	Reg = 0.00517313	Cost = 138.518
SSD = 138.179	n = 2685840	Reg = 0.00518245	Cost = 138.184
SSD = 137.847	n = 2685840	Reg = 0.00519347	Cost = 137.852
SSD = 137.517	n = 2685840	Reg = 0.00520595	Cost = 137.523
SSD = 137.163	n = 2685840	Reg = 0.00522157	Cost = 137.168
SSD = 136.82	n = 2685840	Reg = 0.00523895	Cost = 136.825
SSD = 136.464	n = 2685840	Reg = 0.00525954	Cost = 136.469
SSD = 136.106	n = 2685840	Reg = 0.0052828	Cost = 136.111
SSD = 135.772	n = 2685840	Reg = 0.00530701	Cost = 135.777
SSD = 135.397	n = 2685840	Reg = 0.00533665	Cost = 135.403
SSD = 135.026	n = 2685840	Reg = 0.00536907	Cost = 135.032
SSD = 134.666	n = 2685840	Reg = 0.00540346	Cost = 134.671
SSD = 134.315	n = 2685840	Reg = 0.00543968	Cost = 134.321
SSD = 133.942	n = 2685840	Reg = 0.00548084	Cost = 133.948
SSD = 133.584	n = 2685840	Reg = 0.00552342	Cost = 133.59
SSD = 133.235	n = 2685840	Reg = 0.00556768	Cost = 133.241
SSD = 132.882	n = 2685840	Reg = 0.00561537	Cost = 132.888
SSD = 132.572	n = 2685840	Reg = 0.00565911	Cost = 132.577
SSD = 132.273	n = 2685840	Reg = 0.00570374	Cost = 132.278
SSD = 131.991	n = 2685840	Reg = 0.00574779	Cost = 131.996
SSD = 131.686	n = 2685840	Reg = 0.00579793	Cost = 131.692
SSD = 131.395	n = 2685840	Reg = 0.00584821	Cost = 131.401
SSD = 131.119	n = 2685840	Reg = 0.00589844	Cost = 131.125
SSD = 130.821	n = 2685840	Reg = 0.00595508	Cost = 130.827
SSD = 130.489	n = 2685840	Reg = 0.00602158	Cost = 130.495
SSD = 130.116	n = 2685840	Reg = 0.00610005	Cost = 130.122
SSD = 129.613	n = 2685840	Reg = 0.00621071	Cost = 129.619
SSD = 129.169	n = 2685840	Reg = 0.0063112	Cost = 129.176
SSD = 128.773	n = 2685840	Reg = 0.00640551	Cost = 128.779
SSD = 128.378	n = 2685840	Reg = 0.00650141	Cost = 128.385
SSD = 128.012	n = 2685840	Reg = 0.00659315	Cost = 128.019
SSD = 127.664	n = 2685840	Reg = 0.00668162	Cost = 127.671
SSD = 127.267	n = 2685840	Reg = 0.00678569	Cost = 127.274
SSD = 126.895	n = 2685840	Reg = 0.00688434	Cost = 126.902
SSD = 126.514	n = 2685840	Reg = 0.00698738	Cost = 126.521
SSD = 126.145	n = 2685840	Reg = 0.0070891	Cost = 126.152
SSD = 125.792	n = 2685840	Reg = 0.00718818	Cost = 125.799
SSD = 125.465	n = 2685840	Reg = 0.00728123	Cost = 125.472
SSD = 125.143	n = 2685840	Reg = 0.00737423	Cost = 125.151
SSD = 124.849	n = 2685840	Reg = 0.00746075	Cost = 124.856
SSD = 124.541	n = 2685840	Reg = 0.00755323	Cost = 124.548
SSD = 124.245	n = 2685840	Reg = 0.0076428	Cost = 124.253
SSD = 123.975	n = 2685840	Reg = 0.0077255	Cost = 123.983
SSD = 123.702	n = 2685840	Reg = 0.00781008	Cost = 123.71
SSD = 123.409	n = 2685840	Reg = 0.00790188	Cost = 123.417
SSD = 123.148	n = 2685840	Reg = 0.00798335	Cost = 123.156
SSD = 122.908	n = 2685840	Reg = 0.00806018	Cost = 122.916
SSD = 122.665	n = 2685840	Reg = 0.00813803	Cost = 122.673
SSD = 122.435	n = 2685840	Reg = 0.00821236	Cost = 122.443
SSD = 122.207	n = 2685840	Reg = 0.00828614	Cost = 122.215
SSD = 121.99	n = 2685840	Reg = 0.00835641	Cost = 121.998
SSD = 121.773	n = 2685840	Reg = 0.00842635	Cost = 121.781
SSD = 121.565	n = 2685840	Reg = 0.00849424	Cost = 121.573
SSD = 121.351	n = 2685840	Reg = 0.00856368	Cost = 121.36
SSD = 121.153	n = 2685840	Reg = 0.00862844	Cost = 121.162
SSD = 120.949	n = 2685840	Reg = 0.00869484	Cost = 120.958
SSD = 120.76	n = 2685840	Reg = 0.00875699	Cost = 120.768
SSD = 120.569	n = 2685840	Reg = 0.00881906	Cost = 120.578
SSD = 120.379	n = 2685840	Reg = 0.0088809	Cost = 120.388
SSD = 120.191	n = 2685840	Reg = 0.00894209	Cost = 120.2
SSD = 120.013	n = 2685840	Reg = 0.00899986	Cost = 120.022
SSD = 119.829	n = 2685840	Reg = 0.0090596	Cost = 119.838
SSD = 119.645	n = 2685840	Reg = 0.00911913	Cost = 119.654
SSD = 119.468	n = 2685840	Reg = 0.0091765	Cost = 119.477
SSD = 119.3	n = 2685840	Reg = 0.00923096	Cost = 119.31
SSD = 119.117	n = 2685840	Reg = 0.00929014	Cost = 119.126
SSD = 118.931	n = 2685840	Reg = 0.00935029	Cost = 118.941
SSD = 118.748	n = 2685840	Reg = 0.00940963	Cost = 118.758
SSD = 118.558	n = 2685840	Reg = 0.00947166	Cost = 118.568
SSD = 118.381	n = 2685840	Reg = 0.00952951	Cost = 118.39
SSD = 118.201	n = 2685840	Reg = 0.00958822	Cost = 118.211
SSD = 118.027	n = 2685840	Reg = 0.0096448	Cost = 118.037
SSD = 117.854	n = 2685840	Reg = 0.00970152	Cost = 117.864
SSD = 117.68	n = 2685840	Reg = 0.00975821	Cost = 117.689
SSD = 117.518	n = 2685840	Reg = 0.00981069	Cost = 117.528
SSD = 117.367	n = 2685840	Reg = 0.00985955	Cost = 117.377
----------REALIGNMENT----------
----------REGISTERING EPI TO ANATOMICAL----------
----------REGISTERING EPI TO MNI----------
Processing volume 0
Processing volume 1
Processing volume 2
Processing volume 3
Processing volume 4
Processing volume 5
Processing volume 6
Processing volume 7
Processing volume 8
Processing volume 9
Processing volume 10
Processing volume 11
Processing volume 12
Processing volume 13
Processing volume 14
Processing volume 15
Processing volume 16
Processing volume 17
Processing volume 18
Processing volume 19
Processing volume 20
Processing volume 21
Processing volume 22
Processing volume 23
Processing volume 24
Processing volume 25
Processing volume 26
Processing volume 27
Processing volume 28
Processing volume 29
Processing volume 30
Processing volume 31
Processing volume 32
Processing volume 33
Processing volume 34
Processing volume 35
Processing volume 36
Processing volume 37
Processing volume 38
Processing volume 39
Processing volume 40
Processing volume 41
Processing volume 42
Processing volume 43
Processing volume 44
Processing volume 45
Processing volume 46
Processing volume 47
Processing volume 48
Processing volume 49
Processing volume 50
Processing volume 51
Processing volume 52
Processing volume 53
Processing volume 54
Processing volume 55
Processing volume 56
Processing volume 57
Processing volume 58
Processing volume 59
Processing volume 60
Processing volume 61
Processing volume 62
Processing volume 63
Processing volume 64
Processing volume 65
Processing volume 66
Processing volume 67
Processing volume 68
Processing volume 69
Processing volume 70
Processing volume 71
Processing volume 72
Processing volume 73
Processing volume 74
Processing volume 75
Processing volume 76
Processing volume 77
Processing volume 78
Processing volume 79
Processing volume 80
Processing volume 81
Processing volume 82
Processing volume 83
Processing volume 84
Processing volume 85
Processing volume 86
Processing volume 87
Processing volume 88
Processing volume 89
Processing volume 90
Processing volume 91
Processing volume 92
Processing volume 93
Processing volume 94
Processing volume 95
Processing volume 96
Processing volume 97
Processing volume 98
Processing volume 99
Processing volume 100
Processing volume 101
Processing volume 102
Processing volume 103
Processing volume 104
Processing volume 105
Processing volume 106
Processing volume 107
Processing volume 108
Processing volume 109
Processing volume 110
Processing volume 111
Processing volume 112
Processing volume 113
Processing volume 114
Processing volume 115
Processing volume 116
Processing volume 117
Processing volume 118
Processing volume 119
Error: short write, output file will be truncated
** ERROR: NWAD: wrote only 0 of 57768256 bytes to file
Processing volume 120
Error: short write, output file will be truncated
** ERROR: NWAD: wrote only 0 of 57768256 bytes to file
Processing volume 121
Error: short write, output file will be truncated
 file /home/tom29/rds/hpc-work/cbbu_BIDS/sub-35/func/sub-35_task-facehouse_acq-1_dir-PA_bold_vol-121.nii.gz is not recognized as a supported image format . 
terminate called after throwing an instance of 'itk::ExceptionObject'
  what():  /workspace/build/ITKv5/Modules/Core/Common/src/itkProcessObject.cxx:1339:
ITK ERROR: ResampleImageFilter(0x44843f0): Input Primary is required but not set.
/var/spool/slurm/slurmd/job20299347/slurm_script: line 214: 122011 Aborted                 antsApplyTransforms -d 3 -i "${tmp_vol}" -r "${FSLDIR}/data/standard/MNI152_T1_1mm_brain.nii.gz" -t "${template_to_MNI_SyN}" -t "${template_to_MNI_affine}" -t "${MP2RAGE_to_template_SyN}" -t "${MP2RAGE_to_template_affine}" -t "${BIDS_root}/${sub_id}/func/${sub_id}_func_to_anatomical_ANTS.mat" -o "${run1_fname}_MNI_vol-${v}.nii.gz" -n Linear
