Non-commercial use only - see $FSLDIR/LICENSE
Loading spm/spm12
  Loading requirement: matlab/r2019a
----------CENTRING IMAGES----------
MATLAB is selecting SOFTWARE OPENGL rendering.

Written new image at:
	/home/tom29/rds/hpc-work/cbbu_BIDS/sub-43/func/sub-43_task-facehouse_acq-1_dir-PA_bold_centred.nii

MATLAB is selecting SOFTWARE OPENGL rendering.

Written new image at:
	/home/tom29/rds/hpc-work/cbbu_BIDS/sub-43/func/sub-43_task-facehouse_acq-2_dir-PA_bold_centred.nii

MATLAB is selecting SOFTWARE OPENGL rendering.

Written new image at:
	/home/tom29/rds/hpc-work/cbbu_BIDS/sub-43/func/sub-43_acq-LC_dir-AP_bold_centred.nii

MATLAB is selecting SOFTWARE OPENGL rendering.

Written new image at:
	/home/tom29/rds/hpc-work/cbbu_BIDS/sub-43/func/sub-43_task-facehouse_acq-1_dir-PA_sbref_centred.nii

----------SUSCEPTIBILITY DISTORTION CORRECTION----------
SSD = 364.582	n = 323454	Reg = 0	Cost = 364.582
SSD = 109.099	n = 323454	Reg = 6.50329	Cost = 115.602
SSD = 82.2148	n = 323454	Reg = 13.4514	Cost = 95.6662
SSD = 77.5945	n = 323454	Reg = 16.1432	Cost = 93.7376
SSD = 76.6526	n = 323454	Reg = 16.8196	Cost = 93.4721
SSD = 76.4348	n = 323454	Reg = 16.9845	Cost = 93.4193
***Going to next resolution level***
SSD = 133.312	n = 323454	Reg = 8.86861	Cost = 142.181
SSD = 68.6507	n = 323454	Reg = 9.08154	Cost = 77.7323
SSD = 56.8878	n = 323454	Reg = 13.0443	Cost = 69.9321
SSD = 54.1884	n = 323454	Reg = 14.5522	Cost = 68.7406
SSD = 53.4478	n = 323454	Reg = 15.0139	Cost = 68.4617
SSD = 53.2003	n = 323454	Reg = 15.1652	Cost = 68.3654
***Going to next resolution level***
SSD = 130.313	n = 323454	Reg = 3.71469	Cost = 134.028
SSD = 101.633	n = 323454	Reg = 6.97535	Cost = 108.608
SSD = 95.4176	n = 323454	Reg = 9.2345	Cost = 104.652
SSD = 93.6521	n = 323454	Reg = 10.1091	Cost = 103.761
SSD = 92.7685	n = 323454	Reg = 10.5024	Cost = 103.271
SSD = 92.144	n = 323454	Reg = 10.7555	Cost = 102.899
***Going to next resolution level***
SSD = 161.211	n = 323454	Reg = 6.62488	Cost = 167.835
SSD = 73.6515	n = 323454	Reg = 3.71713	Cost = 77.3686
SSD = 61.9566	n = 323454	Reg = 5.30003	Cost = 67.2566
SSD = 58.7351	n = 323454	Reg = 6.05321	Cost = 64.7883
SSD = 57.2852	n = 323454	Reg = 6.42143	Cost = 63.7066
SSD = 56.3993	n = 323454	Reg = 6.66738	Cost = 63.0667
SSD = 55.7466	n = 323454	Reg = 6.87023	Cost = 62.6169
SSD = 55.2986	n = 323454	Reg = 7.02418	Cost = 62.3228
SSD = 54.9896	n = 323454	Reg = 7.14664	Cost = 62.1362
SSD = 54.7656	n = 323454	Reg = 7.24506	Cost = 62.0107
SSD = 54.5875	n = 323454	Reg = 7.32904	Cost = 61.9165
***Going to next resolution level***
SSD = 179.904	n = 2685840	Reg = 181.455	Cost = 361.359
SSD = 93.8401	n = 2685840	Reg = 37.9823	Cost = 131.822
SSD = 85.2705	n = 2685840	Reg = 30.6783	Cost = 115.949
SSD = 84.1974	n = 2685840	Reg = 27.1848	Cost = 111.382
SSD = 84.216	n = 2685840	Reg = 25.1042	Cost = 109.32
SSD = 84.3698	n = 2685840	Reg = 23.8367	Cost = 108.206
SSD = 84.5117	n = 2685840	Reg = 23.01	Cost = 107.522
SSD = 84.5869	n = 2685840	Reg = 22.5302	Cost = 107.117
SSD = 84.6111	n = 2685840	Reg = 22.2817	Cost = 106.893
SSD = 84.5977	n = 2685840	Reg = 22.1608	Cost = 106.759
SSD = 84.5701	n = 2685840	Reg = 22.0922	Cost = 106.662
***Going to next resolution level***
SSD = 84.5701	n = 2685840	Reg = 2.20922	Cost = 86.7793
SSD = 84.3293	n = 2685840	Reg = 2.22982	Cost = 86.5592
SSD = 84.1773	n = 2685840	Reg = 2.24532	Cost = 86.4226
SSD = 83.9082	n = 2685840	Reg = 2.27385	Cost = 86.182
SSD = 83.4857	n = 2685840	Reg = 2.32343	Cost = 85.8091
SSD = 82.9416	n = 2685840	Reg = 2.40045	Cost = 85.342
SSD = 82.4605	n = 2685840	Reg = 2.48796	Cost = 84.9485
SSD = 82.0604	n = 2685840	Reg = 2.57947	Cost = 84.6398
SSD = 81.6866	n = 2685840	Reg = 2.68056	Cost = 84.3671
SSD = 81.3638	n = 2685840	Reg = 2.777	Cost = 84.1408
SSD = 81.0736	n = 2685840	Reg = 2.86807	Cost = 83.9417
SSD = 80.7855	n = 2685840	Reg = 2.96075	Cost = 83.7462
SSD = 80.5063	n = 2685840	Reg = 3.05158	Cost = 83.5579
SSD = 80.239	n = 2685840	Reg = 3.13922	Cost = 83.3782
SSD = 79.9846	n = 2685840	Reg = 3.22272	Cost = 83.2073
SSD = 79.7181	n = 2685840	Reg = 3.30999	Cost = 83.0281
SSD = 79.4844	n = 2685840	Reg = 3.38641	Cost = 82.8708
SSD = 79.2355	n = 2685840	Reg = 3.46751	Cost = 82.703
SSD = 78.9955	n = 2685840	Reg = 3.54537	Cost = 82.5409
SSD = 78.7692	n = 2685840	Reg = 3.61859	Cost = 82.3878
SSD = 78.5484	n = 2685840	Reg = 3.6899	Cost = 82.2383
***Going to next resolution level***
SSD = 343.657	n = 2685840	Reg = 11.0595	Cost = 354.716
SSD = 296.133	n = 2685840	Reg = 9.55022	Cost = 305.683
SSD = 274.131	n = 2685840	Reg = 8.86248	Cost = 282.993
SSD = 255.581	n = 2685840	Reg = 8.30103	Cost = 263.882
SSD = 243.071	n = 2685840	Reg = 7.94184	Cost = 251.013
SSD = 234.419	n = 2685840	Reg = 7.70778	Cost = 242.127
SSD = 227.429	n = 2685840	Reg = 7.53066	Cost = 234.96
SSD = 222.106	n = 2685840	Reg = 7.40431	Cost = 229.51
SSD = 217.262	n = 2685840	Reg = 7.29813	Cost = 224.56
SSD = 213.583	n = 2685840	Reg = 7.22291	Cost = 220.805
SSD = 210.145	n = 2685840	Reg = 7.15745	Cost = 217.302
SSD = 207.097	n = 2685840	Reg = 7.10435	Cost = 214.201
SSD = 204.383	n = 2685840	Reg = 7.06023	Cost = 211.443
SSD = 201.852	n = 2685840	Reg = 7.02293	Cost = 208.875
SSD = 199.778	n = 2685840	Reg = 6.99646	Cost = 206.775
SSD = 197.792	n = 2685840	Reg = 6.97335	Cost = 204.765
SSD = 195.911	n = 2685840	Reg = 6.95417	Cost = 202.865
SSD = 194.304	n = 2685840	Reg = 6.94	Cost = 201.244
SSD = 192.681	n = 2685840	Reg = 6.92748	Cost = 199.609
SSD = 191.257	n = 2685840	Reg = 6.91471	Cost = 198.172
SSD = 189.705	n = 2685840	Reg = 6.90806	Cost = 196.613
***Going to next resolution level***
SSD = 275.807	n = 2685840	Reg = 0.100434	Cost = 275.907
SSD = 271.602	n = 2685840	Reg = 0.0991831	Cost = 271.702
SSD = 268.485	n = 2685840	Reg = 0.0984271	Cost = 268.583
SSD = 265.957	n = 2685840	Reg = 0.0980615	Cost = 266.055
SSD = 264.109	n = 2685840	Reg = 0.0980314	Cost = 264.207
SSD = 262.559	n = 2685840	Reg = 0.0982238	Cost = 262.657
SSD = 261.317	n = 2685840	Reg = 0.0985964	Cost = 261.416
SSD = 260.192	n = 2685840	Reg = 0.0991122	Cost = 260.291
SSD = 259.309	n = 2685840	Reg = 0.099654	Cost = 259.409
SSD = 258.472	n = 2685840	Reg = 0.100302	Cost = 258.572
SSD = 257.558	n = 2685840	Reg = 0.101135	Cost = 257.659
SSD = 255.623	n = 2685840	Reg = 0.103192	Cost = 255.726
SSD = 253.798	n = 2685840	Reg = 0.10544	Cost = 253.903
SSD = 251.554	n = 2685840	Reg = 0.108505	Cost = 251.663
SSD = 249.681	n = 2685840	Reg = 0.111385	Cost = 249.793
SSD = 247.798	n = 2685840	Reg = 0.114562	Cost = 247.912
SSD = 246.009	n = 2685840	Reg = 0.117748	Cost = 246.126
SSD = 244.409	n = 2685840	Reg = 0.120822	Cost = 244.53
SSD = 242.858	n = 2685840	Reg = 0.123886	Cost = 242.981
SSD = 241.458	n = 2685840	Reg = 0.126714	Cost = 241.585
SSD = 240.275	n = 2685840	Reg = 0.129214	Cost = 240.404
SSD = 239.403	n = 2685840	Reg = 0.13102	Cost = 239.534
SSD = 238.535	n = 2685840	Reg = 0.132851	Cost = 238.668
SSD = 237.708	n = 2685840	Reg = 0.134613	Cost = 237.842
SSD = 236.798	n = 2685840	Reg = 0.136569	Cost = 236.934
SSD = 235.948	n = 2685840	Reg = 0.138479	Cost = 236.087
SSD = 235.061	n = 2685840	Reg = 0.140466	Cost = 235.201
SSD = 234.227	n = 2685840	Reg = 0.142416	Cost = 234.37
SSD = 233.403	n = 2685840	Reg = 0.144394	Cost = 233.547
SSD = 232.531	n = 2685840	Reg = 0.146575	Cost = 232.678
SSD = 231.663	n = 2685840	Reg = 0.148838	Cost = 231.812
SSD = 230.755	n = 2685840	Reg = 0.15124	Cost = 230.907
SSD = 229.919	n = 2685840	Reg = 0.153579	Cost = 230.073
SSD = 229.149	n = 2685840	Reg = 0.155767	Cost = 229.305
SSD = 228.334	n = 2685840	Reg = 0.158174	Cost = 228.492
SSD = 227.608	n = 2685840	Reg = 0.160405	Cost = 227.768
SSD = 226.854	n = 2685840	Reg = 0.16278	Cost = 227.017
SSD = 226.143	n = 2685840	Reg = 0.165116	Cost = 226.308
SSD = 225.47	n = 2685840	Reg = 0.167359	Cost = 225.638
SSD = 224.753	n = 2685840	Reg = 0.169864	Cost = 224.923
SSD = 224.126	n = 2685840	Reg = 0.172111	Cost = 224.299
SSD = 223.477	n = 2685840	Reg = 0.174524	Cost = 223.652
SSD = 222.859	n = 2685840	Reg = 0.176915	Cost = 223.036
SSD = 222.23	n = 2685840	Reg = 0.179385	Cost = 222.409
SSD = 221.609	n = 2685840	Reg = 0.181922	Cost = 221.791
SSD = 221.019	n = 2685840	Reg = 0.184414	Cost = 221.203
SSD = 220.454	n = 2685840	Reg = 0.18688	Cost = 220.641
SSD = 219.894	n = 2685840	Reg = 0.189402	Cost = 220.083
SSD = 219.325	n = 2685840	Reg = 0.192039	Cost = 219.517
SSD = 218.774	n = 2685840	Reg = 0.194679	Cost = 218.969
SSD = 218.229	n = 2685840	Reg = 0.19737	Cost = 218.426
***Going to next resolution level***
SSD = 218.229	n = 2685840	Reg = 0.00394611	Cost = 218.233
SSD = 217.97	n = 2685840	Reg = 0.0039414	Cost = 217.974
SSD = 217.492	n = 2685840	Reg = 0.00393275	Cost = 217.496
SSD = 217.157	n = 2685840	Reg = 0.00392679	Cost = 217.161
SSD = 216.809	n = 2685840	Reg = 0.00392074	Cost = 216.812
SSD = 216.434	n = 2685840	Reg = 0.00391455	Cost = 216.438
SSD = 216.124	n = 2685840	Reg = 0.00390983	Cost = 216.128
SSD = 215.812	n = 2685840	Reg = 0.00390556	Cost = 215.816
SSD = 215.48	n = 2685840	Reg = 0.00390163	Cost = 215.484
SSD = 215.2	n = 2685840	Reg = 0.00389895	Cost = 215.204
SSD = 214.935	n = 2685840	Reg = 0.00389701	Cost = 214.939
SSD = 214.643	n = 2685840	Reg = 0.00389559	Cost = 214.647
SSD = 214.351	n = 2685840	Reg = 0.00389496	Cost = 214.355
SSD = 214.094	n = 2685840	Reg = 0.00389512	Cost = 214.098
SSD = 213.824	n = 2685840	Reg = 0.00389607	Cost = 213.828
SSD = 213.535	n = 2685840	Reg = 0.00389794	Cost = 213.539
SSD = 213.264	n = 2685840	Reg = 0.0039006	Cost = 213.268
SSD = 212.995	n = 2685840	Reg = 0.00390411	Cost = 212.999
SSD = 212.725	n = 2685840	Reg = 0.00390857	Cost = 212.729
SSD = 212.472	n = 2685840	Reg = 0.00391373	Cost = 212.476
SSD = 212.183	n = 2685840	Reg = 0.00392073	Cost = 212.187
SSD = 211.913	n = 2685840	Reg = 0.00392846	Cost = 211.917
SSD = 211.646	n = 2685840	Reg = 0.00393737	Cost = 211.65
SSD = 211.38	n = 2685840	Reg = 0.00394755	Cost = 211.384
SSD = 211.121	n = 2685840	Reg = 0.00395886	Cost = 211.125
SSD = 210.872	n = 2685840	Reg = 0.00397105	Cost = 210.876
SSD = 210.615	n = 2685840	Reg = 0.00398501	Cost = 210.619
SSD = 210.35	n = 2685840	Reg = 0.00400094	Cost = 210.354
SSD = 210.093	n = 2685840	Reg = 0.00401788	Cost = 210.097
SSD = 209.807	n = 2685840	Reg = 0.00403862	Cost = 209.811
SSD = 209.558	n = 2685840	Reg = 0.00405819	Cost = 209.563
SSD = 209.283	n = 2685840	Reg = 0.00408151	Cost = 209.287
SSD = 208.961	n = 2685840	Reg = 0.00411094	Cost = 208.965
SSD = 208.638	n = 2685840	Reg = 0.00414271	Cost = 208.642
SSD = 208.298	n = 2685840	Reg = 0.00417856	Cost = 208.302
SSD = 207.945	n = 2685840	Reg = 0.00421873	Cost = 207.949
SSD = 207.606	n = 2685840	Reg = 0.00426025	Cost = 207.611
SSD = 207.268	n = 2685840	Reg = 0.00430487	Cost = 207.272
SSD = 206.922	n = 2685840	Reg = 0.00435366	Cost = 206.926
SSD = 206.584	n = 2685840	Reg = 0.00440471	Cost = 206.588
SSD = 206.264	n = 2685840	Reg = 0.00445617	Cost = 206.269
SSD = 205.977	n = 2685840	Reg = 0.00450522	Cost = 205.981
SSD = 205.753	n = 2685840	Reg = 0.00454595	Cost = 205.758
SSD = 205.518	n = 2685840	Reg = 0.0045915	Cost = 205.522
SSD = 205.277	n = 2685840	Reg = 0.00464077	Cost = 205.281
SSD = 205.021	n = 2685840	Reg = 0.0046959	Cost = 205.026
SSD = 204.763	n = 2685840	Reg = 0.00475473	Cost = 204.768
SSD = 204.491	n = 2685840	Reg = 0.00481996	Cost = 204.496
SSD = 204.222	n = 2685840	Reg = 0.0048882	Cost = 204.227
SSD = 203.936	n = 2685840	Reg = 0.00496502	Cost = 203.941
SSD = 203.602	n = 2685840	Reg = 0.00505906	Cost = 203.607
SSD = 203.177	n = 2685840	Reg = 0.00518571	Cost = 203.182
SSD = 202.705	n = 2685840	Reg = 0.00533248	Cost = 202.711
SSD = 202.32	n = 2685840	Reg = 0.00545745	Cost = 202.325
SSD = 201.937	n = 2685840	Reg = 0.0055861	Cost = 201.942
SSD = 201.564	n = 2685840	Reg = 0.00571431	Cost = 201.569
SSD = 201.224	n = 2685840	Reg = 0.00583433	Cost = 201.23
SSD = 200.888	n = 2685840	Reg = 0.00595535	Cost = 200.894
SSD = 200.536	n = 2685840	Reg = 0.00608512	Cost = 200.542
SSD = 200.137	n = 2685840	Reg = 0.0062347	Cost = 200.143
SSD = 199.729	n = 2685840	Reg = 0.00639146	Cost = 199.735
SSD = 199.289	n = 2685840	Reg = 0.00656475	Cost = 199.296
SSD = 198.927	n = 2685840	Reg = 0.0067104	Cost = 198.933
SSD = 198.602	n = 2685840	Reg = 0.00684312	Cost = 198.609
SSD = 198.301	n = 2685840	Reg = 0.00696693	Cost = 198.308
SSD = 198.013	n = 2685840	Reg = 0.00708731	Cost = 198.02
SSD = 197.744	n = 2685840	Reg = 0.00720159	Cost = 197.751
SSD = 197.463	n = 2685840	Reg = 0.00732228	Cost = 197.47
SSD = 197.198	n = 2685840	Reg = 0.00743736	Cost = 197.206
SSD = 196.948	n = 2685840	Reg = 0.0075471	Cost = 196.956
SSD = 196.69	n = 2685840	Reg = 0.00766222	Cost = 196.698
SSD = 196.447	n = 2685840	Reg = 0.00777103	Cost = 196.455
SSD = 196.188	n = 2685840	Reg = 0.00788878	Cost = 196.196
SSD = 195.932	n = 2685840	Reg = 0.00800611	Cost = 195.94
SSD = 195.691	n = 2685840	Reg = 0.00811734	Cost = 195.699
SSD = 195.465	n = 2685840	Reg = 0.00822176	Cost = 195.473
SSD = 195.242	n = 2685840	Reg = 0.00832523	Cost = 195.25
SSD = 195.019	n = 2685840	Reg = 0.00842903	Cost = 195.028
SSD = 194.804	n = 2685840	Reg = 0.00852913	Cost = 194.812
SSD = 194.59	n = 2685840	Reg = 0.00862957	Cost = 194.598
SSD = 194.376	n = 2685840	Reg = 0.00873011	Cost = 194.385
SSD = 194.193	n = 2685840	Reg = 0.00881644	Cost = 194.202
SSD = 194.02	n = 2685840	Reg = 0.00889728	Cost = 194.029
SSD = 193.849	n = 2685840	Reg = 0.0089768	Cost = 193.858
SSD = 193.68	n = 2685840	Reg = 0.00905583	Cost = 193.689
SSD = 193.496	n = 2685840	Reg = 0.00914143	Cost = 193.505
SSD = 193.316	n = 2685840	Reg = 0.00922545	Cost = 193.325
SSD = 193.138	n = 2685840	Reg = 0.00930841	Cost = 193.147
SSD = 192.964	n = 2685840	Reg = 0.00938892	Cost = 192.974
SSD = 192.788	n = 2685840	Reg = 0.00947083	Cost = 192.798
SSD = 192.61	n = 2685840	Reg = 0.00955393	Cost = 192.62
SSD = 192.422	n = 2685840	Reg = 0.00964266	Cost = 192.431
SSD = 192.224	n = 2685840	Reg = 0.00973486	Cost = 192.234
SSD = 192.035	n = 2685840	Reg = 0.0098239	Cost = 192.044
SSD = 191.859	n = 2685840	Reg = 0.00990671	Cost = 191.869
SSD = 191.687	n = 2685840	Reg = 0.00998797	Cost = 191.697
SSD = 191.516	n = 2685840	Reg = 0.0100686	Cost = 191.526
SSD = 191.346	n = 2685840	Reg = 0.0101491	Cost = 191.356
SSD = 191.173	n = 2685840	Reg = 0.0102314	Cost = 191.183
SSD = 191	n = 2685840	Reg = 0.0103133	Cost = 191.01
SSD = 190.826	n = 2685840	Reg = 0.0103957	Cost = 190.837
----------REALIGNMENT----------
----------REGISTERING EPI TO ANATOMICAL----------
----------REGISTERING EPI TO MNI----------
Processing volume 0
Processing volume 1
Processing volume 2
Processing volume 3
Processing volume 4
Processing volume 5
Processing volume 6
Processing volume 7
Processing volume 8
Processing volume 9
Processing volume 10
Processing volume 11
Processing volume 12
Processing volume 13
Processing volume 14
Processing volume 15
Processing volume 16
Processing volume 17
Processing volume 18
Processing volume 19
Processing volume 20
Processing volume 21
Processing volume 22
Processing volume 23
Processing volume 24
Processing volume 25
Processing volume 26
Processing volume 27
Processing volume 28
Processing volume 29
Processing volume 30
Processing volume 31
Processing volume 32
Processing volume 33
Processing volume 34
Processing volume 35
Processing volume 36
Processing volume 37
Processing volume 38
Processing volume 39
Processing volume 40
Processing volume 41
Processing volume 42
Processing volume 43
Processing volume 44
Processing volume 45
Processing volume 46
Processing volume 47
Processing volume 48
Processing volume 49
Processing volume 50
Processing volume 51
Processing volume 52
Processing volume 53
Processing volume 54
Processing volume 55
Processing volume 56
Processing volume 57
Processing volume 58
Processing volume 59
Processing volume 60
Processing volume 61
Processing volume 62
Processing volume 63
Processing volume 64
Processing volume 65
Processing volume 66
Processing volume 67
Processing volume 68
Processing volume 69
Processing volume 70
Processing volume 71
Processing volume 72
Processing volume 73
Processing volume 74
Processing volume 75
Processing volume 76
Processing volume 77
Processing volume 78
Processing volume 79
Processing volume 80
Processing volume 81
Processing volume 82
Processing volume 83
Processing volume 84
Processing volume 85
Processing volume 86
Processing volume 87
Processing volume 88
Processing volume 89
Processing volume 90
Processing volume 91
Processing volume 92
Processing volume 93
Processing volume 94
Processing volume 95
Processing volume 96
Processing volume 97
Processing volume 98
Processing volume 99
Processing volume 100
Processing volume 101
Processing volume 102
Processing volume 103
Processing volume 104
Processing volume 105
Processing volume 106
Processing volume 107
Processing volume 108
Processing volume 109
Processing volume 110
Processing volume 111
Processing volume 112
Processing volume 113
Processing volume 114
Processing volume 115
Processing volume 116
Processing volume 117
Error: short write, output file will be truncated
** ERROR: NWAD: wrote only 0 of 57768256 bytes to file
Processing volume 118
Error: short write, output file will be truncated
Processing volume 119
Error: short write, output file will be truncated
** ERROR: NWAD: wrote only 0 of 57768256 bytes to file
Processing volume 120
Error: short write, output file will be truncated
** ERROR: NWAD: wrote only 0 of 57768256 bytes to file
Processing volume 121
Error: short write, output file will be truncated
** ERROR: NWAD: wrote only 0 of 57768256 bytes to file
Processing volume 122
Error: short write, output file will be truncated
 file /home/tom29/rds/hpc-work/cbbu_BIDS/sub-43/func/sub-43_task-facehouse_acq-1_dir-PA_bold_vol-122.nii.gz is not recognized as a supported image format . 
terminate called after throwing an instance of 'itk::ExceptionObject'
  what():  /workspace/build/ITKv5/Modules/Core/Common/src/itkProcessObject.cxx:1339:
ITK ERROR: ResampleImageFilter(0x41ee3f0): Input Primary is required but not set.
/var/spool/slurm/slurmd/job20299355/slurm_script: line 214: 123258 Aborted                 antsApplyTransforms -d 3 -i "${tmp_vol}" -r "${FSLDIR}/data/standard/MNI152_T1_1mm_brain.nii.gz" -t "${template_to_MNI_SyN}" -t "${template_to_MNI_affine}" -t "${MP2RAGE_to_template_SyN}" -t "${MP2RAGE_to_template_affine}" -t "${BIDS_root}/${sub_id}/func/${sub_id}_func_to_anatomical_ANTS.mat" -o "${run1_fname}_MNI_vol-${v}.nii.gz" -n Linear
