Non-commercial use only - see $FSLDIR/LICENSE
Loading spm/spm12
  Loading requirement: matlab/r2019a
----------CENTRING IMAGES----------
MATLAB is selecting SOFTWARE OPENGL rendering.

Written new image at:
	/home/tom29/rds/hpc-work/cbbu_BIDS/sub-04/func/sub-04_task-facehouse_acq-1_dir-PA_bold_centred.nii

MATLAB is selecting SOFTWARE OPENGL rendering.

Written new image at:
	/home/tom29/rds/hpc-work/cbbu_BIDS/sub-04/func/sub-04_task-facehouse_acq-2_dir-PA_bold_centred.nii

MATLAB is selecting SOFTWARE OPENGL rendering.

Written new image at:
	/home/tom29/rds/hpc-work/cbbu_BIDS/sub-04/func/sub-04_acq-LC_dir-AP_bold_centred.nii

MATLAB is selecting SOFTWARE OPENGL rendering.

Written new image at:
	/home/tom29/rds/hpc-work/cbbu_BIDS/sub-04/func/sub-04_task-facehouse_acq-1_dir-PA_sbref_centred.nii

----------SUSCEPTIBILITY DISTORTION CORRECTION----------
SSD = 420.755	n = 323454	Reg = 0	Cost = 420.755
SSD = 138.659	n = 323454	Reg = 11.2341	Cost = 149.893
SSD = 94.0027	n = 323454	Reg = 20.1061	Cost = 114.109
SSD = 84.3527	n = 323454	Reg = 24.1467	Cost = 108.499
SSD = 81.8573	n = 323454	Reg = 25.5274	Cost = 107.385
SSD = 81.1312	n = 323454	Reg = 25.9739	Cost = 107.105
***Going to next resolution level***
SSD = 142.091	n = 323454	Reg = 14.3996	Cost = 156.491
SSD = 72.4685	n = 323454	Reg = 12.4497	Cost = 84.9182
SSD = 57.8935	n = 323454	Reg = 16.581	Cost = 74.4745
SSD = 53.8781	n = 323454	Reg = 18.3729	Cost = 72.251
SSD = 52.5053	n = 323454	Reg = 19.0776	Cost = 71.5829
SSD = 51.9478	n = 323454	Reg = 19.384	Cost = 71.3318
***Going to next resolution level***
SSD = 127.256	n = 323454	Reg = 4.7485	Cost = 132.005
SSD = 95.0138	n = 323454	Reg = 8.16099	Cost = 103.175
SSD = 87.2102	n = 323454	Reg = 10.6422	Cost = 97.8524
SSD = 84.7483	n = 323454	Reg = 11.6025	Cost = 96.3508
SSD = 83.7032	n = 323454	Reg = 12.0005	Cost = 95.7036
SSD = 83.0934	n = 323454	Reg = 12.2393	Cost = 95.3327
***Going to next resolution level***
SSD = 143.358	n = 323454	Reg = 7.10374	Cost = 150.462
SSD = 58.0437	n = 323454	Reg = 3.55138	Cost = 61.5951
SSD = 46.8563	n = 323454	Reg = 5.19031	Cost = 52.0466
SSD = 43.7389	n = 323454	Reg = 6.05493	Cost = 49.7938
SSD = 42.3214	n = 323454	Reg = 6.4859	Cost = 48.8073
SSD = 41.4818	n = 323454	Reg = 6.75728	Cost = 48.2391
SSD = 40.9035	n = 323454	Reg = 6.9672	Cost = 47.8707
SSD = 40.4771	n = 323454	Reg = 7.13123	Cost = 47.6083
SSD = 40.1396	n = 323454	Reg = 7.27102	Cost = 47.4106
SSD = 39.8677	n = 323454	Reg = 7.39222	Cost = 47.2599
SSD = 39.6278	n = 323454	Reg = 7.50435	Cost = 47.1322
***Going to next resolution level***
SSD = 138.286	n = 2685840	Reg = 234.517	Cost = 372.803
SSD = 64.5029	n = 2685840	Reg = 37.0058	Cost = 101.509
SSD = 55.9222	n = 2685840	Reg = 28.9216	Cost = 84.8438
SSD = 54.5872	n = 2685840	Reg = 26.5882	Cost = 81.1753
SSD = 54.612	n = 2685840	Reg = 25.2227	Cost = 79.8347
SSD = 54.8588	n = 2685840	Reg = 24.2913	Cost = 79.1501
SSD = 55.1506	n = 2685840	Reg = 23.531	Cost = 78.6817
SSD = 55.4298	n = 2685840	Reg = 22.9273	Cost = 78.3572
SSD = 55.6433	n = 2685840	Reg = 22.512	Cost = 78.1553
SSD = 55.7953	n = 2685840	Reg = 22.2323	Cost = 78.0276
SSD = 55.9005	n = 2685840	Reg = 22.0435	Cost = 77.944
***Going to next resolution level***
SSD = 55.9005	n = 2685840	Reg = 2.20435	Cost = 58.1049
SSD = 55.738	n = 2685840	Reg = 2.21551	Cost = 57.9535
SSD = 55.5752	n = 2685840	Reg = 2.22888	Cost = 57.8041
SSD = 55.3894	n = 2685840	Reg = 2.24479	Cost = 57.6342
SSD = 55.0895	n = 2685840	Reg = 2.27517	Cost = 57.3647
SSD = 54.7052	n = 2685840	Reg = 2.31925	Cost = 57.0244
SSD = 54.2525	n = 2685840	Reg = 2.38196	Cost = 56.6345
SSD = 53.826	n = 2685840	Reg = 2.45761	Cost = 56.2836
SSD = 53.4965	n = 2685840	Reg = 2.53141	Cost = 56.028
SSD = 53.2323	n = 2685840	Reg = 2.59965	Cost = 55.8319
SSD = 52.9912	n = 2685840	Reg = 2.66613	Cost = 55.6573
SSD = 52.7527	n = 2685840	Reg = 2.73391	Cost = 55.4866
SSD = 52.4979	n = 2685840	Reg = 2.80729	Cost = 55.3052
SSD = 52.2697	n = 2685840	Reg = 2.87352	Cost = 55.1432
SSD = 52.0713	n = 2685840	Reg = 2.93097	Cost = 55.0023
SSD = 51.8568	n = 2685840	Reg = 2.99257	Cost = 54.8494
SSD = 51.6324	n = 2685840	Reg = 3.05701	Cost = 54.6894
SSD = 51.4356	n = 2685840	Reg = 3.1132	Cost = 54.5488
SSD = 51.2344	n = 2685840	Reg = 3.1702	Cost = 54.4046
SSD = 51.0313	n = 2685840	Reg = 3.22771	Cost = 54.259
SSD = 50.8545	n = 2685840	Reg = 3.27745	Cost = 54.1319
***Going to next resolution level***
SSD = 290.155	n = 2685840	Reg = 22.2709	Cost = 312.426
SSD = 240.687	n = 2685840	Reg = 18.4876	Cost = 259.175
SSD = 218.225	n = 2685840	Reg = 16.7793	Cost = 235.004
SSD = 197.781	n = 2685840	Reg = 15.2414	Cost = 213.022
SSD = 184.718	n = 2685840	Reg = 14.2754	Cost = 198.994
SSD = 174.845	n = 2685840	Reg = 13.5589	Cost = 188.404
SSD = 166.413	n = 2685840	Reg = 12.9625	Cost = 179.375
SSD = 160.739	n = 2685840	Reg = 12.5734	Cost = 173.312
SSD = 155.271	n = 2685840	Reg = 12.2102	Cost = 167.481
SSD = 151.127	n = 2685840	Reg = 11.9408	Cost = 163.068
SSD = 146.861	n = 2685840	Reg = 11.6722	Cost = 158.533
SSD = 143.533	n = 2685840	Reg = 11.4667	Cost = 155
SSD = 140.42	n = 2685840	Reg = 11.2788	Cost = 151.699
SSD = 137.633	n = 2685840	Reg = 11.1146	Cost = 148.748
SSD = 135.217	n = 2685840	Reg = 10.9761	Cost = 146.194
SSD = 132.886	n = 2685840	Reg = 10.8479	Cost = 143.734
SSD = 130.829	n = 2685840	Reg = 10.7356	Cost = 141.564
SSD = 128.71	n = 2685840	Reg = 10.6237	Cost = 139.334
SSD = 126.915	n = 2685840	Reg = 10.532	Cost = 137.447
SSD = 125.279	n = 2685840	Reg = 10.4521	Cost = 135.731
SSD = 123.759	n = 2685840	Reg = 10.3807	Cost = 134.14
***Going to next resolution level***
SSD = 175.177	n = 2685840	Reg = 0.146936	Cost = 175.324
SSD = 171.167	n = 2685840	Reg = 0.14379	Cost = 171.311
SSD = 167.843	n = 2685840	Reg = 0.141309	Cost = 167.984
SSD = 165.334	n = 2685840	Reg = 0.13962	Cost = 165.474
SSD = 163.188	n = 2685840	Reg = 0.138364	Cost = 163.326
SSD = 161.649	n = 2685840	Reg = 0.137656	Cost = 161.787
SSD = 160.255	n = 2685840	Reg = 0.137207	Cost = 160.393
SSD = 159.267	n = 2685840	Reg = 0.137036	Cost = 159.404
SSD = 158.424	n = 2685840	Reg = 0.137027	Cost = 158.561
SSD = 157.81	n = 2685840	Reg = 0.137125	Cost = 157.947
SSD = 156.944	n = 2685840	Reg = 0.137409	Cost = 157.081
SSD = 155.584	n = 2685840	Reg = 0.137993	Cost = 155.722
SSD = 153.954	n = 2685840	Reg = 0.138935	Cost = 154.093
SSD = 152.191	n = 2685840	Reg = 0.140125	Cost = 152.331
SSD = 150.539	n = 2685840	Reg = 0.141575	Cost = 150.681
SSD = 148.824	n = 2685840	Reg = 0.143134	Cost = 148.967
SSD = 147.324	n = 2685840	Reg = 0.144714	Cost = 147.469
SSD = 145.788	n = 2685840	Reg = 0.146486	Cost = 145.935
SSD = 144.308	n = 2685840	Reg = 0.148326	Cost = 144.456
SSD = 142.917	n = 2685840	Reg = 0.150175	Cost = 143.067
SSD = 141.787	n = 2685840	Reg = 0.151761	Cost = 141.938
SSD = 140.861	n = 2685840	Reg = 0.153105	Cost = 141.014
SSD = 140.098	n = 2685840	Reg = 0.154262	Cost = 140.253
SSD = 139.306	n = 2685840	Reg = 0.155518	Cost = 139.462
SSD = 138.568	n = 2685840	Reg = 0.156739	Cost = 138.725
SSD = 137.767	n = 2685840	Reg = 0.158131	Cost = 137.926
SSD = 137.022	n = 2685840	Reg = 0.159471	Cost = 137.181
SSD = 136.28	n = 2685840	Reg = 0.160871	Cost = 136.44
SSD = 135.578	n = 2685840	Reg = 0.162245	Cost = 135.74
SSD = 134.882	n = 2685840	Reg = 0.163666	Cost = 135.046
SSD = 134.176	n = 2685840	Reg = 0.165125	Cost = 134.341
SSD = 133.434	n = 2685840	Reg = 0.166776	Cost = 133.601
SSD = 132.746	n = 2685840	Reg = 0.16827	Cost = 132.914
SSD = 132.036	n = 2685840	Reg = 0.169914	Cost = 132.206
SSD = 131.434	n = 2685840	Reg = 0.171308	Cost = 131.605
SSD = 130.812	n = 2685840	Reg = 0.172799	Cost = 130.985
SSD = 130.22	n = 2685840	Reg = 0.174244	Cost = 130.394
SSD = 129.648	n = 2685840	Reg = 0.175681	Cost = 129.823
SSD = 129.059	n = 2685840	Reg = 0.177193	Cost = 129.237
SSD = 128.51	n = 2685840	Reg = 0.17866	Cost = 128.688
SSD = 127.971	n = 2685840	Reg = 0.180143	Cost = 128.151
SSD = 127.446	n = 2685840	Reg = 0.181621	Cost = 127.628
SSD = 126.91	n = 2685840	Reg = 0.18318	Cost = 127.093
SSD = 126.417	n = 2685840	Reg = 0.184641	Cost = 126.601
SSD = 125.938	n = 2685840	Reg = 0.186107	Cost = 126.124
SSD = 125.451	n = 2685840	Reg = 0.187645	Cost = 125.638
SSD = 125.009	n = 2685840	Reg = 0.189075	Cost = 125.198
SSD = 124.526	n = 2685840	Reg = 0.190693	Cost = 124.716
SSD = 124.111	n = 2685840	Reg = 0.192129	Cost = 124.303
SSD = 123.687	n = 2685840	Reg = 0.193636	Cost = 123.881
SSD = 123.289	n = 2685840	Reg = 0.195123	Cost = 123.484
***Going to next resolution level***
SSD = 123.289	n = 2685840	Reg = 0.00389965	Cost = 123.293
SSD = 123.091	n = 2685840	Reg = 0.00389344	Cost = 123.095
SSD = 122.793	n = 2685840	Reg = 0.00388422	Cost = 122.796
SSD = 122.543	n = 2685840	Reg = 0.00387665	Cost = 122.546
SSD = 122.312	n = 2685840	Reg = 0.00386986	Cost = 122.316
SSD = 122.038	n = 2685840	Reg = 0.00386218	Cost = 122.042
SSD = 121.831	n = 2685840	Reg = 0.00385677	Cost = 121.835
SSD = 121.584	n = 2685840	Reg = 0.00385079	Cost = 121.588
SSD = 121.356	n = 2685840	Reg = 0.00384584	Cost = 121.36
SSD = 121.146	n = 2685840	Reg = 0.00384177	Cost = 121.15
SSD = 120.929	n = 2685840	Reg = 0.00383815	Cost = 120.933
SSD = 120.709	n = 2685840	Reg = 0.00383499	Cost = 120.713
SSD = 120.46	n = 2685840	Reg = 0.00383208	Cost = 120.463
SSD = 120.239	n = 2685840	Reg = 0.00383005	Cost = 120.243
SSD = 120.007	n = 2685840	Reg = 0.00382856	Cost = 120.011
SSD = 119.8	n = 2685840	Reg = 0.00382777	Cost = 119.804
SSD = 119.583	n = 2685840	Reg = 0.00382759	Cost = 119.587
SSD = 119.38	n = 2685840	Reg = 0.00382793	Cost = 119.384
SSD = 119.173	n = 2685840	Reg = 0.00382896	Cost = 119.177
SSD = 118.968	n = 2685840	Reg = 0.00383056	Cost = 118.972
SSD = 118.748	n = 2685840	Reg = 0.00383316	Cost = 118.752
SSD = 118.541	n = 2685840	Reg = 0.00383621	Cost = 118.545
SSD = 118.341	n = 2685840	Reg = 0.00384015	Cost = 118.345
SSD = 118.139	n = 2685840	Reg = 0.00384484	Cost = 118.143
SSD = 117.934	n = 2685840	Reg = 0.00385073	Cost = 117.937
SSD = 117.737	n = 2685840	Reg = 0.00385721	Cost = 117.74
SSD = 117.529	n = 2685840	Reg = 0.00386523	Cost = 117.533
SSD = 117.326	n = 2685840	Reg = 0.00387401	Cost = 117.33
SSD = 117.125	n = 2685840	Reg = 0.003884	Cost = 117.129
SSD = 116.92	n = 2685840	Reg = 0.00389516	Cost = 116.924
SSD = 116.712	n = 2685840	Reg = 0.00390793	Cost = 116.716
SSD = 116.484	n = 2685840	Reg = 0.003923	Cost = 116.488
SSD = 116.232	n = 2685840	Reg = 0.00394149	Cost = 116.236
SSD = 115.977	n = 2685840	Reg = 0.00396157	Cost = 115.981
SSD = 115.728	n = 2685840	Reg = 0.00398317	Cost = 115.732
SSD = 115.467	n = 2685840	Reg = 0.0040071	Cost = 115.471
SSD = 115.217	n = 2685840	Reg = 0.00403245	Cost = 115.221
SSD = 114.968	n = 2685840	Reg = 0.00405922	Cost = 114.972
SSD = 114.706	n = 2685840	Reg = 0.00409012	Cost = 114.71
SSD = 114.463	n = 2685840	Reg = 0.00412038	Cost = 114.467
SSD = 114.238	n = 2685840	Reg = 0.00415047	Cost = 114.242
SSD = 114.047	n = 2685840	Reg = 0.00417728	Cost = 114.051
SSD = 113.882	n = 2685840	Reg = 0.00420205	Cost = 113.887
SSD = 113.707	n = 2685840	Reg = 0.00422993	Cost = 113.711
SSD = 113.52	n = 2685840	Reg = 0.00426178	Cost = 113.524
SSD = 113.333	n = 2685840	Reg = 0.00429506	Cost = 113.337
SSD = 113.133	n = 2685840	Reg = 0.00433301	Cost = 113.138
SSD = 112.942	n = 2685840	Reg = 0.00437078	Cost = 112.946
SSD = 112.735	n = 2685840	Reg = 0.00441422	Cost = 112.74
SSD = 112.511	n = 2685840	Reg = 0.0044633	Cost = 112.515
SSD = 112.224	n = 2685840	Reg = 0.00453018	Cost = 112.228
SSD = 111.848	n = 2685840	Reg = 0.00462063	Cost = 111.853
SSD = 111.507	n = 2685840	Reg = 0.00470895	Cost = 111.511
SSD = 111.219	n = 2685840	Reg = 0.00478378	Cost = 111.224
SSD = 110.906	n = 2685840	Reg = 0.00486907	Cost = 110.91
SSD = 110.651	n = 2685840	Reg = 0.00493875	Cost = 110.656
SSD = 110.387	n = 2685840	Reg = 0.00501379	Cost = 110.392
SSD = 110.151	n = 2685840	Reg = 0.00508108	Cost = 110.156
SSD = 109.908	n = 2685840	Reg = 0.00515278	Cost = 109.913
SSD = 109.615	n = 2685840	Reg = 0.00523974	Cost = 109.62
SSD = 109.315	n = 2685840	Reg = 0.00533143	Cost = 109.321
SSD = 109.024	n = 2685840	Reg = 0.00542142	Cost = 109.029
SSD = 108.766	n = 2685840	Reg = 0.00550309	Cost = 108.772
SSD = 108.54	n = 2685840	Reg = 0.00557439	Cost = 108.546
SSD = 108.316	n = 2685840	Reg = 0.00564714	Cost = 108.321
SSD = 108.127	n = 2685840	Reg = 0.00570815	Cost = 108.133
SSD = 107.933	n = 2685840	Reg = 0.00577286	Cost = 107.939
SSD = 107.739	n = 2685840	Reg = 0.005837	Cost = 107.745
SSD = 107.561	n = 2685840	Reg = 0.00589789	Cost = 107.567
SSD = 107.376	n = 2685840	Reg = 0.00596066	Cost = 107.382
SSD = 107.199	n = 2685840	Reg = 0.00602224	Cost = 107.205
SSD = 107.014	n = 2685840	Reg = 0.00608679	Cost = 107.021
SSD = 106.825	n = 2685840	Reg = 0.00615423	Cost = 106.832
SSD = 106.645	n = 2685840	Reg = 0.00621826	Cost = 106.651
SSD = 106.479	n = 2685840	Reg = 0.0062782	Cost = 106.486
SSD = 106.315	n = 2685840	Reg = 0.0063375	Cost = 106.321
SSD = 106.166	n = 2685840	Reg = 0.00639171	Cost = 106.173
SSD = 106.01	n = 2685840	Reg = 0.00644823	Cost = 106.016
SSD = 105.87	n = 2685840	Reg = 0.00649948	Cost = 105.877
SSD = 105.726	n = 2685840	Reg = 0.00655183	Cost = 105.732
SSD = 105.592	n = 2685840	Reg = 0.00660083	Cost = 105.599
SSD = 105.474	n = 2685840	Reg = 0.00664375	Cost = 105.48
SSD = 105.356	n = 2685840	Reg = 0.00668679	Cost = 105.363
SSD = 105.241	n = 2685840	Reg = 0.00672819	Cost = 105.248
SSD = 105.114	n = 2685840	Reg = 0.00677455	Cost = 105.121
SSD = 104.989	n = 2685840	Reg = 0.00681937	Cost = 104.996
SSD = 104.858	n = 2685840	Reg = 0.00686686	Cost = 104.865
SSD = 104.734	n = 2685840	Reg = 0.00691163	Cost = 104.741
SSD = 104.609	n = 2685840	Reg = 0.00695683	Cost = 104.616
SSD = 104.475	n = 2685840	Reg = 0.00700478	Cost = 104.482
SSD = 104.345	n = 2685840	Reg = 0.00705186	Cost = 104.352
SSD = 104.207	n = 2685840	Reg = 0.00710163	Cost = 104.214
SSD = 104.063	n = 2685840	Reg = 0.00715438	Cost = 104.07
SSD = 103.933	n = 2685840	Reg = 0.00720106	Cost = 103.94
SSD = 103.811	n = 2685840	Reg = 0.00724608	Cost = 103.818
SSD = 103.69	n = 2685840	Reg = 0.00729	Cost = 103.697
SSD = 103.569	n = 2685840	Reg = 0.00733429	Cost = 103.576
SSD = 103.452	n = 2685840	Reg = 0.00737662	Cost = 103.46
SSD = 103.338	n = 2685840	Reg = 0.00741861	Cost = 103.345
SSD = 103.219	n = 2685840	Reg = 0.00746162	Cost = 103.226
SSD = 103.104	n = 2685840	Reg = 0.00750357	Cost = 103.112
----------REALIGNMENT----------
----------REGISTERING EPI TO ANATOMICAL----------
----------REGISTERING EPI TO MNI----------
Processing volume 0
Processing volume 1
Processing volume 2
Processing volume 3
Processing volume 4
Processing volume 5
Processing volume 6
Processing volume 7
Processing volume 8
Processing volume 9
Processing volume 10
Processing volume 11
Processing volume 12
Processing volume 13
Processing volume 14
Processing volume 15
Processing volume 16
Processing volume 17
Processing volume 18
Processing volume 19
Processing volume 20
Processing volume 21
Processing volume 22
Processing volume 23
Processing volume 24
Processing volume 25
Processing volume 26
Processing volume 27
Processing volume 28
Processing volume 29
Processing volume 30
Processing volume 31
Processing volume 32
Processing volume 33
Processing volume 34
Processing volume 35
Processing volume 36
Processing volume 37
Processing volume 38
Processing volume 39
Processing volume 40
Processing volume 41
Processing volume 42
Processing volume 43
Processing volume 44
Processing volume 45
Processing volume 46
Processing volume 47
Processing volume 48
Processing volume 49
Processing volume 50
Processing volume 51
Processing volume 52
Processing volume 53
Processing volume 54
Processing volume 55
Processing volume 56
Processing volume 57
Processing volume 58
Processing volume 59
Processing volume 60
Processing volume 61
Processing volume 62
Processing volume 63
Processing volume 64
Processing volume 65
Processing volume 66
Processing volume 67
Processing volume 68
Processing volume 69
Processing volume 70
Processing volume 71
Processing volume 72
Processing volume 73
Processing volume 74
Processing volume 75
Processing volume 76
Processing volume 77
Processing volume 78
Processing volume 79
Processing volume 80
Processing volume 81
Processing volume 82
Processing volume 83
Processing volume 84
Processing volume 85
Processing volume 86
Processing volume 87
Processing volume 88
Processing volume 89
Processing volume 90
Processing volume 91
Processing volume 92
Processing volume 93
Processing volume 94
Processing volume 95
Processing volume 96
Processing volume 97
Processing volume 98
Processing volume 99
Processing volume 100
Processing volume 101
Processing volume 102
Processing volume 103
Processing volume 104
Processing volume 105
Processing volume 106
Processing volume 107
Processing volume 108
Processing volume 109
Processing volume 110
Processing volume 111
Processing volume 112
Processing volume 113
Processing volume 114
Processing volume 115
Processing volume 116
Error: short write, output file will be truncated
** ERROR: NWAD: wrote only 0 of 57768256 bytes to file
Processing volume 117
Error: short write, output file will be truncated
** ERROR: NWAD: wrote only 0 of 57768256 bytes to file
Processing volume 118
Error: short write, output file will be truncated
Processing volume 119
Error: short write, output file will be truncated
Processing volume 120
Error: short write, output file will be truncated
 file /home/tom29/rds/hpc-work/cbbu_BIDS/sub-04/func/sub-04_task-facehouse_acq-1_dir-PA_bold_vol-120.nii.gz is not recognized as a supported image format . 
terminate called after throwing an instance of 'itk::ExceptionObject'
  what():  /workspace/build/ITKv5/Modules/Core/Common/src/itkProcessObject.cxx:1339:
ITK ERROR: ResampleImageFilter(0x29a6000): Input Primary is required but not set.
/var/spool/slurm/slurmd/job20299316/slurm_script: line 214: 123306 Aborted                 antsApplyTransforms -d 3 -i "${tmp_vol}" -r "${FSLDIR}/data/standard/MNI152_T1_1mm_brain.nii.gz" -t "${template_to_MNI_SyN}" -t "${template_to_MNI_affine}" -t "${MP2RAGE_to_template_SyN}" -t "${MP2RAGE_to_template_affine}" -t "${BIDS_root}/${sub_id}/func/${sub_id}_func_to_anatomical_ANTS.mat" -o "${run1_fname}_MNI_vol-${v}.nii.gz" -n Linear
