Non-commercial use only - see $FSLDIR/LICENSE
Loading spm/spm12
  Loading requirement: matlab/r2019a
----------CENTRING IMAGES----------
MATLAB is selecting SOFTWARE OPENGL rendering.

Written new image at:
	/home/tom29/rds/hpc-work/cbbu_BIDS/sub-39/func/sub-39_task-facehouse_acq-1_dir-PA_bold_centred.nii

MATLAB is selecting SOFTWARE OPENGL rendering.

Written new image at:
	/home/tom29/rds/hpc-work/cbbu_BIDS/sub-39/func/sub-39_task-facehouse_acq-2_dir-PA_bold_centred.nii

MATLAB is selecting SOFTWARE OPENGL rendering.

Written new image at:
	/home/tom29/rds/hpc-work/cbbu_BIDS/sub-39/func/sub-39_acq-LC_dir-AP_bold_centred.nii

MATLAB is selecting SOFTWARE OPENGL rendering.

Written new image at:
	/home/tom29/rds/hpc-work/cbbu_BIDS/sub-39/func/sub-39_task-facehouse_acq-1_dir-PA_sbref_centred.nii

----------SUSCEPTIBILITY DISTORTION CORRECTION----------
SSD = 1393.85	n = 323454	Reg = 0	Cost = 1393.85
SSD = 487.453	n = 323454	Reg = 43.3554	Cost = 530.809
SSD = 270.458	n = 323454	Reg = 54.048	Cost = 324.506
SSD = 223.212	n = 323454	Reg = 57.9154	Cost = 281.128
SSD = 213.652	n = 323454	Reg = 58.3242	Cost = 271.976
SSD = 211.68	n = 323454	Reg = 57.7982	Cost = 269.478
***Going to next resolution level***
SSD = 312.622	n = 323454	Reg = 28.214	Cost = 340.836
SSD = 178.481	n = 323454	Reg = 28.8987	Cost = 207.38
SSD = 145.737	n = 323454	Reg = 37.7934	Cost = 183.53
SSD = 134.225	n = 323454	Reg = 40.9931	Cost = 175.218
SSD = 128.844	n = 323454	Reg = 42.6962	Cost = 171.54
SSD = 125.73	n = 323454	Reg = 43.8727	Cost = 169.603
***Going to next resolution level***
SSD = 239.719	n = 323454	Reg = 8.36486	Cost = 248.084
SSD = 178.594	n = 323454	Reg = 15.1707	Cost = 193.765
SSD = 164.316	n = 323454	Reg = 19.9545	Cost = 184.271
SSD = 158.439	n = 323454	Reg = 22.1579	Cost = 180.597
SSD = 154.499	n = 323454	Reg = 23.4181	Cost = 177.918
SSD = 151.667	n = 323454	Reg = 24.362	Cost = 176.029
***Going to next resolution level***
SSD = 239.228	n = 323454	Reg = 12.0769	Cost = 251.305
SSD = 110.181	n = 323454	Reg = 7.80903	Cost = 117.99
SSD = 87.8776	n = 323454	Reg = 11.1396	Cost = 99.0172
SSD = 77.5575	n = 323454	Reg = 12.4861	Cost = 90.0436
SSD = 71.334	n = 323454	Reg = 13.2121	Cost = 84.5461
SSD = 67.5281	n = 323454	Reg = 13.6854	Cost = 81.2135
SSD = 65.266	n = 323454	Reg = 14.0706	Cost = 79.3366
SSD = 63.8587	n = 323454	Reg = 14.3734	Cost = 78.2321
SSD = 62.918	n = 323454	Reg = 14.601	Cost = 77.5189
SSD = 62.2123	n = 323454	Reg = 14.7806	Cost = 76.9929
SSD = 61.648	n = 323454	Reg = 14.9225	Cost = 76.5704
***Going to next resolution level***
SSD = 238.377	n = 2685840	Reg = 776.09	Cost = 1014.47
SSD = 131.706	n = 2685840	Reg = 134.524	Cost = 266.23
SSD = 113.271	n = 2685840	Reg = 93.7814	Cost = 207.052
SSD = 111.908	n = 2685840	Reg = 74.5096	Cost = 186.417
SSD = 113.235	n = 2685840	Reg = 61.5191	Cost = 174.754
SSD = 115.087	n = 2685840	Reg = 54.8998	Cost = 169.987
SSD = 116.554	n = 2685840	Reg = 51.1734	Cost = 167.728
SSD = 117.776	n = 2685840	Reg = 48.7694	Cost = 166.546
SSD = 118.654	n = 2685840	Reg = 47.0763	Cost = 165.73
SSD = 119.411	n = 2685840	Reg = 45.6298	Cost = 165.041
SSD = 120.015	n = 2685840	Reg = 44.5773	Cost = 164.592
***Going to next resolution level***
SSD = 120.015	n = 2685840	Reg = 4.45773	Cost = 124.473
SSD = 119.469	n = 2685840	Reg = 4.49967	Cost = 123.969
SSD = 119.153	n = 2685840	Reg = 4.52995	Cost = 123.683
SSD = 118.613	n = 2685840	Reg = 4.58392	Cost = 123.197
SSD = 117.796	n = 2685840	Reg = 4.67707	Cost = 122.473
SSD = 116.875	n = 2685840	Reg = 4.80319	Cost = 121.678
SSD = 116.065	n = 2685840	Reg = 4.94496	Cost = 121.01
SSD = 115.407	n = 2685840	Reg = 5.08353	Cost = 120.49
SSD = 114.789	n = 2685840	Reg = 5.23645	Cost = 120.026
SSD = 114.329	n = 2685840	Reg = 5.35769	Cost = 119.687
SSD = 113.837	n = 2685840	Reg = 5.49084	Cost = 119.328
SSD = 113.261	n = 2685840	Reg = 5.64903	Cost = 118.91
SSD = 112.773	n = 2685840	Reg = 5.7841	Cost = 118.557
SSD = 112.314	n = 2685840	Reg = 5.91178	Cost = 118.226
SSD = 111.883	n = 2685840	Reg = 6.03109	Cost = 117.915
SSD = 111.433	n = 2685840	Reg = 6.15515	Cost = 117.589
SSD = 111.028	n = 2685840	Reg = 6.26707	Cost = 117.295
SSD = 110.537	n = 2685840	Reg = 6.40258	Cost = 116.939
SSD = 110.073	n = 2685840	Reg = 6.53106	Cost = 116.604
SSD = 109.695	n = 2685840	Reg = 6.63608	Cost = 116.331
SSD = 109.323	n = 2685840	Reg = 6.73944	Cost = 116.063
***Going to next resolution level***
SSD = 1310.96	n = 2685840	Reg = 137.365	Cost = 1448.33
SSD = 1010.27	n = 2685840	Reg = 106.568	Cost = 1116.84
SSD = 941.781	n = 2685840	Reg = 99.2982	Cost = 1041.08
SSD = 842.152	n = 2685840	Reg = 88.0624	Cost = 930.214
SSD = 751.499	n = 2685840	Reg = 78.7396	Cost = 830.238
SSD = 699.542	n = 2685840	Reg = 73.9429	Cost = 773.485
SSD = 663.81	n = 2685840	Reg = 70.4403	Cost = 734.251
SSD = 629.055	n = 2685840	Reg = 67.2412	Cost = 696.296
SSD = 594.79	n = 2685840	Reg = 64.1533	Cost = 658.944
SSD = 570.805	n = 2685840	Reg = 61.8855	Cost = 632.691
SSD = 550.873	n = 2685840	Reg = 60.1201	Cost = 610.993
SSD = 528.822	n = 2685840	Reg = 58.2758	Cost = 587.097
SSD = 511.432	n = 2685840	Reg = 56.7431	Cost = 568.175
SSD = 492.042	n = 2685840	Reg = 55.1612	Cost = 547.203
SSD = 476.094	n = 2685840	Reg = 53.9969	Cost = 530.091
SSD = 462.176	n = 2685840	Reg = 53.0211	Cost = 515.197
SSD = 448.944	n = 2685840	Reg = 52.1362	Cost = 501.081
SSD = 436.645	n = 2685840	Reg = 51.3945	Cost = 488.039
SSD = 426.716	n = 2685840	Reg = 50.9173	Cost = 477.633
SSD = 415.942	n = 2685840	Reg = 50.4782	Cost = 466.42
SSD = 405.376	n = 2685840	Reg = 50.0933	Cost = 455.469
***Going to next resolution level***
SSD = 487.546	n = 2685840	Reg = 0.602472	Cost = 488.149
SSD = 481.236	n = 2685840	Reg = 0.595176	Cost = 481.831
SSD = 474.738	n = 2685840	Reg = 0.588664	Cost = 475.326
SSD = 469.27	n = 2685840	Reg = 0.584364	Cost = 469.855
SSD = 463.956	n = 2685840	Reg = 0.581202	Cost = 464.537
SSD = 458.761	n = 2685840	Reg = 0.579277	Cost = 459.34
SSD = 454.443	n = 2685840	Reg = 0.578551	Cost = 455.022
SSD = 448.281	n = 2685840	Reg = 0.579132	Cost = 448.86
SSD = 442.479	n = 2685840	Reg = 0.581165	Cost = 443.06
SSD = 437.508	n = 2685840	Reg = 0.583877	Cost = 438.092
SSD = 431.666	n = 2685840	Reg = 0.58852	Cost = 432.254
SSD = 423.786	n = 2685840	Reg = 0.59579	Cost = 424.382
SSD = 417.25	n = 2685840	Reg = 0.602479	Cost = 417.853
SSD = 410.507	n = 2685840	Reg = 0.610584	Cost = 411.118
SSD = 405.671	n = 2685840	Reg = 0.617745	Cost = 406.288
SSD = 400.243	n = 2685840	Reg = 0.627381	Cost = 400.871
SSD = 395.568	n = 2685840	Reg = 0.63716	Cost = 396.205
SSD = 390.815	n = 2685840	Reg = 0.647852	Cost = 391.463
SSD = 386.897	n = 2685840	Reg = 0.657664	Cost = 387.555
SSD = 383.06	n = 2685840	Reg = 0.668182	Cost = 383.728
SSD = 379.217	n = 2685840	Reg = 0.678911	Cost = 379.896
SSD = 376.174	n = 2685840	Reg = 0.68861	Cost = 376.863
SSD = 372.373	n = 2685840	Reg = 0.701552	Cost = 373.075
SSD = 369.332	n = 2685840	Reg = 0.712615	Cost = 370.044
SSD = 366.496	n = 2685840	Reg = 0.723589	Cost = 367.22
SSD = 363.842	n = 2685840	Reg = 0.734195	Cost = 364.576
SSD = 361.055	n = 2685840	Reg = 0.745385	Cost = 361.801
SSD = 358.212	n = 2685840	Reg = 0.757418	Cost = 358.97
SSD = 355.548	n = 2685840	Reg = 0.768885	Cost = 356.317
SSD = 353.248	n = 2685840	Reg = 0.778972	Cost = 354.027
SSD = 350.764	n = 2685840	Reg = 0.78979	Cost = 351.554
SSD = 348.381	n = 2685840	Reg = 0.800448	Cost = 349.182
SSD = 346.447	n = 2685840	Reg = 0.809329	Cost = 347.256
SSD = 344.571	n = 2685840	Reg = 0.817974	Cost = 345.389
SSD = 342.401	n = 2685840	Reg = 0.828181	Cost = 343.229
SSD = 340.253	n = 2685840	Reg = 0.838548	Cost = 341.091
SSD = 338.16	n = 2685840	Reg = 0.848684	Cost = 339.008
SSD = 336.233	n = 2685840	Reg = 0.858092	Cost = 337.091
SSD = 334.457	n = 2685840	Reg = 0.86704	Cost = 335.324
SSD = 332.706	n = 2685840	Reg = 0.876077	Cost = 333.582
SSD = 331.118	n = 2685840	Reg = 0.88427	Cost = 332.002
SSD = 329.487	n = 2685840	Reg = 0.892867	Cost = 330.38
SSD = 327.896	n = 2685840	Reg = 0.901399	Cost = 328.798
SSD = 326.282	n = 2685840	Reg = 0.910243	Cost = 327.192
SSD = 324.774	n = 2685840	Reg = 0.918709	Cost = 325.693
SSD = 323.262	n = 2685840	Reg = 0.92734	Cost = 324.189
SSD = 321.824	n = 2685840	Reg = 0.935665	Cost = 322.759
SSD = 320.488	n = 2685840	Reg = 0.943592	Cost = 321.432
SSD = 319.118	n = 2685840	Reg = 0.951867	Cost = 320.07
SSD = 317.746	n = 2685840	Reg = 0.96018	Cost = 318.706
SSD = 316.34	n = 2685840	Reg = 0.96894	Cost = 317.309
***Going to next resolution level***
SSD = 316.344	n = 2685840	Reg = 0.0193615	Cost = 316.364
SSD = 315.65	n = 2685840	Reg = 0.0193186	Cost = 315.669
SSD = 314.632	n = 2685840	Reg = 0.0192548	Cost = 314.651
SSD = 313.692	n = 2685840	Reg = 0.0191955	Cost = 313.711
SSD = 312.82	n = 2685840	Reg = 0.0191402	Cost = 312.839
SSD = 311.985	n = 2685840	Reg = 0.0190869	Cost = 312.004
SSD = 311.262	n = 2685840	Reg = 0.0190405	Cost = 311.281
SSD = 310.411	n = 2685840	Reg = 0.0189862	Cost = 310.43
SSD = 309.554	n = 2685840	Reg = 0.0189323	Cost = 309.573
SSD = 308.784	n = 2685840	Reg = 0.0188844	Cost = 308.803
SSD = 308.103	n = 2685840	Reg = 0.0188422	Cost = 308.122
SSD = 307.412	n = 2685840	Reg = 0.0187996	Cost = 307.431
SSD = 306.559	n = 2685840	Reg = 0.0187486	Cost = 306.578
SSD = 305.801	n = 2685840	Reg = 0.0187053	Cost = 305.82
SSD = 305.119	n = 2685840	Reg = 0.0186686	Cost = 305.137
SSD = 304.475	n = 2685840	Reg = 0.0186354	Cost = 304.493
SSD = 303.859	n = 2685840	Reg = 0.0186048	Cost = 303.878
SSD = 303.193	n = 2685840	Reg = 0.018573	Cost = 303.212
SSD = 302.54	n = 2685840	Reg = 0.0185439	Cost = 302.559
SSD = 301.867	n = 2685840	Reg = 0.0185169	Cost = 301.885
SSD = 301.152	n = 2685840	Reg = 0.0184914	Cost = 301.17
SSD = 300.564	n = 2685840	Reg = 0.018473	Cost = 300.583
SSD = 299.861	n = 2685840	Reg = 0.0184542	Cost = 299.879
SSD = 299.175	n = 2685840	Reg = 0.0184397	Cost = 299.193
SSD = 298.533	n = 2685840	Reg = 0.0184308	Cost = 298.552
SSD = 297.835	n = 2685840	Reg = 0.0184263	Cost = 297.853
SSD = 297.248	n = 2685840	Reg = 0.018427	Cost = 297.266
SSD = 296.612	n = 2685840	Reg = 0.0184333	Cost = 296.63
SSD = 295.903	n = 2685840	Reg = 0.0184466	Cost = 295.921
SSD = 295.254	n = 2685840	Reg = 0.0184645	Cost = 295.273
SSD = 294.602	n = 2685840	Reg = 0.0184881	Cost = 294.621
SSD = 294.058	n = 2685840	Reg = 0.018514	Cost = 294.076
SSD = 293.4	n = 2685840	Reg = 0.0185532	Cost = 293.419
SSD = 292.653	n = 2685840	Reg = 0.0186064	Cost = 292.672
SSD = 292.008	n = 2685840	Reg = 0.01866	Cost = 292.026
SSD = 291.383	n = 2685840	Reg = 0.0187194	Cost = 291.401
SSD = 290.811	n = 2685840	Reg = 0.0187797	Cost = 290.83
SSD = 290.154	n = 2685840	Reg = 0.0188572	Cost = 290.173
SSD = 289.527	n = 2685840	Reg = 0.0189401	Cost = 289.546
SSD = 288.93	n = 2685840	Reg = 0.0190283	Cost = 288.949
SSD = 288.408	n = 2685840	Reg = 0.0191118	Cost = 288.427
SSD = 287.77	n = 2685840	Reg = 0.0192216	Cost = 287.79
SSD = 287.104	n = 2685840	Reg = 0.0193454	Cost = 287.123
SSD = 286.533	n = 2685840	Reg = 0.0194587	Cost = 286.552
SSD = 285.945	n = 2685840	Reg = 0.0195836	Cost = 285.965
SSD = 285.296	n = 2685840	Reg = 0.0197311	Cost = 285.316
SSD = 284.746	n = 2685840	Reg = 0.0198642	Cost = 284.766
SSD = 284.178	n = 2685840	Reg = 0.0200097	Cost = 284.198
SSD = 283.579	n = 2685840	Reg = 0.0201723	Cost = 283.599
SSD = 283.047	n = 2685840	Reg = 0.0203252	Cost = 283.068
SSD = 282.515	n = 2685840	Reg = 0.020486	Cost = 282.535
SSD = 281.95	n = 2685840	Reg = 0.0206656	Cost = 281.97
SSD = 281.241	n = 2685840	Reg = 0.0209057	Cost = 281.262
SSD = 280.349	n = 2685840	Reg = 0.0212197	Cost = 280.37
SSD = 279.657	n = 2685840	Reg = 0.0214742	Cost = 279.679
SSD = 279.042	n = 2685840	Reg = 0.0217102	Cost = 279.064
SSD = 278.391	n = 2685840	Reg = 0.021966	Cost = 278.413
SSD = 277.721	n = 2685840	Reg = 0.0222378	Cost = 277.743
SSD = 277.073	n = 2685840	Reg = 0.0225088	Cost = 277.095
SSD = 276.407	n = 2685840	Reg = 0.0227965	Cost = 276.43
SSD = 275.805	n = 2685840	Reg = 0.0230616	Cost = 275.828
SSD = 275.196	n = 2685840	Reg = 0.0233334	Cost = 275.219
SSD = 274.501	n = 2685840	Reg = 0.0236519	Cost = 274.525
SSD = 273.843	n = 2685840	Reg = 0.0239582	Cost = 273.867
SSD = 273.251	n = 2685840	Reg = 0.0242398	Cost = 273.275
SSD = 272.718	n = 2685840	Reg = 0.024498	Cost = 272.743
SSD = 272.134	n = 2685840	Reg = 0.0247837	Cost = 272.158
SSD = 271.547	n = 2685840	Reg = 0.0250778	Cost = 271.572
SSD = 270.994	n = 2685840	Reg = 0.0253592	Cost = 271.019
SSD = 270.483	n = 2685840	Reg = 0.0256248	Cost = 270.508
SSD = 270.044	n = 2685840	Reg = 0.0258567	Cost = 270.069
SSD = 269.548	n = 2685840	Reg = 0.0261195	Cost = 269.574
SSD = 269.041	n = 2685840	Reg = 0.0263924	Cost = 269.067
SSD = 268.569	n = 2685840	Reg = 0.026648	Cost = 268.596
SSD = 268.133	n = 2685840	Reg = 0.0268865	Cost = 268.16
SSD = 267.698	n = 2685840	Reg = 0.0271267	Cost = 267.725
SSD = 267.236	n = 2685840	Reg = 0.027383	Cost = 267.264
SSD = 266.805	n = 2685840	Reg = 0.0276237	Cost = 266.833
SSD = 266.381	n = 2685840	Reg = 0.0278611	Cost = 266.409
SSD = 265.98	n = 2685840	Reg = 0.0280881	Cost = 266.008
SSD = 265.593	n = 2685840	Reg = 0.0283076	Cost = 265.622
SSD = 265.185	n = 2685840	Reg = 0.028539	Cost = 265.214
SSD = 264.778	n = 2685840	Reg = 0.0287718	Cost = 264.807
SSD = 264.386	n = 2685840	Reg = 0.0289965	Cost = 264.415
SSD = 264.005	n = 2685840	Reg = 0.0292161	Cost = 264.034
SSD = 263.683	n = 2685840	Reg = 0.0294017	Cost = 263.712
SSD = 263.315	n = 2685840	Reg = 0.0296127	Cost = 263.344
SSD = 262.924	n = 2685840	Reg = 0.0298384	Cost = 262.954
SSD = 262.549	n = 2685840	Reg = 0.0300543	Cost = 262.579
SSD = 262.205	n = 2685840	Reg = 0.0302525	Cost = 262.235
SSD = 261.889	n = 2685840	Reg = 0.0304352	Cost = 261.919
SSD = 261.53	n = 2685840	Reg = 0.0306415	Cost = 261.56
SSD = 261.176	n = 2685840	Reg = 0.0308464	Cost = 261.207
SSD = 260.825	n = 2685840	Reg = 0.0310491	Cost = 260.856
SSD = 260.514	n = 2685840	Reg = 0.0312281	Cost = 260.545
SSD = 260.187	n = 2685840	Reg = 0.0314179	Cost = 260.218
SSD = 259.833	n = 2685840	Reg = 0.0316209	Cost = 259.865
SSD = 259.492	n = 2685840	Reg = 0.0318178	Cost = 259.524
SSD = 259.175	n = 2685840	Reg = 0.0320007	Cost = 259.207
SSD = 258.856	n = 2685840	Reg = 0.0321846	Cost = 258.888
SSD = 258.549	n = 2685840	Reg = 0.0323612	Cost = 258.581
----------REALIGNMENT----------
----------REGISTERING EPI TO ANATOMICAL----------
----------REGISTERING EPI TO MNI----------
Processing volume 0
Processing volume 1
Processing volume 2
Processing volume 3
Processing volume 4
Processing volume 5
Processing volume 6
Processing volume 7
Processing volume 8
Processing volume 9
Processing volume 10
Processing volume 11
Processing volume 12
Processing volume 13
Processing volume 14
Processing volume 15
Processing volume 16
Processing volume 17
Processing volume 18
Processing volume 19
Processing volume 20
Processing volume 21
Processing volume 22
Processing volume 23
Processing volume 24
Processing volume 25
Processing volume 26
Processing volume 27
Processing volume 28
Processing volume 29
Processing volume 30
Processing volume 31
Processing volume 32
Processing volume 33
Processing volume 34
Processing volume 35
Processing volume 36
Processing volume 37
Processing volume 38
Processing volume 39
Processing volume 40
Processing volume 41
Processing volume 42
Processing volume 43
Processing volume 44
Processing volume 45
Processing volume 46
Processing volume 47
Processing volume 48
Processing volume 49
Processing volume 50
Processing volume 51
Processing volume 52
Processing volume 53
Processing volume 54
Processing volume 55
Processing volume 56
Processing volume 57
Processing volume 58
Processing volume 59
Processing volume 60
Processing volume 61
Processing volume 62
Processing volume 63
Processing volume 64
Processing volume 65
Processing volume 66
Processing volume 67
Processing volume 68
Processing volume 69
Processing volume 70
Processing volume 71
Processing volume 72
Processing volume 73
Processing volume 74
Processing volume 75
Processing volume 76
Processing volume 77
Processing volume 78
Processing volume 79
Processing volume 80
Processing volume 81
Processing volume 82
Processing volume 83
Processing volume 84
Processing volume 85
Processing volume 86
Processing volume 87
Processing volume 88
Processing volume 89
Processing volume 90
Processing volume 91
Processing volume 92
Processing volume 93
Processing volume 94
Processing volume 95
Processing volume 96
Processing volume 97
Processing volume 98
Processing volume 99
Processing volume 100
Processing volume 101
Processing volume 102
Processing volume 103
Processing volume 104
Processing volume 105
Processing volume 106
Processing volume 107
Processing volume 108
Processing volume 109
Processing volume 110
Processing volume 111
Processing volume 112
Processing volume 113
Processing volume 114
Processing volume 115
Processing volume 116
Processing volume 117
Processing volume 118
Processing volume 119
Processing volume 120
Processing volume 121
Error: short write, output file will be truncated
** ERROR: NWAD: wrote only 0 of 57768256 bytes to file
Processing volume 122
Error: short write, output file will be truncated
** ERROR: NWAD: wrote only 0 of 57768256 bytes to file
Processing volume 123
Error: short write, output file will be truncated
** ERROR: NWAD: wrote only 0 of 57768256 bytes to file
Processing volume 124
Error: short write, output file will be truncated
 file /home/tom29/rds/hpc-work/cbbu_BIDS/sub-39/func/sub-39_task-facehouse_acq-1_dir-PA_bold_vol-124.nii.gz is not recognized as a supported image format . 
terminate called after throwing an instance of 'itk::ExceptionObject'
  what():  /workspace/build/ITKv5/Modules/Core/Common/src/itkProcessObject.cxx:1339:
ITK ERROR: ResampleImageFilter(0x43bf3f0): Input Primary is required but not set.
/var/spool/slurm/slurmd/job20299351/slurm_script: line 214: 121566 Aborted                 antsApplyTransforms -d 3 -i "${tmp_vol}" -r "${FSLDIR}/data/standard/MNI152_T1_1mm_brain.nii.gz" -t "${template_to_MNI_SyN}" -t "${template_to_MNI_affine}" -t "${MP2RAGE_to_template_SyN}" -t "${MP2RAGE_to_template_affine}" -t "${BIDS_root}/${sub_id}/func/${sub_id}_func_to_anatomical_ANTS.mat" -o "${run1_fname}_MNI_vol-${v}.nii.gz" -n Linear
