Non-commercial use only - see $FSLDIR/LICENSE
Loading spm/spm12
  Loading requirement: matlab/r2019a
----------CENTRING IMAGES----------
MATLAB is selecting SOFTWARE OPENGL rendering.

Written new image at:
	/home/tom29/rds/hpc-work/cbbu_BIDS/sub-40/func/sub-40_task-facehouse_acq-1_dir-PA_bold_centred.nii

MATLAB is selecting SOFTWARE OPENGL rendering.

Written new image at:
	/home/tom29/rds/hpc-work/cbbu_BIDS/sub-40/func/sub-40_task-facehouse_acq-2_dir-PA_bold_centred.nii

MATLAB is selecting SOFTWARE OPENGL rendering.

Written new image at:
	/home/tom29/rds/hpc-work/cbbu_BIDS/sub-40/func/sub-40_acq-LC_dir-AP_bold_centred.nii

MATLAB is selecting SOFTWARE OPENGL rendering.

Written new image at:
	/home/tom29/rds/hpc-work/cbbu_BIDS/sub-40/func/sub-40_task-facehouse_acq-1_dir-PA_sbref_centred.nii

----------SUSCEPTIBILITY DISTORTION CORRECTION----------
SSD = 516.897	n = 323454	Reg = 0	Cost = 516.897
SSD = 171.671	n = 323454	Reg = 13.0625	Cost = 184.734
SSD = 123.059	n = 323454	Reg = 23.5066	Cost = 146.566
SSD = 113.68	n = 323454	Reg = 28.1206	Cost = 141.8
SSD = 111.353	n = 323454	Reg = 29.529	Cost = 140.882
SSD = 110.588	n = 323454	Reg = 30.0145	Cost = 140.603
***Going to next resolution level***
SSD = 175.267	n = 323454	Reg = 15.7595	Cost = 191.027
SSD = 95.4087	n = 323454	Reg = 15.5275	Cost = 110.936
SSD = 76.5319	n = 323454	Reg = 20.9944	Cost = 97.5263
SSD = 70.5123	n = 323454	Reg = 23.2229	Cost = 93.7353
SSD = 68.0129	n = 323454	Reg = 24.1127	Cost = 92.1257
SSD = 66.6011	n = 323454	Reg = 24.5605	Cost = 91.1616
***Going to next resolution level***
SSD = 149.399	n = 323454	Reg = 5.50939	Cost = 154.908
SSD = 114.552	n = 323454	Reg = 9.7458	Cost = 124.298
SSD = 105.238	n = 323454	Reg = 12.7876	Cost = 118.026
SSD = 102.223	n = 323454	Reg = 14.0721	Cost = 116.295
SSD = 100.87	n = 323454	Reg = 14.665	Cost = 115.535
SSD = 100.101	n = 323454	Reg = 15.0121	Cost = 115.113
***Going to next resolution level***
SSD = 167.784	n = 323454	Reg = 6.91504	Cost = 174.699
SSD = 67.0575	n = 323454	Reg = 4.01308	Cost = 71.0706
SSD = 52.9317	n = 323454	Reg = 5.82299	Cost = 58.7547
SSD = 48.6462	n = 323454	Reg = 6.72305	Cost = 55.3693
SSD = 46.7214	n = 323454	Reg = 7.18283	Cost = 53.9042
SSD = 45.5228	n = 323454	Reg = 7.46814	Cost = 52.991
SSD = 44.6996	n = 323454	Reg = 7.67857	Cost = 52.3781
SSD = 44.0793	n = 323454	Reg = 7.84145	Cost = 51.9207
SSD = 43.576	n = 323454	Reg = 7.98092	Cost = 51.5569
SSD = 43.1597	n = 323454	Reg = 8.10088	Cost = 51.2606
SSD = 42.8283	n = 323454	Reg = 8.20216	Cost = 51.0304
***Going to next resolution level***
SSD = 155.39	n = 2685840	Reg = 230.745	Cost = 386.135
SSD = 73.4235	n = 2685840	Reg = 43.4387	Cost = 116.862
SSD = 62.8929	n = 2685840	Reg = 35.3609	Cost = 98.2538
SSD = 61.3711	n = 2685840	Reg = 32.9108	Cost = 94.2818
SSD = 61.5908	n = 2685840	Reg = 31.1698	Cost = 92.7606
SSD = 62.1126	n = 2685840	Reg = 29.8644	Cost = 91.977
SSD = 62.6232	n = 2685840	Reg = 28.8783	Cost = 91.5015
SSD = 63.0298	n = 2685840	Reg = 28.2312	Cost = 91.261
SSD = 63.3172	n = 2685840	Reg = 27.8397	Cost = 91.157
SSD = 63.5203	n = 2685840	Reg = 27.5965	Cost = 91.1168
SSD = 63.6665	n = 2685840	Reg = 27.438	Cost = 91.1044
***Going to next resolution level***
SSD = 63.6665	n = 2685840	Reg = 2.7438	Cost = 66.4103
SSD = 63.4348	n = 2685840	Reg = 2.75902	Cost = 66.1938
SSD = 63.2793	n = 2685840	Reg = 2.77268	Cost = 66.052
SSD = 63.0141	n = 2685840	Reg = 2.79533	Cost = 65.8094
SSD = 62.7066	n = 2685840	Reg = 2.82605	Cost = 65.5326
SSD = 62.1898	n = 2685840	Reg = 2.88662	Cost = 65.0765
SSD = 61.7311	n = 2685840	Reg = 2.95561	Cost = 64.6867
SSD = 61.3758	n = 2685840	Reg = 3.02431	Cost = 64.4001
SSD = 61.0846	n = 2685840	Reg = 3.0906	Cost = 64.1752
SSD = 60.8116	n = 2685840	Reg = 3.15943	Cost = 63.971
SSD = 60.5671	n = 2685840	Reg = 3.22329	Cost = 63.7903
SSD = 60.2803	n = 2685840	Reg = 3.29941	Cost = 63.5797
SSD = 60.0134	n = 2685840	Reg = 3.37085	Cost = 63.3842
SSD = 59.7545	n = 2685840	Reg = 3.44023	Cost = 63.1948
SSD = 59.5399	n = 2685840	Reg = 3.49749	Cost = 63.0374
SSD = 59.288	n = 2685840	Reg = 3.56418	Cost = 62.8522
SSD = 59.0602	n = 2685840	Reg = 3.62429	Cost = 62.6845
SSD = 58.8073	n = 2685840	Reg = 3.69062	Cost = 62.4979
SSD = 58.5858	n = 2685840	Reg = 3.74862	Cost = 62.3344
SSD = 58.3798	n = 2685840	Reg = 3.80238	Cost = 62.1822
SSD = 58.1635	n = 2685840	Reg = 3.85836	Cost = 62.0219
***Going to next resolution level***
SSD = 831.138	n = 2685840	Reg = 81.4007	Cost = 912.538
SSD = 715.65	n = 2685840	Reg = 69.9512	Cost = 785.602
SSD = 647.514	n = 2685840	Reg = 63.2835	Cost = 710.797
SSD = 583.865	n = 2685840	Reg = 57.1783	Cost = 641.043
SSD = 532.299	n = 2685840	Reg = 52.3816	Cost = 584.68
SSD = 485.781	n = 2685840	Reg = 48.2484	Cost = 534.03
SSD = 453.716	n = 2685840	Reg = 45.5321	Cost = 499.248
SSD = 426.385	n = 2685840	Reg = 43.3841	Cost = 469.769
SSD = 406.084	n = 2685840	Reg = 41.8736	Cost = 447.958
SSD = 388.843	n = 2685840	Reg = 40.6584	Cost = 429.501
SSD = 373.429	n = 2685840	Reg = 39.6117	Cost = 413.041
SSD = 359.738	n = 2685840	Reg = 38.7129	Cost = 398.451
SSD = 347.718	n = 2685840	Reg = 37.9181	Cost = 385.637
SSD = 337.055	n = 2685840	Reg = 37.2228	Cost = 374.278
SSD = 326.584	n = 2685840	Reg = 36.5551	Cost = 363.139
SSD = 317.524	n = 2685840	Reg = 35.9699	Cost = 353.493
SSD = 309.637	n = 2685840	Reg = 35.4789	Cost = 345.116
SSD = 301.928	n = 2685840	Reg = 35.0073	Cost = 336.936
SSD = 294.445	n = 2685840	Reg = 34.5547	Cost = 328.999
SSD = 287.72	n = 2685840	Reg = 34.1584	Cost = 321.879
SSD = 281.692	n = 2685840	Reg = 33.8115	Cost = 315.504
***Going to next resolution level***
SSD = 349.983	n = 2685840	Reg = 0.420085	Cost = 350.403
SSD = 345.081	n = 2685840	Reg = 0.414411	Cost = 345.496
SSD = 339.401	n = 2685840	Reg = 0.408262	Cost = 339.81
SSD = 333.755	n = 2685840	Reg = 0.402488	Cost = 334.157
SSD = 329.012	n = 2685840	Reg = 0.398069	Cost = 329.41
SSD = 323.781	n = 2685840	Reg = 0.393758	Cost = 324.175
SSD = 319.19	n = 2685840	Reg = 0.390555	Cost = 319.581
SSD = 315.555	n = 2685840	Reg = 0.38844	Cost = 315.944
SSD = 312.696	n = 2685840	Reg = 0.387208	Cost = 313.083
SSD = 309.316	n = 2685840	Reg = 0.386191	Cost = 309.702
SSD = 306.084	n = 2685840	Reg = 0.385714	Cost = 306.47
SSD = 299.794	n = 2685840	Reg = 0.38582	Cost = 300.18
SSD = 294.623	n = 2685840	Reg = 0.386518	Cost = 295.009
SSD = 290.399	n = 2685840	Reg = 0.387998	Cost = 290.787
SSD = 286.71	n = 2685840	Reg = 0.389838	Cost = 287.1
SSD = 283.607	n = 2685840	Reg = 0.392065	Cost = 283.999
SSD = 280.656	n = 2685840	Reg = 0.394414	Cost = 281.051
SSD = 277.014	n = 2685840	Reg = 0.398001	Cost = 277.412
SSD = 273.691	n = 2685840	Reg = 0.401861	Cost = 274.093
SSD = 270.626	n = 2685840	Reg = 0.405977	Cost = 271.032
SSD = 267.849	n = 2685840	Reg = 0.410152	Cost = 268.259
SSD = 265.621	n = 2685840	Reg = 0.413836	Cost = 266.035
SSD = 262.942	n = 2685840	Reg = 0.418831	Cost = 263.361
SSD = 260.035	n = 2685840	Reg = 0.424548	Cost = 260.46
SSD = 257.306	n = 2685840	Reg = 0.430357	Cost = 257.736
SSD = 254.623	n = 2685840	Reg = 0.4364	Cost = 255.059
SSD = 252.256	n = 2685840	Reg = 0.442009	Cost = 252.698
SSD = 250.384	n = 2685840	Reg = 0.44662	Cost = 250.831
SSD = 248.279	n = 2685840	Reg = 0.452119	Cost = 248.731
SSD = 246.292	n = 2685840	Reg = 0.457332	Cost = 246.75
SSD = 244.421	n = 2685840	Reg = 0.462361	Cost = 244.883
SSD = 242.558	n = 2685840	Reg = 0.467656	Cost = 243.026
SSD = 240.884	n = 2685840	Reg = 0.472469	Cost = 241.357
SSD = 239.166	n = 2685840	Reg = 0.477471	Cost = 239.644
SSD = 237.645	n = 2685840	Reg = 0.481853	Cost = 238.127
SSD = 236.018	n = 2685840	Reg = 0.486638	Cost = 236.504
SSD = 234.476	n = 2685840	Reg = 0.491212	Cost = 234.967
SSD = 232.947	n = 2685840	Reg = 0.495809	Cost = 233.443
SSD = 231.416	n = 2685840	Reg = 0.500424	Cost = 231.917
SSD = 229.932	n = 2685840	Reg = 0.504931	Cost = 230.437
SSD = 228.467	n = 2685840	Reg = 0.509596	Cost = 228.977
SSD = 227.107	n = 2685840	Reg = 0.513912	Cost = 227.621
SSD = 225.802	n = 2685840	Reg = 0.518031	Cost = 226.32
SSD = 224.627	n = 2685840	Reg = 0.52178	Cost = 225.149
SSD = 223.34	n = 2685840	Reg = 0.526001	Cost = 223.866
SSD = 222.074	n = 2685840	Reg = 0.530164	Cost = 222.604
SSD = 220.813	n = 2685840	Reg = 0.5344	Cost = 221.348
SSD = 219.763	n = 2685840	Reg = 0.537986	Cost = 220.301
SSD = 218.621	n = 2685840	Reg = 0.541916	Cost = 219.163
SSD = 217.514	n = 2685840	Reg = 0.545911	Cost = 218.06
SSD = 216.384	n = 2685840	Reg = 0.55001	Cost = 216.934
***Going to next resolution level***
SSD = 216.382	n = 2685840	Reg = 0.0109931	Cost = 216.393
SSD = 215.828	n = 2685840	Reg = 0.0109646	Cost = 215.839
SSD = 215.132	n = 2685840	Reg = 0.0109279	Cost = 215.143
SSD = 214.336	n = 2685840	Reg = 0.0108856	Cost = 214.346
SSD = 213.639	n = 2685840	Reg = 0.0108484	Cost = 213.65
SSD = 212.893	n = 2685840	Reg = 0.0108083	Cost = 212.904
SSD = 212.149	n = 2685840	Reg = 0.0107686	Cost = 212.16
SSD = 211.424	n = 2685840	Reg = 0.0107302	Cost = 211.435
SSD = 210.838	n = 2685840	Reg = 0.0106995	Cost = 210.849
SSD = 210.269	n = 2685840	Reg = 0.0106698	Cost = 210.28
SSD = 209.706	n = 2685840	Reg = 0.0106408	Cost = 209.717
SSD = 209.039	n = 2685840	Reg = 0.0106071	Cost = 209.05
SSD = 208.384	n = 2685840	Reg = 0.0105749	Cost = 208.395
SSD = 207.77	n = 2685840	Reg = 0.010546	Cost = 207.78
SSD = 207.14	n = 2685840	Reg = 0.0105178	Cost = 207.15
SSD = 206.575	n = 2685840	Reg = 0.0104941	Cost = 206.585
SSD = 206.017	n = 2685840	Reg = 0.0104723	Cost = 206.027
SSD = 205.552	n = 2685840	Reg = 0.0104557	Cost = 205.562
SSD = 205.009	n = 2685840	Reg = 0.0104381	Cost = 205.019
SSD = 204.408	n = 2685840	Reg = 0.0104208	Cost = 204.418
SSD = 203.832	n = 2685840	Reg = 0.0104069	Cost = 203.843
SSD = 203.26	n = 2685840	Reg = 0.0103958	Cost = 203.27
SSD = 202.743	n = 2685840	Reg = 0.0103887	Cost = 202.753
SSD = 202.172	n = 2685840	Reg = 0.0103841	Cost = 202.183
SSD = 201.686	n = 2685840	Reg = 0.0103835	Cost = 201.696
SSD = 201.128	n = 2685840	Reg = 0.0103864	Cost = 201.139
SSD = 200.524	n = 2685840	Reg = 0.0103939	Cost = 200.535
SSD = 199.962	n = 2685840	Reg = 0.010405	Cost = 199.972
SSD = 199.386	n = 2685840	Reg = 0.0104209	Cost = 199.396
SSD = 198.889	n = 2685840	Reg = 0.010439	Cost = 198.9
SSD = 198.403	n = 2685840	Reg = 0.0104606	Cost = 198.413
SSD = 197.875	n = 2685840	Reg = 0.0104888	Cost = 197.885
SSD = 197.365	n = 2685840	Reg = 0.0105208	Cost = 197.376
SSD = 196.786	n = 2685840	Reg = 0.0105627	Cost = 196.796
SSD = 196.194	n = 2685840	Reg = 0.010611	Cost = 196.205
SSD = 195.71	n = 2685840	Reg = 0.010655	Cost = 195.72
SSD = 195.197	n = 2685840	Reg = 0.0107063	Cost = 195.207
SSD = 194.715	n = 2685840	Reg = 0.0107591	Cost = 194.726
SSD = 194.186	n = 2685840	Reg = 0.0108215	Cost = 194.196
SSD = 193.619	n = 2685840	Reg = 0.0108942	Cost = 193.629
SSD = 193.036	n = 2685840	Reg = 0.0109732	Cost = 193.047
SSD = 192.523	n = 2685840	Reg = 0.0110483	Cost = 192.534
SSD = 192.012	n = 2685840	Reg = 0.0111274	Cost = 192.023
SSD = 191.561	n = 2685840	Reg = 0.0112015	Cost = 191.572
SSD = 191.088	n = 2685840	Reg = 0.0112824	Cost = 191.1
SSD = 190.598	n = 2685840	Reg = 0.0113722	Cost = 190.609
SSD = 190.135	n = 2685840	Reg = 0.0114606	Cost = 190.147
SSD = 189.701	n = 2685840	Reg = 0.0115474	Cost = 189.712
SSD = 189.243	n = 2685840	Reg = 0.0116438	Cost = 189.255
SSD = 188.801	n = 2685840	Reg = 0.0117403	Cost = 188.813
SSD = 188.248	n = 2685840	Reg = 0.0118674	Cost = 188.259
SSD = 187.537	n = 2685840	Reg = 0.0120371	Cost = 187.549
SSD = 186.901	n = 2685840	Reg = 0.0121947	Cost = 186.913
SSD = 186.323	n = 2685840	Reg = 0.0123432	Cost = 186.335
SSD = 185.692	n = 2685840	Reg = 0.0125082	Cost = 185.704
SSD = 185.116	n = 2685840	Reg = 0.0126633	Cost = 185.128
SSD = 184.672	n = 2685840	Reg = 0.0127856	Cost = 184.685
SSD = 184.21	n = 2685840	Reg = 0.0129158	Cost = 184.223
SSD = 183.687	n = 2685840	Reg = 0.0130656	Cost = 183.7
SSD = 183.137	n = 2685840	Reg = 0.0132272	Cost = 183.15
SSD = 182.574	n = 2685840	Reg = 0.0133965	Cost = 182.588
SSD = 182.015	n = 2685840	Reg = 0.0135677	Cost = 182.029
SSD = 181.56	n = 2685840	Reg = 0.0137093	Cost = 181.574
SSD = 181.073	n = 2685840	Reg = 0.0138627	Cost = 181.087
SSD = 180.662	n = 2685840	Reg = 0.0139949	Cost = 180.676
SSD = 180.178	n = 2685840	Reg = 0.0141523	Cost = 180.192
SSD = 179.705	n = 2685840	Reg = 0.0143079	Cost = 179.719
SSD = 179.27	n = 2685840	Reg = 0.0144539	Cost = 179.285
SSD = 178.867	n = 2685840	Reg = 0.0145897	Cost = 178.881
SSD = 178.485	n = 2685840	Reg = 0.0147201	Cost = 178.5
SSD = 178.108	n = 2685840	Reg = 0.01485	Cost = 178.123
SSD = 177.721	n = 2685840	Reg = 0.014985	Cost = 177.736
SSD = 177.351	n = 2685840	Reg = 0.0151145	Cost = 177.366
SSD = 177.004	n = 2685840	Reg = 0.0152367	Cost = 177.019
SSD = 176.642	n = 2685840	Reg = 0.0153644	Cost = 176.657
SSD = 176.312	n = 2685840	Reg = 0.015482	Cost = 176.328
SSD = 175.982	n = 2685840	Reg = 0.0156004	Cost = 175.998
SSD = 175.653	n = 2685840	Reg = 0.0157181	Cost = 175.669
SSD = 175.34	n = 2685840	Reg = 0.0158303	Cost = 175.356
SSD = 175.022	n = 2685840	Reg = 0.0159448	Cost = 175.038
SSD = 174.733	n = 2685840	Reg = 0.016049	Cost = 174.749
SSD = 174.439	n = 2685840	Reg = 0.0161541	Cost = 174.455
SSD = 174.133	n = 2685840	Reg = 0.0162642	Cost = 174.15
SSD = 173.842	n = 2685840	Reg = 0.0163684	Cost = 173.858
SSD = 173.553	n = 2685840	Reg = 0.0164713	Cost = 173.57
SSD = 173.248	n = 2685840	Reg = 0.0165801	Cost = 173.264
SSD = 172.973	n = 2685840	Reg = 0.0166778	Cost = 172.99
SSD = 172.677	n = 2685840	Reg = 0.0167839	Cost = 172.694
SSD = 172.386	n = 2685840	Reg = 0.0168877	Cost = 172.403
SSD = 172.105	n = 2685840	Reg = 0.0169879	Cost = 172.122
SSD = 171.845	n = 2685840	Reg = 0.0170795	Cost = 171.862
SSD = 171.572	n = 2685840	Reg = 0.0171754	Cost = 171.589
SSD = 171.305	n = 2685840	Reg = 0.0172704	Cost = 171.322
SSD = 171.029	n = 2685840	Reg = 0.0173677	Cost = 171.046
SSD = 170.746	n = 2685840	Reg = 0.0174674	Cost = 170.763
SSD = 170.452	n = 2685840	Reg = 0.0175711	Cost = 170.47
SSD = 170.182	n = 2685840	Reg = 0.0176664	Cost = 170.2
SSD = 169.919	n = 2685840	Reg = 0.0177602	Cost = 169.937
SSD = 169.679	n = 2685840	Reg = 0.017845	Cost = 169.697
SSD = 169.414	n = 2685840	Reg = 0.0179388	Cost = 169.432
SSD = 169.166	n = 2685840	Reg = 0.0180271	Cost = 169.184
----------REALIGNMENT----------
----------REGISTERING EPI TO ANATOMICAL----------
----------REGISTERING EPI TO MNI----------
Processing volume 0
Processing volume 1
Processing volume 2
Processing volume 3
Processing volume 4
Processing volume 5
Processing volume 6
Processing volume 7
Processing volume 8
Processing volume 9
Processing volume 10
Processing volume 11
Processing volume 12
Processing volume 13
Processing volume 14
Processing volume 15
Processing volume 16
Processing volume 17
Processing volume 18
Processing volume 19
Processing volume 20
Processing volume 21
Processing volume 22
Processing volume 23
Processing volume 24
Processing volume 25
Processing volume 26
Processing volume 27
Processing volume 28
Processing volume 29
Processing volume 30
Processing volume 31
Processing volume 32
Processing volume 33
Processing volume 34
Processing volume 35
Processing volume 36
Processing volume 37
Processing volume 38
Processing volume 39
Processing volume 40
Processing volume 41
Processing volume 42
Processing volume 43
Processing volume 44
Processing volume 45
Processing volume 46
Processing volume 47
Processing volume 48
Processing volume 49
Processing volume 50
Processing volume 51
Processing volume 52
Processing volume 53
Processing volume 54
Processing volume 55
Processing volume 56
Processing volume 57
Processing volume 58
Processing volume 59
Processing volume 60
Processing volume 61
Processing volume 62
Processing volume 63
Processing volume 64
Processing volume 65
Processing volume 66
Processing volume 67
Processing volume 68
Processing volume 69
Processing volume 70
Processing volume 71
Processing volume 72
Processing volume 73
Processing volume 74
Processing volume 75
Processing volume 76
Processing volume 77
Processing volume 78
Processing volume 79
Processing volume 80
Processing volume 81
Processing volume 82
Processing volume 83
Processing volume 84
Processing volume 85
Processing volume 86
Processing volume 87
Processing volume 88
Processing volume 89
Processing volume 90
Processing volume 91
Processing volume 92
Processing volume 93
Processing volume 94
Processing volume 95
Processing volume 96
Processing volume 97
Processing volume 98
Processing volume 99
Processing volume 100
Processing volume 101
Processing volume 102
Processing volume 103
Processing volume 104
Processing volume 105
Processing volume 106
Processing volume 107
Processing volume 108
Processing volume 109
Processing volume 110
Processing volume 111
Processing volume 112
Processing volume 113
Processing volume 114
Processing volume 115
Processing volume 116
Processing volume 117
** ERROR: NWAD: wrote only 0 of 57768256 bytes to file
Processing volume 118
Error: short write, output file will be truncated
 file /home/tom29/rds/hpc-work/cbbu_BIDS/sub-40/func/sub-40_task-facehouse_acq-1_dir-PA_bold_vol-118.nii.gz is not recognized as a supported image format . 
terminate called after throwing an instance of 'itk::ExceptionObject'
  what():  /workspace/build/ITKv5/Modules/Core/Common/src/itkProcessObject.cxx:1339:
ITK ERROR: ResampleImageFilter(0x42ae3f0): Input Primary is required but not set.
/var/spool/slurm/slurmd/job20299352/slurm_script: line 214: 121490 Aborted                 antsApplyTransforms -d 3 -i "${tmp_vol}" -r "${FSLDIR}/data/standard/MNI152_T1_1mm_brain.nii.gz" -t "${template_to_MNI_SyN}" -t "${template_to_MNI_affine}" -t "${MP2RAGE_to_template_SyN}" -t "${MP2RAGE_to_template_affine}" -t "${BIDS_root}/${sub_id}/func/${sub_id}_func_to_anatomical_ANTS.mat" -o "${run1_fname}_MNI_vol-${v}.nii.gz" -n Linear
