Non-commercial use only - see $FSLDIR/LICENSE
Loading spm/spm12
  Loading requirement: matlab/r2019a
----------CENTRING IMAGES----------
MATLAB is selecting SOFTWARE OPENGL rendering.

Written new image at:
	/home/tom29/rds/rds-pal_lab-WJZDLUY2Dhw/cbbu_BIDS/sub-25/func/sub-25_task-facehouse_acq-1_dir-PA_bold_centred.nii

MATLAB is selecting SOFTWARE OPENGL rendering.

Written new image at:
	/home/tom29/rds/rds-pal_lab-WJZDLUY2Dhw/cbbu_BIDS/sub-25/func/sub-25_task-facehouse_acq-2_dir-PA_bold_centred.nii

MATLAB is selecting SOFTWARE OPENGL rendering.

Written new image at:
	/home/tom29/rds/rds-pal_lab-WJZDLUY2Dhw/cbbu_BIDS/sub-25/func/sub-25_acq-LC_dir-AP_bold_centred.nii

MATLAB is selecting SOFTWARE OPENGL rendering.

Written new image at:
	/home/tom29/rds/rds-pal_lab-WJZDLUY2Dhw/cbbu_BIDS/sub-25/func/sub-25_task-facehouse_acq-1_dir-PA_sbref_centred.nii

----------SUSCEPTIBILITY DISTORTION CORRECTION----------
SSD = 853.439	n = 323454	Reg = 0	Cost = 853.439
SSD = 213.931	n = 323454	Reg = 15.3544	Cost = 229.285
SSD = 120.762	n = 323454	Reg = 22.9217	Cost = 143.684
SSD = 101.509	n = 323454	Reg = 28.0641	Cost = 129.573
SSD = 96.6258	n = 323454	Reg = 30.2773	Cost = 126.903
SSD = 95.197	n = 323454	Reg = 31.0908	Cost = 126.288
***Going to next resolution level***
SSD = 154.278	n = 323454	Reg = 19.0654	Cost = 173.344
SSD = 83.3788	n = 323454	Reg = 14.86	Cost = 98.2387
SSD = 67.7141	n = 323454	Reg = 19.215	Cost = 86.9291
SSD = 62.8635	n = 323454	Reg = 21.1766	Cost = 84.0401
SSD = 60.8771	n = 323454	Reg = 22.0408	Cost = 82.9179
SSD = 59.8951	n = 323454	Reg = 22.4879	Cost = 82.383
***Going to next resolution level***
SSD = 134.389	n = 323454	Reg = 5.0457	Cost = 139.435
SSD = 101.738	n = 323454	Reg = 8.62624	Cost = 110.364
SSD = 94.6566	n = 323454	Reg = 11.0699	Cost = 105.727
SSD = 92.6699	n = 323454	Reg = 12.0071	Cost = 104.677
SSD = 91.8177	n = 323454	Reg = 12.4037	Cost = 104.221
SSD = 91.3055	n = 323454	Reg = 12.6442	Cost = 103.95
***Going to next resolution level***
SSD = 154.723	n = 323454	Reg = 6.58049	Cost = 161.303
SSD = 67.8938	n = 323454	Reg = 3.78751	Cost = 71.6814
SSD = 56.6839	n = 323454	Reg = 5.58163	Cost = 62.2656
SSD = 53.3027	n = 323454	Reg = 6.40531	Cost = 59.708
SSD = 51.6625	n = 323454	Reg = 6.85913	Cost = 58.5217
SSD = 50.6369	n = 323454	Reg = 7.17714	Cost = 57.814
SSD = 49.9364	n = 323454	Reg = 7.42656	Cost = 57.3629
SSD = 49.3928	n = 323454	Reg = 7.63221	Cost = 57.025
SSD = 48.9275	n = 323454	Reg = 7.81175	Cost = 56.7392
SSD = 48.5167	n = 323454	Reg = 7.96658	Cost = 56.4833
SSD = 48.1646	n = 323454	Reg = 8.09059	Cost = 56.2551
***Going to next resolution level***
SSD = 156.133	n = 2685840	Reg = 304.318	Cost = 460.451
SSD = 79.611	n = 2685840	Reg = 43.0082	Cost = 122.619
SSD = 71.3412	n = 2685840	Reg = 32.823	Cost = 104.164
SSD = 70.4434	n = 2685840	Reg = 29.1578	Cost = 99.6012
SSD = 70.7735	n = 2685840	Reg = 27.0147	Cost = 97.7882
SSD = 71.2301	n = 2685840	Reg = 25.683	Cost = 96.9131
SSD = 71.6091	n = 2685840	Reg = 24.8472	Cost = 96.4563
SSD = 71.8956	n = 2685840	Reg = 24.3122	Cost = 96.2077
SSD = 72.1022	n = 2685840	Reg = 23.9577	Cost = 96.0599
SSD = 72.2502	n = 2685840	Reg = 23.7086	Cost = 95.9588
SSD = 72.3546	n = 2685840	Reg = 23.5368	Cost = 95.8914
***Going to next resolution level***
SSD = 72.3546	n = 2685840	Reg = 2.35368	Cost = 74.7083
SSD = 72.1478	n = 2685840	Reg = 2.36968	Cost = 74.5175
SSD = 71.9735	n = 2685840	Reg = 2.3859	Cost = 74.3594
SSD = 71.7425	n = 2685840	Reg = 2.40799	Cost = 74.1505
SSD = 71.3526	n = 2685840	Reg = 2.4512	Cost = 73.8038
SSD = 70.929	n = 2685840	Reg = 2.50683	Cost = 73.4358
SSD = 70.4836	n = 2685840	Reg = 2.57877	Cost = 73.0624
SSD = 70.0324	n = 2685840	Reg = 2.66976	Cost = 72.7021
SSD = 69.6891	n = 2685840	Reg = 2.75438	Cost = 72.4435
SSD = 69.4101	n = 2685840	Reg = 2.83164	Cost = 72.2417
SSD = 69.1611	n = 2685840	Reg = 2.9041	Cost = 72.0652
SSD = 68.8498	n = 2685840	Reg = 2.99709	Cost = 71.8469
SSD = 68.5836	n = 2685840	Reg = 3.07778	Cost = 71.6614
SSD = 68.3529	n = 2685840	Reg = 3.1482	Cost = 71.5011
SSD = 68.1061	n = 2685840	Reg = 3.22348	Cost = 71.3295
SSD = 67.8583	n = 2685840	Reg = 3.29879	Cost = 71.1571
SSD = 67.6302	n = 2685840	Reg = 3.36813	Cost = 70.9983
SSD = 67.3866	n = 2685840	Reg = 3.44206	Cost = 70.8287
SSD = 67.1634	n = 2685840	Reg = 3.5096	Cost = 70.673
SSD = 66.961	n = 2685840	Reg = 3.5707	Cost = 70.5317
SSD = 66.7504	n = 2685840	Reg = 3.63407	Cost = 70.3845
***Going to next resolution level***
SSD = 296.014	n = 2685840	Reg = 18.0479	Cost = 314.062
SSD = 250.984	n = 2685840	Reg = 15.3157	Cost = 266.3
SSD = 230.019	n = 2685840	Reg = 14.0529	Cost = 244.072
SSD = 211.305	n = 2685840	Reg = 12.9421	Cost = 224.247
SSD = 199.531	n = 2685840	Reg = 12.2586	Cost = 211.79
SSD = 190.448	n = 2685840	Reg = 11.7449	Cost = 202.193
SSD = 183.593	n = 2685840	Reg = 11.3695	Cost = 194.963
SSD = 178.44	n = 2685840	Reg = 11.0944	Cost = 189.535
SSD = 173.698	n = 2685840	Reg = 10.8487	Cost = 184.547
SSD = 170.237	n = 2685840	Reg = 10.6729	Cost = 180.91
SSD = 166.796	n = 2685840	Reg = 10.4999	Cost = 177.296
SSD = 164.153	n = 2685840	Reg = 10.3699	Cost = 174.523
SSD = 161.704	n = 2685840	Reg = 10.2502	Cost = 171.955
SSD = 159.438	n = 2685840	Reg = 10.1405	Cost = 169.578
SSD = 157.536	n = 2685840	Reg = 10.049	Cost = 167.585
SSD = 155.641	n = 2685840	Reg = 9.95892	Cost = 165.6
SSD = 153.985	n = 2685840	Reg = 9.8814	Cost = 163.866
SSD = 152.396	n = 2685840	Reg = 9.80801	Cost = 162.204
SSD = 151.014	n = 2685840	Reg = 9.74539	Cost = 160.759
SSD = 149.713	n = 2685840	Reg = 9.68687	Cost = 159.399
SSD = 148.428	n = 2685840	Reg = 9.63074	Cost = 158.059
***Going to next resolution level***
SSD = 212.801	n = 2685840	Reg = 0.138076	Cost = 212.939
SSD = 208.655	n = 2685840	Reg = 0.135672	Cost = 208.791
SSD = 205.753	n = 2685840	Reg = 0.134151	Cost = 205.887
SSD = 203.198	n = 2685840	Reg = 0.133031	Cost = 203.331
SSD = 201.251	n = 2685840	Reg = 0.132421	Cost = 201.383
SSD = 199.722	n = 2685840	Reg = 0.132195	Cost = 199.854
SSD = 198.509	n = 2685840	Reg = 0.132248	Cost = 198.642
SSD = 197.594	n = 2685840	Reg = 0.132486	Cost = 197.727
SSD = 196.896	n = 2685840	Reg = 0.132821	Cost = 197.029
SSD = 196.302	n = 2685840	Reg = 0.133234	Cost = 196.435
SSD = 195.56	n = 2685840	Reg = 0.133864	Cost = 195.694
SSD = 194.336	n = 2685840	Reg = 0.135103	Cost = 194.471
SSD = 192.908	n = 2685840	Reg = 0.136809	Cost = 193.045
SSD = 191.214	n = 2685840	Reg = 0.139138	Cost = 191.353
SSD = 189.644	n = 2685840	Reg = 0.141609	Cost = 189.786
SSD = 188.126	n = 2685840	Reg = 0.144211	Cost = 188.27
SSD = 186.684	n = 2685840	Reg = 0.146905	Cost = 186.831
SSD = 185.299	n = 2685840	Reg = 0.149676	Cost = 185.448
SSD = 184.042	n = 2685840	Reg = 0.152319	Cost = 184.194
SSD = 182.909	n = 2685840	Reg = 0.154839	Cost = 183.064
SSD = 181.99	n = 2685840	Reg = 0.156798	Cost = 182.147
SSD = 181.164	n = 2685840	Reg = 0.158641	Cost = 181.323
SSD = 180.465	n = 2685840	Reg = 0.160207	Cost = 180.625
SSD = 179.727	n = 2685840	Reg = 0.161882	Cost = 179.889
SSD = 179.068	n = 2685840	Reg = 0.163394	Cost = 179.231
SSD = 178.364	n = 2685840	Reg = 0.165051	Cost = 178.529
SSD = 177.736	n = 2685840	Reg = 0.166567	Cost = 177.902
SSD = 177.101	n = 2685840	Reg = 0.168121	Cost = 177.269
SSD = 176.493	n = 2685840	Reg = 0.169671	Cost = 176.662
SSD = 175.847	n = 2685840	Reg = 0.171311	Cost = 176.019
SSD = 175.149	n = 2685840	Reg = 0.173169	Cost = 175.322
SSD = 174.462	n = 2685840	Reg = 0.175046	Cost = 174.637
SSD = 173.769	n = 2685840	Reg = 0.176994	Cost = 173.946
SSD = 173.153	n = 2685840	Reg = 0.178766	Cost = 173.331
SSD = 172.545	n = 2685840	Reg = 0.18058	Cost = 172.725
SSD = 172.018	n = 2685840	Reg = 0.182186	Cost = 172.2
SSD = 171.46	n = 2685840	Reg = 0.18388	Cost = 171.644
SSD = 170.893	n = 2685840	Reg = 0.185731	Cost = 171.079
SSD = 170.331	n = 2685840	Reg = 0.187561	Cost = 170.519
SSD = 169.777	n = 2685840	Reg = 0.189442	Cost = 169.966
SSD = 169.274	n = 2685840	Reg = 0.191174	Cost = 169.465
SSD = 168.778	n = 2685840	Reg = 0.192939	Cost = 168.971
SSD = 168.332	n = 2685840	Reg = 0.194556	Cost = 168.527
SSD = 167.866	n = 2685840	Reg = 0.196279	Cost = 168.062
SSD = 167.417	n = 2685840	Reg = 0.198013	Cost = 167.615
SSD = 166.962	n = 2685840	Reg = 0.199804	Cost = 167.162
SSD = 166.509	n = 2685840	Reg = 0.201661	Cost = 166.711
SSD = 166.085	n = 2685840	Reg = 0.203454	Cost = 166.288
SSD = 165.645	n = 2685840	Reg = 0.205373	Cost = 165.85
SSD = 165.249	n = 2685840	Reg = 0.207159	Cost = 165.456
SSD = 164.842	n = 2685840	Reg = 0.209056	Cost = 165.051
***Going to next resolution level***
SSD = 164.842	n = 2685840	Reg = 0.00417823	Cost = 164.846
SSD = 164.655	n = 2685840	Reg = 0.00417349	Cost = 164.659
SSD = 164.285	n = 2685840	Reg = 0.00416418	Cost = 164.289
SSD = 164.059	n = 2685840	Reg = 0.00415857	Cost = 164.063
SSD = 163.751	n = 2685840	Reg = 0.00415111	Cost = 163.755
SSD = 163.465	n = 2685840	Reg = 0.00414444	Cost = 163.469
SSD = 163.214	n = 2685840	Reg = 0.00413897	Cost = 163.218
SSD = 162.956	n = 2685840	Reg = 0.0041338	Cost = 162.96
SSD = 162.719	n = 2685840	Reg = 0.00412955	Cost = 162.723
SSD = 162.515	n = 2685840	Reg = 0.00412642	Cost = 162.519
SSD = 162.299	n = 2685840	Reg = 0.00412362	Cost = 162.303
SSD = 162.094	n = 2685840	Reg = 0.00412151	Cost = 162.098
SSD = 161.86	n = 2685840	Reg = 0.00411971	Cost = 161.864
SSD = 161.657	n = 2685840	Reg = 0.00411876	Cost = 161.661
SSD = 161.449	n = 2685840	Reg = 0.00411835	Cost = 161.453
SSD = 161.238	n = 2685840	Reg = 0.00411861	Cost = 161.242
SSD = 161.052	n = 2685840	Reg = 0.00411935	Cost = 161.056
SSD = 160.845	n = 2685840	Reg = 0.00412084	Cost = 160.85
SSD = 160.66	n = 2685840	Reg = 0.00412267	Cost = 160.664
SSD = 160.452	n = 2685840	Reg = 0.00412547	Cost = 160.457
SSD = 160.243	n = 2685840	Reg = 0.00412904	Cost = 160.247
SSD = 160.055	n = 2685840	Reg = 0.00413305	Cost = 160.059
SSD = 159.863	n = 2685840	Reg = 0.0041378	Cost = 159.867
SSD = 159.668	n = 2685840	Reg = 0.00414361	Cost = 159.672
SSD = 159.488	n = 2685840	Reg = 0.00414978	Cost = 159.492
SSD = 159.293	n = 2685840	Reg = 0.00415753	Cost = 159.297
SSD = 159.107	n = 2685840	Reg = 0.00416585	Cost = 159.111
SSD = 158.912	n = 2685840	Reg = 0.00417572	Cost = 158.916
SSD = 158.721	n = 2685840	Reg = 0.00418647	Cost = 158.725
SSD = 158.527	n = 2685840	Reg = 0.00419871	Cost = 158.532
SSD = 158.331	n = 2685840	Reg = 0.00421212	Cost = 158.335
SSD = 158.116	n = 2685840	Reg = 0.00422831	Cost = 158.12
SSD = 157.869	n = 2685840	Reg = 0.00424849	Cost = 157.873
SSD = 157.638	n = 2685840	Reg = 0.00426936	Cost = 157.642
SSD = 157.369	n = 2685840	Reg = 0.00429525	Cost = 157.373
SSD = 157.113	n = 2685840	Reg = 0.00432259	Cost = 157.117
SSD = 156.861	n = 2685840	Reg = 0.00435153	Cost = 156.866
SSD = 156.622	n = 2685840	Reg = 0.00438168	Cost = 156.626
SSD = 156.358	n = 2685840	Reg = 0.00441668	Cost = 156.363
SSD = 156.116	n = 2685840	Reg = 0.00445205	Cost = 156.12
SSD = 155.891	n = 2685840	Reg = 0.00448706	Cost = 155.895
SSD = 155.71	n = 2685840	Reg = 0.00451753	Cost = 155.714
SSD = 155.544	n = 2685840	Reg = 0.00454702	Cost = 155.548
SSD = 155.371	n = 2685840	Reg = 0.0045802	Cost = 155.376
SSD = 155.195	n = 2685840	Reg = 0.004616	Cost = 155.199
SSD = 155.014	n = 2685840	Reg = 0.00465562	Cost = 155.019
SSD = 154.826	n = 2685840	Reg = 0.00469875	Cost = 154.831
SSD = 154.634	n = 2685840	Reg = 0.00474609	Cost = 154.639
SSD = 154.434	n = 2685840	Reg = 0.00479777	Cost = 154.439
SSD = 154.218	n = 2685840	Reg = 0.00485779	Cost = 154.222
SSD = 153.937	n = 2685840	Reg = 0.00493901	Cost = 153.942
SSD = 153.577	n = 2685840	Reg = 0.00505055	Cost = 153.582
SSD = 153.254	n = 2685840	Reg = 0.00515392	Cost = 153.259
SSD = 152.979	n = 2685840	Reg = 0.00524674	Cost = 152.984
SSD = 152.666	n = 2685840	Reg = 0.00535408	Cost = 152.672
SSD = 152.408	n = 2685840	Reg = 0.00544586	Cost = 152.414
SSD = 152.152	n = 2685840	Reg = 0.00553811	Cost = 152.157
SSD = 151.896	n = 2685840	Reg = 0.00563413	Cost = 151.901
SSD = 151.612	n = 2685840	Reg = 0.00574039	Cost = 151.618
SSD = 151.31	n = 2685840	Reg = 0.00585727	Cost = 151.316
SSD = 150.974	n = 2685840	Reg = 0.00598947	Cost = 150.98
SSD = 150.685	n = 2685840	Reg = 0.00610702	Cost = 150.691
SSD = 150.404	n = 2685840	Reg = 0.00622062	Cost = 150.411
SSD = 150.165	n = 2685840	Reg = 0.00632077	Cost = 150.171
SSD = 149.949	n = 2685840	Reg = 0.00641144	Cost = 149.955
SSD = 149.732	n = 2685840	Reg = 0.00650466	Cost = 149.739
SSD = 149.528	n = 2685840	Reg = 0.00659342	Cost = 149.534
SSD = 149.326	n = 2685840	Reg = 0.00668251	Cost = 149.333
SSD = 149.124	n = 2685840	Reg = 0.00677249	Cost = 149.131
SSD = 148.919	n = 2685840	Reg = 0.00686591	Cost = 148.926
SSD = 148.733	n = 2685840	Reg = 0.00695078	Cost = 148.74
SSD = 148.536	n = 2685840	Reg = 0.00704233	Cost = 148.543
SSD = 148.328	n = 2685840	Reg = 0.00713959	Cost = 148.335
SSD = 148.139	n = 2685840	Reg = 0.00722964	Cost = 148.146
SSD = 147.954	n = 2685840	Reg = 0.00731727	Cost = 147.962
SSD = 147.776	n = 2685840	Reg = 0.00740276	Cost = 147.784
SSD = 147.606	n = 2685840	Reg = 0.00748416	Cost = 147.614
SSD = 147.443	n = 2685840	Reg = 0.0075627	Cost = 147.451
SSD = 147.284	n = 2685840	Reg = 0.00763922	Cost = 147.292
SSD = 147.132	n = 2685840	Reg = 0.00771306	Cost = 147.14
SSD = 146.988	n = 2685840	Reg = 0.00778238	Cost = 146.996
SSD = 146.855	n = 2685840	Reg = 0.00784727	Cost = 146.863
SSD = 146.729	n = 2685840	Reg = 0.00790784	Cost = 146.737
SSD = 146.603	n = 2685840	Reg = 0.007969	Cost = 146.611
SSD = 146.469	n = 2685840	Reg = 0.00803306	Cost = 146.477
SSD = 146.335	n = 2685840	Reg = 0.00809803	Cost = 146.343
SSD = 146.196	n = 2685840	Reg = 0.00816525	Cost = 146.204
SSD = 146.066	n = 2685840	Reg = 0.00822848	Cost = 146.074
SSD = 145.93	n = 2685840	Reg = 0.00829425	Cost = 145.938
SSD = 145.785	n = 2685840	Reg = 0.00836501	Cost = 145.793
SSD = 145.64	n = 2685840	Reg = 0.00843554	Cost = 145.649
SSD = 145.492	n = 2685840	Reg = 0.00850884	Cost = 145.5
SSD = 145.342	n = 2685840	Reg = 0.00858235	Cost = 145.351
SSD = 145.21	n = 2685840	Reg = 0.00864802	Cost = 145.219
SSD = 145.073	n = 2685840	Reg = 0.00871556	Cost = 145.082
SSD = 144.936	n = 2685840	Reg = 0.00878396	Cost = 144.945
SSD = 144.811	n = 2685840	Reg = 0.00884623	Cost = 144.82
SSD = 144.679	n = 2685840	Reg = 0.00891295	Cost = 144.688
SSD = 144.546	n = 2685840	Reg = 0.00897941	Cost = 144.555
SSD = 144.417	n = 2685840	Reg = 0.00904483	Cost = 144.426
SSD = 144.295	n = 2685840	Reg = 0.00910653	Cost = 144.304
----------REALIGNMENT----------
----------REGISTERING EPI TO ANATOMICAL----------
----------REGISTERING EPI TO MNI----------
----------SMOOTHING----------
MATLAB is selecting SOFTWARE OPENGL rendering.
MATLAB is selecting SOFTWARE OPENGL rendering.
