Non-commercial use only - see $FSLDIR/LICENSE
Loading spm/spm12
  Loading requirement: matlab/r2019a
----------CENTRING IMAGES----------
MATLAB is selecting SOFTWARE OPENGL rendering.

Written new image at:
	/home/tom29/rds/hpc-work/cbbu_BIDS/sub-10/func/sub-10_task-facehouse_acq-1_dir-PA_bold_centred.nii

MATLAB is selecting SOFTWARE OPENGL rendering.

Written new image at:
	/home/tom29/rds/hpc-work/cbbu_BIDS/sub-10/func/sub-10_task-facehouse_acq-2_dir-PA_bold_centred.nii

MATLAB is selecting SOFTWARE OPENGL rendering.

Written new image at:
	/home/tom29/rds/hpc-work/cbbu_BIDS/sub-10/func/sub-10_acq-LC_dir-AP_bold_centred.nii

MATLAB is selecting SOFTWARE OPENGL rendering.

Written new image at:
	/home/tom29/rds/hpc-work/cbbu_BIDS/sub-10/func/sub-10_task-facehouse_acq-1_dir-PA_sbref_centred.nii

----------SUSCEPTIBILITY DISTORTION CORRECTION----------
SSD = 265.406	n = 323454	Reg = 0	Cost = 265.406
SSD = 81.2905	n = 323454	Reg = 5.02704	Cost = 86.3176
SSD = 60.2959	n = 323454	Reg = 10.6392	Cost = 70.935
SSD = 55.8994	n = 323454	Reg = 13.0132	Cost = 68.9126
SSD = 54.7315	n = 323454	Reg = 13.7796	Cost = 68.511
SSD = 54.3661	n = 323454	Reg = 14.0352	Cost = 68.4013
***Going to next resolution level***
SSD = 93.9068	n = 323454	Reg = 7.51409	Cost = 101.421
SSD = 44.6614	n = 323454	Reg = 6.86436	Cost = 51.5258
SSD = 34.647	n = 323454	Reg = 9.25173	Cost = 43.8988
SSD = 32.1052	n = 323454	Reg = 10.1567	Cost = 42.262
SSD = 31.2032	n = 323454	Reg = 10.4286	Cost = 41.6318
SSD = 30.703	n = 323454	Reg = 10.4864	Cost = 41.1894
***Going to next resolution level***
SSD = 83.7765	n = 323454	Reg = 2.86134	Cost = 86.6379
SSD = 65.6212	n = 323454	Reg = 4.67893	Cost = 70.3001
SSD = 61.0874	n = 323454	Reg = 5.97533	Cost = 67.0627
SSD = 59.5931	n = 323454	Reg = 6.4686	Cost = 66.0617
SSD = 58.8958	n = 323454	Reg = 6.68697	Cost = 65.5827
SSD = 58.4357	n = 323454	Reg = 6.82975	Cost = 65.2654
***Going to next resolution level***
SSD = 104.459	n = 323454	Reg = 4.05282	Cost = 108.512
SSD = 41.0813	n = 323454	Reg = 2.12056	Cost = 43.2019
SSD = 32.9597	n = 323454	Reg = 3.14655	Cost = 36.1062
SSD = 30.872	n = 323454	Reg = 3.66362	Cost = 34.5356
SSD = 29.9747	n = 323454	Reg = 3.88874	Cost = 33.8635
SSD = 29.4827	n = 323454	Reg = 4.03207	Cost = 33.5147
SSD = 29.1365	n = 323454	Reg = 4.14038	Cost = 33.2769
SSD = 28.8748	n = 323454	Reg = 4.22637	Cost = 33.1012
SSD = 28.6732	n = 323454	Reg = 4.29785	Cost = 32.9711
SSD = 28.5131	n = 323454	Reg = 4.36076	Cost = 32.8739
SSD = 28.39	n = 323454	Reg = 4.41457	Cost = 32.8046
***Going to next resolution level***
SSD = 110.089	n = 2685840	Reg = 166.452	Cost = 276.54
SSD = 44.0782	n = 2685840	Reg = 20.9839	Cost = 65.0621
SSD = 35.7536	n = 2685840	Reg = 16.4841	Cost = 52.2377
SSD = 33.9572	n = 2685840	Reg = 15.5719	Cost = 49.5291
SSD = 33.5773	n = 2685840	Reg = 14.921	Cost = 48.4983
SSD = 33.4977	n = 2685840	Reg = 14.467	Cost = 47.9646
SSD = 33.4879	n = 2685840	Reg = 14.1227	Cost = 47.6106
SSD = 33.5017	n = 2685840	Reg = 13.8507	Cost = 47.3524
SSD = 33.5156	n = 2685840	Reg = 13.6388	Cost = 47.1545
SSD = 33.5231	n = 2685840	Reg = 13.4766	Cost = 46.9997
SSD = 33.5242	n = 2685840	Reg = 13.3538	Cost = 46.878
***Going to next resolution level***
SSD = 33.5242	n = 2685840	Reg = 1.33538	Cost = 34.8596
SSD = 33.4506	n = 2685840	Reg = 1.34028	Cost = 34.7909
SSD = 33.3612	n = 2685840	Reg = 1.34712	Cost = 34.7084
SSD = 33.2831	n = 2685840	Reg = 1.35365	Cost = 34.6368
SSD = 33.12	n = 2685840	Reg = 1.36928	Cost = 34.4893
SSD = 32.8862	n = 2685840	Reg = 1.39303	Cost = 34.2792
SSD = 32.6152	n = 2685840	Reg = 1.42727	Cost = 34.0425
SSD = 32.3411	n = 2685840	Reg = 1.47176	Cost = 33.8129
SSD = 32.1174	n = 2685840	Reg = 1.51831	Cost = 33.6357
SSD = 31.9416	n = 2685840	Reg = 1.56205	Cost = 33.5037
SSD = 31.7767	n = 2685840	Reg = 1.608	Cost = 33.3847
SSD = 31.6275	n = 2685840	Reg = 1.65128	Cost = 33.2788
SSD = 31.4739	n = 2685840	Reg = 1.69652	Cost = 33.1704
SSD = 31.3211	n = 2685840	Reg = 1.74251	Cost = 33.0636
SSD = 31.1793	n = 2685840	Reg = 1.78527	Cost = 32.9645
SSD = 31.046	n = 2685840	Reg = 1.82531	Cost = 32.8713
SSD = 30.9048	n = 2685840	Reg = 1.86752	Cost = 32.7723
SSD = 30.7667	n = 2685840	Reg = 1.90852	Cost = 32.6752
SSD = 30.6403	n = 2685840	Reg = 1.94587	Cost = 32.5861
SSD = 30.5071	n = 2685840	Reg = 1.98503	Cost = 32.4921
SSD = 30.3888	n = 2685840	Reg = 2.01957	Cost = 32.4084
***Going to next resolution level***
SSD = 298.702	n = 2685840	Reg = 19.6393	Cost = 318.341
SSD = 249.487	n = 2685840	Reg = 16.4269	Cost = 265.914
SSD = 223.562	n = 2685840	Reg = 14.7493	Cost = 238.311
SSD = 198.209	n = 2685840	Reg = 13.1332	Cost = 211.343
SSD = 177.956	n = 2685840	Reg = 11.8691	Cost = 189.825
SSD = 164.072	n = 2685840	Reg = 11.0198	Cost = 175.092
SSD = 149.499	n = 2685840	Reg = 10.1567	Cost = 159.656
SSD = 141.693	n = 2685840	Reg = 9.71845	Cost = 151.411
SSD = 132.808	n = 2685840	Reg = 9.24786	Cost = 142.056
SSD = 127.361	n = 2685840	Reg = 8.97236	Cost = 136.333
SSD = 121.583	n = 2685840	Reg = 8.70028	Cost = 130.284
SSD = 117.178	n = 2685840	Reg = 8.50162	Cost = 125.68
SSD = 113.423	n = 2685840	Reg = 8.34056	Cost = 121.763
SSD = 109.847	n = 2685840	Reg = 8.19426	Cost = 118.041
SSD = 106.827	n = 2685840	Reg = 8.07602	Cost = 114.903
SSD = 103.913	n = 2685840	Reg = 7.96977	Cost = 111.883
SSD = 101.455	n = 2685840	Reg = 7.88527	Cost = 109.341
SSD = 99.2723	n = 2685840	Reg = 7.81271	Cost = 107.085
SSD = 96.9797	n = 2685840	Reg = 7.74196	Cost = 104.722
SSD = 95.0608	n = 2685840	Reg = 7.68781	Cost = 102.749
SSD = 93.0934	n = 2685840	Reg = 7.63552	Cost = 100.729
***Going to next resolution level***
SSD = 131.971	n = 2685840	Reg = 0.108243	Cost = 132.079
SSD = 127.947	n = 2685840	Reg = 0.105139	Cost = 128.052
SSD = 124.575	n = 2685840	Reg = 0.102678	Cost = 124.678
SSD = 122.081	n = 2685840	Reg = 0.101003	Cost = 122.182
SSD = 119.631	n = 2685840	Reg = 0.0995631	Cost = 119.731
SSD = 117.921	n = 2685840	Reg = 0.0987581	Cost = 118.02
SSD = 116.339	n = 2685840	Reg = 0.098215	Cost = 116.437
SSD = 115.209	n = 2685840	Reg = 0.0979997	Cost = 115.307
SSD = 114.136	n = 2685840	Reg = 0.0979755	Cost = 114.234
SSD = 113.419	n = 2685840	Reg = 0.0980485	Cost = 113.517
SSD = 112.451	n = 2685840	Reg = 0.0982906	Cost = 112.55
SSD = 111.068	n = 2685840	Reg = 0.0988085	Cost = 111.167
SSD = 109.301	n = 2685840	Reg = 0.0996475	Cost = 109.401
SSD = 107.45	n = 2685840	Reg = 0.100774	Cost = 107.551
SSD = 105.809	n = 2685840	Reg = 0.101943	Cost = 105.911
SSD = 104.177	n = 2685840	Reg = 0.10335	Cost = 104.28
SSD = 102.825	n = 2685840	Reg = 0.104558	Cost = 102.929
SSD = 101.416	n = 2685840	Reg = 0.10602	Cost = 101.522
SSD = 100.21	n = 2685840	Reg = 0.107303	Cost = 100.317
SSD = 98.7656	n = 2685840	Reg = 0.108981	Cost = 98.8746
SSD = 97.6369	n = 2685840	Reg = 0.11045	Cost = 97.7473
SSD = 96.7377	n = 2685840	Reg = 0.111589	Cost = 96.8493
SSD = 95.8223	n = 2685840	Reg = 0.112852	Cost = 95.9352
SSD = 95.0165	n = 2685840	Reg = 0.114035	Cost = 95.1306
SSD = 94.1249	n = 2685840	Reg = 0.115461	Cost = 94.2403
SSD = 93.2679	n = 2685840	Reg = 0.116858	Cost = 93.3847
SSD = 92.3517	n = 2685840	Reg = 0.118445	Cost = 92.4701
SSD = 91.4756	n = 2685840	Reg = 0.120054	Cost = 91.5957
SSD = 90.7204	n = 2685840	Reg = 0.121447	Cost = 90.8418
SSD = 89.9638	n = 2685840	Reg = 0.122895	Cost = 90.0867
SSD = 89.3066	n = 2685840	Reg = 0.124161	Cost = 89.4307
SSD = 88.5284	n = 2685840	Reg = 0.12574	Cost = 88.6542
SSD = 87.8727	n = 2685840	Reg = 0.127045	Cost = 87.9997
SSD = 87.1996	n = 2685840	Reg = 0.128396	Cost = 87.328
SSD = 86.5866	n = 2685840	Reg = 0.129639	Cost = 86.7163
SSD = 86.0484	n = 2685840	Reg = 0.130714	Cost = 86.1792
SSD = 85.4879	n = 2685840	Reg = 0.131851	Cost = 85.6198
SSD = 84.9864	n = 2685840	Reg = 0.132809	Cost = 85.1192
SSD = 84.4555	n = 2685840	Reg = 0.133844	Cost = 84.5894
SSD = 83.9478	n = 2685840	Reg = 0.134827	Cost = 84.0827
SSD = 83.4445	n = 2685840	Reg = 0.135777	Cost = 83.5802
SSD = 82.986	n = 2685840	Reg = 0.136652	Cost = 83.1227
SSD = 82.5479	n = 2685840	Reg = 0.137479	Cost = 82.6854
SSD = 82.0761	n = 2685840	Reg = 0.138397	Cost = 82.2145
SSD = 81.6454	n = 2685840	Reg = 0.139206	Cost = 81.7846
SSD = 81.1862	n = 2685840	Reg = 0.140086	Cost = 81.3263
SSD = 80.7735	n = 2685840	Reg = 0.140895	Cost = 80.9144
SSD = 80.351	n = 2685840	Reg = 0.141725	Cost = 80.4928
SSD = 79.9547	n = 2685840	Reg = 0.142531	Cost = 80.0972
SSD = 79.5762	n = 2685840	Reg = 0.143312	Cost = 79.7195
SSD = 79.1815	n = 2685840	Reg = 0.144157	Cost = 79.3257
***Going to next resolution level***
SSD = 79.1817	n = 2685840	Reg = 0.00288117	Cost = 79.1846
SSD = 78.9987	n = 2685840	Reg = 0.00287451	Cost = 79.0016
SSD = 78.7112	n = 2685840	Reg = 0.00286406	Cost = 78.7141
SSD = 78.4885	n = 2685840	Reg = 0.00285601	Cost = 78.4913
SSD = 78.2245	n = 2685840	Reg = 0.00284655	Cost = 78.2273
SSD = 77.9739	n = 2685840	Reg = 0.00283769	Cost = 77.9768
SSD = 77.7455	n = 2685840	Reg = 0.00282978	Cost = 77.7483
SSD = 77.5363	n = 2685840	Reg = 0.00282275	Cost = 77.5391
SSD = 77.2982	n = 2685840	Reg = 0.00281504	Cost = 77.3011
SSD = 77.1266	n = 2685840	Reg = 0.00280972	Cost = 77.1294
SSD = 76.9398	n = 2685840	Reg = 0.00280422	Cost = 76.9426
SSD = 76.7471	n = 2685840	Reg = 0.00279887	Cost = 76.7499
SSD = 76.55	n = 2685840	Reg = 0.00279377	Cost = 76.5528
SSD = 76.3572	n = 2685840	Reg = 0.00278915	Cost = 76.36
SSD = 76.1829	n = 2685840	Reg = 0.00278536	Cost = 76.1857
SSD = 75.996	n = 2685840	Reg = 0.00278166	Cost = 75.9988
SSD = 75.8079	n = 2685840	Reg = 0.00277841	Cost = 75.8107
SSD = 75.6328	n = 2685840	Reg = 0.00277583	Cost = 75.6356
SSD = 75.437	n = 2685840	Reg = 0.00277356	Cost = 75.4398
SSD = 75.2537	n = 2685840	Reg = 0.00277207	Cost = 75.2565
SSD = 75.054	n = 2685840	Reg = 0.00277121	Cost = 75.0568
SSD = 74.874	n = 2685840	Reg = 0.00277122	Cost = 74.8768
SSD = 74.7002	n = 2685840	Reg = 0.00277206	Cost = 74.703
SSD = 74.5066	n = 2685840	Reg = 0.0027741	Cost = 74.5093
SSD = 74.3206	n = 2685840	Reg = 0.00277707	Cost = 74.3234
SSD = 74.1176	n = 2685840	Reg = 0.00278154	Cost = 74.1204
SSD = 73.9221	n = 2685840	Reg = 0.00278711	Cost = 73.9249
SSD = 73.7214	n = 2685840	Reg = 0.00279431	Cost = 73.7242
SSD = 73.5254	n = 2685840	Reg = 0.00280256	Cost = 73.5282
SSD = 73.3302	n = 2685840	Reg = 0.00281221	Cost = 73.333
SSD = 73.1344	n = 2685840	Reg = 0.00282327	Cost = 73.1372
SSD = 72.9192	n = 2685840	Reg = 0.0028369	Cost = 72.9221
SSD = 72.6885	n = 2685840	Reg = 0.0028526	Cost = 72.6913
SSD = 72.476	n = 2685840	Reg = 0.00286886	Cost = 72.4789
SSD = 72.2539	n = 2685840	Reg = 0.00288717	Cost = 72.2568
SSD = 72.0222	n = 2685840	Reg = 0.0029078	Cost = 72.0251
SSD = 71.7959	n = 2685840	Reg = 0.0029295	Cost = 71.7988
SSD = 71.5594	n = 2685840	Reg = 0.00295377	Cost = 71.5623
SSD = 71.3346	n = 2685840	Reg = 0.00297822	Cost = 71.3376
SSD = 71.127	n = 2685840	Reg = 0.0030021	Cost = 71.13
SSD = 70.9515	n = 2685840	Reg = 0.00302321	Cost = 70.9546
SSD = 70.8027	n = 2685840	Reg = 0.00304205	Cost = 70.8057
SSD = 70.6421	n = 2685840	Reg = 0.00306323	Cost = 70.6452
SSD = 70.4668	n = 2685840	Reg = 0.0030874	Cost = 70.4699
SSD = 70.2839	n = 2685840	Reg = 0.00311386	Cost = 70.287
SSD = 70.1077	n = 2685840	Reg = 0.00314017	Cost = 70.1108
SSD = 69.9238	n = 2685840	Reg = 0.00316869	Cost = 69.927
SSD = 69.7486	n = 2685840	Reg = 0.00319653	Cost = 69.7518
SSD = 69.5517	n = 2685840	Reg = 0.00323028	Cost = 69.5549
SSD = 69.3234	n = 2685840	Reg = 0.00327055	Cost = 69.3267
SSD = 69.0149	n = 2685840	Reg = 0.00332817	Cost = 69.0183
SSD = 68.7543	n = 2685840	Reg = 0.00337801	Cost = 68.7577
SSD = 68.5024	n = 2685840	Reg = 0.00342724	Cost = 68.5058
SSD = 68.2858	n = 2685840	Reg = 0.00347132	Cost = 68.2893
SSD = 68.0844	n = 2685840	Reg = 0.00351311	Cost = 68.0879
SSD = 67.9044	n = 2685840	Reg = 0.00355167	Cost = 67.908
SSD = 67.72	n = 2685840	Reg = 0.00359172	Cost = 67.7236
SSD = 67.5383	n = 2685840	Reg = 0.00363222	Cost = 67.5419
SSD = 67.3308	n = 2685840	Reg = 0.00367974	Cost = 67.3345
SSD = 67.089	n = 2685840	Reg = 0.00373565	Cost = 67.0927
SSD = 66.8644	n = 2685840	Reg = 0.00378857	Cost = 66.8682
SSD = 66.6455	n = 2685840	Reg = 0.00384041	Cost = 66.6493
SSD = 66.4411	n = 2685840	Reg = 0.0038902	Cost = 66.445
SSD = 66.2638	n = 2685840	Reg = 0.00393365	Cost = 66.2677
SSD = 66.0976	n = 2685840	Reg = 0.00397434	Cost = 66.1016
SSD = 65.9453	n = 2685840	Reg = 0.00401264	Cost = 65.9493
SSD = 65.8024	n = 2685840	Reg = 0.00404827	Cost = 65.8064
SSD = 65.6603	n = 2685840	Reg = 0.00408427	Cost = 65.6644
SSD = 65.5265	n = 2685840	Reg = 0.00411815	Cost = 65.5306
SSD = 65.3912	n = 2685840	Reg = 0.00415298	Cost = 65.3954
SSD = 65.2547	n = 2685840	Reg = 0.00418809	Cost = 65.2589
SSD = 65.1251	n = 2685840	Reg = 0.0042213	Cost = 65.1293
SSD = 65.0073	n = 2685840	Reg = 0.00425167	Cost = 65.0115
SSD = 64.8919	n = 2685840	Reg = 0.00428119	Cost = 64.8962
SSD = 64.7761	n = 2685840	Reg = 0.00431066	Cost = 64.7804
SSD = 64.6536	n = 2685840	Reg = 0.00434159	Cost = 64.6579
SSD = 64.5339	n = 2685840	Reg = 0.00437176	Cost = 64.5383
SSD = 64.4078	n = 2685840	Reg = 0.00440316	Cost = 64.4122
SSD = 64.2942	n = 2685840	Reg = 0.00443118	Cost = 64.2986
SSD = 64.1873	n = 2685840	Reg = 0.00445705	Cost = 64.1917
SSD = 64.0864	n = 2685840	Reg = 0.0044813	Cost = 64.0909
SSD = 63.9911	n = 2685840	Reg = 0.00450378	Cost = 63.9956
SSD = 63.8882	n = 2685840	Reg = 0.00452793	Cost = 63.8927
SSD = 63.7846	n = 2685840	Reg = 0.00455165	Cost = 63.7892
SSD = 63.6905	n = 2685840	Reg = 0.00457307	Cost = 63.6951
SSD = 63.593	n = 2685840	Reg = 0.00459492	Cost = 63.5976
SSD = 63.499	n = 2685840	Reg = 0.00461574	Cost = 63.5036
SSD = 63.4003	n = 2685840	Reg = 0.00463736	Cost = 63.4049
SSD = 63.2979	n = 2685840	Reg = 0.00465957	Cost = 63.3026
SSD = 63.1853	n = 2685840	Reg = 0.00468373	Cost = 63.1899
SSD = 63.0733	n = 2685840	Reg = 0.00470786	Cost = 63.0781
SSD = 62.9671	n = 2685840	Reg = 0.00473052	Cost = 62.9718
SSD = 62.8711	n = 2685840	Reg = 0.00475088	Cost = 62.8759
SSD = 62.7681	n = 2685840	Reg = 0.00477241	Cost = 62.7729
SSD = 62.6748	n = 2685840	Reg = 0.00479187	Cost = 62.6795
SSD = 62.578	n = 2685840	Reg = 0.00481175	Cost = 62.5828
SSD = 62.4831	n = 2685840	Reg = 0.00483112	Cost = 62.4879
SSD = 62.3953	n = 2685840	Reg = 0.00484898	Cost = 62.4001
SSD = 62.304	n = 2685840	Reg = 0.0048672	Cost = 62.3089
SSD = 62.2157	n = 2685840	Reg = 0.00488496	Cost = 62.2206
SSD = 62.1258	n = 2685840	Reg = 0.00490279	Cost = 62.1307
----------REALIGNMENT----------
----------REGISTERING EPI TO ANATOMICAL----------
----------REGISTERING EPI TO MNI----------
Processing volume 0
Processing volume 1
Processing volume 2
Processing volume 3
Processing volume 4
Processing volume 5
Processing volume 6
Processing volume 7
Processing volume 8
Processing volume 9
Processing volume 10
Processing volume 11
Processing volume 12
Processing volume 13
Processing volume 14
Processing volume 15
Processing volume 16
Processing volume 17
Processing volume 18
Processing volume 19
Processing volume 20
Processing volume 21
Processing volume 22
Processing volume 23
Processing volume 24
Processing volume 25
Processing volume 26
Processing volume 27
Processing volume 28
Processing volume 29
Processing volume 30
Processing volume 31
Processing volume 32
Processing volume 33
Processing volume 34
Processing volume 35
Processing volume 36
Processing volume 37
Processing volume 38
Processing volume 39
Processing volume 40
Processing volume 41
Processing volume 42
Processing volume 43
Processing volume 44
Processing volume 45
Processing volume 46
Processing volume 47
Processing volume 48
Processing volume 49
Processing volume 50
Processing volume 51
Processing volume 52
Processing volume 53
Processing volume 54
Processing volume 55
Processing volume 56
Processing volume 57
Processing volume 58
Processing volume 59
Processing volume 60
Processing volume 61
Processing volume 62
Processing volume 63
Processing volume 64
Processing volume 65
Processing volume 66
Processing volume 67
Processing volume 68
Processing volume 69
Error: short write, output file will be truncated
** ERROR: NWAD: wrote only 0 of 57768256 bytes to file
Processing volume 70
Error: short write, output file will be truncated
 file /home/tom29/rds/hpc-work/cbbu_BIDS/sub-10/func/sub-10_task-facehouse_acq-1_dir-PA_bold_vol-70.nii.gz is not recognized as a supported image format . 
terminate called after throwing an instance of 'itk::ExceptionObject'
  what():  /workspace/build/ITKv5/Modules/Core/Common/src/itkProcessObject.cxx:1339:
ITK ERROR: ResampleImageFilter(0x3b0e000): Input Primary is required but not set.
/var/spool/slurm/slurmd/job20299322/slurm_script: line 214: 125671 Aborted                 antsApplyTransforms -d 3 -i "${tmp_vol}" -r "${FSLDIR}/data/standard/MNI152_T1_1mm_brain.nii.gz" -t "${template_to_MNI_SyN}" -t "${template_to_MNI_affine}" -t "${MP2RAGE_to_template_SyN}" -t "${MP2RAGE_to_template_affine}" -t "${BIDS_root}/${sub_id}/func/${sub_id}_func_to_anatomical_ANTS.mat" -o "${run1_fname}_MNI_vol-${v}.nii.gz" -n Linear
